[0.063s] DEBUG:colcon:Command line arguments: ['/usr/bin/colcon', 'build']
[0.063s] DEBUG:colcon:Parsed command line arguments: Namespace(log_base=None, log_level=None, verb_name='build', build_base='build', install_base='install', merge_install=False, symlink_install=False, test_result_base=None, continue_on_error=False, executor='parallel', parallel_workers=16, event_handlers=None, ignore_user_meta=False, metas=['./colcon.meta'], base_paths=['.'], packages_ignore=None, packages_ignore_regex=None, paths=None, packages_up_to=None, packages_up_to_regex=None, packages_above=None, packages_above_and_dependencies=None, packages_above_depth=None, packages_select_by_dep=None, packages_skip_by_dep=None, packages_skip_up_to=None, packages_select_build_failed=False, packages_skip_build_finished=False, packages_select_test_failures=False, packages_skip_test_passed=False, packages_select=None, packages_skip=None, packages_select_regex=None, packages_skip_regex=None, packages_start=None, packages_end=None, allow_overriding=[], cmake_args=None, cmake_target=None, cmake_target_skip_unavailable=False, cmake_clean_cache=False, cmake_clean_first=False, cmake_force_configure=False, ament_cmake_args=None, catkin_cmake_args=None, catkin_skip_building_tests=False, mixin_files=None, mixin=None, verb_parser=<colcon_mixin.mixin.mixin_argument.MixinArgumentDecorator object at 0x7de6bcf79ea0>, verb_extension=<colcon_core.verb.build.BuildVerb object at 0x7de6bcf798d0>, main=<bound method BuildVerb.main of <colcon_core.verb.build.BuildVerb object at 0x7de6bcf798d0>>, mixin_verb=('build',))
[0.161s] Level 1:colcon.colcon_core.package_discovery:discover_packages(colcon_meta) check parameters
[0.161s] Level 1:colcon.colcon_core.package_discovery:discover_packages(recursive) check parameters
[0.161s] Level 1:colcon.colcon_core.package_discovery:discover_packages(ignore) check parameters
[0.161s] Level 1:colcon.colcon_core.package_discovery:discover_packages(path) check parameters
[0.161s] Level 1:colcon.colcon_core.package_discovery:discover_packages(colcon_meta) discover
[0.161s] Level 1:colcon.colcon_core.package_discovery:discover_packages(recursive) discover
[0.161s] INFO:colcon.colcon_core.package_discovery:Crawling recursively for packages in '/home/brotato211/ros2_humble/src/pm_vision_manager/pm_vision_manager/pm_vision_manager'
[0.161s] Level 1:colcon.colcon_core.package_identification:_identify(.) by extensions ['ignore', 'ignore_ament_install']
[0.161s] Level 1:colcon.colcon_core.package_identification:_identify(.) by extension 'ignore'
[0.161s] Level 1:colcon.colcon_core.package_identification:_identify(.) by extension 'ignore_ament_install'
[0.161s] Level 1:colcon.colcon_core.package_identification:_identify(.) by extensions ['colcon_pkg']
[0.161s] Level 1:colcon.colcon_core.package_identification:_identify(.) by extension 'colcon_pkg'
[0.161s] Level 1:colcon.colcon_core.package_identification:_identify(.) by extensions ['colcon_meta']
[0.161s] Level 1:colcon.colcon_core.package_identification:_identify(.) by extension 'colcon_meta'
[0.161s] Level 1:colcon.colcon_core.package_identification:_identify(.) by extensions ['ros']
[0.161s] Level 1:colcon.colcon_core.package_identification:_identify(.) by extension 'ros'
[0.171s] Level 1:colcon.colcon_core.package_identification:_identify(.) by extensions ['cmake', 'python']
[0.171s] Level 1:colcon.colcon_core.package_identification:_identify(.) by extension 'cmake'
[0.171s] Level 1:colcon.colcon_core.package_identification:_identify(.) by extension 'python'
[0.171s] Level 1:colcon.colcon_core.package_identification:_identify(.) by extensions ['python_setup_py']
[0.171s] Level 1:colcon.colcon_core.package_identification:_identify(.) by extension 'python_setup_py'
[0.171s] Level 1:colcon.colcon_core.package_identification:_identify(__pycache__) by extensions ['ignore', 'ignore_ament_install']
[0.171s] Level 1:colcon.colcon_core.package_identification:_identify(__pycache__) by extension 'ignore'
[0.171s] Level 1:colcon.colcon_core.package_identification:_identify(__pycache__) by extension 'ignore_ament_install'
[0.171s] Level 1:colcon.colcon_core.package_identification:_identify(__pycache__) by extensions ['colcon_pkg']
[0.171s] Level 1:colcon.colcon_core.package_identification:_identify(__pycache__) by extension 'colcon_pkg'
[0.171s] Level 1:colcon.colcon_core.package_identification:_identify(__pycache__) by extensions ['colcon_meta']
[0.171s] Level 1:colcon.colcon_core.package_identification:_identify(__pycache__) by extension 'colcon_meta'
[0.171s] Level 1:colcon.colcon_core.package_identification:_identify(__pycache__) by extensions ['ros']
[0.171s] Level 1:colcon.colcon_core.package_identification:_identify(__pycache__) by extension 'ros'
[0.171s] Level 1:colcon.colcon_core.package_identification:_identify(__pycache__) by extensions ['cmake', 'python']
[0.171s] Level 1:colcon.colcon_core.package_identification:_identify(__pycache__) by extension 'cmake'
[0.171s] Level 1:colcon.colcon_core.package_identification:_identify(__pycache__) by extension 'python'
[0.171s] Level 1:colcon.colcon_core.package_identification:_identify(__pycache__) by extensions ['python_setup_py']
[0.171s] Level 1:colcon.colcon_core.package_identification:_identify(__pycache__) by extension 'python_setup_py'
[0.171s] Level 1:colcon.colcon_core.package_identification:_identify(build) by extensions ['ignore', 'ignore_ament_install']
[0.171s] Level 1:colcon.colcon_core.package_identification:_identify(build) by extension 'ignore'
[0.171s] Level 1:colcon.colcon_core.package_identification:_identify(build) ignored
[0.171s] Level 1:colcon.colcon_core.package_identification:_identify(install) by extensions ['ignore', 'ignore_ament_install']
[0.171s] Level 1:colcon.colcon_core.package_identification:_identify(install) by extension 'ignore'
[0.171s] Level 1:colcon.colcon_core.package_identification:_identify(install) ignored
[0.171s] Level 1:colcon.colcon_core.package_identification:_identify(log) by extensions ['ignore', 'ignore_ament_install']
[0.171s] Level 1:colcon.colcon_core.package_identification:_identify(log) by extension 'ignore'
[0.171s] Level 1:colcon.colcon_core.package_identification:_identify(log) ignored
[0.172s] Level 1:colcon.colcon_core.package_identification:_identify(pm_vision_API) by extensions ['ignore', 'ignore_ament_install']
[0.172s] Level 1:colcon.colcon_core.package_identification:_identify(pm_vision_API) by extension 'ignore'
[0.172s] Level 1:colcon.colcon_core.package_identification:_identify(pm_vision_API) by extension 'ignore_ament_install'
[0.172s] Level 1:colcon.colcon_core.package_identification:_identify(pm_vision_API) by extensions ['colcon_pkg']
[0.172s] Level 1:colcon.colcon_core.package_identification:_identify(pm_vision_API) by extension 'colcon_pkg'
[0.172s] Level 1:colcon.colcon_core.package_identification:_identify(pm_vision_API) by extensions ['colcon_meta']
[0.172s] Level 1:colcon.colcon_core.package_identification:_identify(pm_vision_API) by extension 'colcon_meta'
[0.172s] Level 1:colcon.colcon_core.package_identification:_identify(pm_vision_API) by extensions ['ros']
[0.172s] Level 1:colcon.colcon_core.package_identification:_identify(pm_vision_API) by extension 'ros'
[0.172s] Level 1:colcon.colcon_core.package_identification:_identify(pm_vision_API) by extensions ['cmake', 'python']
[0.172s] Level 1:colcon.colcon_core.package_identification:_identify(pm_vision_API) by extension 'cmake'
[0.172s] Level 1:colcon.colcon_core.package_identification:_identify(pm_vision_API) by extension 'python'
[0.172s] Level 1:colcon.colcon_core.package_identification:_identify(pm_vision_API) by extensions ['python_setup_py']
[0.172s] Level 1:colcon.colcon_core.package_identification:_identify(pm_vision_API) by extension 'python_setup_py'
[0.172s] Level 1:colcon.colcon_core.package_identification:_identify(pm_vision_API/Examples) by extensions ['ignore', 'ignore_ament_install']
[0.172s] Level 1:colcon.colcon_core.package_identification:_identify(pm_vision_API/Examples) by extension 'ignore'
[0.172s] Level 1:colcon.colcon_core.package_identification:_identify(pm_vision_API/Examples) by extension 'ignore_ament_install'
[0.172s] Level 1:colcon.colcon_core.package_identification:_identify(pm_vision_API/Examples) by extensions ['colcon_pkg']
[0.172s] Level 1:colcon.colcon_core.package_identification:_identify(pm_vision_API/Examples) by extension 'colcon_pkg'
[0.172s] Level 1:colcon.colcon_core.package_identification:_identify(pm_vision_API/Examples) by extensions ['colcon_meta']
[0.172s] Level 1:colcon.colcon_core.package_identification:_identify(pm_vision_API/Examples) by extension 'colcon_meta'
[0.172s] Level 1:colcon.colcon_core.package_identification:_identify(pm_vision_API/Examples) by extensions ['ros']
[0.172s] Level 1:colcon.colcon_core.package_identification:_identify(pm_vision_API/Examples) by extension 'ros'
[0.172s] Level 1:colcon.colcon_core.package_identification:_identify(pm_vision_API/Examples) by extensions ['cmake', 'python']
[0.172s] Level 1:colcon.colcon_core.package_identification:_identify(pm_vision_API/Examples) by extension 'cmake'
[0.172s] Level 1:colcon.colcon_core.package_identification:_identify(pm_vision_API/Examples) by extension 'python'
[0.172s] Level 1:colcon.colcon_core.package_identification:_identify(pm_vision_API/Examples) by extensions ['python_setup_py']
[0.172s] Level 1:colcon.colcon_core.package_identification:_identify(pm_vision_API/Examples) by extension 'python_setup_py'
[0.172s] Level 1:colcon.colcon_core.package_identification:_identify(pm_vision_API/__pycache__) by extensions ['ignore', 'ignore_ament_install']
[0.172s] Level 1:colcon.colcon_core.package_identification:_identify(pm_vision_API/__pycache__) by extension 'ignore'
[0.172s] Level 1:colcon.colcon_core.package_identification:_identify(pm_vision_API/__pycache__) by extension 'ignore_ament_install'
[0.172s] Level 1:colcon.colcon_core.package_identification:_identify(pm_vision_API/__pycache__) by extensions ['colcon_pkg']
[0.172s] Level 1:colcon.colcon_core.package_identification:_identify(pm_vision_API/__pycache__) by extension 'colcon_pkg'
[0.172s] Level 1:colcon.colcon_core.package_identification:_identify(pm_vision_API/__pycache__) by extensions ['colcon_meta']
[0.172s] Level 1:colcon.colcon_core.package_identification:_identify(pm_vision_API/__pycache__) by extension 'colcon_meta'
[0.172s] Level 1:colcon.colcon_core.package_identification:_identify(pm_vision_API/__pycache__) by extensions ['ros']
[0.172s] Level 1:colcon.colcon_core.package_identification:_identify(pm_vision_API/__pycache__) by extension 'ros'
[0.172s] Level 1:colcon.colcon_core.package_identification:_identify(pm_vision_API/__pycache__) by extensions ['cmake', 'python']
[0.172s] Level 1:colcon.colcon_core.package_identification:_identify(pm_vision_API/__pycache__) by extension 'cmake'
[0.172s] Level 1:colcon.colcon_core.package_identification:_identify(pm_vision_API/__pycache__) by extension 'python'
[0.172s] Level 1:colcon.colcon_core.package_identification:_identify(pm_vision_API/__pycache__) by extensions ['python_setup_py']
[0.172s] Level 1:colcon.colcon_core.package_identification:_identify(pm_vision_API/__pycache__) by extension 'python_setup_py'
[0.172s] Level 1:colcon.colcon_core.package_identification:_identify(va_py_modules) by extensions ['ignore', 'ignore_ament_install']
[0.172s] Level 1:colcon.colcon_core.package_identification:_identify(va_py_modules) by extension 'ignore'
[0.172s] Level 1:colcon.colcon_core.package_identification:_identify(va_py_modules) by extension 'ignore_ament_install'
[0.172s] Level 1:colcon.colcon_core.package_identification:_identify(va_py_modules) by extensions ['colcon_pkg']
[0.172s] Level 1:colcon.colcon_core.package_identification:_identify(va_py_modules) by extension 'colcon_pkg'
[0.172s] Level 1:colcon.colcon_core.package_identification:_identify(va_py_modules) by extensions ['colcon_meta']
[0.173s] Level 1:colcon.colcon_core.package_identification:_identify(va_py_modules) by extension 'colcon_meta'
[0.173s] Level 1:colcon.colcon_core.package_identification:_identify(va_py_modules) by extensions ['ros']
[0.173s] Level 1:colcon.colcon_core.package_identification:_identify(va_py_modules) by extension 'ros'
[0.173s] Level 1:colcon.colcon_core.package_identification:_identify(va_py_modules) by extensions ['cmake', 'python']
[0.173s] Level 1:colcon.colcon_core.package_identification:_identify(va_py_modules) by extension 'cmake'
[0.173s] Level 1:colcon.colcon_core.package_identification:_identify(va_py_modules) by extension 'python'
[0.173s] Level 1:colcon.colcon_core.package_identification:_identify(va_py_modules) by extensions ['python_setup_py']
[0.173s] Level 1:colcon.colcon_core.package_identification:_identify(va_py_modules) by extension 'python_setup_py'
[0.173s] Level 1:colcon.colcon_core.package_identification:_identify(va_py_modules/feature_detect_functions) by extensions ['ignore', 'ignore_ament_install']
[0.173s] Level 1:colcon.colcon_core.package_identification:_identify(va_py_modules/feature_detect_functions) by extension 'ignore'
[0.173s] Level 1:colcon.colcon_core.package_identification:_identify(va_py_modules/feature_detect_functions) by extension 'ignore_ament_install'
[0.173s] Level 1:colcon.colcon_core.package_identification:_identify(va_py_modules/feature_detect_functions) by extensions ['colcon_pkg']
[0.173s] Level 1:colcon.colcon_core.package_identification:_identify(va_py_modules/feature_detect_functions) by extension 'colcon_pkg'
[0.173s] Level 1:colcon.colcon_core.package_identification:_identify(va_py_modules/feature_detect_functions) by extensions ['colcon_meta']
[0.173s] Level 1:colcon.colcon_core.package_identification:_identify(va_py_modules/feature_detect_functions) by extension 'colcon_meta'
[0.173s] Level 1:colcon.colcon_core.package_identification:_identify(va_py_modules/feature_detect_functions) by extensions ['ros']
[0.173s] Level 1:colcon.colcon_core.package_identification:_identify(va_py_modules/feature_detect_functions) by extension 'ros'
[0.173s] Level 1:colcon.colcon_core.package_identification:_identify(va_py_modules/feature_detect_functions) by extensions ['cmake', 'python']
[0.173s] Level 1:colcon.colcon_core.package_identification:_identify(va_py_modules/feature_detect_functions) by extension 'cmake'
[0.173s] Level 1:colcon.colcon_core.package_identification:_identify(va_py_modules/feature_detect_functions) by extension 'python'
[0.173s] Level 1:colcon.colcon_core.package_identification:_identify(va_py_modules/feature_detect_functions) by extensions ['python_setup_py']
[0.173s] Level 1:colcon.colcon_core.package_identification:_identify(va_py_modules/feature_detect_functions) by extension 'python_setup_py'
[0.173s] Level 1:colcon.colcon_core.package_identification:_identify(va_py_modules/image_modification_functions) by extensions ['ignore', 'ignore_ament_install']
[0.173s] Level 1:colcon.colcon_core.package_identification:_identify(va_py_modules/image_modification_functions) by extension 'ignore'
[0.173s] Level 1:colcon.colcon_core.package_identification:_identify(va_py_modules/image_modification_functions) by extension 'ignore_ament_install'
[0.173s] Level 1:colcon.colcon_core.package_identification:_identify(va_py_modules/image_modification_functions) by extensions ['colcon_pkg']
[0.173s] Level 1:colcon.colcon_core.package_identification:_identify(va_py_modules/image_modification_functions) by extension 'colcon_pkg'
[0.173s] Level 1:colcon.colcon_core.package_identification:_identify(va_py_modules/image_modification_functions) by extensions ['colcon_meta']
[0.173s] Level 1:colcon.colcon_core.package_identification:_identify(va_py_modules/image_modification_functions) by extension 'colcon_meta'
[0.173s] Level 1:colcon.colcon_core.package_identification:_identify(va_py_modules/image_modification_functions) by extensions ['ros']
[0.173s] Level 1:colcon.colcon_core.package_identification:_identify(va_py_modules/image_modification_functions) by extension 'ros'
[0.173s] Level 1:colcon.colcon_core.package_identification:_identify(va_py_modules/image_modification_functions) by extensions ['cmake', 'python']
[0.173s] Level 1:colcon.colcon_core.package_identification:_identify(va_py_modules/image_modification_functions) by extension 'cmake'
[0.173s] Level 1:colcon.colcon_core.package_identification:_identify(va_py_modules/image_modification_functions) by extension 'python'
[0.173s] Level 1:colcon.colcon_core.package_identification:_identify(va_py_modules/image_modification_functions) by extensions ['python_setup_py']
[0.173s] Level 1:colcon.colcon_core.package_identification:_identify(va_py_modules/image_modification_functions) by extension 'python_setup_py'
[0.173s] Level 1:colcon.colcon_core.package_identification:_identify(va_py_modules/vision_app_modules) by extensions ['ignore', 'ignore_ament_install']
[0.173s] Level 1:colcon.colcon_core.package_identification:_identify(va_py_modules/vision_app_modules) by extension 'ignore'
[0.173s] Level 1:colcon.colcon_core.package_identification:_identify(va_py_modules/vision_app_modules) by extension 'ignore_ament_install'
[0.173s] Level 1:colcon.colcon_core.package_identification:_identify(va_py_modules/vision_app_modules) by extensions ['colcon_pkg']
[0.173s] Level 1:colcon.colcon_core.package_identification:_identify(va_py_modules/vision_app_modules) by extension 'colcon_pkg'
[0.173s] Level 1:colcon.colcon_core.package_identification:_identify(va_py_modules/vision_app_modules) by extensions ['colcon_meta']
[0.173s] Level 1:colcon.colcon_core.package_identification:_identify(va_py_modules/vision_app_modules) by extension 'colcon_meta'
[0.173s] Level 1:colcon.colcon_core.package_identification:_identify(va_py_modules/vision_app_modules) by extensions ['ros']
[0.173s] Level 1:colcon.colcon_core.package_identification:_identify(va_py_modules/vision_app_modules) by extension 'ros'
[0.173s] Level 1:colcon.colcon_core.package_identification:_identify(va_py_modules/vision_app_modules) by extensions ['cmake', 'python']
[0.173s] Level 1:colcon.colcon_core.package_identification:_identify(va_py_modules/vision_app_modules) by extension 'cmake'
[0.173s] Level 1:colcon.colcon_core.package_identification:_identify(va_py_modules/vision_app_modules) by extension 'python'
[0.174s] Level 1:colcon.colcon_core.package_identification:_identify(va_py_modules/vision_app_modules) by extensions ['python_setup_py']
[0.174s] Level 1:colcon.colcon_core.package_identification:_identify(va_py_modules/vision_app_modules) by extension 'python_setup_py'
[0.174s] Level 1:colcon.colcon_core.package_discovery:discover_packages(recursive) using defaults
[0.174s] Level 1:colcon.colcon_core.package_discovery:discover_packages(ignore) discover
[0.174s] Level 1:colcon.colcon_core.package_discovery:discover_packages(ignore) using defaults
[0.174s] Level 1:colcon.colcon_core.package_discovery:discover_packages(path) discover
[0.174s] Level 1:colcon.colcon_core.package_discovery:discover_packages(path) using defaults
[0.185s] Level 1:colcon.colcon_core.package_discovery:discover_packages(prefix_path) check parameters
[0.185s] Level 1:colcon.colcon_core.package_discovery:discover_packages(prefix_path) discover
[0.187s] DEBUG:colcon.colcon_installed_package_information.package_discovery:Found 31 installed packages in /home/brotato211/ros2_humble/install
[0.188s] DEBUG:colcon.colcon_installed_package_information.package_discovery:Found 416 installed packages in /opt/ros/humble
[0.189s] Level 1:colcon.colcon_core.package_discovery:discover_packages(prefix_path) using defaults
[0.218s] INFO:colcon.colcon_core.executor:Executing jobs using 'parallel' executor
[0.218s] DEBUG:colcon.colcon_parallel_executor.executor.parallel:run_until_complete
[0.218s] DEBUG:colcon.colcon_parallel_executor.executor.parallel:closing loop
[0.218s] DEBUG:colcon.colcon_parallel_executor.executor.parallel:loop closed
[0.218s] DEBUG:colcon.colcon_parallel_executor.executor.parallel:run_until_complete finished with '0'
[0.218s] DEBUG:colcon.colcon_core.event_reactor:joining thread
[0.222s] INFO:colcon.colcon_core.plugin_system:Skipping extension 'colcon_notification.desktop_notification.terminal_notifier': Not used on non-Darwin systems
[0.222s] INFO:colcon.colcon_core.plugin_system:Skipping extension 'colcon_notification.desktop_notification.win32': Not used on non-Windows systems
[0.222s] INFO:colcon.colcon_notification.desktop_notification:Sending desktop notification using 'notify2'
[0.229s] DEBUG:colcon.colcon_core.event_reactor:joined thread
[0.230s] INFO:colcon.colcon_core.plugin_system:Skipping extension 'colcon_core.shell.bat': Not used on non-Windows systems
[0.230s] INFO:colcon.colcon_core.shell:Creating prefix script '/home/brotato211/ros2_humble/src/pm_vision_manager/pm_vision_manager/pm_vision_manager/install/local_setup.ps1'
[0.231s] INFO:colcon.colcon_core.shell:Creating prefix util module '/home/brotato211/ros2_humble/src/pm_vision_manager/pm_vision_manager/pm_vision_manager/install/_local_setup_util_ps1.py'
[0.231s] INFO:colcon.colcon_core.shell:Creating prefix chain script '/home/brotato211/ros2_humble/src/pm_vision_manager/pm_vision_manager/pm_vision_manager/install/setup.ps1'
[0.232s] INFO:colcon.colcon_core.shell:Creating prefix script '/home/brotato211/ros2_humble/src/pm_vision_manager/pm_vision_manager/pm_vision_manager/install/local_setup.sh'
[0.233s] INFO:colcon.colcon_core.shell:Creating prefix util module '/home/brotato211/ros2_humble/src/pm_vision_manager/pm_vision_manager/pm_vision_manager/install/_local_setup_util_sh.py'
[0.233s] INFO:colcon.colcon_core.shell:Creating prefix chain script '/home/brotato211/ros2_humble/src/pm_vision_manager/pm_vision_manager/pm_vision_manager/install/setup.sh'
[0.234s] INFO:colcon.colcon_core.shell:Creating prefix script '/home/brotato211/ros2_humble/src/pm_vision_manager/pm_vision_manager/pm_vision_manager/install/local_setup.bash'
[0.234s] INFO:colcon.colcon_core.shell:Creating prefix chain script '/home/brotato211/ros2_humble/src/pm_vision_manager/pm_vision_manager/pm_vision_manager/install/setup.bash'
[0.236s] INFO:colcon.colcon_core.shell:Creating prefix script '/home/brotato211/ros2_humble/src/pm_vision_manager/pm_vision_manager/pm_vision_manager/install/local_setup.zsh'
[0.236s] INFO:colcon.colcon_core.shell:Creating prefix chain script '/home/brotato211/ros2_humble/src/pm_vision_manager/pm_vision_manager/pm_vision_manager/install/setup.zsh'
