running egg_info
creating ../build/pm_vision_app/pm_vision_app.egg-info
writing ../build/pm_vision_app/pm_vision_app.egg-info/PKG-INFO
writing dependency_links to ../build/pm_vision_app/pm_vision_app.egg-info/dependency_links.txt
writing entry points to ../build/pm_vision_app/pm_vision_app.egg-info/entry_points.txt
writing requirements to ../build/pm_vision_app/pm_vision_app.egg-info/requires.txt
writing top-level names to ../build/pm_vision_app/pm_vision_app.egg-info/top_level.txt
writing manifest file '../build/pm_vision_app/pm_vision_app.egg-info/SOURCES.txt'
reading manifest file '../build/pm_vision_app/pm_vision_app.egg-info/SOURCES.txt'
writing manifest file '../build/pm_vision_app/pm_vision_app.egg-info/SOURCES.txt'
running build
running build_py
creating /home/brotato211/ros2_humble/src/pm_vision_manager/build/pm_vision_app/build
creating /home/brotato211/ros2_humble/src/pm_vision_manager/build/pm_vision_app/build/lib
creating /home/brotato211/ros2_humble/src/pm_vision_manager/build/pm_vision_app/build/lib/pm_vision_app
copying pm_vision_app/tests.py -> /home/brotato211/ros2_humble/src/pm_vision_manager/build/pm_vision_app/build/lib/pm_vision_app
copying pm_vision_app/vision_assistant_app.py -> /home/brotato211/ros2_humble/src/pm_vision_manager/build/pm_vision_app/build/lib/pm_vision_app
copying pm_vision_app/__init__.py -> /home/brotato211/ros2_humble/src/pm_vision_manager/build/pm_vision_app/build/lib/pm_vision_app
creating /home/brotato211/ros2_humble/src/pm_vision_manager/build/pm_vision_app/build/lib/pm_vision_app/py_modules
copying pm_vision_app/py_modules/vision_functions_loader.py -> /home/brotato211/ros2_humble/src/pm_vision_manager/build/pm_vision_app/build/lib/pm_vision_app/py_modules
copying pm_vision_app/py_modules/vision_pipeline_class.py -> /home/brotato211/ros2_humble/src/pm_vision_manager/build/pm_vision_app/build/lib/pm_vision_app/py_modules
copying pm_vision_app/py_modules/vision_functions_class.py -> /home/brotato211/ros2_humble/src/pm_vision_manager/build/pm_vision_app/build/lib/pm_vision_app/py_modules
copying pm_vision_app/py_modules/type_classes.py -> /home/brotato211/ros2_humble/src/pm_vision_manager/build/pm_vision_app/build/lib/pm_vision_app/py_modules
copying pm_vision_app/py_modules/__init__.py -> /home/brotato211/ros2_humble/src/pm_vision_manager/build/pm_vision_app/build/lib/pm_vision_app/py_modules
copying pm_vision_app/py_modules/vision_builder_widget.py -> /home/brotato211/ros2_humble/src/pm_vision_manager/build/pm_vision_app/build/lib/pm_vision_app/py_modules
running install
running install_lib
creating /home/brotato211/ros2_humble/src/pm_vision_manager/install/pm_vision_app/lib/python3.10/site-packages/pm_vision_app
copying /home/brotato211/ros2_humble/src/pm_vision_manager/build/pm_vision_app/build/lib/pm_vision_app/tests.py -> /home/brotato211/ros2_humble/src/pm_vision_manager/install/pm_vision_app/lib/python3.10/site-packages/pm_vision_app
copying /home/brotato211/ros2_humble/src/pm_vision_manager/build/pm_vision_app/build/lib/pm_vision_app/vision_assistant_app.py -> /home/brotato211/ros2_humble/src/pm_vision_manager/install/pm_vision_app/lib/python3.10/site-packages/pm_vision_app
copying /home/brotato211/ros2_humble/src/pm_vision_manager/build/pm_vision_app/build/lib/pm_vision_app/__init__.py -> /home/brotato211/ros2_humble/src/pm_vision_manager/install/pm_vision_app/lib/python3.10/site-packages/pm_vision_app
creating /home/brotato211/ros2_humble/src/pm_vision_manager/install/pm_vision_app/lib/python3.10/site-packages/pm_vision_app/py_modules
copying /home/brotato211/ros2_humble/src/pm_vision_manager/build/pm_vision_app/build/lib/pm_vision_app/py_modules/vision_functions_loader.py -> /home/brotato211/ros2_humble/src/pm_vision_manager/install/pm_vision_app/lib/python3.10/site-packages/pm_vision_app/py_modules
copying /home/brotato211/ros2_humble/src/pm_vision_manager/build/pm_vision_app/build/lib/pm_vision_app/py_modules/vision_pipeline_class.py -> /home/brotato211/ros2_humble/src/pm_vision_manager/install/pm_vision_app/lib/python3.10/site-packages/pm_vision_app/py_modules
copying /home/brotato211/ros2_humble/src/pm_vision_manager/build/pm_vision_app/build/lib/pm_vision_app/py_modules/vision_functions_class.py -> /home/brotato211/ros2_humble/src/pm_vision_manager/install/pm_vision_app/lib/python3.10/site-packages/pm_vision_app/py_modules
copying /home/brotato211/ros2_humble/src/pm_vision_manager/build/pm_vision_app/build/lib/pm_vision_app/py_modules/type_classes.py -> /home/brotato211/ros2_humble/src/pm_vision_manager/install/pm_vision_app/lib/python3.10/site-packages/pm_vision_app/py_modules
copying /home/brotato211/ros2_humble/src/pm_vision_manager/build/pm_vision_app/build/lib/pm_vision_app/py_modules/__init__.py -> /home/brotato211/ros2_humble/src/pm_vision_manager/install/pm_vision_app/lib/python3.10/site-packages/pm_vision_app/py_modules
copying /home/brotato211/ros2_humble/src/pm_vision_manager/build/pm_vision_app/build/lib/pm_vision_app/py_modules/vision_builder_widget.py -> /home/brotato211/ros2_humble/src/pm_vision_manager/install/pm_vision_app/lib/python3.10/site-packages/pm_vision_app/py_modules
byte-compiling /home/brotato211/ros2_humble/src/pm_vision_manager/install/pm_vision_app/lib/python3.10/site-packages/pm_vision_app/tests.py to tests.cpython-310.pyc
byte-compiling /home/brotato211/ros2_humble/src/pm_vision_manager/install/pm_vision_app/lib/python3.10/site-packages/pm_vision_app/vision_assistant_app.py to vision_assistant_app.cpython-310.pyc
byte-compiling /home/brotato211/ros2_humble/src/pm_vision_manager/install/pm_vision_app/lib/python3.10/site-packages/pm_vision_app/__init__.py to __init__.cpython-310.pyc
byte-compiling /home/brotato211/ros2_humble/src/pm_vision_manager/install/pm_vision_app/lib/python3.10/site-packages/pm_vision_app/py_modules/vision_functions_loader.py to vision_functions_loader.cpython-310.pyc
byte-compiling /home/brotato211/ros2_humble/src/pm_vision_manager/install/pm_vision_app/lib/python3.10/site-packages/pm_vision_app/py_modules/vision_pipeline_class.py to vision_pipeline_class.cpython-310.pyc
byte-compiling /home/brotato211/ros2_humble/src/pm_vision_manager/install/pm_vision_app/lib/python3.10/site-packages/pm_vision_app/py_modules/vision_functions_class.py to vision_functions_class.cpython-310.pyc
byte-compiling /home/brotato211/ros2_humble/src/pm_vision_manager/install/pm_vision_app/lib/python3.10/site-packages/pm_vision_app/py_modules/type_classes.py to type_classes.cpython-310.pyc
byte-compiling /home/brotato211/ros2_humble/src/pm_vision_manager/install/pm_vision_app/lib/python3.10/site-packages/pm_vision_app/py_modules/__init__.py to __init__.cpython-310.pyc
byte-compiling /home/brotato211/ros2_humble/src/pm_vision_manager/install/pm_vision_app/lib/python3.10/site-packages/pm_vision_app/py_modules/vision_builder_widget.py to vision_builder_widget.cpython-310.pyc
running install_data
creating /home/brotato211/ros2_humble/src/pm_vision_manager/install/pm_vision_app/share/ament_index
creating /home/brotato211/ros2_humble/src/pm_vision_manager/install/pm_vision_app/share/ament_index/resource_index
creating /home/brotato211/ros2_humble/src/pm_vision_manager/install/pm_vision_app/share/ament_index/resource_index/packages
copying resource/pm_vision_app -> /home/brotato211/ros2_humble/src/pm_vision_manager/install/pm_vision_app/share/ament_index/resource_index/packages
copying package.xml -> /home/brotato211/ros2_humble/src/pm_vision_manager/install/pm_vision_app/share/pm_vision_app
copying pm_vision_app/vision_assistant_app.py -> /home/brotato211/ros2_humble/src/pm_vision_manager/install/pm_vision_app/share/pm_vision_app
running install_egg_info
Copying ../build/pm_vision_app/pm_vision_app.egg-info to /home/brotato211/ros2_humble/src/pm_vision_manager/install/pm_vision_app/lib/python3.10/site-packages/pm_vision_app-0.1.0-py3.10.egg-info
running install_scripts
writing list of installed files to '/home/brotato211/ros2_humble/src/pm_vision_manager/build/pm_vision_app/install.log'
