[0.075s] DEBUG:colcon:Command line arguments: ['/usr/bin/colcon', 'build']
[0.075s] DEBUG:colcon:Parsed command line arguments: Namespace(log_base=None, log_level=None, verb_name='build', build_base='build', install_base='install', merge_install=False, symlink_install=False, test_result_base=None, continue_on_error=False, executor='parallel', parallel_workers=16, event_handlers=None, ignore_user_meta=False, metas=['./colcon.meta'], base_paths=['.'], packages_ignore=None, packages_ignore_regex=None, paths=None, packages_up_to=None, packages_up_to_regex=None, packages_above=None, packages_above_and_dependencies=None, packages_above_depth=None, packages_select_by_dep=None, packages_skip_by_dep=None, packages_skip_up_to=None, packages_select_build_failed=False, packages_skip_build_finished=False, packages_select_test_failures=False, packages_skip_test_passed=False, packages_select=None, packages_skip=None, packages_select_regex=None, packages_skip_regex=None, packages_start=None, packages_end=None, allow_overriding=[], cmake_args=None, cmake_target=None, cmake_target_skip_unavailable=False, cmake_clean_cache=False, cmake_clean_first=False, cmake_force_configure=False, ament_cmake_args=None, catkin_cmake_args=None, catkin_skip_building_tests=False, mixin_files=None, mixin=None, verb_parser=<colcon_mixin.mixin.mixin_argument.MixinArgumentDecorator object at 0x7705f157a020>, verb_extension=<colcon_core.verb.build.BuildVerb object at 0x7705f1579a50>, main=<bound method BuildVerb.main of <colcon_core.verb.build.BuildVerb object at 0x7705f1579a50>>, mixin_verb=('build',))
[0.214s] Level 1:colcon.colcon_core.package_discovery:discover_packages(colcon_meta) check parameters
[0.214s] Level 1:colcon.colcon_core.package_discovery:discover_packages(recursive) check parameters
[0.214s] Level 1:colcon.colcon_core.package_discovery:discover_packages(ignore) check parameters
[0.214s] Level 1:colcon.colcon_core.package_discovery:discover_packages(path) check parameters
[0.214s] Level 1:colcon.colcon_core.package_discovery:discover_packages(colcon_meta) discover
[0.215s] Level 1:colcon.colcon_core.package_discovery:discover_packages(recursive) discover
[0.215s] INFO:colcon.colcon_core.package_discovery:Crawling recursively for packages in '/home/brotato211/ros2_humble/src/pm_vision_manager'
[0.215s] Level 1:colcon.colcon_core.package_identification:_identify(.) by extensions ['ignore', 'ignore_ament_install']
[0.215s] Level 1:colcon.colcon_core.package_identification:_identify(.) by extension 'ignore'
[0.215s] Level 1:colcon.colcon_core.package_identification:_identify(.) by extension 'ignore_ament_install'
[0.215s] Level 1:colcon.colcon_core.package_identification:_identify(.) by extensions ['colcon_pkg']
[0.215s] Level 1:colcon.colcon_core.package_identification:_identify(.) by extension 'colcon_pkg'
[0.215s] Level 1:colcon.colcon_core.package_identification:_identify(.) by extensions ['colcon_meta']
[0.215s] Level 1:colcon.colcon_core.package_identification:_identify(.) by extension 'colcon_meta'
[0.215s] Level 1:colcon.colcon_core.package_identification:_identify(.) by extensions ['ros']
[0.215s] Level 1:colcon.colcon_core.package_identification:_identify(.) by extension 'ros'
[0.224s] Level 1:colcon.colcon_core.package_identification:_identify(.) by extensions ['cmake', 'python']
[0.224s] Level 1:colcon.colcon_core.package_identification:_identify(.) by extension 'cmake'
[0.224s] Level 1:colcon.colcon_core.package_identification:_identify(.) by extension 'python'
[0.224s] Level 1:colcon.colcon_core.package_identification:_identify(.) by extensions ['python_setup_py']
[0.224s] Level 1:colcon.colcon_core.package_identification:_identify(.) by extension 'python_setup_py'
[0.224s] Level 1:colcon.colcon_core.package_identification:_identify(build) by extensions ['ignore', 'ignore_ament_install']
[0.224s] Level 1:colcon.colcon_core.package_identification:_identify(build) by extension 'ignore'
[0.224s] Level 1:colcon.colcon_core.package_identification:_identify(build) ignored
[0.224s] Level 1:colcon.colcon_core.package_identification:_identify(install) by extensions ['ignore', 'ignore_ament_install']
[0.224s] Level 1:colcon.colcon_core.package_identification:_identify(install) by extension 'ignore'
[0.224s] Level 1:colcon.colcon_core.package_identification:_identify(install) ignored
[0.225s] Level 1:colcon.colcon_core.package_identification:_identify(log) by extensions ['ignore', 'ignore_ament_install']
[0.225s] Level 1:colcon.colcon_core.package_identification:_identify(log) by extension 'ignore'
[0.225s] Level 1:colcon.colcon_core.package_identification:_identify(log) ignored
[0.225s] Level 1:colcon.colcon_core.package_identification:_identify(pm_vision_app) by extensions ['ignore', 'ignore_ament_install']
[0.225s] Level 1:colcon.colcon_core.package_identification:_identify(pm_vision_app) by extension 'ignore'
[0.225s] Level 1:colcon.colcon_core.package_identification:_identify(pm_vision_app) by extension 'ignore_ament_install'
[0.225s] Level 1:colcon.colcon_core.package_identification:_identify(pm_vision_app) by extensions ['colcon_pkg']
[0.225s] Level 1:colcon.colcon_core.package_identification:_identify(pm_vision_app) by extension 'colcon_pkg'
[0.225s] Level 1:colcon.colcon_core.package_identification:_identify(pm_vision_app) by extensions ['colcon_meta']
[0.225s] Level 1:colcon.colcon_core.package_identification:_identify(pm_vision_app) by extension 'colcon_meta'
[0.225s] Level 1:colcon.colcon_core.package_identification:_identify(pm_vision_app) by extensions ['ros']
[0.225s] Level 1:colcon.colcon_core.package_identification:_identify(pm_vision_app) by extension 'ros'
[0.226s] DEBUG:colcon.colcon_core.package_identification:Package 'pm_vision_app' with type 'ros.ament_python' and name 'pm_vision_app'
[0.226s] Level 1:colcon.colcon_core.package_identification:_identify(pm_vision_interfaces) by extensions ['ignore', 'ignore_ament_install']
[0.227s] Level 1:colcon.colcon_core.package_identification:_identify(pm_vision_interfaces) by extension 'ignore'
[0.227s] Level 1:colcon.colcon_core.package_identification:_identify(pm_vision_interfaces) by extension 'ignore_ament_install'
[0.227s] Level 1:colcon.colcon_core.package_identification:_identify(pm_vision_interfaces) by extensions ['colcon_pkg']
[0.227s] Level 1:colcon.colcon_core.package_identification:_identify(pm_vision_interfaces) by extension 'colcon_pkg'
[0.227s] Level 1:colcon.colcon_core.package_identification:_identify(pm_vision_interfaces) by extensions ['colcon_meta']
[0.227s] Level 1:colcon.colcon_core.package_identification:_identify(pm_vision_interfaces) by extension 'colcon_meta'
[0.227s] Level 1:colcon.colcon_core.package_identification:_identify(pm_vision_interfaces) by extensions ['ros']
[0.227s] Level 1:colcon.colcon_core.package_identification:_identify(pm_vision_interfaces) by extension 'ros'
[0.227s] DEBUG:colcon.colcon_core.package_identification:Package 'pm_vision_interfaces' with type 'ros.ament_cmake' and name 'pm_vision_interfaces'
[0.227s] Level 1:colcon.colcon_core.package_identification:_identify(pm_vision_manager) by extensions ['ignore', 'ignore_ament_install']
[0.227s] Level 1:colcon.colcon_core.package_identification:_identify(pm_vision_manager) by extension 'ignore'
[0.227s] Level 1:colcon.colcon_core.package_identification:_identify(pm_vision_manager) by extension 'ignore_ament_install'
[0.227s] Level 1:colcon.colcon_core.package_identification:_identify(pm_vision_manager) by extensions ['colcon_pkg']
[0.227s] Level 1:colcon.colcon_core.package_identification:_identify(pm_vision_manager) by extension 'colcon_pkg'
[0.227s] Level 1:colcon.colcon_core.package_identification:_identify(pm_vision_manager) by extensions ['colcon_meta']
[0.227s] Level 1:colcon.colcon_core.package_identification:_identify(pm_vision_manager) by extension 'colcon_meta'
[0.227s] Level 1:colcon.colcon_core.package_identification:_identify(pm_vision_manager) by extensions ['ros']
[0.227s] Level 1:colcon.colcon_core.package_identification:_identify(pm_vision_manager) by extension 'ros'
[0.228s] DEBUG:colcon.colcon_core.package_identification:Package 'pm_vision_manager' with type 'ros.ament_python' and name 'pm_vision_manager'
[0.228s] Level 1:colcon.colcon_core.package_discovery:discover_packages(recursive) using defaults
[0.228s] Level 1:colcon.colcon_core.package_discovery:discover_packages(ignore) discover
[0.228s] Level 1:colcon.colcon_core.package_discovery:discover_packages(ignore) using defaults
[0.228s] Level 1:colcon.colcon_core.package_discovery:discover_packages(path) discover
[0.228s] Level 1:colcon.colcon_core.package_discovery:discover_packages(path) using defaults
[0.241s] Level 1:colcon.colcon_core.package_discovery:discover_packages(prefix_path) check parameters
[0.241s] Level 1:colcon.colcon_core.package_discovery:discover_packages(prefix_path) discover
[0.244s] DEBUG:colcon.colcon_installed_package_information.package_discovery:Found 31 installed packages in /home/brotato211/ros2_humble/install
[0.245s] DEBUG:colcon.colcon_installed_package_information.package_discovery:Found 416 installed packages in /opt/ros/humble
[0.247s] Level 1:colcon.colcon_core.package_discovery:discover_packages(prefix_path) using defaults
[0.280s] Level 5:colcon.colcon_core.verb:set package 'pm_vision_app' build argument 'cmake_args' from command line to 'None'
[0.280s] Level 5:colcon.colcon_core.verb:set package 'pm_vision_app' build argument 'cmake_target' from command line to 'None'
[0.280s] Level 5:colcon.colcon_core.verb:set package 'pm_vision_app' build argument 'cmake_target_skip_unavailable' from command line to 'False'
[0.280s] Level 5:colcon.colcon_core.verb:set package 'pm_vision_app' build argument 'cmake_clean_cache' from command line to 'False'
[0.280s] Level 5:colcon.colcon_core.verb:set package 'pm_vision_app' build argument 'cmake_clean_first' from command line to 'False'
[0.280s] Level 5:colcon.colcon_core.verb:set package 'pm_vision_app' build argument 'cmake_force_configure' from command line to 'False'
[0.280s] Level 5:colcon.colcon_core.verb:set package 'pm_vision_app' build argument 'ament_cmake_args' from command line to 'None'
[0.280s] Level 5:colcon.colcon_core.verb:set package 'pm_vision_app' build argument 'catkin_cmake_args' from command line to 'None'
[0.280s] Level 5:colcon.colcon_core.verb:set package 'pm_vision_app' build argument 'catkin_skip_building_tests' from command line to 'False'
[0.280s] DEBUG:colcon.colcon_core.verb:Building package 'pm_vision_app' with the following arguments: {'ament_cmake_args': None, 'build_base': '/home/brotato211/ros2_humble/src/pm_vision_manager/build/pm_vision_app', 'catkin_cmake_args': None, 'catkin_skip_building_tests': False, 'cmake_args': None, 'cmake_clean_cache': False, 'cmake_clean_first': False, 'cmake_force_configure': False, 'cmake_target': None, 'cmake_target_skip_unavailable': False, 'install_base': '/home/brotato211/ros2_humble/src/pm_vision_manager/install/pm_vision_app', 'merge_install': False, 'path': '/home/brotato211/ros2_humble/src/pm_vision_manager/pm_vision_app', 'symlink_install': False, 'test_result_base': None}
[0.280s] Level 5:colcon.colcon_core.verb:set package 'pm_vision_interfaces' build argument 'cmake_args' from command line to 'None'
[0.280s] Level 5:colcon.colcon_core.verb:set package 'pm_vision_interfaces' build argument 'cmake_target' from command line to 'None'
[0.280s] Level 5:colcon.colcon_core.verb:set package 'pm_vision_interfaces' build argument 'cmake_target_skip_unavailable' from command line to 'False'
[0.280s] Level 5:colcon.colcon_core.verb:set package 'pm_vision_interfaces' build argument 'cmake_clean_cache' from command line to 'False'
[0.280s] Level 5:colcon.colcon_core.verb:set package 'pm_vision_interfaces' build argument 'cmake_clean_first' from command line to 'False'
[0.280s] Level 5:colcon.colcon_core.verb:set package 'pm_vision_interfaces' build argument 'cmake_force_configure' from command line to 'False'
[0.280s] Level 5:colcon.colcon_core.verb:set package 'pm_vision_interfaces' build argument 'ament_cmake_args' from command line to 'None'
[0.280s] Level 5:colcon.colcon_core.verb:set package 'pm_vision_interfaces' build argument 'catkin_cmake_args' from command line to 'None'
[0.280s] Level 5:colcon.colcon_core.verb:set package 'pm_vision_interfaces' build argument 'catkin_skip_building_tests' from command line to 'False'
[0.280s] DEBUG:colcon.colcon_core.verb:Building package 'pm_vision_interfaces' with the following arguments: {'ament_cmake_args': None, 'build_base': '/home/brotato211/ros2_humble/src/pm_vision_manager/build/pm_vision_interfaces', 'catkin_cmake_args': None, 'catkin_skip_building_tests': False, 'cmake_args': None, 'cmake_clean_cache': False, 'cmake_clean_first': False, 'cmake_force_configure': False, 'cmake_target': None, 'cmake_target_skip_unavailable': False, 'install_base': '/home/brotato211/ros2_humble/src/pm_vision_manager/install/pm_vision_interfaces', 'merge_install': False, 'path': '/home/brotato211/ros2_humble/src/pm_vision_manager/pm_vision_interfaces', 'symlink_install': False, 'test_result_base': None}
[0.280s] Level 5:colcon.colcon_core.verb:set package 'pm_vision_manager' build argument 'cmake_args' from command line to 'None'
[0.280s] Level 5:colcon.colcon_core.verb:set package 'pm_vision_manager' build argument 'cmake_target' from command line to 'None'
[0.280s] Level 5:colcon.colcon_core.verb:set package 'pm_vision_manager' build argument 'cmake_target_skip_unavailable' from command line to 'False'
[0.280s] Level 5:colcon.colcon_core.verb:set package 'pm_vision_manager' build argument 'cmake_clean_cache' from command line to 'False'
[0.280s] Level 5:colcon.colcon_core.verb:set package 'pm_vision_manager' build argument 'cmake_clean_first' from command line to 'False'
[0.280s] Level 5:colcon.colcon_core.verb:set package 'pm_vision_manager' build argument 'cmake_force_configure' from command line to 'False'
[0.280s] Level 5:colcon.colcon_core.verb:set package 'pm_vision_manager' build argument 'ament_cmake_args' from command line to 'None'
[0.280s] Level 5:colcon.colcon_core.verb:set package 'pm_vision_manager' build argument 'catkin_cmake_args' from command line to 'None'
[0.280s] Level 5:colcon.colcon_core.verb:set package 'pm_vision_manager' build argument 'catkin_skip_building_tests' from command line to 'False'
[0.280s] DEBUG:colcon.colcon_core.verb:Building package 'pm_vision_manager' with the following arguments: {'ament_cmake_args': None, 'build_base': '/home/brotato211/ros2_humble/src/pm_vision_manager/build/pm_vision_manager', 'catkin_cmake_args': None, 'catkin_skip_building_tests': False, 'cmake_args': None, 'cmake_clean_cache': False, 'cmake_clean_first': False, 'cmake_force_configure': False, 'cmake_target': None, 'cmake_target_skip_unavailable': False, 'install_base': '/home/brotato211/ros2_humble/src/pm_vision_manager/install/pm_vision_manager', 'merge_install': False, 'path': '/home/brotato211/ros2_humble/src/pm_vision_manager/pm_vision_manager', 'symlink_install': False, 'test_result_base': None}
[0.280s] INFO:colcon.colcon_core.executor:Executing jobs using 'parallel' executor
[0.281s] DEBUG:colcon.colcon_parallel_executor.executor.parallel:run_until_complete
[0.281s] INFO:colcon.colcon_ros.task.ament_python.build:Building ROS package in '/home/brotato211/ros2_humble/src/pm_vision_manager/pm_vision_app' with build type 'ament_python'
[0.281s] Level 1:colcon.colcon_core.shell:create_environment_hook('pm_vision_app', 'ament_prefix_path')
[0.283s] INFO:colcon.colcon_core.plugin_system:Skipping extension 'colcon_core.shell.bat': Not used on non-Windows systems
[0.283s] INFO:colcon.colcon_core.shell:Creating environment hook '/home/brotato211/ros2_humble/src/pm_vision_manager/install/pm_vision_app/share/pm_vision_app/hook/ament_prefix_path.ps1'
[0.283s] INFO:colcon.colcon_core.shell:Creating environment descriptor '/home/brotato211/ros2_humble/src/pm_vision_manager/install/pm_vision_app/share/pm_vision_app/hook/ament_prefix_path.dsv'
[0.284s] INFO:colcon.colcon_core.shell:Creating environment hook '/home/brotato211/ros2_humble/src/pm_vision_manager/install/pm_vision_app/share/pm_vision_app/hook/ament_prefix_path.sh'
[0.284s] INFO:colcon.colcon_core.shell:Skip shell extension 'powershell' for command environment: Not usable outside of PowerShell
[0.284s] DEBUG:colcon.colcon_core.shell:Skip shell extension 'dsv' for command environment
[0.288s] INFO:colcon.colcon_ros.task.ament_cmake.build:Building ROS package in '/home/brotato211/ros2_humble/src/pm_vision_manager/pm_vision_interfaces' with build type 'ament_cmake'
[0.288s] INFO:colcon.colcon_cmake.task.cmake.build:Building CMake package in '/home/brotato211/ros2_humble/src/pm_vision_manager/pm_vision_interfaces'
[0.288s] INFO:colcon.colcon_core.shell:Skip shell extension 'powershell' for command environment: Not usable outside of PowerShell
[0.288s] DEBUG:colcon.colcon_core.shell:Skip shell extension 'dsv' for command environment
[0.291s] INFO:colcon.colcon_ros.task.ament_python.build:Building ROS package in '/home/brotato211/ros2_humble/src/pm_vision_manager/pm_vision_manager' with build type 'ament_python'
[0.291s] Level 1:colcon.colcon_core.shell:create_environment_hook('pm_vision_manager', 'ament_prefix_path')
[0.291s] INFO:colcon.colcon_core.shell:Creating environment hook '/home/brotato211/ros2_humble/src/pm_vision_manager/install/pm_vision_manager/share/pm_vision_manager/hook/ament_prefix_path.ps1'
[0.292s] INFO:colcon.colcon_core.shell:Creating environment descriptor '/home/brotato211/ros2_humble/src/pm_vision_manager/install/pm_vision_manager/share/pm_vision_manager/hook/ament_prefix_path.dsv'
[0.292s] INFO:colcon.colcon_core.shell:Creating environment hook '/home/brotato211/ros2_humble/src/pm_vision_manager/install/pm_vision_manager/share/pm_vision_manager/hook/ament_prefix_path.sh'
[0.292s] INFO:colcon.colcon_core.shell:Skip shell extension 'powershell' for command environment: Not usable outside of PowerShell
[0.292s] DEBUG:colcon.colcon_core.shell:Skip shell extension 'dsv' for command environment
[0.449s] INFO:colcon.colcon_core.task.python.build:Building Python package in '/home/brotato211/ros2_humble/src/pm_vision_manager/pm_vision_app'
[0.449s] INFO:colcon.colcon_core.shell:Skip shell extension 'powershell' for command environment: Not usable outside of PowerShell
[0.449s] DEBUG:colcon.colcon_core.shell:Skip shell extension 'dsv' for command environment
[0.455s] DEBUG:colcon.colcon_core.event_handler.log_command:Invoking command in '/home/brotato211/ros2_humble/src/pm_vision_manager/build/pm_vision_interfaces': CMAKE_PREFIX_PATH=${CMAKE_PREFIX_PATH}:/home/brotato211/ros2_humble/install/ros_sequential_action_programmer:/home/brotato211/ros2_humble/install/pneumatic_controller_listener:/home/brotato211/ros2_humble/install/pm_vision_manager:/home/brotato211/ros2_humble/install/pm_vision_app:/home/brotato211/ros2_humble/install/pm_tf_viewer:/home/brotato211/ros2_humble/install/pm_robot_primitive_skills:/home/brotato211/ros2_humble/install/pm_robot_control_test:/home/brotato211/ros2_humble/install/pm_adhesive_displayer:/home/brotato211/ros2_humble/install/gonio_orientation_solver:/opt/ros/humble /usr/bin/cmake /home/brotato211/ros2_humble/src/pm_vision_manager/pm_vision_interfaces -DCMAKE_INSTALL_PREFIX=/home/brotato211/ros2_humble/src/pm_vision_manager/install/pm_vision_interfaces
[0.607s] INFO:colcon.colcon_core.task.python.build:Building Python package in '/home/brotato211/ros2_humble/src/pm_vision_manager/pm_vision_manager'
[0.607s] INFO:colcon.colcon_core.shell:Skip shell extension 'powershell' for command environment: Not usable outside of PowerShell
[0.607s] DEBUG:colcon.colcon_core.shell:Skip shell extension 'dsv' for command environment
[0.874s] DEBUG:colcon.colcon_core.event_handler.log_command:Invoking command in '/home/brotato211/ros2_humble/src/pm_vision_manager/pm_vision_manager': PYTHONPATH=/home/brotato211/ros2_humble/src/pm_vision_manager/build/pm_vision_manager/prefix_override:/usr/lib/python3/dist-packages/colcon_core/task/python/colcon_distutils_commands:/home/brotato211/ros2_humble/src/pm_vision_manager/install/pm_vision_manager/lib/python3.10/site-packages:${PYTHONPATH} /usr/bin/python3 -W ignore:setup.py install is deprecated -W ignore:easy_install command is deprecated setup.py egg_info --egg-base ../build/pm_vision_manager build --build-base /home/brotato211/ros2_humble/src/pm_vision_manager/build/pm_vision_manager/build install --record /home/brotato211/ros2_humble/src/pm_vision_manager/build/pm_vision_manager/install.log --single-version-externally-managed install_data
[0.874s] DEBUG:colcon.colcon_core.event_handler.log_command:Invoking command in '/home/brotato211/ros2_humble/src/pm_vision_manager/pm_vision_app': PYTHONPATH=/home/brotato211/ros2_humble/src/pm_vision_manager/build/pm_vision_app/prefix_override:/usr/lib/python3/dist-packages/colcon_core/task/python/colcon_distutils_commands:/home/brotato211/ros2_humble/src/pm_vision_manager/install/pm_vision_app/lib/python3.10/site-packages:${PYTHONPATH} /usr/bin/python3 -W ignore:setup.py install is deprecated -W ignore:easy_install command is deprecated setup.py egg_info --egg-base ../build/pm_vision_app build --build-base /home/brotato211/ros2_humble/src/pm_vision_manager/build/pm_vision_app/build install --record /home/brotato211/ros2_humble/src/pm_vision_manager/build/pm_vision_app/install.log --single-version-externally-managed install_data
[1.036s] DEBUG:colcon.colcon_core.event_handler.log_command:Invoked command in '/home/brotato211/ros2_humble/src/pm_vision_manager/pm_vision_app' returned '0': PYTHONPATH=/home/brotato211/ros2_humble/src/pm_vision_manager/build/pm_vision_app/prefix_override:/usr/lib/python3/dist-packages/colcon_core/task/python/colcon_distutils_commands:/home/brotato211/ros2_humble/src/pm_vision_manager/install/pm_vision_app/lib/python3.10/site-packages:${PYTHONPATH} /usr/bin/python3 -W ignore:setup.py install is deprecated -W ignore:easy_install command is deprecated setup.py egg_info --egg-base ../build/pm_vision_app build --build-base /home/brotato211/ros2_humble/src/pm_vision_manager/build/pm_vision_app/build install --record /home/brotato211/ros2_humble/src/pm_vision_manager/build/pm_vision_app/install.log --single-version-externally-managed install_data
[1.038s] Level 1:colcon.colcon_core.environment:checking '/home/brotato211/ros2_humble/src/pm_vision_manager/install/pm_vision_app' for CMake module files
[1.038s] Level 1:colcon.colcon_core.environment:checking '/home/brotato211/ros2_humble/src/pm_vision_manager/install/pm_vision_app' for CMake config files
[1.038s] Level 1:colcon.colcon_core.environment:checking '/home/brotato211/ros2_humble/src/pm_vision_manager/install/pm_vision_app/lib'
[1.038s] Level 1:colcon.colcon_core.environment:checking '/home/brotato211/ros2_humble/src/pm_vision_manager/install/pm_vision_app/bin'
[1.039s] Level 1:colcon.colcon_core.environment:checking '/home/brotato211/ros2_humble/src/pm_vision_manager/install/pm_vision_app/lib/pkgconfig/pm_vision_app.pc'
[1.039s] Level 1:colcon.colcon_core.environment:checking '/home/brotato211/ros2_humble/src/pm_vision_manager/install/pm_vision_app/lib/python3.10/site-packages'
[1.039s] Level 1:colcon.colcon_core.shell:create_environment_hook('pm_vision_app', 'pythonpath')
[1.039s] INFO:colcon.colcon_core.shell:Creating environment hook '/home/brotato211/ros2_humble/src/pm_vision_manager/install/pm_vision_app/share/pm_vision_app/hook/pythonpath.ps1'
[1.039s] INFO:colcon.colcon_core.shell:Creating environment descriptor '/home/brotato211/ros2_humble/src/pm_vision_manager/install/pm_vision_app/share/pm_vision_app/hook/pythonpath.dsv'
[1.039s] INFO:colcon.colcon_core.shell:Creating environment hook '/home/brotato211/ros2_humble/src/pm_vision_manager/install/pm_vision_app/share/pm_vision_app/hook/pythonpath.sh'
[1.040s] Level 1:colcon.colcon_core.environment:checking '/home/brotato211/ros2_humble/src/pm_vision_manager/install/pm_vision_app/bin'
[1.040s] Level 1:colcon.colcon_core.environment:create_environment_scripts_only(pm_vision_app)
[1.040s] INFO:colcon.colcon_core.shell:Creating package script '/home/brotato211/ros2_humble/src/pm_vision_manager/install/pm_vision_app/share/pm_vision_app/package.ps1'
[1.040s] INFO:colcon.colcon_core.shell:Creating package descriptor '/home/brotato211/ros2_humble/src/pm_vision_manager/install/pm_vision_app/share/pm_vision_app/package.dsv'
[1.041s] INFO:colcon.colcon_core.shell:Creating package script '/home/brotato211/ros2_humble/src/pm_vision_manager/install/pm_vision_app/share/pm_vision_app/package.sh'
[1.041s] INFO:colcon.colcon_core.shell:Creating package script '/home/brotato211/ros2_humble/src/pm_vision_manager/install/pm_vision_app/share/pm_vision_app/package.bash'
[1.041s] INFO:colcon.colcon_core.shell:Creating package script '/home/brotato211/ros2_humble/src/pm_vision_manager/install/pm_vision_app/share/pm_vision_app/package.zsh'
[1.042s] Level 1:colcon.colcon_core.environment:create_file_with_runtime_dependencies(/home/brotato211/ros2_humble/src/pm_vision_manager/install/pm_vision_app/share/colcon-core/packages/pm_vision_app)
[1.049s] Level 1:colcon.colcon_core.environment:checking '/home/brotato211/ros2_humble/src/pm_vision_manager/install/pm_vision_manager' for CMake module files
[1.049s] DEBUG:colcon.colcon_core.event_handler.log_command:Invoked command in '/home/brotato211/ros2_humble/src/pm_vision_manager/pm_vision_manager' returned '0': PYTHONPATH=/home/brotato211/ros2_humble/src/pm_vision_manager/build/pm_vision_manager/prefix_override:/usr/lib/python3/dist-packages/colcon_core/task/python/colcon_distutils_commands:/home/brotato211/ros2_humble/src/pm_vision_manager/install/pm_vision_manager/lib/python3.10/site-packages:${PYTHONPATH} /usr/bin/python3 -W ignore:setup.py install is deprecated -W ignore:easy_install command is deprecated setup.py egg_info --egg-base ../build/pm_vision_manager build --build-base /home/brotato211/ros2_humble/src/pm_vision_manager/build/pm_vision_manager/build install --record /home/brotato211/ros2_humble/src/pm_vision_manager/build/pm_vision_manager/install.log --single-version-externally-managed install_data
[1.049s] Level 1:colcon.colcon_core.environment:checking '/home/brotato211/ros2_humble/src/pm_vision_manager/install/pm_vision_manager' for CMake config files
[1.050s] Level 1:colcon.colcon_core.environment:checking '/home/brotato211/ros2_humble/src/pm_vision_manager/install/pm_vision_manager/lib'
[1.050s] Level 1:colcon.colcon_core.environment:checking '/home/brotato211/ros2_humble/src/pm_vision_manager/install/pm_vision_manager/bin'
[1.050s] Level 1:colcon.colcon_core.environment:checking '/home/brotato211/ros2_humble/src/pm_vision_manager/install/pm_vision_manager/lib/pkgconfig/pm_vision_manager.pc'
[1.050s] Level 1:colcon.colcon_core.environment:checking '/home/brotato211/ros2_humble/src/pm_vision_manager/install/pm_vision_manager/lib/python3.10/site-packages'
[1.050s] Level 1:colcon.colcon_core.shell:create_environment_hook('pm_vision_manager', 'pythonpath')
[1.050s] INFO:colcon.colcon_core.shell:Creating environment hook '/home/brotato211/ros2_humble/src/pm_vision_manager/install/pm_vision_manager/share/pm_vision_manager/hook/pythonpath.ps1'
[1.050s] INFO:colcon.colcon_core.shell:Creating environment descriptor '/home/brotato211/ros2_humble/src/pm_vision_manager/install/pm_vision_manager/share/pm_vision_manager/hook/pythonpath.dsv'
[1.050s] INFO:colcon.colcon_core.shell:Creating environment hook '/home/brotato211/ros2_humble/src/pm_vision_manager/install/pm_vision_manager/share/pm_vision_manager/hook/pythonpath.sh'
[1.050s] Level 1:colcon.colcon_core.environment:checking '/home/brotato211/ros2_humble/src/pm_vision_manager/install/pm_vision_manager/bin'
[1.050s] Level 1:colcon.colcon_core.environment:create_environment_scripts_only(pm_vision_manager)
[1.051s] INFO:colcon.colcon_core.shell:Creating package script '/home/brotato211/ros2_humble/src/pm_vision_manager/install/pm_vision_manager/share/pm_vision_manager/package.ps1'
[1.051s] INFO:colcon.colcon_core.shell:Creating package descriptor '/home/brotato211/ros2_humble/src/pm_vision_manager/install/pm_vision_manager/share/pm_vision_manager/package.dsv'
[1.051s] INFO:colcon.colcon_core.shell:Creating package script '/home/brotato211/ros2_humble/src/pm_vision_manager/install/pm_vision_manager/share/pm_vision_manager/package.sh'
[1.051s] INFO:colcon.colcon_core.shell:Creating package script '/home/brotato211/ros2_humble/src/pm_vision_manager/install/pm_vision_manager/share/pm_vision_manager/package.bash'
[1.051s] INFO:colcon.colcon_core.shell:Creating package script '/home/brotato211/ros2_humble/src/pm_vision_manager/install/pm_vision_manager/share/pm_vision_manager/package.zsh'
[1.051s] Level 1:colcon.colcon_core.environment:create_file_with_runtime_dependencies(/home/brotato211/ros2_humble/src/pm_vision_manager/install/pm_vision_manager/share/colcon-core/packages/pm_vision_manager)
[1.809s] DEBUG:colcon.colcon_core.event_handler.log_command:Invoked command in '/home/brotato211/ros2_humble/src/pm_vision_manager/build/pm_vision_interfaces' returned '0': CMAKE_PREFIX_PATH=${CMAKE_PREFIX_PATH}:/home/brotato211/ros2_humble/install/ros_sequential_action_programmer:/home/brotato211/ros2_humble/install/pneumatic_controller_listener:/home/brotato211/ros2_humble/install/pm_vision_manager:/home/brotato211/ros2_humble/install/pm_vision_app:/home/brotato211/ros2_humble/install/pm_tf_viewer:/home/brotato211/ros2_humble/install/pm_robot_primitive_skills:/home/brotato211/ros2_humble/install/pm_robot_control_test:/home/brotato211/ros2_humble/install/pm_adhesive_displayer:/home/brotato211/ros2_humble/install/gonio_orientation_solver:/opt/ros/humble /usr/bin/cmake /home/brotato211/ros2_humble/src/pm_vision_manager/pm_vision_interfaces -DCMAKE_INSTALL_PREFIX=/home/brotato211/ros2_humble/src/pm_vision_manager/install/pm_vision_interfaces
[1.811s] DEBUG:colcon.colcon_core.event_handler.log_command:Invoking command in '/home/brotato211/ros2_humble/src/pm_vision_manager/build/pm_vision_interfaces': CMAKE_PREFIX_PATH=${CMAKE_PREFIX_PATH}:/home/brotato211/ros2_humble/install/ros_sequential_action_programmer:/home/brotato211/ros2_humble/install/pneumatic_controller_listener:/home/brotato211/ros2_humble/install/pm_vision_manager:/home/brotato211/ros2_humble/install/pm_vision_app:/home/brotato211/ros2_humble/install/pm_tf_viewer:/home/brotato211/ros2_humble/install/pm_robot_primitive_skills:/home/brotato211/ros2_humble/install/pm_robot_control_test:/home/brotato211/ros2_humble/install/pm_adhesive_displayer:/home/brotato211/ros2_humble/install/gonio_orientation_solver:/opt/ros/humble /usr/bin/cmake --build /home/brotato211/ros2_humble/src/pm_vision_manager/build/pm_vision_interfaces -- -j16 -l16
[4.769s] DEBUG:colcon.colcon_core.event_handler.log_command:Invoked command in '/home/brotato211/ros2_humble/src/pm_vision_manager/build/pm_vision_interfaces' returned '0': CMAKE_PREFIX_PATH=${CMAKE_PREFIX_PATH}:/home/brotato211/ros2_humble/install/ros_sequential_action_programmer:/home/brotato211/ros2_humble/install/pneumatic_controller_listener:/home/brotato211/ros2_humble/install/pm_vision_manager:/home/brotato211/ros2_humble/install/pm_vision_app:/home/brotato211/ros2_humble/install/pm_tf_viewer:/home/brotato211/ros2_humble/install/pm_robot_primitive_skills:/home/brotato211/ros2_humble/install/pm_robot_control_test:/home/brotato211/ros2_humble/install/pm_adhesive_displayer:/home/brotato211/ros2_humble/install/gonio_orientation_solver:/opt/ros/humble /usr/bin/cmake --build /home/brotato211/ros2_humble/src/pm_vision_manager/build/pm_vision_interfaces -- -j16 -l16
[4.776s] DEBUG:colcon.colcon_core.event_handler.log_command:Invoking command in '/home/brotato211/ros2_humble/src/pm_vision_manager/build/pm_vision_interfaces': CMAKE_PREFIX_PATH=${CMAKE_PREFIX_PATH}:/home/brotato211/ros2_humble/install/ros_sequential_action_programmer:/home/brotato211/ros2_humble/install/pneumatic_controller_listener:/home/brotato211/ros2_humble/install/pm_vision_manager:/home/brotato211/ros2_humble/install/pm_vision_app:/home/brotato211/ros2_humble/install/pm_tf_viewer:/home/brotato211/ros2_humble/install/pm_robot_primitive_skills:/home/brotato211/ros2_humble/install/pm_robot_control_test:/home/brotato211/ros2_humble/install/pm_adhesive_displayer:/home/brotato211/ros2_humble/install/gonio_orientation_solver:/opt/ros/humble /usr/bin/cmake --install /home/brotato211/ros2_humble/src/pm_vision_manager/build/pm_vision_interfaces
[4.849s] Level 1:colcon.colcon_core.environment:create_environment_scripts_only(pm_vision_interfaces)
[4.849s] Level 1:colcon.colcon_core.environment:checking '/home/brotato211/ros2_humble/src/pm_vision_manager/install/pm_vision_interfaces' for CMake module files
[4.849s] DEBUG:colcon.colcon_core.event_handler.log_command:Invoked command in '/home/brotato211/ros2_humble/src/pm_vision_manager/build/pm_vision_interfaces' returned '0': CMAKE_PREFIX_PATH=${CMAKE_PREFIX_PATH}:/home/brotato211/ros2_humble/install/ros_sequential_action_programmer:/home/brotato211/ros2_humble/install/pneumatic_controller_listener:/home/brotato211/ros2_humble/install/pm_vision_manager:/home/brotato211/ros2_humble/install/pm_vision_app:/home/brotato211/ros2_humble/install/pm_tf_viewer:/home/brotato211/ros2_humble/install/pm_robot_primitive_skills:/home/brotato211/ros2_humble/install/pm_robot_control_test:/home/brotato211/ros2_humble/install/pm_adhesive_displayer:/home/brotato211/ros2_humble/install/gonio_orientation_solver:/opt/ros/humble /usr/bin/cmake --install /home/brotato211/ros2_humble/src/pm_vision_manager/build/pm_vision_interfaces
[4.850s] Level 1:colcon.colcon_core.environment:checking '/home/brotato211/ros2_humble/src/pm_vision_manager/install/pm_vision_interfaces' for CMake config files
[4.850s] Level 1:colcon.colcon_core.shell:create_environment_hook('pm_vision_interfaces', 'cmake_prefix_path')
[4.850s] INFO:colcon.colcon_core.shell:Creating environment hook '/home/brotato211/ros2_humble/src/pm_vision_manager/install/pm_vision_interfaces/share/pm_vision_interfaces/hook/cmake_prefix_path.ps1'
[4.850s] INFO:colcon.colcon_core.shell:Creating environment descriptor '/home/brotato211/ros2_humble/src/pm_vision_manager/install/pm_vision_interfaces/share/pm_vision_interfaces/hook/cmake_prefix_path.dsv'
[4.851s] INFO:colcon.colcon_core.shell:Creating environment hook '/home/brotato211/ros2_humble/src/pm_vision_manager/install/pm_vision_interfaces/share/pm_vision_interfaces/hook/cmake_prefix_path.sh'
[4.851s] Level 1:colcon.colcon_core.environment:checking '/home/brotato211/ros2_humble/src/pm_vision_manager/install/pm_vision_interfaces/lib'
[4.851s] Level 1:colcon.colcon_core.shell:create_environment_hook('pm_vision_interfaces', 'ld_library_path_lib')
[4.851s] INFO:colcon.colcon_core.shell:Creating environment hook '/home/brotato211/ros2_humble/src/pm_vision_manager/install/pm_vision_interfaces/share/pm_vision_interfaces/hook/ld_library_path_lib.ps1'
[4.851s] INFO:colcon.colcon_core.shell:Creating environment descriptor '/home/brotato211/ros2_humble/src/pm_vision_manager/install/pm_vision_interfaces/share/pm_vision_interfaces/hook/ld_library_path_lib.dsv'
[4.851s] INFO:colcon.colcon_core.shell:Creating environment hook '/home/brotato211/ros2_humble/src/pm_vision_manager/install/pm_vision_interfaces/share/pm_vision_interfaces/hook/ld_library_path_lib.sh'
[4.851s] Level 1:colcon.colcon_core.environment:checking '/home/brotato211/ros2_humble/src/pm_vision_manager/install/pm_vision_interfaces/bin'
[4.852s] Level 1:colcon.colcon_core.environment:checking '/home/brotato211/ros2_humble/src/pm_vision_manager/install/pm_vision_interfaces/lib/pkgconfig/pm_vision_interfaces.pc'
[4.852s] Level 1:colcon.colcon_core.environment:checking '/home/brotato211/ros2_humble/src/pm_vision_manager/install/pm_vision_interfaces/lib/python3.10/site-packages'
[4.852s] Level 1:colcon.colcon_core.environment:checking '/home/brotato211/ros2_humble/src/pm_vision_manager/install/pm_vision_interfaces/bin'
[4.852s] INFO:colcon.colcon_core.shell:Creating package script '/home/brotato211/ros2_humble/src/pm_vision_manager/install/pm_vision_interfaces/share/pm_vision_interfaces/package.ps1'
[4.852s] INFO:colcon.colcon_core.shell:Creating package descriptor '/home/brotato211/ros2_humble/src/pm_vision_manager/install/pm_vision_interfaces/share/pm_vision_interfaces/package.dsv'
[4.852s] INFO:colcon.colcon_core.shell:Creating package script '/home/brotato211/ros2_humble/src/pm_vision_manager/install/pm_vision_interfaces/share/pm_vision_interfaces/package.sh'
[4.852s] INFO:colcon.colcon_core.shell:Creating package script '/home/brotato211/ros2_humble/src/pm_vision_manager/install/pm_vision_interfaces/share/pm_vision_interfaces/package.bash'
[4.853s] INFO:colcon.colcon_core.shell:Creating package script '/home/brotato211/ros2_humble/src/pm_vision_manager/install/pm_vision_interfaces/share/pm_vision_interfaces/package.zsh'
[4.853s] Level 1:colcon.colcon_core.environment:create_file_with_runtime_dependencies(/home/brotato211/ros2_humble/src/pm_vision_manager/install/pm_vision_interfaces/share/colcon-core/packages/pm_vision_interfaces)
[4.853s] Level 1:colcon.colcon_core.environment:create_environment_scripts_only(pm_vision_interfaces)
[4.853s] Level 1:colcon.colcon_core.environment:checking '/home/brotato211/ros2_humble/src/pm_vision_manager/install/pm_vision_interfaces' for CMake module files
[4.853s] Level 1:colcon.colcon_core.environment:checking '/home/brotato211/ros2_humble/src/pm_vision_manager/install/pm_vision_interfaces' for CMake config files
[4.854s] Level 1:colcon.colcon_core.shell:create_environment_hook('pm_vision_interfaces', 'cmake_prefix_path')
[4.854s] INFO:colcon.colcon_core.shell:Creating environment hook '/home/brotato211/ros2_humble/src/pm_vision_manager/install/pm_vision_interfaces/share/pm_vision_interfaces/hook/cmake_prefix_path.ps1'
[4.854s] INFO:colcon.colcon_core.shell:Creating environment descriptor '/home/brotato211/ros2_humble/src/pm_vision_manager/install/pm_vision_interfaces/share/pm_vision_interfaces/hook/cmake_prefix_path.dsv'
[4.854s] INFO:colcon.colcon_core.shell:Creating environment hook '/home/brotato211/ros2_humble/src/pm_vision_manager/install/pm_vision_interfaces/share/pm_vision_interfaces/hook/cmake_prefix_path.sh'
[4.855s] Level 1:colcon.colcon_core.environment:checking '/home/brotato211/ros2_humble/src/pm_vision_manager/install/pm_vision_interfaces/lib'
[4.855s] Level 1:colcon.colcon_core.shell:create_environment_hook('pm_vision_interfaces', 'ld_library_path_lib')
[4.855s] INFO:colcon.colcon_core.shell:Creating environment hook '/home/brotato211/ros2_humble/src/pm_vision_manager/install/pm_vision_interfaces/share/pm_vision_interfaces/hook/ld_library_path_lib.ps1'
[4.855s] INFO:colcon.colcon_core.shell:Creating environment descriptor '/home/brotato211/ros2_humble/src/pm_vision_manager/install/pm_vision_interfaces/share/pm_vision_interfaces/hook/ld_library_path_lib.dsv'
[4.855s] INFO:colcon.colcon_core.shell:Creating environment hook '/home/brotato211/ros2_humble/src/pm_vision_manager/install/pm_vision_interfaces/share/pm_vision_interfaces/hook/ld_library_path_lib.sh'
[4.855s] Level 1:colcon.colcon_core.environment:checking '/home/brotato211/ros2_humble/src/pm_vision_manager/install/pm_vision_interfaces/bin'
[4.855s] Level 1:colcon.colcon_core.environment:checking '/home/brotato211/ros2_humble/src/pm_vision_manager/install/pm_vision_interfaces/lib/pkgconfig/pm_vision_interfaces.pc'
[4.855s] Level 1:colcon.colcon_core.environment:checking '/home/brotato211/ros2_humble/src/pm_vision_manager/install/pm_vision_interfaces/lib/python3.10/site-packages'
[4.855s] Level 1:colcon.colcon_core.environment:checking '/home/brotato211/ros2_humble/src/pm_vision_manager/install/pm_vision_interfaces/bin'
[4.856s] INFO:colcon.colcon_core.shell:Creating package script '/home/brotato211/ros2_humble/src/pm_vision_manager/install/pm_vision_interfaces/share/pm_vision_interfaces/package.ps1'
[4.856s] INFO:colcon.colcon_core.shell:Creating package descriptor '/home/brotato211/ros2_humble/src/pm_vision_manager/install/pm_vision_interfaces/share/pm_vision_interfaces/package.dsv'
[4.856s] INFO:colcon.colcon_core.shell:Creating package script '/home/brotato211/ros2_humble/src/pm_vision_manager/install/pm_vision_interfaces/share/pm_vision_interfaces/package.sh'
[4.856s] INFO:colcon.colcon_core.shell:Creating package script '/home/brotato211/ros2_humble/src/pm_vision_manager/install/pm_vision_interfaces/share/pm_vision_interfaces/package.bash'
[4.857s] INFO:colcon.colcon_core.shell:Creating package script '/home/brotato211/ros2_humble/src/pm_vision_manager/install/pm_vision_interfaces/share/pm_vision_interfaces/package.zsh'
[4.857s] Level 1:colcon.colcon_core.environment:create_file_with_runtime_dependencies(/home/brotato211/ros2_humble/src/pm_vision_manager/install/pm_vision_interfaces/share/colcon-core/packages/pm_vision_interfaces)
[4.857s] DEBUG:colcon.colcon_parallel_executor.executor.parallel:closing loop
[4.857s] DEBUG:colcon.colcon_parallel_executor.executor.parallel:loop closed
[4.857s] DEBUG:colcon.colcon_parallel_executor.executor.parallel:run_until_complete finished with '0'
[4.857s] DEBUG:colcon.colcon_core.event_reactor:joining thread
[4.860s] INFO:colcon.colcon_core.plugin_system:Skipping extension 'colcon_notification.desktop_notification.terminal_notifier': Not used on non-Darwin systems
[4.860s] INFO:colcon.colcon_core.plugin_system:Skipping extension 'colcon_notification.desktop_notification.win32': Not used on non-Windows systems
[4.860s] INFO:colcon.colcon_notification.desktop_notification:Sending desktop notification using 'notify2'
[4.867s] DEBUG:colcon.colcon_core.event_reactor:joined thread
[4.867s] INFO:colcon.colcon_core.shell:Creating prefix script '/home/brotato211/ros2_humble/src/pm_vision_manager/install/local_setup.ps1'
[4.868s] INFO:colcon.colcon_core.shell:Creating prefix util module '/home/brotato211/ros2_humble/src/pm_vision_manager/install/_local_setup_util_ps1.py'
[4.868s] INFO:colcon.colcon_core.shell:Creating prefix chain script '/home/brotato211/ros2_humble/src/pm_vision_manager/install/setup.ps1'
[4.870s] INFO:colcon.colcon_core.shell:Creating prefix script '/home/brotato211/ros2_humble/src/pm_vision_manager/install/local_setup.sh'
[4.870s] INFO:colcon.colcon_core.shell:Creating prefix util module '/home/brotato211/ros2_humble/src/pm_vision_manager/install/_local_setup_util_sh.py'
[4.870s] INFO:colcon.colcon_core.shell:Creating prefix chain script '/home/brotato211/ros2_humble/src/pm_vision_manager/install/setup.sh'
[4.871s] INFO:colcon.colcon_core.shell:Creating prefix script '/home/brotato211/ros2_humble/src/pm_vision_manager/install/local_setup.bash'
[4.871s] INFO:colcon.colcon_core.shell:Creating prefix chain script '/home/brotato211/ros2_humble/src/pm_vision_manager/install/setup.bash'
[4.873s] INFO:colcon.colcon_core.shell:Creating prefix script '/home/brotato211/ros2_humble/src/pm_vision_manager/install/local_setup.zsh'
[4.873s] INFO:colcon.colcon_core.shell:Creating prefix chain script '/home/brotato211/ros2_humble/src/pm_vision_manager/install/setup.zsh'
