[0.064s] DEBUG:colcon:Command line arguments: ['/usr/bin/colcon', 'build']
[0.064s] DEBUG:colcon:Parsed command line arguments: Namespace(log_base=None, log_level=None, verb_name='build', build_base='build', install_base='install', merge_install=False, symlink_install=False, test_result_base=None, continue_on_error=False, executor='parallel', parallel_workers=16, event_handlers=None, ignore_user_meta=False, metas=['./colcon.meta'], base_paths=['.'], packages_ignore=None, packages_ignore_regex=None, paths=None, packages_up_to=None, packages_up_to_regex=None, packages_above=None, packages_above_and_dependencies=None, packages_above_depth=None, packages_select_by_dep=None, packages_skip_by_dep=None, packages_skip_up_to=None, packages_select_build_failed=False, packages_skip_build_finished=False, packages_select_test_failures=False, packages_skip_test_passed=False, packages_select=None, packages_skip=None, packages_select_regex=None, packages_skip_regex=None, packages_start=None, packages_end=None, allow_overriding=[], cmake_args=None, cmake_target=None, cmake_target_skip_unavailable=False, cmake_clean_cache=False, cmake_clean_first=False, cmake_force_configure=False, ament_cmake_args=None, catkin_cmake_args=None, catkin_skip_building_tests=False, mixin_files=None, mixin=None, verb_parser=<colcon_mixin.mixin.mixin_argument.MixinArgumentDecorator object at 0x778348349fc0>, verb_extension=<colcon_core.verb.build.BuildVerb object at 0x7783483499f0>, main=<bound method BuildVerb.main of <colcon_core.verb.build.BuildVerb object at 0x7783483499f0>>, mixin_verb=('build',))
[0.164s] Level 1:colcon.colcon_core.package_discovery:discover_packages(colcon_meta) check parameters
[0.164s] Level 1:colcon.colcon_core.package_discovery:discover_packages(recursive) check parameters
[0.164s] Level 1:colcon.colcon_core.package_discovery:discover_packages(ignore) check parameters
[0.164s] Level 1:colcon.colcon_core.package_discovery:discover_packages(path) check parameters
[0.164s] Level 1:colcon.colcon_core.package_discovery:discover_packages(colcon_meta) discover
[0.164s] Level 1:colcon.colcon_core.package_discovery:discover_packages(recursive) discover
[0.164s] INFO:colcon.colcon_core.package_discovery:Crawling recursively for packages in '/home/brotato211/ros2_humble/src/pm_vision_manager'
[0.164s] Level 1:colcon.colcon_core.package_identification:_identify(.) by extensions ['ignore', 'ignore_ament_install']
[0.164s] Level 1:colcon.colcon_core.package_identification:_identify(.) by extension 'ignore'
[0.164s] Level 1:colcon.colcon_core.package_identification:_identify(.) by extension 'ignore_ament_install'
[0.164s] Level 1:colcon.colcon_core.package_identification:_identify(.) by extensions ['colcon_pkg']
[0.164s] Level 1:colcon.colcon_core.package_identification:_identify(.) by extension 'colcon_pkg'
[0.164s] Level 1:colcon.colcon_core.package_identification:_identify(.) by extensions ['colcon_meta']
[0.164s] Level 1:colcon.colcon_core.package_identification:_identify(.) by extension 'colcon_meta'
[0.164s] Level 1:colcon.colcon_core.package_identification:_identify(.) by extensions ['ros']
[0.164s] Level 1:colcon.colcon_core.package_identification:_identify(.) by extension 'ros'
[0.174s] Level 1:colcon.colcon_core.package_identification:_identify(.) by extensions ['cmake', 'python']
[0.174s] Level 1:colcon.colcon_core.package_identification:_identify(.) by extension 'cmake'
[0.174s] Level 1:colcon.colcon_core.package_identification:_identify(.) by extension 'python'
[0.174s] Level 1:colcon.colcon_core.package_identification:_identify(.) by extensions ['python_setup_py']
[0.174s] Level 1:colcon.colcon_core.package_identification:_identify(.) by extension 'python_setup_py'
[0.174s] Level 1:colcon.colcon_core.package_identification:_identify(build) by extensions ['ignore', 'ignore_ament_install']
[0.174s] Level 1:colcon.colcon_core.package_identification:_identify(build) by extension 'ignore'
[0.174s] Level 1:colcon.colcon_core.package_identification:_identify(build) ignored
[0.174s] Level 1:colcon.colcon_core.package_identification:_identify(install) by extensions ['ignore', 'ignore_ament_install']
[0.174s] Level 1:colcon.colcon_core.package_identification:_identify(install) by extension 'ignore'
[0.174s] Level 1:colcon.colcon_core.package_identification:_identify(install) ignored
[0.174s] Level 1:colcon.colcon_core.package_identification:_identify(log) by extensions ['ignore', 'ignore_ament_install']
[0.174s] Level 1:colcon.colcon_core.package_identification:_identify(log) by extension 'ignore'
[0.174s] Level 1:colcon.colcon_core.package_identification:_identify(log) ignored
[0.174s] Level 1:colcon.colcon_core.package_identification:_identify(pm_vision_app) by extensions ['ignore', 'ignore_ament_install']
[0.174s] Level 1:colcon.colcon_core.package_identification:_identify(pm_vision_app) by extension 'ignore'
[0.174s] Level 1:colcon.colcon_core.package_identification:_identify(pm_vision_app) by extension 'ignore_ament_install'
[0.174s] Level 1:colcon.colcon_core.package_identification:_identify(pm_vision_app) by extensions ['colcon_pkg']
[0.174s] Level 1:colcon.colcon_core.package_identification:_identify(pm_vision_app) by extension 'colcon_pkg'
[0.174s] Level 1:colcon.colcon_core.package_identification:_identify(pm_vision_app) by extensions ['colcon_meta']
[0.174s] Level 1:colcon.colcon_core.package_identification:_identify(pm_vision_app) by extension 'colcon_meta'
[0.174s] Level 1:colcon.colcon_core.package_identification:_identify(pm_vision_app) by extensions ['ros']
[0.174s] Level 1:colcon.colcon_core.package_identification:_identify(pm_vision_app) by extension 'ros'
[0.176s] DEBUG:colcon.colcon_core.package_identification:Package 'pm_vision_app' with type 'ros.ament_python' and name 'pm_vision_app'
[0.176s] Level 1:colcon.colcon_core.package_identification:_identify(pm_vision_interfaces) by extensions ['ignore', 'ignore_ament_install']
[0.176s] Level 1:colcon.colcon_core.package_identification:_identify(pm_vision_interfaces) by extension 'ignore'
[0.176s] Level 1:colcon.colcon_core.package_identification:_identify(pm_vision_interfaces) by extension 'ignore_ament_install'
[0.176s] Level 1:colcon.colcon_core.package_identification:_identify(pm_vision_interfaces) by extensions ['colcon_pkg']
[0.176s] Level 1:colcon.colcon_core.package_identification:_identify(pm_vision_interfaces) by extension 'colcon_pkg'
[0.176s] Level 1:colcon.colcon_core.package_identification:_identify(pm_vision_interfaces) by extensions ['colcon_meta']
[0.176s] Level 1:colcon.colcon_core.package_identification:_identify(pm_vision_interfaces) by extension 'colcon_meta'
[0.176s] Level 1:colcon.colcon_core.package_identification:_identify(pm_vision_interfaces) by extensions ['ros']
[0.176s] Level 1:colcon.colcon_core.package_identification:_identify(pm_vision_interfaces) by extension 'ros'
[0.176s] DEBUG:colcon.colcon_core.package_identification:Package 'pm_vision_interfaces' with type 'ros.ament_cmake' and name 'pm_vision_interfaces'
[0.176s] Level 1:colcon.colcon_core.package_identification:_identify(pm_vision_manager) by extensions ['ignore', 'ignore_ament_install']
[0.176s] Level 1:colcon.colcon_core.package_identification:_identify(pm_vision_manager) by extension 'ignore'
[0.176s] Level 1:colcon.colcon_core.package_identification:_identify(pm_vision_manager) by extension 'ignore_ament_install'
[0.176s] Level 1:colcon.colcon_core.package_identification:_identify(pm_vision_manager) by extensions ['colcon_pkg']
[0.176s] Level 1:colcon.colcon_core.package_identification:_identify(pm_vision_manager) by extension 'colcon_pkg'
[0.176s] Level 1:colcon.colcon_core.package_identification:_identify(pm_vision_manager) by extensions ['colcon_meta']
[0.176s] Level 1:colcon.colcon_core.package_identification:_identify(pm_vision_manager) by extension 'colcon_meta'
[0.176s] Level 1:colcon.colcon_core.package_identification:_identify(pm_vision_manager) by extensions ['ros']
[0.176s] Level 1:colcon.colcon_core.package_identification:_identify(pm_vision_manager) by extension 'ros'
[0.177s] DEBUG:colcon.colcon_core.package_identification:Package 'pm_vision_manager' with type 'ros.ament_python' and name 'pm_vision_manager'
[0.177s] Level 1:colcon.colcon_core.package_discovery:discover_packages(recursive) using defaults
[0.177s] Level 1:colcon.colcon_core.package_discovery:discover_packages(ignore) discover
[0.177s] Level 1:colcon.colcon_core.package_discovery:discover_packages(ignore) using defaults
[0.177s] Level 1:colcon.colcon_core.package_discovery:discover_packages(path) discover
[0.177s] Level 1:colcon.colcon_core.package_discovery:discover_packages(path) using defaults
[0.189s] Level 1:colcon.colcon_core.package_discovery:discover_packages(prefix_path) check parameters
[0.189s] Level 1:colcon.colcon_core.package_discovery:discover_packages(prefix_path) discover
[0.191s] DEBUG:colcon.colcon_installed_package_information.package_discovery:Found 31 installed packages in /home/brotato211/ros2_humble/install
[0.192s] DEBUG:colcon.colcon_installed_package_information.package_discovery:Found 416 installed packages in /opt/ros/humble
[0.194s] Level 1:colcon.colcon_core.package_discovery:discover_packages(prefix_path) using defaults
[0.222s] Level 5:colcon.colcon_core.verb:set package 'pm_vision_app' build argument 'cmake_args' from command line to 'None'
[0.222s] Level 5:colcon.colcon_core.verb:set package 'pm_vision_app' build argument 'cmake_target' from command line to 'None'
[0.222s] Level 5:colcon.colcon_core.verb:set package 'pm_vision_app' build argument 'cmake_target_skip_unavailable' from command line to 'False'
[0.222s] Level 5:colcon.colcon_core.verb:set package 'pm_vision_app' build argument 'cmake_clean_cache' from command line to 'False'
[0.222s] Level 5:colcon.colcon_core.verb:set package 'pm_vision_app' build argument 'cmake_clean_first' from command line to 'False'
[0.222s] Level 5:colcon.colcon_core.verb:set package 'pm_vision_app' build argument 'cmake_force_configure' from command line to 'False'
[0.222s] Level 5:colcon.colcon_core.verb:set package 'pm_vision_app' build argument 'ament_cmake_args' from command line to 'None'
[0.222s] Level 5:colcon.colcon_core.verb:set package 'pm_vision_app' build argument 'catkin_cmake_args' from command line to 'None'
[0.222s] Level 5:colcon.colcon_core.verb:set package 'pm_vision_app' build argument 'catkin_skip_building_tests' from command line to 'False'
[0.222s] DEBUG:colcon.colcon_core.verb:Building package 'pm_vision_app' with the following arguments: {'ament_cmake_args': None, 'build_base': '/home/brotato211/ros2_humble/src/pm_vision_manager/build/pm_vision_app', 'catkin_cmake_args': None, 'catkin_skip_building_tests': False, 'cmake_args': None, 'cmake_clean_cache': False, 'cmake_clean_first': False, 'cmake_force_configure': False, 'cmake_target': None, 'cmake_target_skip_unavailable': False, 'install_base': '/home/brotato211/ros2_humble/src/pm_vision_manager/install/pm_vision_app', 'merge_install': False, 'path': '/home/brotato211/ros2_humble/src/pm_vision_manager/pm_vision_app', 'symlink_install': False, 'test_result_base': None}
[0.223s] Level 5:colcon.colcon_core.verb:set package 'pm_vision_interfaces' build argument 'cmake_args' from command line to 'None'
[0.223s] Level 5:colcon.colcon_core.verb:set package 'pm_vision_interfaces' build argument 'cmake_target' from command line to 'None'
[0.223s] Level 5:colcon.colcon_core.verb:set package 'pm_vision_interfaces' build argument 'cmake_target_skip_unavailable' from command line to 'False'
[0.223s] Level 5:colcon.colcon_core.verb:set package 'pm_vision_interfaces' build argument 'cmake_clean_cache' from command line to 'False'
[0.223s] Level 5:colcon.colcon_core.verb:set package 'pm_vision_interfaces' build argument 'cmake_clean_first' from command line to 'False'
[0.223s] Level 5:colcon.colcon_core.verb:set package 'pm_vision_interfaces' build argument 'cmake_force_configure' from command line to 'False'
[0.223s] Level 5:colcon.colcon_core.verb:set package 'pm_vision_interfaces' build argument 'ament_cmake_args' from command line to 'None'
[0.223s] Level 5:colcon.colcon_core.verb:set package 'pm_vision_interfaces' build argument 'catkin_cmake_args' from command line to 'None'
[0.223s] Level 5:colcon.colcon_core.verb:set package 'pm_vision_interfaces' build argument 'catkin_skip_building_tests' from command line to 'False'
[0.223s] DEBUG:colcon.colcon_core.verb:Building package 'pm_vision_interfaces' with the following arguments: {'ament_cmake_args': None, 'build_base': '/home/brotato211/ros2_humble/src/pm_vision_manager/build/pm_vision_interfaces', 'catkin_cmake_args': None, 'catkin_skip_building_tests': False, 'cmake_args': None, 'cmake_clean_cache': False, 'cmake_clean_first': False, 'cmake_force_configure': False, 'cmake_target': None, 'cmake_target_skip_unavailable': False, 'install_base': '/home/brotato211/ros2_humble/src/pm_vision_manager/install/pm_vision_interfaces', 'merge_install': False, 'path': '/home/brotato211/ros2_humble/src/pm_vision_manager/pm_vision_interfaces', 'symlink_install': False, 'test_result_base': None}
[0.223s] Level 5:colcon.colcon_core.verb:set package 'pm_vision_manager' build argument 'cmake_args' from command line to 'None'
[0.223s] Level 5:colcon.colcon_core.verb:set package 'pm_vision_manager' build argument 'cmake_target' from command line to 'None'
[0.223s] Level 5:colcon.colcon_core.verb:set package 'pm_vision_manager' build argument 'cmake_target_skip_unavailable' from command line to 'False'
[0.223s] Level 5:colcon.colcon_core.verb:set package 'pm_vision_manager' build argument 'cmake_clean_cache' from command line to 'False'
[0.223s] Level 5:colcon.colcon_core.verb:set package 'pm_vision_manager' build argument 'cmake_clean_first' from command line to 'False'
[0.223s] Level 5:colcon.colcon_core.verb:set package 'pm_vision_manager' build argument 'cmake_force_configure' from command line to 'False'
[0.223s] Level 5:colcon.colcon_core.verb:set package 'pm_vision_manager' build argument 'ament_cmake_args' from command line to 'None'
[0.223s] Level 5:colcon.colcon_core.verb:set package 'pm_vision_manager' build argument 'catkin_cmake_args' from command line to 'None'
[0.223s] Level 5:colcon.colcon_core.verb:set package 'pm_vision_manager' build argument 'catkin_skip_building_tests' from command line to 'False'
[0.223s] DEBUG:colcon.colcon_core.verb:Building package 'pm_vision_manager' with the following arguments: {'ament_cmake_args': None, 'build_base': '/home/brotato211/ros2_humble/src/pm_vision_manager/build/pm_vision_manager', 'catkin_cmake_args': None, 'catkin_skip_building_tests': False, 'cmake_args': None, 'cmake_clean_cache': False, 'cmake_clean_first': False, 'cmake_force_configure': False, 'cmake_target': None, 'cmake_target_skip_unavailable': False, 'install_base': '/home/brotato211/ros2_humble/src/pm_vision_manager/install/pm_vision_manager', 'merge_install': False, 'path': '/home/brotato211/ros2_humble/src/pm_vision_manager/pm_vision_manager', 'symlink_install': False, 'test_result_base': None}
[0.223s] INFO:colcon.colcon_core.executor:Executing jobs using 'parallel' executor
[0.224s] DEBUG:colcon.colcon_parallel_executor.executor.parallel:run_until_complete
[0.224s] INFO:colcon.colcon_ros.task.ament_python.build:Building ROS package in '/home/brotato211/ros2_humble/src/pm_vision_manager/pm_vision_app' with build type 'ament_python'
[0.224s] Level 1:colcon.colcon_core.shell:create_environment_hook('pm_vision_app', 'ament_prefix_path')
[0.225s] INFO:colcon.colcon_core.plugin_system:Skipping extension 'colcon_core.shell.bat': Not used on non-Windows systems
[0.225s] INFO:colcon.colcon_core.shell:Creating environment hook '/home/brotato211/ros2_humble/src/pm_vision_manager/install/pm_vision_app/share/pm_vision_app/hook/ament_prefix_path.ps1'
[0.225s] INFO:colcon.colcon_core.shell:Creating environment descriptor '/home/brotato211/ros2_humble/src/pm_vision_manager/install/pm_vision_app/share/pm_vision_app/hook/ament_prefix_path.dsv'
[0.226s] INFO:colcon.colcon_core.shell:Creating environment hook '/home/brotato211/ros2_humble/src/pm_vision_manager/install/pm_vision_app/share/pm_vision_app/hook/ament_prefix_path.sh'
[0.226s] INFO:colcon.colcon_core.shell:Skip shell extension 'powershell' for command environment: Not usable outside of PowerShell
[0.226s] DEBUG:colcon.colcon_core.shell:Skip shell extension 'dsv' for command environment
[0.229s] INFO:colcon.colcon_ros.task.ament_cmake.build:Building ROS package in '/home/brotato211/ros2_humble/src/pm_vision_manager/pm_vision_interfaces' with build type 'ament_cmake'
[0.229s] INFO:colcon.colcon_cmake.task.cmake.build:Building CMake package in '/home/brotato211/ros2_humble/src/pm_vision_manager/pm_vision_interfaces'
[0.230s] INFO:colcon.colcon_core.shell:Skip shell extension 'powershell' for command environment: Not usable outside of PowerShell
[0.230s] DEBUG:colcon.colcon_core.shell:Skip shell extension 'dsv' for command environment
[0.233s] INFO:colcon.colcon_ros.task.ament_python.build:Building ROS package in '/home/brotato211/ros2_humble/src/pm_vision_manager/pm_vision_manager' with build type 'ament_python'
[0.233s] Level 1:colcon.colcon_core.shell:create_environment_hook('pm_vision_manager', 'ament_prefix_path')
[0.233s] INFO:colcon.colcon_core.shell:Creating environment hook '/home/brotato211/ros2_humble/src/pm_vision_manager/install/pm_vision_manager/share/pm_vision_manager/hook/ament_prefix_path.ps1'
[0.233s] INFO:colcon.colcon_core.shell:Creating environment descriptor '/home/brotato211/ros2_humble/src/pm_vision_manager/install/pm_vision_manager/share/pm_vision_manager/hook/ament_prefix_path.dsv'
[0.233s] INFO:colcon.colcon_core.shell:Creating environment hook '/home/brotato211/ros2_humble/src/pm_vision_manager/install/pm_vision_manager/share/pm_vision_manager/hook/ament_prefix_path.sh'
[0.234s] INFO:colcon.colcon_core.shell:Skip shell extension 'powershell' for command environment: Not usable outside of PowerShell
[0.234s] DEBUG:colcon.colcon_core.shell:Skip shell extension 'dsv' for command environment
[0.394s] INFO:colcon.colcon_core.task.python.build:Building Python package in '/home/brotato211/ros2_humble/src/pm_vision_manager/pm_vision_app'
[0.394s] INFO:colcon.colcon_core.shell:Skip shell extension 'powershell' for command environment: Not usable outside of PowerShell
[0.394s] DEBUG:colcon.colcon_core.shell:Skip shell extension 'dsv' for command environment
[0.400s] DEBUG:colcon.colcon_core.event_handler.log_command:Invoking command in '/home/brotato211/ros2_humble/src/pm_vision_manager/build/pm_vision_interfaces': CMAKE_PREFIX_PATH=${CMAKE_PREFIX_PATH}:/home/brotato211/ros2_humble/install/ros_sequential_action_programmer:/home/brotato211/ros2_humble/install/pneumatic_controller_listener:/home/brotato211/ros2_humble/install/pm_vision_manager:/home/brotato211/ros2_humble/install/pm_vision_app:/home/brotato211/ros2_humble/install/pm_tf_viewer:/home/brotato211/ros2_humble/install/pm_robot_primitive_skills:/home/brotato211/ros2_humble/install/pm_robot_control_test:/home/brotato211/ros2_humble/install/pm_adhesive_displayer:/home/brotato211/ros2_humble/install/gonio_orientation_solver:/opt/ros/humble /usr/bin/cmake --build /home/brotato211/ros2_humble/src/pm_vision_manager/build/pm_vision_interfaces -- -j16 -l16
[0.555s] INFO:colcon.colcon_core.task.python.build:Building Python package in '/home/brotato211/ros2_humble/src/pm_vision_manager/pm_vision_manager'
[0.555s] INFO:colcon.colcon_core.shell:Skip shell extension 'powershell' for command environment: Not usable outside of PowerShell
[0.555s] DEBUG:colcon.colcon_core.shell:Skip shell extension 'dsv' for command environment
[0.630s] DEBUG:colcon.colcon_core.event_handler.log_command:Invoked command in '/home/brotato211/ros2_humble/src/pm_vision_manager/build/pm_vision_interfaces' returned '0': CMAKE_PREFIX_PATH=${CMAKE_PREFIX_PATH}:/home/brotato211/ros2_humble/install/ros_sequential_action_programmer:/home/brotato211/ros2_humble/install/pneumatic_controller_listener:/home/brotato211/ros2_humble/install/pm_vision_manager:/home/brotato211/ros2_humble/install/pm_vision_app:/home/brotato211/ros2_humble/install/pm_tf_viewer:/home/brotato211/ros2_humble/install/pm_robot_primitive_skills:/home/brotato211/ros2_humble/install/pm_robot_control_test:/home/brotato211/ros2_humble/install/pm_adhesive_displayer:/home/brotato211/ros2_humble/install/gonio_orientation_solver:/opt/ros/humble /usr/bin/cmake --build /home/brotato211/ros2_humble/src/pm_vision_manager/build/pm_vision_interfaces -- -j16 -l16
[0.637s] DEBUG:colcon.colcon_core.event_handler.log_command:Invoking command in '/home/brotato211/ros2_humble/src/pm_vision_manager/build/pm_vision_interfaces': CMAKE_PREFIX_PATH=${CMAKE_PREFIX_PATH}:/home/brotato211/ros2_humble/install/ros_sequential_action_programmer:/home/brotato211/ros2_humble/install/pneumatic_controller_listener:/home/brotato211/ros2_humble/install/pm_vision_manager:/home/brotato211/ros2_humble/install/pm_vision_app:/home/brotato211/ros2_humble/install/pm_tf_viewer:/home/brotato211/ros2_humble/install/pm_robot_primitive_skills:/home/brotato211/ros2_humble/install/pm_robot_control_test:/home/brotato211/ros2_humble/install/pm_adhesive_displayer:/home/brotato211/ros2_humble/install/gonio_orientation_solver:/opt/ros/humble /usr/bin/cmake --install /home/brotato211/ros2_humble/src/pm_vision_manager/build/pm_vision_interfaces
[0.682s] Level 1:colcon.colcon_core.environment:create_environment_scripts_only(pm_vision_interfaces)
[0.683s] DEBUG:colcon.colcon_core.event_handler.log_command:Invoked command in '/home/brotato211/ros2_humble/src/pm_vision_manager/build/pm_vision_interfaces' returned '0': CMAKE_PREFIX_PATH=${CMAKE_PREFIX_PATH}:/home/brotato211/ros2_humble/install/ros_sequential_action_programmer:/home/brotato211/ros2_humble/install/pneumatic_controller_listener:/home/brotato211/ros2_humble/install/pm_vision_manager:/home/brotato211/ros2_humble/install/pm_vision_app:/home/brotato211/ros2_humble/install/pm_tf_viewer:/home/brotato211/ros2_humble/install/pm_robot_primitive_skills:/home/brotato211/ros2_humble/install/pm_robot_control_test:/home/brotato211/ros2_humble/install/pm_adhesive_displayer:/home/brotato211/ros2_humble/install/gonio_orientation_solver:/opt/ros/humble /usr/bin/cmake --install /home/brotato211/ros2_humble/src/pm_vision_manager/build/pm_vision_interfaces
[0.684s] Level 1:colcon.colcon_core.environment:checking '/home/brotato211/ros2_humble/src/pm_vision_manager/install/pm_vision_interfaces' for CMake module files
[0.684s] Level 1:colcon.colcon_core.environment:checking '/home/brotato211/ros2_humble/src/pm_vision_manager/install/pm_vision_interfaces' for CMake config files
[0.684s] Level 1:colcon.colcon_core.shell:create_environment_hook('pm_vision_interfaces', 'cmake_prefix_path')
[0.685s] INFO:colcon.colcon_core.shell:Creating environment hook '/home/brotato211/ros2_humble/src/pm_vision_manager/install/pm_vision_interfaces/share/pm_vision_interfaces/hook/cmake_prefix_path.ps1'
[0.685s] INFO:colcon.colcon_core.shell:Creating environment descriptor '/home/brotato211/ros2_humble/src/pm_vision_manager/install/pm_vision_interfaces/share/pm_vision_interfaces/hook/cmake_prefix_path.dsv'
[0.685s] INFO:colcon.colcon_core.shell:Creating environment hook '/home/brotato211/ros2_humble/src/pm_vision_manager/install/pm_vision_interfaces/share/pm_vision_interfaces/hook/cmake_prefix_path.sh'
[0.685s] Level 1:colcon.colcon_core.environment:checking '/home/brotato211/ros2_humble/src/pm_vision_manager/install/pm_vision_interfaces/lib'
[0.685s] Level 1:colcon.colcon_core.shell:create_environment_hook('pm_vision_interfaces', 'ld_library_path_lib')
[0.686s] INFO:colcon.colcon_core.shell:Creating environment hook '/home/brotato211/ros2_humble/src/pm_vision_manager/install/pm_vision_interfaces/share/pm_vision_interfaces/hook/ld_library_path_lib.ps1'
[0.686s] INFO:colcon.colcon_core.shell:Creating environment descriptor '/home/brotato211/ros2_humble/src/pm_vision_manager/install/pm_vision_interfaces/share/pm_vision_interfaces/hook/ld_library_path_lib.dsv'
[0.686s] INFO:colcon.colcon_core.shell:Creating environment hook '/home/brotato211/ros2_humble/src/pm_vision_manager/install/pm_vision_interfaces/share/pm_vision_interfaces/hook/ld_library_path_lib.sh'
[0.686s] Level 1:colcon.colcon_core.environment:checking '/home/brotato211/ros2_humble/src/pm_vision_manager/install/pm_vision_interfaces/bin'
[0.686s] Level 1:colcon.colcon_core.environment:checking '/home/brotato211/ros2_humble/src/pm_vision_manager/install/pm_vision_interfaces/lib/pkgconfig/pm_vision_interfaces.pc'
[0.686s] Level 1:colcon.colcon_core.environment:checking '/home/brotato211/ros2_humble/src/pm_vision_manager/install/pm_vision_interfaces/lib/python3.10/site-packages'
[0.686s] Level 1:colcon.colcon_core.environment:checking '/home/brotato211/ros2_humble/src/pm_vision_manager/install/pm_vision_interfaces/bin'
[0.687s] INFO:colcon.colcon_core.shell:Creating package script '/home/brotato211/ros2_humble/src/pm_vision_manager/install/pm_vision_interfaces/share/pm_vision_interfaces/package.ps1'
[0.687s] INFO:colcon.colcon_core.shell:Creating package descriptor '/home/brotato211/ros2_humble/src/pm_vision_manager/install/pm_vision_interfaces/share/pm_vision_interfaces/package.dsv'
[0.687s] INFO:colcon.colcon_core.shell:Creating package script '/home/brotato211/ros2_humble/src/pm_vision_manager/install/pm_vision_interfaces/share/pm_vision_interfaces/package.sh'
[0.688s] INFO:colcon.colcon_core.shell:Creating package script '/home/brotato211/ros2_humble/src/pm_vision_manager/install/pm_vision_interfaces/share/pm_vision_interfaces/package.bash'
[0.688s] INFO:colcon.colcon_core.shell:Creating package script '/home/brotato211/ros2_humble/src/pm_vision_manager/install/pm_vision_interfaces/share/pm_vision_interfaces/package.zsh'
[0.689s] Level 1:colcon.colcon_core.environment:create_file_with_runtime_dependencies(/home/brotato211/ros2_humble/src/pm_vision_manager/install/pm_vision_interfaces/share/colcon-core/packages/pm_vision_interfaces)
[0.689s] Level 1:colcon.colcon_core.environment:create_environment_scripts_only(pm_vision_interfaces)
[0.689s] Level 1:colcon.colcon_core.environment:checking '/home/brotato211/ros2_humble/src/pm_vision_manager/install/pm_vision_interfaces' for CMake module files
[0.689s] Level 1:colcon.colcon_core.environment:checking '/home/brotato211/ros2_humble/src/pm_vision_manager/install/pm_vision_interfaces' for CMake config files
[0.690s] Level 1:colcon.colcon_core.shell:create_environment_hook('pm_vision_interfaces', 'cmake_prefix_path')
[0.690s] INFO:colcon.colcon_core.shell:Creating environment hook '/home/brotato211/ros2_humble/src/pm_vision_manager/install/pm_vision_interfaces/share/pm_vision_interfaces/hook/cmake_prefix_path.ps1'
[0.690s] INFO:colcon.colcon_core.shell:Creating environment descriptor '/home/brotato211/ros2_humble/src/pm_vision_manager/install/pm_vision_interfaces/share/pm_vision_interfaces/hook/cmake_prefix_path.dsv'
[0.690s] INFO:colcon.colcon_core.shell:Creating environment hook '/home/brotato211/ros2_humble/src/pm_vision_manager/install/pm_vision_interfaces/share/pm_vision_interfaces/hook/cmake_prefix_path.sh'
[0.690s] Level 1:colcon.colcon_core.environment:checking '/home/brotato211/ros2_humble/src/pm_vision_manager/install/pm_vision_interfaces/lib'
[0.691s] Level 1:colcon.colcon_core.shell:create_environment_hook('pm_vision_interfaces', 'ld_library_path_lib')
[0.691s] INFO:colcon.colcon_core.shell:Creating environment hook '/home/brotato211/ros2_humble/src/pm_vision_manager/install/pm_vision_interfaces/share/pm_vision_interfaces/hook/ld_library_path_lib.ps1'
[0.691s] INFO:colcon.colcon_core.shell:Creating environment descriptor '/home/brotato211/ros2_humble/src/pm_vision_manager/install/pm_vision_interfaces/share/pm_vision_interfaces/hook/ld_library_path_lib.dsv'
[0.691s] INFO:colcon.colcon_core.shell:Creating environment hook '/home/brotato211/ros2_humble/src/pm_vision_manager/install/pm_vision_interfaces/share/pm_vision_interfaces/hook/ld_library_path_lib.sh'
[0.691s] Level 1:colcon.colcon_core.environment:checking '/home/brotato211/ros2_humble/src/pm_vision_manager/install/pm_vision_interfaces/bin'
[0.691s] Level 1:colcon.colcon_core.environment:checking '/home/brotato211/ros2_humble/src/pm_vision_manager/install/pm_vision_interfaces/lib/pkgconfig/pm_vision_interfaces.pc'
[0.691s] Level 1:colcon.colcon_core.environment:checking '/home/brotato211/ros2_humble/src/pm_vision_manager/install/pm_vision_interfaces/lib/python3.10/site-packages'
[0.691s] Level 1:colcon.colcon_core.environment:checking '/home/brotato211/ros2_humble/src/pm_vision_manager/install/pm_vision_interfaces/bin'
[0.692s] INFO:colcon.colcon_core.shell:Creating package script '/home/brotato211/ros2_humble/src/pm_vision_manager/install/pm_vision_interfaces/share/pm_vision_interfaces/package.ps1'
[0.692s] INFO:colcon.colcon_core.shell:Creating package descriptor '/home/brotato211/ros2_humble/src/pm_vision_manager/install/pm_vision_interfaces/share/pm_vision_interfaces/package.dsv'
[0.692s] INFO:colcon.colcon_core.shell:Creating package script '/home/brotato211/ros2_humble/src/pm_vision_manager/install/pm_vision_interfaces/share/pm_vision_interfaces/package.sh'
[0.692s] INFO:colcon.colcon_core.shell:Creating package script '/home/brotato211/ros2_humble/src/pm_vision_manager/install/pm_vision_interfaces/share/pm_vision_interfaces/package.bash'
[0.692s] INFO:colcon.colcon_core.shell:Creating package script '/home/brotato211/ros2_humble/src/pm_vision_manager/install/pm_vision_interfaces/share/pm_vision_interfaces/package.zsh'
[0.693s] Level 1:colcon.colcon_core.environment:create_file_with_runtime_dependencies(/home/brotato211/ros2_humble/src/pm_vision_manager/install/pm_vision_interfaces/share/colcon-core/packages/pm_vision_interfaces)
[0.772s] DEBUG:colcon.colcon_core.event_handler.log_command:Invoking command in '/home/brotato211/ros2_humble/src/pm_vision_manager/pm_vision_app': PYTHONPATH=/home/brotato211/ros2_humble/src/pm_vision_manager/build/pm_vision_app/prefix_override:/usr/lib/python3/dist-packages/colcon_core/task/python/colcon_distutils_commands:/home/brotato211/ros2_humble/src/pm_vision_manager/install/pm_vision_app/lib/python3.10/site-packages:${PYTHONPATH} /usr/bin/python3 -W ignore:setup.py install is deprecated -W ignore:easy_install command is deprecated setup.py egg_info --egg-base ../build/pm_vision_app build --build-base /home/brotato211/ros2_humble/src/pm_vision_manager/build/pm_vision_app/build install --record /home/brotato211/ros2_humble/src/pm_vision_manager/build/pm_vision_app/install.log --single-version-externally-managed install_data
[0.772s] DEBUG:colcon.colcon_core.event_handler.log_command:Invoking command in '/home/brotato211/ros2_humble/src/pm_vision_manager/pm_vision_manager': PYTHONPATH=/home/brotato211/ros2_humble/src/pm_vision_manager/build/pm_vision_manager/prefix_override:/usr/lib/python3/dist-packages/colcon_core/task/python/colcon_distutils_commands:/home/brotato211/ros2_humble/src/pm_vision_manager/install/pm_vision_manager/lib/python3.10/site-packages:${PYTHONPATH} /usr/bin/python3 -W ignore:setup.py install is deprecated -W ignore:easy_install command is deprecated setup.py egg_info --egg-base ../build/pm_vision_manager build --build-base /home/brotato211/ros2_humble/src/pm_vision_manager/build/pm_vision_manager/build install --record /home/brotato211/ros2_humble/src/pm_vision_manager/build/pm_vision_manager/install.log --single-version-externally-managed install_data
[0.924s] Level 1:colcon.colcon_core.environment:checking '/home/brotato211/ros2_humble/src/pm_vision_manager/install/pm_vision_app' for CMake module files
[0.924s] DEBUG:colcon.colcon_core.event_handler.log_command:Invoked command in '/home/brotato211/ros2_humble/src/pm_vision_manager/pm_vision_app' returned '0': PYTHONPATH=/home/brotato211/ros2_humble/src/pm_vision_manager/build/pm_vision_app/prefix_override:/usr/lib/python3/dist-packages/colcon_core/task/python/colcon_distutils_commands:/home/brotato211/ros2_humble/src/pm_vision_manager/install/pm_vision_app/lib/python3.10/site-packages:${PYTHONPATH} /usr/bin/python3 -W ignore:setup.py install is deprecated -W ignore:easy_install command is deprecated setup.py egg_info --egg-base ../build/pm_vision_app build --build-base /home/brotato211/ros2_humble/src/pm_vision_manager/build/pm_vision_app/build install --record /home/brotato211/ros2_humble/src/pm_vision_manager/build/pm_vision_app/install.log --single-version-externally-managed install_data
[0.925s] Level 1:colcon.colcon_core.environment:checking '/home/brotato211/ros2_humble/src/pm_vision_manager/install/pm_vision_app' for CMake config files
[0.925s] Level 1:colcon.colcon_core.environment:checking '/home/brotato211/ros2_humble/src/pm_vision_manager/install/pm_vision_app/lib'
[0.925s] Level 1:colcon.colcon_core.environment:checking '/home/brotato211/ros2_humble/src/pm_vision_manager/install/pm_vision_app/bin'
[0.925s] Level 1:colcon.colcon_core.environment:checking '/home/brotato211/ros2_humble/src/pm_vision_manager/install/pm_vision_app/lib/pkgconfig/pm_vision_app.pc'
[0.925s] Level 1:colcon.colcon_core.environment:checking '/home/brotato211/ros2_humble/src/pm_vision_manager/install/pm_vision_app/lib/python3.10/site-packages'
[0.925s] Level 1:colcon.colcon_core.shell:create_environment_hook('pm_vision_app', 'pythonpath')
[0.925s] INFO:colcon.colcon_core.shell:Creating environment hook '/home/brotato211/ros2_humble/src/pm_vision_manager/install/pm_vision_app/share/pm_vision_app/hook/pythonpath.ps1'
[0.926s] INFO:colcon.colcon_core.shell:Creating environment descriptor '/home/brotato211/ros2_humble/src/pm_vision_manager/install/pm_vision_app/share/pm_vision_app/hook/pythonpath.dsv'
[0.926s] INFO:colcon.colcon_core.shell:Creating environment hook '/home/brotato211/ros2_humble/src/pm_vision_manager/install/pm_vision_app/share/pm_vision_app/hook/pythonpath.sh'
[0.926s] Level 1:colcon.colcon_core.environment:checking '/home/brotato211/ros2_humble/src/pm_vision_manager/install/pm_vision_app/bin'
[0.926s] Level 1:colcon.colcon_core.environment:create_environment_scripts_only(pm_vision_app)
[0.926s] INFO:colcon.colcon_core.shell:Creating package script '/home/brotato211/ros2_humble/src/pm_vision_manager/install/pm_vision_app/share/pm_vision_app/package.ps1'
[0.927s] INFO:colcon.colcon_core.shell:Creating package descriptor '/home/brotato211/ros2_humble/src/pm_vision_manager/install/pm_vision_app/share/pm_vision_app/package.dsv'
[0.927s] INFO:colcon.colcon_core.shell:Creating package script '/home/brotato211/ros2_humble/src/pm_vision_manager/install/pm_vision_app/share/pm_vision_app/package.sh'
[0.927s] INFO:colcon.colcon_core.shell:Creating package script '/home/brotato211/ros2_humble/src/pm_vision_manager/install/pm_vision_app/share/pm_vision_app/package.bash'
[0.927s] INFO:colcon.colcon_core.shell:Creating package script '/home/brotato211/ros2_humble/src/pm_vision_manager/install/pm_vision_app/share/pm_vision_app/package.zsh'
[0.927s] Level 1:colcon.colcon_core.environment:create_file_with_runtime_dependencies(/home/brotato211/ros2_humble/src/pm_vision_manager/install/pm_vision_app/share/colcon-core/packages/pm_vision_app)
[0.928s] Level 1:colcon.colcon_core.environment:checking '/home/brotato211/ros2_humble/src/pm_vision_manager/install/pm_vision_manager' for CMake module files
[0.929s] DEBUG:colcon.colcon_core.event_handler.log_command:Invoked command in '/home/brotato211/ros2_humble/src/pm_vision_manager/pm_vision_manager' returned '0': PYTHONPATH=/home/brotato211/ros2_humble/src/pm_vision_manager/build/pm_vision_manager/prefix_override:/usr/lib/python3/dist-packages/colcon_core/task/python/colcon_distutils_commands:/home/brotato211/ros2_humble/src/pm_vision_manager/install/pm_vision_manager/lib/python3.10/site-packages:${PYTHONPATH} /usr/bin/python3 -W ignore:setup.py install is deprecated -W ignore:easy_install command is deprecated setup.py egg_info --egg-base ../build/pm_vision_manager build --build-base /home/brotato211/ros2_humble/src/pm_vision_manager/build/pm_vision_manager/build install --record /home/brotato211/ros2_humble/src/pm_vision_manager/build/pm_vision_manager/install.log --single-version-externally-managed install_data
[0.929s] Level 1:colcon.colcon_core.environment:checking '/home/brotato211/ros2_humble/src/pm_vision_manager/install/pm_vision_manager' for CMake config files
[0.929s] Level 1:colcon.colcon_core.environment:checking '/home/brotato211/ros2_humble/src/pm_vision_manager/install/pm_vision_manager/lib'
[0.929s] Level 1:colcon.colcon_core.environment:checking '/home/brotato211/ros2_humble/src/pm_vision_manager/install/pm_vision_manager/bin'
[0.929s] Level 1:colcon.colcon_core.environment:checking '/home/brotato211/ros2_humble/src/pm_vision_manager/install/pm_vision_manager/lib/pkgconfig/pm_vision_manager.pc'
[0.929s] Level 1:colcon.colcon_core.environment:checking '/home/brotato211/ros2_humble/src/pm_vision_manager/install/pm_vision_manager/lib/python3.10/site-packages'
[0.929s] Level 1:colcon.colcon_core.shell:create_environment_hook('pm_vision_manager', 'pythonpath')
[0.930s] INFO:colcon.colcon_core.shell:Creating environment hook '/home/brotato211/ros2_humble/src/pm_vision_manager/install/pm_vision_manager/share/pm_vision_manager/hook/pythonpath.ps1'
[0.930s] INFO:colcon.colcon_core.shell:Creating environment descriptor '/home/brotato211/ros2_humble/src/pm_vision_manager/install/pm_vision_manager/share/pm_vision_manager/hook/pythonpath.dsv'
[0.930s] INFO:colcon.colcon_core.shell:Creating environment hook '/home/brotato211/ros2_humble/src/pm_vision_manager/install/pm_vision_manager/share/pm_vision_manager/hook/pythonpath.sh'
[0.930s] Level 1:colcon.colcon_core.environment:checking '/home/brotato211/ros2_humble/src/pm_vision_manager/install/pm_vision_manager/bin'
[0.930s] Level 1:colcon.colcon_core.environment:create_environment_scripts_only(pm_vision_manager)
[0.930s] INFO:colcon.colcon_core.shell:Creating package script '/home/brotato211/ros2_humble/src/pm_vision_manager/install/pm_vision_manager/share/pm_vision_manager/package.ps1'
[0.931s] INFO:colcon.colcon_core.shell:Creating package descriptor '/home/brotato211/ros2_humble/src/pm_vision_manager/install/pm_vision_manager/share/pm_vision_manager/package.dsv'
[0.931s] INFO:colcon.colcon_core.shell:Creating package script '/home/brotato211/ros2_humble/src/pm_vision_manager/install/pm_vision_manager/share/pm_vision_manager/package.sh'
[0.931s] INFO:colcon.colcon_core.shell:Creating package script '/home/brotato211/ros2_humble/src/pm_vision_manager/install/pm_vision_manager/share/pm_vision_manager/package.bash'
[0.931s] INFO:colcon.colcon_core.shell:Creating package script '/home/brotato211/ros2_humble/src/pm_vision_manager/install/pm_vision_manager/share/pm_vision_manager/package.zsh'
[0.931s] Level 1:colcon.colcon_core.environment:create_file_with_runtime_dependencies(/home/brotato211/ros2_humble/src/pm_vision_manager/install/pm_vision_manager/share/colcon-core/packages/pm_vision_manager)
[0.931s] DEBUG:colcon.colcon_parallel_executor.executor.parallel:closing loop
[0.932s] DEBUG:colcon.colcon_parallel_executor.executor.parallel:loop closed
[0.932s] DEBUG:colcon.colcon_parallel_executor.executor.parallel:run_until_complete finished with '0'
[0.932s] DEBUG:colcon.colcon_core.event_reactor:joining thread
[0.935s] INFO:colcon.colcon_core.plugin_system:Skipping extension 'colcon_notification.desktop_notification.terminal_notifier': Not used on non-Darwin systems
[0.935s] INFO:colcon.colcon_core.plugin_system:Skipping extension 'colcon_notification.desktop_notification.win32': Not used on non-Windows systems
[0.935s] INFO:colcon.colcon_notification.desktop_notification:Sending desktop notification using 'notify2'
[0.941s] DEBUG:colcon.colcon_core.event_reactor:joined thread
[0.941s] INFO:colcon.colcon_core.shell:Creating prefix script '/home/brotato211/ros2_humble/src/pm_vision_manager/install/local_setup.ps1'
[0.941s] INFO:colcon.colcon_core.shell:Creating prefix util module '/home/brotato211/ros2_humble/src/pm_vision_manager/install/_local_setup_util_ps1.py'
[0.942s] INFO:colcon.colcon_core.shell:Creating prefix chain script '/home/brotato211/ros2_humble/src/pm_vision_manager/install/setup.ps1'
[0.943s] INFO:colcon.colcon_core.shell:Creating prefix script '/home/brotato211/ros2_humble/src/pm_vision_manager/install/local_setup.sh'
[0.943s] INFO:colcon.colcon_core.shell:Creating prefix util module '/home/brotato211/ros2_humble/src/pm_vision_manager/install/_local_setup_util_sh.py'
[0.944s] INFO:colcon.colcon_core.shell:Creating prefix chain script '/home/brotato211/ros2_humble/src/pm_vision_manager/install/setup.sh'
[0.945s] INFO:colcon.colcon_core.shell:Creating prefix script '/home/brotato211/ros2_humble/src/pm_vision_manager/install/local_setup.bash'
[0.945s] INFO:colcon.colcon_core.shell:Creating prefix chain script '/home/brotato211/ros2_humble/src/pm_vision_manager/install/setup.bash'
[0.946s] INFO:colcon.colcon_core.shell:Creating prefix script '/home/brotato211/ros2_humble/src/pm_vision_manager/install/local_setup.zsh'
[0.946s] INFO:colcon.colcon_core.shell:Creating prefix chain script '/home/brotato211/ros2_humble/src/pm_vision_manager/install/setup.zsh'
