/home/brotato211/ros2_humble/src/pm_vision_manager/install/pm_vision_manager/lib/python3.10/site-packages/pm_vision_manager/vision_sub.py
/home/brotato211/ros2_humble/src/pm_vision_manager/install/pm_vision_manager/lib/python3.10/site-packages/pm_vision_manager/vision_node.py
/home/brotato211/ros2_humble/src/pm_vision_manager/install/pm_vision_manager/lib/python3.10/site-packages/pm_vision_manager/webcam_image_pub.py
/home/brotato211/ros2_humble/src/pm_vision_manager/install/pm_vision_manager/lib/python3.10/site-packages/pm_vision_manager/test_webcam.py
/home/brotato211/ros2_humble/src/pm_vision_manager/install/pm_vision_manager/lib/python3.10/site-packages/pm_vision_manager/__init__.py
/home/brotato211/ros2_humble/src/pm_vision_manager/install/pm_vision_manager/lib/python3.10/site-packages/pm_vision_manager/va_py_modules/vision_pipline_processing.py
/home/brotato211/ros2_humble/src/pm_vision_manager/install/pm_vision_manager/lib/python3.10/site-packages/pm_vision_manager/va_py_modules/image_processing_handler.py
/home/brotato211/ros2_humble/src/pm_vision_manager/install/pm_vision_manager/lib/python3.10/site-packages/pm_vision_manager/va_py_modules/__init__.py
/home/brotato211/ros2_humble/src/pm_vision_manager/install/pm_vision_manager/lib/python3.10/site-packages/pm_vision_manager/va_py_modules/vision_utils.py
/home/brotato211/ros2_humble/src/pm_vision_manager/install/pm_vision_manager/lib/python3.10/site-packages/pm_vision_manager/va_py_modules/test_vision_pipline_processing.py
/home/brotato211/ros2_humble/src/pm_vision_manager/install/pm_vision_manager/lib/python3.10/site-packages/pm_vision_manager/va_py_modules/vision_assistant_class.py
/home/brotato211/ros2_humble/src/pm_vision_manager/install/pm_vision_manager/lib/python3.10/site-packages/pm_vision_manager/va_py_modules/camera_ros_interfaces.py
/home/brotato211/ros2_humble/src/pm_vision_manager/install/pm_vision_manager/lib/python3.10/site-packages/pm_vision_manager/va_py_modules/manager_configuration.py
/home/brotato211/ros2_humble/src/pm_vision_manager/install/pm_vision_manager/lib/python3.10/site-packages/pm_vision_manager/va_py_modules/vision_app_modules/MainMenuWidget.py
/home/brotato211/ros2_humble/src/pm_vision_manager/install/pm_vision_manager/lib/python3.10/site-packages/pm_vision_manager/va_py_modules/vision_app_modules/VisionAssistantWindow.py
/home/brotato211/ros2_humble/src/pm_vision_manager/install/pm_vision_manager/lib/python3.10/site-packages/pm_vision_manager/va_py_modules/vision_app_modules/ImageDisplayWidget.py
/home/brotato211/ros2_humble/src/pm_vision_manager/install/pm_vision_manager/lib/python3.10/site-packages/pm_vision_manager/va_py_modules/vision_app_modules/__init__.py
/home/brotato211/ros2_humble/src/pm_vision_manager/install/pm_vision_manager/lib/python3.10/site-packages/pm_vision_manager/va_py_modules/feature_detect_functions/circle_detect.py
/home/brotato211/ros2_humble/src/pm_vision_manager/install/pm_vision_manager/lib/python3.10/site-packages/pm_vision_manager/va_py_modules/feature_detect_functions/line_corner_detec_sub_pixel.py
/home/brotato211/ros2_humble/src/pm_vision_manager/install/pm_vision_manager/lib/python3.10/site-packages/pm_vision_manager/va_py_modules/feature_detect_functions/line_corner_detec.py
/home/brotato211/ros2_humble/src/pm_vision_manager/install/pm_vision_manager/lib/python3.10/site-packages/pm_vision_manager/va_py_modules/feature_detect_functions/__init__.py
/home/brotato211/ros2_humble/src/pm_vision_manager/install/pm_vision_manager/lib/python3.10/site-packages/pm_vision_manager/va_py_modules/image_modification_functions/extraction_functions.py
/home/brotato211/ros2_humble/src/pm_vision_manager/install/pm_vision_manager/lib/python3.10/site-packages/pm_vision_manager/va_py_modules/image_modification_functions/__init__.py
/home/brotato211/ros2_humble/src/pm_vision_manager/install/pm_vision_manager/lib/python3.10/site-packages/pm_vision_manager/__pycache__/vision_sub.cpython-310.pyc
/home/brotato211/ros2_humble/src/pm_vision_manager/install/pm_vision_manager/lib/python3.10/site-packages/pm_vision_manager/__pycache__/vision_node.cpython-310.pyc
/home/brotato211/ros2_humble/src/pm_vision_manager/install/pm_vision_manager/lib/python3.10/site-packages/pm_vision_manager/__pycache__/webcam_image_pub.cpython-310.pyc
/home/brotato211/ros2_humble/src/pm_vision_manager/install/pm_vision_manager/lib/python3.10/site-packages/pm_vision_manager/__pycache__/test_webcam.cpython-310.pyc
/home/brotato211/ros2_humble/src/pm_vision_manager/install/pm_vision_manager/lib/python3.10/site-packages/pm_vision_manager/__pycache__/__init__.cpython-310.pyc
/home/brotato211/ros2_humble/src/pm_vision_manager/install/pm_vision_manager/lib/python3.10/site-packages/pm_vision_manager/va_py_modules/__pycache__/vision_pipline_processing.cpython-310.pyc
/home/brotato211/ros2_humble/src/pm_vision_manager/install/pm_vision_manager/lib/python3.10/site-packages/pm_vision_manager/va_py_modules/__pycache__/image_processing_handler.cpython-310.pyc
/home/brotato211/ros2_humble/src/pm_vision_manager/install/pm_vision_manager/lib/python3.10/site-packages/pm_vision_manager/va_py_modules/__pycache__/__init__.cpython-310.pyc
/home/brotato211/ros2_humble/src/pm_vision_manager/install/pm_vision_manager/lib/python3.10/site-packages/pm_vision_manager/va_py_modules/__pycache__/vision_utils.cpython-310.pyc
/home/brotato211/ros2_humble/src/pm_vision_manager/install/pm_vision_manager/lib/python3.10/site-packages/pm_vision_manager/va_py_modules/__pycache__/test_vision_pipline_processing.cpython-310.pyc
/home/brotato211/ros2_humble/src/pm_vision_manager/install/pm_vision_manager/lib/python3.10/site-packages/pm_vision_manager/va_py_modules/__pycache__/vision_assistant_class.cpython-310.pyc
/home/brotato211/ros2_humble/src/pm_vision_manager/install/pm_vision_manager/lib/python3.10/site-packages/pm_vision_manager/va_py_modules/__pycache__/camera_ros_interfaces.cpython-310.pyc
/home/brotato211/ros2_humble/src/pm_vision_manager/install/pm_vision_manager/lib/python3.10/site-packages/pm_vision_manager/va_py_modules/__pycache__/manager_configuration.cpython-310.pyc
/home/brotato211/ros2_humble/src/pm_vision_manager/install/pm_vision_manager/lib/python3.10/site-packages/pm_vision_manager/va_py_modules/vision_app_modules/__pycache__/MainMenuWidget.cpython-310.pyc
/home/brotato211/ros2_humble/src/pm_vision_manager/install/pm_vision_manager/lib/python3.10/site-packages/pm_vision_manager/va_py_modules/vision_app_modules/__pycache__/VisionAssistantWindow.cpython-310.pyc
/home/brotato211/ros2_humble/src/pm_vision_manager/install/pm_vision_manager/lib/python3.10/site-packages/pm_vision_manager/va_py_modules/vision_app_modules/__pycache__/ImageDisplayWidget.cpython-310.pyc
/home/brotato211/ros2_humble/src/pm_vision_manager/install/pm_vision_manager/lib/python3.10/site-packages/pm_vision_manager/va_py_modules/vision_app_modules/__pycache__/__init__.cpython-310.pyc
/home/brotato211/ros2_humble/src/pm_vision_manager/install/pm_vision_manager/lib/python3.10/site-packages/pm_vision_manager/va_py_modules/feature_detect_functions/__pycache__/circle_detect.cpython-310.pyc
/home/brotato211/ros2_humble/src/pm_vision_manager/install/pm_vision_manager/lib/python3.10/site-packages/pm_vision_manager/va_py_modules/feature_detect_functions/__pycache__/line_corner_detec_sub_pixel.cpython-310.pyc
/home/brotato211/ros2_humble/src/pm_vision_manager/install/pm_vision_manager/lib/python3.10/site-packages/pm_vision_manager/va_py_modules/feature_detect_functions/__pycache__/line_corner_detec.cpython-310.pyc
/home/brotato211/ros2_humble/src/pm_vision_manager/install/pm_vision_manager/lib/python3.10/site-packages/pm_vision_manager/va_py_modules/feature_detect_functions/__pycache__/__init__.cpython-310.pyc
/home/brotato211/ros2_humble/src/pm_vision_manager/install/pm_vision_manager/lib/python3.10/site-packages/pm_vision_manager/va_py_modules/image_modification_functions/__pycache__/extraction_functions.cpython-310.pyc
/home/brotato211/ros2_humble/src/pm_vision_manager/install/pm_vision_manager/lib/python3.10/site-packages/pm_vision_manager/va_py_modules/image_modification_functions/__pycache__/__init__.cpython-310.pyc
/home/brotato211/ros2_humble/src/pm_vision_manager/install/pm_vision_manager/share/ament_index/resource_index/packages/pm_vision_manager
/home/brotato211/ros2_humble/src/pm_vision_manager/install/pm_vision_manager/share/pm_vision_manager/package.xml
/home/brotato211/ros2_humble/src/pm_vision_manager/install/pm_vision_manager/share/pm_vision_manager/vision_assistant_path_config.yaml
/home/brotato211/ros2_humble/src/pm_vision_manager/install/pm_vision_manager/share/pm_vision_manager/vision_assistant_config.yaml
/home/brotato211/ros2_humble/src/pm_vision_manager/install/pm_vision_manager/share/pm_vision_manager/app_icon.png
/home/brotato211/ros2_humble/src/pm_vision_manager/install/pm_vision_manager/share/pm_vision_manager/launch/pm_vision.launch.py
/home/brotato211/ros2_humble/src/pm_vision_manager/install/pm_vision_manager/share/pm_vision_manager/vision_functions/SetCoAxLight.yaml
/home/brotato211/ros2_humble/src/pm_vision_manager/install/pm_vision_manager/share/pm_vision_manager/vision_functions/Morphology_Ex_Closing.yaml
/home/brotato211/ros2_humble/src/pm_vision_manager/install/pm_vision_manager/share/pm_vision_manager/vision_functions/Extract_Color_Areas.yaml
/home/brotato211/ros2_humble/src/pm_vision_manager/install/pm_vision_manager/share/pm_vision_manager/vision_functions/FillArea.yaml
/home/brotato211/ros2_humble/src/pm_vision_manager/install/pm_vision_manager/share/pm_vision_manager/vision_functions/SetCoAxLightBool.yaml
/home/brotato211/ros2_humble/src/pm_vision_manager/install/pm_vision_manager/share/pm_vision_manager/vision_functions/Threshold.yaml
/home/brotato211/ros2_humble/src/pm_vision_manager/install/pm_vision_manager/share/pm_vision_manager/vision_functions/Morphology_Ex_Opening.yaml
/home/brotato211/ros2_humble/src/pm_vision_manager/install/pm_vision_manager/share/pm_vision_manager/vision_functions/Blur.yaml
/home/brotato211/ros2_humble/src/pm_vision_manager/install/pm_vision_manager/share/pm_vision_manager/vision_functions/ImageSharpness.yaml
/home/brotato211/ros2_humble/src/pm_vision_manager/install/pm_vision_manager/share/pm_vision_manager/vision_functions/EqualizeHist.yaml
/home/brotato211/ros2_humble/src/pm_vision_manager/install/pm_vision_manager/share/pm_vision_manager/vision_functions/Dilation.yaml
/home/brotato211/ros2_humble/src/pm_vision_manager/install/pm_vision_manager/share/pm_vision_manager/vision_functions/MinEnclosingCircle.yaml
/home/brotato211/ros2_humble/src/pm_vision_manager/install/pm_vision_manager/share/pm_vision_manager/vision_functions/HoughLinesP.yaml
/home/brotato211/ros2_humble/src/pm_vision_manager/install/pm_vision_manager/share/pm_vision_manager/vision_functions/CornerDetection.yaml
/home/brotato211/ros2_humble/src/pm_vision_manager/install/pm_vision_manager/share/pm_vision_manager/vision_functions/ROI.yaml
/home/brotato211/ros2_humble/src/pm_vision_manager/install/pm_vision_manager/share/pm_vision_manager/vision_functions/CLAHE_on_V_Channel.yaml
/home/brotato211/ros2_humble/src/pm_vision_manager/install/pm_vision_manager/share/pm_vision_manager/vision_functions/SetRingLight.yaml
/home/brotato211/ros2_humble/src/pm_vision_manager/install/pm_vision_manager/share/pm_vision_manager/vision_functions/CircleDetection.yaml
/home/brotato211/ros2_humble/src/pm_vision_manager/install/pm_vision_manager/share/pm_vision_manager/vision_functions/Bitwise_Not.yaml
/home/brotato211/ros2_humble/src/pm_vision_manager/install/pm_vision_manager/share/pm_vision_manager/vision_functions/Errosion.yaml
/home/brotato211/ros2_humble/src/pm_vision_manager/install/pm_vision_manager/share/pm_vision_manager/vision_functions/Set_Camera_Exposure_Time.yaml
/home/brotato211/ros2_humble/src/pm_vision_manager/install/pm_vision_manager/share/pm_vision_manager/vision_functions/HoughCircles.yaml
/home/brotato211/ros2_humble/src/pm_vision_manager/install/pm_vision_manager/share/pm_vision_manager/vision_functions/ReduceSaturation.yaml
/home/brotato211/ros2_humble/src/pm_vision_manager/install/pm_vision_manager/share/pm_vision_manager/vision_functions/Save_Image.yaml
/home/brotato211/ros2_humble/src/pm_vision_manager/install/pm_vision_manager/share/pm_vision_manager/vision_functions/CornerDetectionSubPixel.yaml
/home/brotato211/ros2_humble/src/pm_vision_manager/install/pm_vision_manager/share/pm_vision_manager/vision_functions/BGR2GRAY.yaml
/home/brotato211/ros2_humble/src/pm_vision_manager/install/pm_vision_manager/share/pm_vision_manager/vision_functions/FillSelectedArea.yaml
/home/brotato211/ros2_humble/src/pm_vision_manager/install/pm_vision_manager/share/pm_vision_manager/vision_functions/Canny.yaml
/home/brotato211/ros2_humble/src/pm_vision_manager/install/pm_vision_manager/share/pm_vision_manager/vision_functions/Draw_Grid.yaml
/home/brotato211/ros2_humble/src/pm_vision_manager/install/pm_vision_manager/share/pm_vision_manager/vision_functions/Draw_CS.yaml
/home/brotato211/ros2_humble/src/pm_vision_manager/install/pm_vision_manager/share/pm_vision_manager/vision_functions/AdaptiveThreshold.yaml
/home/brotato211/ros2_humble/src/pm_vision_manager/install/pm_vision_manager/share/pm_vision_manager/vision_functions/FitLine.yaml
/home/brotato211/ros2_humble/src/pm_vision_manager/install/pm_vision_manager/share/pm_vision_manager/vision_functions/Morphology_Ex_Gradient.yaml
/home/brotato211/ros2_humble/src/pm_vision_manager/install/pm_vision_manager/lib/python3.10/site-packages/pm_vision_manager-0.1.0-py3.10.egg-info/top_level.txt
/home/brotato211/ros2_humble/src/pm_vision_manager/install/pm_vision_manager/lib/python3.10/site-packages/pm_vision_manager-0.1.0-py3.10.egg-info/requires.txt
/home/brotato211/ros2_humble/src/pm_vision_manager/install/pm_vision_manager/lib/python3.10/site-packages/pm_vision_manager-0.1.0-py3.10.egg-info/SOURCES.txt
/home/brotato211/ros2_humble/src/pm_vision_manager/install/pm_vision_manager/lib/python3.10/site-packages/pm_vision_manager-0.1.0-py3.10.egg-info/entry_points.txt
/home/brotato211/ros2_humble/src/pm_vision_manager/install/pm_vision_manager/lib/python3.10/site-packages/pm_vision_manager-0.1.0-py3.10.egg-info/PKG-INFO
/home/brotato211/ros2_humble/src/pm_vision_manager/install/pm_vision_manager/lib/python3.10/site-packages/pm_vision_manager-0.1.0-py3.10.egg-info/zip-safe
/home/brotato211/ros2_humble/src/pm_vision_manager/install/pm_vision_manager/lib/python3.10/site-packages/pm_vision_manager-0.1.0-py3.10.egg-info/dependency_links.txt
/home/brotato211/ros2_humble/src/pm_vision_manager/install/pm_vision_manager/lib/pm_vision_manager/vision_node
/home/brotato211/ros2_humble/src/pm_vision_manager/install/pm_vision_manager/lib/pm_vision_manager/vision_subscriber
/home/brotato211/ros2_humble/src/pm_vision_manager/install/pm_vision_manager/lib/pm_vision_manager/vision_webcam_publisher
