[0.163s] Invoking command in '/home/brotato211/ros2_humble/src/pm_vision_manager/build/pm_vision_interfaces': CMAKE_PREFIX_PATH=${CMAKE_PREFIX_PATH}:/home/brotato211/ros2_humble/install/ros_sequential_action_programmer:/home/brotato211/ros2_humble/install/pneumatic_controller_listener:/home/brotato211/ros2_humble/install/pm_vision_manager:/home/brotato211/ros2_humble/install/pm_vision_app:/home/brotato211/ros2_humble/install/pm_tf_viewer:/home/brotato211/ros2_humble/install/pm_robot_primitive_skills:/home/brotato211/ros2_humble/install/pm_robot_control_test:/home/brotato211/ros2_humble/install/pm_adhesive_displayer:/home/brotato211/ros2_humble/install/gonio_orientation_solver:/opt/ros/humble /usr/bin/cmake --build /home/brotato211/ros2_humble/src/pm_vision_manager/build/pm_vision_interfaces -- -j16 -l16
[0.198s] [35m[1mConsolidate compiler generated dependencies of target pm_vision_interfaces__rosidl_generator_c[0m
[0.205s] [  0%] Built target pm_vision_interfaces__cpp
[0.209s] [ 12%] Built target pm_vision_interfaces__rosidl_generator_c
[0.212s] [ 12%] Built target ament_cmake_python_copy_pm_vision_interfaces
[0.214s] [35m[1mConsolidate compiler generated dependencies of target pm_vision_interfaces__rosidl_typesupport_cpp[0m
[0.215s] [35m[1mConsolidate compiler generated dependencies of target pm_vision_interfaces__rosidl_typesupport_introspection_cpp[0m
[0.215s] [35m[1mConsolidate compiler generated dependencies of target pm_vision_interfaces__rosidl_typesupport_fastrtps_cpp[0m
[0.218s] [35m[1mConsolidate compiler generated dependencies of target pm_vision_interfaces__rosidl_typesupport_c[0m
[0.219s] [35m[1mConsolidate compiler generated dependencies of target pm_vision_interfaces__rosidl_typesupport_introspection_c[0m
[0.219s] [35m[1mConsolidate compiler generated dependencies of target pm_vision_interfaces__rosidl_typesupport_fastrtps_c[0m
[0.229s] [ 24%] Built target pm_vision_interfaces__rosidl_typesupport_c
[0.230s] [ 36%] Built target pm_vision_interfaces__rosidl_typesupport_cpp
[0.232s] [ 48%] Built target pm_vision_interfaces__rosidl_typesupport_introspection_c
[0.232s] [ 60%] Built target pm_vision_interfaces__rosidl_typesupport_introspection_cpp
[0.233s] [ 71%] Built target pm_vision_interfaces__rosidl_typesupport_fastrtps_cpp
[0.237s] [ 83%] Built target pm_vision_interfaces__rosidl_typesupport_fastrtps_c
[0.252s] [ 83%] Built target pm_vision_interfaces
[0.269s] [ 84%] Built target pm_vision_interfaces__py
[0.278s] [35m[1mConsolidate compiler generated dependencies of target pm_vision_interfaces__rosidl_generator_py[0m
[0.294s] [ 95%] Built target pm_vision_interfaces__rosidl_generator_py
[0.302s] [35m[1mConsolidate compiler generated dependencies of target pm_vision_interfaces__rosidl_typesupport_fastrtps_c__pyext[0m
[0.303s] [35m[1mConsolidate compiler generated dependencies of target pm_vision_interfaces__rosidl_typesupport_introspection_c__pyext[0m
[0.303s] [35m[1mConsolidate compiler generated dependencies of target pm_vision_interfaces__rosidl_typesupport_c__pyext[0m
[0.313s] [ 97%] Built target pm_vision_interfaces__rosidl_typesupport_fastrtps_c__pyext
[0.313s] [ 99%] Built target pm_vision_interfaces__rosidl_typesupport_introspection_c__pyext
[0.313s] [100%] Built target pm_vision_interfaces__rosidl_typesupport_c__pyext
[0.362s] running egg_info
[0.362s] writing pm_vision_interfaces.egg-info/PKG-INFO
[0.363s] writing dependency_links to pm_vision_interfaces.egg-info/dependency_links.txt
[0.363s] writing top-level names to pm_vision_interfaces.egg-info/top_level.txt
[0.364s] reading manifest file 'pm_vision_interfaces.egg-info/SOURCES.txt'
[0.364s] writing manifest file 'pm_vision_interfaces.egg-info/SOURCES.txt'
[0.380s] [100%] Built target ament_cmake_python_build_pm_vision_interfaces_egg
[0.390s] Invoked command in '/home/brotato211/ros2_humble/src/pm_vision_manager/build/pm_vision_interfaces' returned '0': CMAKE_PREFIX_PATH=${CMAKE_PREFIX_PATH}:/home/brotato211/ros2_humble/install/ros_sequential_action_programmer:/home/brotato211/ros2_humble/install/pneumatic_controller_listener:/home/brotato211/ros2_humble/install/pm_vision_manager:/home/brotato211/ros2_humble/install/pm_vision_app:/home/brotato211/ros2_humble/install/pm_tf_viewer:/home/brotato211/ros2_humble/install/pm_robot_primitive_skills:/home/brotato211/ros2_humble/install/pm_robot_control_test:/home/brotato211/ros2_humble/install/pm_adhesive_displayer:/home/brotato211/ros2_humble/install/gonio_orientation_solver:/opt/ros/humble /usr/bin/cmake --build /home/brotato211/ros2_humble/src/pm_vision_manager/build/pm_vision_interfaces -- -j16 -l16
[0.397s] Invoking command in '/home/brotato211/ros2_humble/src/pm_vision_manager/build/pm_vision_interfaces': CMAKE_PREFIX_PATH=${CMAKE_PREFIX_PATH}:/home/brotato211/ros2_humble/install/ros_sequential_action_programmer:/home/brotato211/ros2_humble/install/pneumatic_controller_listener:/home/brotato211/ros2_humble/install/pm_vision_manager:/home/brotato211/ros2_humble/install/pm_vision_app:/home/brotato211/ros2_humble/install/pm_tf_viewer:/home/brotato211/ros2_humble/install/pm_robot_primitive_skills:/home/brotato211/ros2_humble/install/pm_robot_control_test:/home/brotato211/ros2_humble/install/pm_adhesive_displayer:/home/brotato211/ros2_humble/install/gonio_orientation_solver:/opt/ros/humble /usr/bin/cmake --install /home/brotato211/ros2_humble/src/pm_vision_manager/build/pm_vision_interfaces
[0.402s] -- Install configuration: ""
[0.402s] -- Up-to-date: /home/brotato211/ros2_humble/src/pm_vision_manager/install/pm_vision_interfaces/share/ament_index/resource_index/rosidl_interfaces/pm_vision_interfaces
[0.402s] -- Up-to-date: /home/brotato211/ros2_humble/src/pm_vision_manager/install/pm_vision_interfaces/include/pm_vision_interfaces/pm_vision_interfaces
[0.403s] -- Up-to-date: /home/brotato211/ros2_humble/src/pm_vision_manager/install/pm_vision_interfaces/include/pm_vision_interfaces/pm_vision_interfaces/srv
[0.403s] -- Up-to-date: /home/brotato211/ros2_humble/src/pm_vision_manager/install/pm_vision_interfaces/include/pm_vision_interfaces/pm_vision_interfaces/srv/detail
[0.403s] -- Up-to-date: /home/brotato211/ros2_humble/src/pm_vision_manager/install/pm_vision_interfaces/include/pm_vision_interfaces/pm_vision_interfaces/srv/detail/demo_set_exposure__struct.h
[0.403s] -- Up-to-date: /home/brotato211/ros2_humble/src/pm_vision_manager/install/pm_vision_interfaces/include/pm_vision_interfaces/pm_vision_interfaces/srv/detail/calibrate_angle__functions.h
[0.403s] -- Up-to-date: /home/brotato211/ros2_humble/src/pm_vision_manager/install/pm_vision_interfaces/include/pm_vision_interfaces/pm_vision_interfaces/srv/detail/calibrate_angle__type_support.h
[0.403s] -- Up-to-date: /home/brotato211/ros2_humble/src/pm_vision_manager/install/pm_vision_interfaces/include/pm_vision_interfaces/pm_vision_interfaces/srv/detail/calibrate_pixel_per_um__type_support.h
[0.403s] -- Up-to-date: /home/brotato211/ros2_humble/src/pm_vision_manager/install/pm_vision_interfaces/include/pm_vision_interfaces/pm_vision_interfaces/srv/detail/execute_vision__functions.c
[0.403s] -- Up-to-date: /home/brotato211/ros2_humble/src/pm_vision_manager/install/pm_vision_interfaces/include/pm_vision_interfaces/pm_vision_interfaces/srv/detail/execute_vision__struct.h
[0.403s] -- Up-to-date: /home/brotato211/ros2_humble/src/pm_vision_manager/install/pm_vision_interfaces/include/pm_vision_interfaces/pm_vision_interfaces/srv/detail/calibrate_pixel_per_um__struct.h
[0.403s] -- Up-to-date: /home/brotato211/ros2_humble/src/pm_vision_manager/install/pm_vision_interfaces/include/pm_vision_interfaces/pm_vision_interfaces/srv/detail/calibrate_angle__struct.h
[0.403s] -- Up-to-date: /home/brotato211/ros2_humble/src/pm_vision_manager/install/pm_vision_interfaces/include/pm_vision_interfaces/pm_vision_interfaces/srv/detail/calibrate_pixel_per_um__functions.c
[0.403s] -- Up-to-date: /home/brotato211/ros2_humble/src/pm_vision_manager/install/pm_vision_interfaces/include/pm_vision_interfaces/pm_vision_interfaces/srv/detail/demo_set_exposure__functions.h
[0.403s] -- Up-to-date: /home/brotato211/ros2_humble/src/pm_vision_manager/install/pm_vision_interfaces/include/pm_vision_interfaces/pm_vision_interfaces/srv/detail/execute_vision__type_support.h
[0.403s] -- Up-to-date: /home/brotato211/ros2_humble/src/pm_vision_manager/install/pm_vision_interfaces/include/pm_vision_interfaces/pm_vision_interfaces/srv/detail/calibrate_angle__functions.c
[0.403s] -- Up-to-date: /home/brotato211/ros2_humble/src/pm_vision_manager/install/pm_vision_interfaces/include/pm_vision_interfaces/pm_vision_interfaces/srv/detail/demo_set_exposure__functions.c
[0.403s] -- Up-to-date: /home/brotato211/ros2_humble/src/pm_vision_manager/install/pm_vision_interfaces/include/pm_vision_interfaces/pm_vision_interfaces/srv/detail/demo_set_exposure__type_support.h
[0.403s] -- Up-to-date: /home/brotato211/ros2_humble/src/pm_vision_manager/install/pm_vision_interfaces/include/pm_vision_interfaces/pm_vision_interfaces/srv/detail/calibrate_pixel_per_um__functions.h
[0.403s] -- Up-to-date: /home/brotato211/ros2_humble/src/pm_vision_manager/install/pm_vision_interfaces/include/pm_vision_interfaces/pm_vision_interfaces/srv/detail/execute_vision__functions.h
[0.403s] -- Up-to-date: /home/brotato211/ros2_humble/src/pm_vision_manager/install/pm_vision_interfaces/include/pm_vision_interfaces/pm_vision_interfaces/srv/calibrate_angle.h
[0.403s] -- Up-to-date: /home/brotato211/ros2_humble/src/pm_vision_manager/install/pm_vision_interfaces/include/pm_vision_interfaces/pm_vision_interfaces/srv/calibrate_pixel_per_um.h
[0.403s] -- Up-to-date: /home/brotato211/ros2_humble/src/pm_vision_manager/install/pm_vision_interfaces/include/pm_vision_interfaces/pm_vision_interfaces/srv/demo_set_exposure.h
[0.403s] -- Up-to-date: /home/brotato211/ros2_humble/src/pm_vision_manager/install/pm_vision_interfaces/include/pm_vision_interfaces/pm_vision_interfaces/srv/execute_vision.h
[0.403s] -- Up-to-date: /home/brotato211/ros2_humble/src/pm_vision_manager/install/pm_vision_interfaces/include/pm_vision_interfaces/pm_vision_interfaces/msg
[0.403s] -- Up-to-date: /home/brotato211/ros2_humble/src/pm_vision_manager/install/pm_vision_interfaces/include/pm_vision_interfaces/pm_vision_interfaces/msg/detail
[0.403s] -- Up-to-date: /home/brotato211/ros2_humble/src/pm_vision_manager/install/pm_vision_interfaces/include/pm_vision_interfaces/pm_vision_interfaces/msg/detail/image_sharpness__struct.h
[0.403s] -- Up-to-date: /home/brotato211/ros2_humble/src/pm_vision_manager/install/pm_vision_interfaces/include/pm_vision_interfaces/pm_vision_interfaces/msg/detail/cross_validation__functions.h
[0.403s] -- Up-to-date: /home/brotato211/ros2_humble/src/pm_vision_manager/install/pm_vision_interfaces/include/pm_vision_interfaces/pm_vision_interfaces/msg/detail/vision_circle__functions.c
[0.404s] -- Up-to-date: /home/brotato211/ros2_humble/src/pm_vision_manager/install/pm_vision_interfaces/include/pm_vision_interfaces/pm_vision_interfaces/msg/detail/vision_area__type_support.h
[0.404s] -- Up-to-date: /home/brotato211/ros2_humble/src/pm_vision_manager/install/pm_vision_interfaces/include/pm_vision_interfaces/pm_vision_interfaces/msg/detail/vision_point__struct.h
[0.404s] -- Up-to-date: /home/brotato211/ros2_humble/src/pm_vision_manager/install/pm_vision_interfaces/include/pm_vision_interfaces/pm_vision_interfaces/msg/detail/image_sharpness__functions.h
[0.404s] -- Up-to-date: /home/brotato211/ros2_humble/src/pm_vision_manager/install/pm_vision_interfaces/include/pm_vision_interfaces/pm_vision_interfaces/msg/detail/vision_point__functions.c
[0.404s] -- Up-to-date: /home/brotato211/ros2_humble/src/pm_vision_manager/install/pm_vision_interfaces/include/pm_vision_interfaces/pm_vision_interfaces/msg/detail/cross_validation__functions.c
[0.404s] -- Up-to-date: /home/brotato211/ros2_humble/src/pm_vision_manager/install/pm_vision_interfaces/include/pm_vision_interfaces/pm_vision_interfaces/msg/detail/vision_response__type_support.h
[0.404s] -- Up-to-date: /home/brotato211/ros2_humble/src/pm_vision_manager/install/pm_vision_interfaces/include/pm_vision_interfaces/pm_vision_interfaces/msg/detail/vision_area__functions.h
[0.404s] -- Up-to-date: /home/brotato211/ros2_humble/src/pm_vision_manager/install/pm_vision_interfaces/include/pm_vision_interfaces/pm_vision_interfaces/msg/detail/vision_results__functions.h
[0.404s] -- Up-to-date: /home/brotato211/ros2_humble/src/pm_vision_manager/install/pm_vision_interfaces/include/pm_vision_interfaces/pm_vision_interfaces/msg/detail/vision_area__struct.h
[0.404s] -- Up-to-date: /home/brotato211/ros2_humble/src/pm_vision_manager/install/pm_vision_interfaces/include/pm_vision_interfaces/pm_vision_interfaces/msg/detail/vision_line__functions.c
[0.404s] -- Up-to-date: /home/brotato211/ros2_humble/src/pm_vision_manager/install/pm_vision_interfaces/include/pm_vision_interfaces/pm_vision_interfaces/msg/detail/vision_point__functions.h
[0.404s] -- Up-to-date: /home/brotato211/ros2_humble/src/pm_vision_manager/install/pm_vision_interfaces/include/pm_vision_interfaces/pm_vision_interfaces/msg/detail/image_sharpness__functions.c
[0.404s] -- Up-to-date: /home/brotato211/ros2_humble/src/pm_vision_manager/install/pm_vision_interfaces/include/pm_vision_interfaces/pm_vision_interfaces/msg/detail/vision_circle__type_support.h
[0.404s] -- Up-to-date: /home/brotato211/ros2_humble/src/pm_vision_manager/install/pm_vision_interfaces/include/pm_vision_interfaces/pm_vision_interfaces/msg/detail/vision_area__functions.c
[0.404s] -- Up-to-date: /home/brotato211/ros2_humble/src/pm_vision_manager/install/pm_vision_interfaces/include/pm_vision_interfaces/pm_vision_interfaces/msg/detail/vision_results__struct.h
[0.404s] -- Up-to-date: /home/brotato211/ros2_humble/src/pm_vision_manager/install/pm_vision_interfaces/include/pm_vision_interfaces/pm_vision_interfaces/msg/detail/vision_circle__struct.h
[0.404s] -- Up-to-date: /home/brotato211/ros2_humble/src/pm_vision_manager/install/pm_vision_interfaces/include/pm_vision_interfaces/pm_vision_interfaces/msg/detail/vision_line__struct.h
[0.404s] -- Up-to-date: /home/brotato211/ros2_humble/src/pm_vision_manager/install/pm_vision_interfaces/include/pm_vision_interfaces/pm_vision_interfaces/msg/detail/cross_validation__type_support.h
[0.404s] -- Up-to-date: /home/brotato211/ros2_humble/src/pm_vision_manager/install/pm_vision_interfaces/include/pm_vision_interfaces/pm_vision_interfaces/msg/detail/cross_validation__struct.h
[0.404s] -- Up-to-date: /home/brotato211/ros2_humble/src/pm_vision_manager/install/pm_vision_interfaces/include/pm_vision_interfaces/pm_vision_interfaces/msg/detail/image_sharpness__type_support.h
[0.404s] -- Up-to-date: /home/brotato211/ros2_humble/src/pm_vision_manager/install/pm_vision_interfaces/include/pm_vision_interfaces/pm_vision_interfaces/msg/detail/vision_results__type_support.h
[0.404s] -- Up-to-date: /home/brotato211/ros2_humble/src/pm_vision_manager/install/pm_vision_interfaces/include/pm_vision_interfaces/pm_vision_interfaces/msg/detail/vision_response__struct.h
[0.404s] -- Up-to-date: /home/brotato211/ros2_humble/src/pm_vision_manager/install/pm_vision_interfaces/include/pm_vision_interfaces/pm_vision_interfaces/msg/detail/vision_results__functions.c
[0.404s] -- Up-to-date: /home/brotato211/ros2_humble/src/pm_vision_manager/install/pm_vision_interfaces/include/pm_vision_interfaces/pm_vision_interfaces/msg/detail/vision_response__functions.c
[0.404s] -- Up-to-date: /home/brotato211/ros2_humble/src/pm_vision_manager/install/pm_vision_interfaces/include/pm_vision_interfaces/pm_vision_interfaces/msg/detail/vision_response__functions.h
[0.404s] -- Up-to-date: /home/brotato211/ros2_humble/src/pm_vision_manager/install/pm_vision_interfaces/include/pm_vision_interfaces/pm_vision_interfaces/msg/detail/vision_circle__functions.h
[0.404s] -- Up-to-date: /home/brotato211/ros2_humble/src/pm_vision_manager/install/pm_vision_interfaces/include/pm_vision_interfaces/pm_vision_interfaces/msg/detail/vision_point__type_support.h
[0.404s] -- Up-to-date: /home/brotato211/ros2_humble/src/pm_vision_manager/install/pm_vision_interfaces/include/pm_vision_interfaces/pm_vision_interfaces/msg/detail/vision_line__functions.h
[0.405s] -- Up-to-date: /home/brotato211/ros2_humble/src/pm_vision_manager/install/pm_vision_interfaces/include/pm_vision_interfaces/pm_vision_interfaces/msg/detail/vision_line__type_support.h
[0.405s] -- Up-to-date: /home/brotato211/ros2_humble/src/pm_vision_manager/install/pm_vision_interfaces/include/pm_vision_interfaces/pm_vision_interfaces/msg/vision_point.h
[0.405s] -- Up-to-date: /home/brotato211/ros2_humble/src/pm_vision_manager/install/pm_vision_interfaces/include/pm_vision_interfaces/pm_vision_interfaces/msg/vision_line.h
[0.405s] -- Up-to-date: /home/brotato211/ros2_humble/src/pm_vision_manager/install/pm_vision_interfaces/include/pm_vision_interfaces/pm_vision_interfaces/msg/image_sharpness.h
[0.405s] -- Up-to-date: /home/brotato211/ros2_humble/src/pm_vision_manager/install/pm_vision_interfaces/include/pm_vision_interfaces/pm_vision_interfaces/msg/vision_response.h
[0.405s] -- Up-to-date: /home/brotato211/ros2_humble/src/pm_vision_manager/install/pm_vision_interfaces/include/pm_vision_interfaces/pm_vision_interfaces/msg/vision_area.h
[0.405s] -- Up-to-date: /home/brotato211/ros2_humble/src/pm_vision_manager/install/pm_vision_interfaces/include/pm_vision_interfaces/pm_vision_interfaces/msg/cross_validation.h
[0.405s] -- Up-to-date: /home/brotato211/ros2_humble/src/pm_vision_manager/install/pm_vision_interfaces/include/pm_vision_interfaces/pm_vision_interfaces/msg/rosidl_generator_c__visibility_control.h
[0.405s] -- Up-to-date: /home/brotato211/ros2_humble/src/pm_vision_manager/install/pm_vision_interfaces/include/pm_vision_interfaces/pm_vision_interfaces/msg/vision_circle.h
[0.405s] -- Up-to-date: /home/brotato211/ros2_humble/src/pm_vision_manager/install/pm_vision_interfaces/include/pm_vision_interfaces/pm_vision_interfaces/msg/vision_results.h
[0.405s] -- Up-to-date: /home/brotato211/ros2_humble/src/pm_vision_manager/install/pm_vision_interfaces/share/pm_vision_interfaces/environment/library_path.sh
[0.405s] -- Up-to-date: /home/brotato211/ros2_humble/src/pm_vision_manager/install/pm_vision_interfaces/share/pm_vision_interfaces/environment/library_path.dsv
[0.405s] -- Up-to-date: /home/brotato211/ros2_humble/src/pm_vision_manager/install/pm_vision_interfaces/lib/libpm_vision_interfaces__rosidl_generator_c.so
[0.405s] -- Up-to-date: /home/brotato211/ros2_humble/src/pm_vision_manager/install/pm_vision_interfaces/include/pm_vision_interfaces/pm_vision_interfaces
[0.405s] -- Up-to-date: /home/brotato211/ros2_humble/src/pm_vision_manager/install/pm_vision_interfaces/include/pm_vision_interfaces/pm_vision_interfaces/srv
[0.405s] -- Up-to-date: /home/brotato211/ros2_humble/src/pm_vision_manager/install/pm_vision_interfaces/include/pm_vision_interfaces/pm_vision_interfaces/srv/detail
[0.405s] -- Up-to-date: /home/brotato211/ros2_humble/src/pm_vision_manager/install/pm_vision_interfaces/include/pm_vision_interfaces/pm_vision_interfaces/srv/detail/calibrate_angle__rosidl_typesupport_fastrtps_c.h
[0.405s] -- Up-to-date: /home/brotato211/ros2_humble/src/pm_vision_manager/install/pm_vision_interfaces/include/pm_vision_interfaces/pm_vision_interfaces/srv/detail/execute_vision__rosidl_typesupport_fastrtps_c.h
[0.405s] -- Up-to-date: /home/brotato211/ros2_humble/src/pm_vision_manager/install/pm_vision_interfaces/include/pm_vision_interfaces/pm_vision_interfaces/srv/detail/calibrate_pixel_per_um__rosidl_typesupport_fastrtps_c.h
[0.405s] -- Up-to-date: /home/brotato211/ros2_humble/src/pm_vision_manager/install/pm_vision_interfaces/include/pm_vision_interfaces/pm_vision_interfaces/srv/detail/demo_set_exposure__rosidl_typesupport_fastrtps_c.h
[0.405s] -- Up-to-date: /home/brotato211/ros2_humble/src/pm_vision_manager/install/pm_vision_interfaces/include/pm_vision_interfaces/pm_vision_interfaces/msg
[0.405s] -- Up-to-date: /home/brotato211/ros2_humble/src/pm_vision_manager/install/pm_vision_interfaces/include/pm_vision_interfaces/pm_vision_interfaces/msg/detail
[0.405s] -- Up-to-date: /home/brotato211/ros2_humble/src/pm_vision_manager/install/pm_vision_interfaces/include/pm_vision_interfaces/pm_vision_interfaces/msg/detail/vision_circle__rosidl_typesupport_fastrtps_c.h
[0.405s] -- Up-to-date: /home/brotato211/ros2_humble/src/pm_vision_manager/install/pm_vision_interfaces/include/pm_vision_interfaces/pm_vision_interfaces/msg/detail/cross_validation__rosidl_typesupport_fastrtps_c.h
[0.405s] -- Up-to-date: /home/brotato211/ros2_humble/src/pm_vision_manager/install/pm_vision_interfaces/include/pm_vision_interfaces/pm_vision_interfaces/msg/detail/vision_line__rosidl_typesupport_fastrtps_c.h
[0.405s] -- Up-to-date: /home/brotato211/ros2_humble/src/pm_vision_manager/install/pm_vision_interfaces/include/pm_vision_interfaces/pm_vision_interfaces/msg/detail/vision_point__rosidl_typesupport_fastrtps_c.h
[0.405s] -- Up-to-date: /home/brotato211/ros2_humble/src/pm_vision_manager/install/pm_vision_interfaces/include/pm_vision_interfaces/pm_vision_interfaces/msg/detail/vision_response__rosidl_typesupport_fastrtps_c.h
[0.405s] -- Up-to-date: /home/brotato211/ros2_humble/src/pm_vision_manager/install/pm_vision_interfaces/include/pm_vision_interfaces/pm_vision_interfaces/msg/detail/vision_results__rosidl_typesupport_fastrtps_c.h
[0.405s] -- Up-to-date: /home/brotato211/ros2_humble/src/pm_vision_manager/install/pm_vision_interfaces/include/pm_vision_interfaces/pm_vision_interfaces/msg/detail/vision_area__rosidl_typesupport_fastrtps_c.h
[0.405s] -- Up-to-date: /home/brotato211/ros2_humble/src/pm_vision_manager/install/pm_vision_interfaces/include/pm_vision_interfaces/pm_vision_interfaces/msg/detail/image_sharpness__rosidl_typesupport_fastrtps_c.h
[0.405s] -- Up-to-date: /home/brotato211/ros2_humble/src/pm_vision_manager/install/pm_vision_interfaces/include/pm_vision_interfaces/pm_vision_interfaces/msg/rosidl_typesupport_fastrtps_c__visibility_control.h
[0.406s] -- Up-to-date: /home/brotato211/ros2_humble/src/pm_vision_manager/install/pm_vision_interfaces/lib/libpm_vision_interfaces__rosidl_typesupport_fastrtps_c.so
[0.406s] -- Up-to-date: /home/brotato211/ros2_humble/src/pm_vision_manager/install/pm_vision_interfaces/include/pm_vision_interfaces/pm_vision_interfaces
[0.406s] -- Up-to-date: /home/brotato211/ros2_humble/src/pm_vision_manager/install/pm_vision_interfaces/include/pm_vision_interfaces/pm_vision_interfaces/srv
[0.406s] -- Up-to-date: /home/brotato211/ros2_humble/src/pm_vision_manager/install/pm_vision_interfaces/include/pm_vision_interfaces/pm_vision_interfaces/srv/detail
[0.406s] -- Up-to-date: /home/brotato211/ros2_humble/src/pm_vision_manager/install/pm_vision_interfaces/include/pm_vision_interfaces/pm_vision_interfaces/srv/detail/execute_vision__type_support.hpp
[0.406s] -- Up-to-date: /home/brotato211/ros2_humble/src/pm_vision_manager/install/pm_vision_interfaces/include/pm_vision_interfaces/pm_vision_interfaces/srv/detail/calibrate_pixel_per_um__traits.hpp
[0.406s] -- Up-to-date: /home/brotato211/ros2_humble/src/pm_vision_manager/install/pm_vision_interfaces/include/pm_vision_interfaces/pm_vision_interfaces/srv/detail/calibrate_angle__traits.hpp
[0.406s] -- Up-to-date: /home/brotato211/ros2_humble/src/pm_vision_manager/install/pm_vision_interfaces/include/pm_vision_interfaces/pm_vision_interfaces/srv/detail/demo_set_exposure__builder.hpp
[0.406s] -- Up-to-date: /home/brotato211/ros2_humble/src/pm_vision_manager/install/pm_vision_interfaces/include/pm_vision_interfaces/pm_vision_interfaces/srv/detail/demo_set_exposure__traits.hpp
[0.406s] -- Up-to-date: /home/brotato211/ros2_humble/src/pm_vision_manager/install/pm_vision_interfaces/include/pm_vision_interfaces/pm_vision_interfaces/srv/detail/demo_set_exposure__type_support.hpp
[0.406s] -- Up-to-date: /home/brotato211/ros2_humble/src/pm_vision_manager/install/pm_vision_interfaces/include/pm_vision_interfaces/pm_vision_interfaces/srv/detail/execute_vision__traits.hpp
[0.406s] -- Up-to-date: /home/brotato211/ros2_humble/src/pm_vision_manager/install/pm_vision_interfaces/include/pm_vision_interfaces/pm_vision_interfaces/srv/detail/calibrate_pixel_per_um__builder.hpp
[0.406s] -- Up-to-date: /home/brotato211/ros2_humble/src/pm_vision_manager/install/pm_vision_interfaces/include/pm_vision_interfaces/pm_vision_interfaces/srv/detail/calibrate_pixel_per_um__struct.hpp
[0.406s] -- Up-to-date: /home/brotato211/ros2_humble/src/pm_vision_manager/install/pm_vision_interfaces/include/pm_vision_interfaces/pm_vision_interfaces/srv/detail/calibrate_angle__struct.hpp
[0.406s] -- Up-to-date: /home/brotato211/ros2_humble/src/pm_vision_manager/install/pm_vision_interfaces/include/pm_vision_interfaces/pm_vision_interfaces/srv/detail/demo_set_exposure__struct.hpp
[0.406s] -- Up-to-date: /home/brotato211/ros2_humble/src/pm_vision_manager/install/pm_vision_interfaces/include/pm_vision_interfaces/pm_vision_interfaces/srv/detail/execute_vision__struct.hpp
[0.406s] -- Up-to-date: /home/brotato211/ros2_humble/src/pm_vision_manager/install/pm_vision_interfaces/include/pm_vision_interfaces/pm_vision_interfaces/srv/detail/calibrate_angle__builder.hpp
[0.406s] -- Up-to-date: /home/brotato211/ros2_humble/src/pm_vision_manager/install/pm_vision_interfaces/include/pm_vision_interfaces/pm_vision_interfaces/srv/detail/execute_vision__builder.hpp
[0.406s] -- Up-to-date: /home/brotato211/ros2_humble/src/pm_vision_manager/install/pm_vision_interfaces/include/pm_vision_interfaces/pm_vision_interfaces/srv/detail/calibrate_angle__type_support.hpp
[0.406s] -- Up-to-date: /home/brotato211/ros2_humble/src/pm_vision_manager/install/pm_vision_interfaces/include/pm_vision_interfaces/pm_vision_interfaces/srv/detail/calibrate_pixel_per_um__type_support.hpp
[0.406s] -- Up-to-date: /home/brotato211/ros2_humble/src/pm_vision_manager/install/pm_vision_interfaces/include/pm_vision_interfaces/pm_vision_interfaces/srv/calibrate_pixel_per_um.hpp
[0.406s] -- Up-to-date: /home/brotato211/ros2_humble/src/pm_vision_manager/install/pm_vision_interfaces/include/pm_vision_interfaces/pm_vision_interfaces/srv/demo_set_exposure.hpp
[0.406s] -- Up-to-date: /home/brotato211/ros2_humble/src/pm_vision_manager/install/pm_vision_interfaces/include/pm_vision_interfaces/pm_vision_interfaces/srv/execute_vision.hpp
[0.406s] -- Up-to-date: /home/brotato211/ros2_humble/src/pm_vision_manager/install/pm_vision_interfaces/include/pm_vision_interfaces/pm_vision_interfaces/srv/calibrate_angle.hpp
[0.406s] -- Up-to-date: /home/brotato211/ros2_humble/src/pm_vision_manager/install/pm_vision_interfaces/include/pm_vision_interfaces/pm_vision_interfaces/msg
[0.406s] -- Up-to-date: /home/brotato211/ros2_humble/src/pm_vision_manager/install/pm_vision_interfaces/include/pm_vision_interfaces/pm_vision_interfaces/msg/detail
[0.406s] -- Up-to-date: /home/brotato211/ros2_humble/src/pm_vision_manager/install/pm_vision_interfaces/include/pm_vision_interfaces/pm_vision_interfaces/msg/detail/vision_response__builder.hpp
[0.406s] -- Up-to-date: /home/brotato211/ros2_humble/src/pm_vision_manager/install/pm_vision_interfaces/include/pm_vision_interfaces/pm_vision_interfaces/msg/detail/vision_results__type_support.hpp
[0.406s] -- Up-to-date: /home/brotato211/ros2_humble/src/pm_vision_manager/install/pm_vision_interfaces/include/pm_vision_interfaces/pm_vision_interfaces/msg/detail/image_sharpness__builder.hpp
[0.406s] -- Up-to-date: /home/brotato211/ros2_humble/src/pm_vision_manager/install/pm_vision_interfaces/include/pm_vision_interfaces/pm_vision_interfaces/msg/detail/vision_line__type_support.hpp
[0.406s] -- Up-to-date: /home/brotato211/ros2_humble/src/pm_vision_manager/install/pm_vision_interfaces/include/pm_vision_interfaces/pm_vision_interfaces/msg/detail/cross_validation__builder.hpp
[0.406s] -- Up-to-date: /home/brotato211/ros2_humble/src/pm_vision_manager/install/pm_vision_interfaces/include/pm_vision_interfaces/pm_vision_interfaces/msg/detail/vision_area__builder.hpp
[0.407s] -- Up-to-date: /home/brotato211/ros2_humble/src/pm_vision_manager/install/pm_vision_interfaces/include/pm_vision_interfaces/pm_vision_interfaces/msg/detail/vision_results__struct.hpp
[0.407s] -- Up-to-date: /home/brotato211/ros2_humble/src/pm_vision_manager/install/pm_vision_interfaces/include/pm_vision_interfaces/pm_vision_interfaces/msg/detail/vision_response__traits.hpp
[0.407s] -- Up-to-date: /home/brotato211/ros2_humble/src/pm_vision_manager/install/pm_vision_interfaces/include/pm_vision_interfaces/pm_vision_interfaces/msg/detail/vision_point__type_support.hpp
[0.407s] -- Up-to-date: /home/brotato211/ros2_humble/src/pm_vision_manager/install/pm_vision_interfaces/include/pm_vision_interfaces/pm_vision_interfaces/msg/detail/vision_results__builder.hpp
[0.407s] -- Up-to-date: /home/brotato211/ros2_humble/src/pm_vision_manager/install/pm_vision_interfaces/include/pm_vision_interfaces/pm_vision_interfaces/msg/detail/vision_line__builder.hpp
[0.407s] -- Up-to-date: /home/brotato211/ros2_humble/src/pm_vision_manager/install/pm_vision_interfaces/include/pm_vision_interfaces/pm_vision_interfaces/msg/detail/vision_response__type_support.hpp
[0.407s] -- Up-to-date: /home/brotato211/ros2_humble/src/pm_vision_manager/install/pm_vision_interfaces/include/pm_vision_interfaces/pm_vision_interfaces/msg/detail/vision_results__traits.hpp
[0.407s] -- Up-to-date: /home/brotato211/ros2_humble/src/pm_vision_manager/install/pm_vision_interfaces/include/pm_vision_interfaces/pm_vision_interfaces/msg/detail/vision_circle__builder.hpp
[0.407s] -- Up-to-date: /home/brotato211/ros2_humble/src/pm_vision_manager/install/pm_vision_interfaces/include/pm_vision_interfaces/pm_vision_interfaces/msg/detail/vision_line__struct.hpp
[0.407s] -- Up-to-date: /home/brotato211/ros2_humble/src/pm_vision_manager/install/pm_vision_interfaces/include/pm_vision_interfaces/pm_vision_interfaces/msg/detail/vision_point__traits.hpp
[0.407s] -- Up-to-date: /home/brotato211/ros2_humble/src/pm_vision_manager/install/pm_vision_interfaces/include/pm_vision_interfaces/pm_vision_interfaces/msg/detail/image_sharpness__type_support.hpp
[0.407s] -- Up-to-date: /home/brotato211/ros2_humble/src/pm_vision_manager/install/pm_vision_interfaces/include/pm_vision_interfaces/pm_vision_interfaces/msg/detail/image_sharpness__traits.hpp
[0.407s] -- Up-to-date: /home/brotato211/ros2_humble/src/pm_vision_manager/install/pm_vision_interfaces/include/pm_vision_interfaces/pm_vision_interfaces/msg/detail/cross_validation__traits.hpp
[0.407s] -- Up-to-date: /home/brotato211/ros2_humble/src/pm_vision_manager/install/pm_vision_interfaces/include/pm_vision_interfaces/pm_vision_interfaces/msg/detail/vision_circle__struct.hpp
[0.407s] -- Up-to-date: /home/brotato211/ros2_humble/src/pm_vision_manager/install/pm_vision_interfaces/include/pm_vision_interfaces/pm_vision_interfaces/msg/detail/vision_area__struct.hpp
[0.407s] -- Up-to-date: /home/brotato211/ros2_humble/src/pm_vision_manager/install/pm_vision_interfaces/include/pm_vision_interfaces/pm_vision_interfaces/msg/detail/vision_circle__type_support.hpp
[0.407s] -- Up-to-date: /home/brotato211/ros2_humble/src/pm_vision_manager/install/pm_vision_interfaces/include/pm_vision_interfaces/pm_vision_interfaces/msg/detail/cross_validation__type_support.hpp
[0.407s] -- Up-to-date: /home/brotato211/ros2_humble/src/pm_vision_manager/install/pm_vision_interfaces/include/pm_vision_interfaces/pm_vision_interfaces/msg/detail/vision_point__builder.hpp
[0.407s] -- Up-to-date: /home/brotato211/ros2_humble/src/pm_vision_manager/install/pm_vision_interfaces/include/pm_vision_interfaces/pm_vision_interfaces/msg/detail/vision_circle__traits.hpp
[0.407s] -- Up-to-date: /home/brotato211/ros2_humble/src/pm_vision_manager/install/pm_vision_interfaces/include/pm_vision_interfaces/pm_vision_interfaces/msg/detail/vision_area__traits.hpp
[0.407s] -- Up-to-date: /home/brotato211/ros2_humble/src/pm_vision_manager/install/pm_vision_interfaces/include/pm_vision_interfaces/pm_vision_interfaces/msg/detail/vision_line__traits.hpp
[0.407s] -- Up-to-date: /home/brotato211/ros2_humble/src/pm_vision_manager/install/pm_vision_interfaces/include/pm_vision_interfaces/pm_vision_interfaces/msg/detail/vision_area__type_support.hpp
[0.407s] -- Up-to-date: /home/brotato211/ros2_humble/src/pm_vision_manager/install/pm_vision_interfaces/include/pm_vision_interfaces/pm_vision_interfaces/msg/detail/vision_point__struct.hpp
[0.407s] -- Up-to-date: /home/brotato211/ros2_humble/src/pm_vision_manager/install/pm_vision_interfaces/include/pm_vision_interfaces/pm_vision_interfaces/msg/detail/cross_validation__struct.hpp
[0.407s] -- Up-to-date: /home/brotato211/ros2_humble/src/pm_vision_manager/install/pm_vision_interfaces/include/pm_vision_interfaces/pm_vision_interfaces/msg/detail/image_sharpness__struct.hpp
[0.407s] -- Up-to-date: /home/brotato211/ros2_humble/src/pm_vision_manager/install/pm_vision_interfaces/include/pm_vision_interfaces/pm_vision_interfaces/msg/detail/vision_response__struct.hpp
[0.407s] -- Up-to-date: /home/brotato211/ros2_humble/src/pm_vision_manager/install/pm_vision_interfaces/include/pm_vision_interfaces/pm_vision_interfaces/msg/vision_area.hpp
[0.407s] -- Up-to-date: /home/brotato211/ros2_humble/src/pm_vision_manager/install/pm_vision_interfaces/include/pm_vision_interfaces/pm_vision_interfaces/msg/vision_line.hpp
[0.407s] -- Up-to-date: /home/brotato211/ros2_humble/src/pm_vision_manager/install/pm_vision_interfaces/include/pm_vision_interfaces/pm_vision_interfaces/msg/vision_results.hpp
[0.407s] -- Up-to-date: /home/brotato211/ros2_humble/src/pm_vision_manager/install/pm_vision_interfaces/include/pm_vision_interfaces/pm_vision_interfaces/msg/cross_validation.hpp
[0.407s] -- Up-to-date: /home/brotato211/ros2_humble/src/pm_vision_manager/install/pm_vision_interfaces/include/pm_vision_interfaces/pm_vision_interfaces/msg/rosidl_generator_cpp__visibility_control.hpp
[0.407s] -- Up-to-date: /home/brotato211/ros2_humble/src/pm_vision_manager/install/pm_vision_interfaces/include/pm_vision_interfaces/pm_vision_interfaces/msg/vision_circle.hpp
[0.408s] -- Up-to-date: /home/brotato211/ros2_humble/src/pm_vision_manager/install/pm_vision_interfaces/include/pm_vision_interfaces/pm_vision_interfaces/msg/vision_point.hpp
[0.408s] -- Up-to-date: /home/brotato211/ros2_humble/src/pm_vision_manager/install/pm_vision_interfaces/include/pm_vision_interfaces/pm_vision_interfaces/msg/image_sharpness.hpp
[0.408s] -- Up-to-date: /home/brotato211/ros2_humble/src/pm_vision_manager/install/pm_vision_interfaces/include/pm_vision_interfaces/pm_vision_interfaces/msg/vision_response.hpp
[0.408s] -- Up-to-date: /home/brotato211/ros2_humble/src/pm_vision_manager/install/pm_vision_interfaces/include/pm_vision_interfaces/pm_vision_interfaces
[0.408s] -- Up-to-date: /home/brotato211/ros2_humble/src/pm_vision_manager/install/pm_vision_interfaces/include/pm_vision_interfaces/pm_vision_interfaces/srv
[0.408s] -- Up-to-date: /home/brotato211/ros2_humble/src/pm_vision_manager/install/pm_vision_interfaces/include/pm_vision_interfaces/pm_vision_interfaces/srv/detail
[0.408s] -- Up-to-date: /home/brotato211/ros2_humble/src/pm_vision_manager/install/pm_vision_interfaces/include/pm_vision_interfaces/pm_vision_interfaces/srv/detail/calibrate_angle__rosidl_typesupport_fastrtps_cpp.hpp
[0.408s] -- Up-to-date: /home/brotato211/ros2_humble/src/pm_vision_manager/install/pm_vision_interfaces/include/pm_vision_interfaces/pm_vision_interfaces/srv/detail/demo_set_exposure__rosidl_typesupport_fastrtps_cpp.hpp
[0.408s] -- Up-to-date: /home/brotato211/ros2_humble/src/pm_vision_manager/install/pm_vision_interfaces/include/pm_vision_interfaces/pm_vision_interfaces/srv/detail/execute_vision__rosidl_typesupport_fastrtps_cpp.hpp
[0.408s] -- Up-to-date: /home/brotato211/ros2_humble/src/pm_vision_manager/install/pm_vision_interfaces/include/pm_vision_interfaces/pm_vision_interfaces/srv/detail/calibrate_pixel_per_um__rosidl_typesupport_fastrtps_cpp.hpp
[0.408s] -- Up-to-date: /home/brotato211/ros2_humble/src/pm_vision_manager/install/pm_vision_interfaces/include/pm_vision_interfaces/pm_vision_interfaces/srv/detail/dds_fastrtps
[0.408s] -- Up-to-date: /home/brotato211/ros2_humble/src/pm_vision_manager/install/pm_vision_interfaces/include/pm_vision_interfaces/pm_vision_interfaces/msg
[0.408s] -- Up-to-date: /home/brotato211/ros2_humble/src/pm_vision_manager/install/pm_vision_interfaces/include/pm_vision_interfaces/pm_vision_interfaces/msg/detail
[0.408s] -- Up-to-date: /home/brotato211/ros2_humble/src/pm_vision_manager/install/pm_vision_interfaces/include/pm_vision_interfaces/pm_vision_interfaces/msg/detail/vision_area__rosidl_typesupport_fastrtps_cpp.hpp
[0.408s] -- Up-to-date: /home/brotato211/ros2_humble/src/pm_vision_manager/install/pm_vision_interfaces/include/pm_vision_interfaces/pm_vision_interfaces/msg/detail/vision_response__rosidl_typesupport_fastrtps_cpp.hpp
[0.408s] -- Up-to-date: /home/brotato211/ros2_humble/src/pm_vision_manager/install/pm_vision_interfaces/include/pm_vision_interfaces/pm_vision_interfaces/msg/detail/cross_validation__rosidl_typesupport_fastrtps_cpp.hpp
[0.408s] -- Up-to-date: /home/brotato211/ros2_humble/src/pm_vision_manager/install/pm_vision_interfaces/include/pm_vision_interfaces/pm_vision_interfaces/msg/detail/image_sharpness__rosidl_typesupport_fastrtps_cpp.hpp
[0.408s] -- Up-to-date: /home/brotato211/ros2_humble/src/pm_vision_manager/install/pm_vision_interfaces/include/pm_vision_interfaces/pm_vision_interfaces/msg/detail/vision_results__rosidl_typesupport_fastrtps_cpp.hpp
[0.408s] -- Up-to-date: /home/brotato211/ros2_humble/src/pm_vision_manager/install/pm_vision_interfaces/include/pm_vision_interfaces/pm_vision_interfaces/msg/detail/vision_point__rosidl_typesupport_fastrtps_cpp.hpp
[0.408s] -- Up-to-date: /home/brotato211/ros2_humble/src/pm_vision_manager/install/pm_vision_interfaces/include/pm_vision_interfaces/pm_vision_interfaces/msg/detail/vision_line__rosidl_typesupport_fastrtps_cpp.hpp
[0.408s] -- Up-to-date: /home/brotato211/ros2_humble/src/pm_vision_manager/install/pm_vision_interfaces/include/pm_vision_interfaces/pm_vision_interfaces/msg/detail/vision_circle__rosidl_typesupport_fastrtps_cpp.hpp
[0.408s] -- Up-to-date: /home/brotato211/ros2_humble/src/pm_vision_manager/install/pm_vision_interfaces/include/pm_vision_interfaces/pm_vision_interfaces/msg/detail/dds_fastrtps
[0.408s] -- Up-to-date: /home/brotato211/ros2_humble/src/pm_vision_manager/install/pm_vision_interfaces/include/pm_vision_interfaces/pm_vision_interfaces/msg/rosidl_typesupport_fastrtps_cpp__visibility_control.h
[0.408s] -- Up-to-date: /home/brotato211/ros2_humble/src/pm_vision_manager/install/pm_vision_interfaces/lib/libpm_vision_interfaces__rosidl_typesupport_fastrtps_cpp.so
[0.408s] -- Up-to-date: /home/brotato211/ros2_humble/src/pm_vision_manager/install/pm_vision_interfaces/include/pm_vision_interfaces/pm_vision_interfaces
[0.409s] -- Up-to-date: /home/brotato211/ros2_humble/src/pm_vision_manager/install/pm_vision_interfaces/include/pm_vision_interfaces/pm_vision_interfaces/srv
[0.409s] -- Up-to-date: /home/brotato211/ros2_humble/src/pm_vision_manager/install/pm_vision_interfaces/include/pm_vision_interfaces/pm_vision_interfaces/srv/detail
[0.409s] -- Up-to-date: /home/brotato211/ros2_humble/src/pm_vision_manager/install/pm_vision_interfaces/include/pm_vision_interfaces/pm_vision_interfaces/srv/detail/demo_set_exposure__rosidl_typesupport_introspection_c.h
[0.409s] -- Up-to-date: /home/brotato211/ros2_humble/src/pm_vision_manager/install/pm_vision_interfaces/include/pm_vision_interfaces/pm_vision_interfaces/srv/detail/execute_vision__rosidl_typesupport_introspection_c.h
[0.409s] -- Up-to-date: /home/brotato211/ros2_humble/src/pm_vision_manager/install/pm_vision_interfaces/include/pm_vision_interfaces/pm_vision_interfaces/srv/detail/calibrate_angle__rosidl_typesupport_introspection_c.h
[0.409s] -- Up-to-date: /home/brotato211/ros2_humble/src/pm_vision_manager/install/pm_vision_interfaces/include/pm_vision_interfaces/pm_vision_interfaces/srv/detail/calibrate_angle__type_support.c
[0.409s] -- Up-to-date: /home/brotato211/ros2_humble/src/pm_vision_manager/install/pm_vision_interfaces/include/pm_vision_interfaces/pm_vision_interfaces/srv/detail/calibrate_pixel_per_um__rosidl_typesupport_introspection_c.h
[0.409s] -- Up-to-date: /home/brotato211/ros2_humble/src/pm_vision_manager/install/pm_vision_interfaces/include/pm_vision_interfaces/pm_vision_interfaces/srv/detail/calibrate_pixel_per_um__type_support.c
[0.409s] -- Up-to-date: /home/brotato211/ros2_humble/src/pm_vision_manager/install/pm_vision_interfaces/include/pm_vision_interfaces/pm_vision_interfaces/srv/detail/demo_set_exposure__type_support.c
[0.409s] -- Up-to-date: /home/brotato211/ros2_humble/src/pm_vision_manager/install/pm_vision_interfaces/include/pm_vision_interfaces/pm_vision_interfaces/srv/detail/execute_vision__type_support.c
[0.409s] -- Up-to-date: /home/brotato211/ros2_humble/src/pm_vision_manager/install/pm_vision_interfaces/include/pm_vision_interfaces/pm_vision_interfaces/msg
[0.409s] -- Up-to-date: /home/brotato211/ros2_humble/src/pm_vision_manager/install/pm_vision_interfaces/include/pm_vision_interfaces/pm_vision_interfaces/msg/detail
[0.409s] -- Up-to-date: /home/brotato211/ros2_humble/src/pm_vision_manager/install/pm_vision_interfaces/include/pm_vision_interfaces/pm_vision_interfaces/msg/detail/vision_area__type_support.c
[0.409s] -- Up-to-date: /home/brotato211/ros2_humble/src/pm_vision_manager/install/pm_vision_interfaces/include/pm_vision_interfaces/pm_vision_interfaces/msg/detail/vision_point__type_support.c
[0.409s] -- Up-to-date: /home/brotato211/ros2_humble/src/pm_vision_manager/install/pm_vision_interfaces/include/pm_vision_interfaces/pm_vision_interfaces/msg/detail/cross_validation__rosidl_typesupport_introspection_c.h
[0.409s] -- Up-to-date: /home/brotato211/ros2_humble/src/pm_vision_manager/install/pm_vision_interfaces/include/pm_vision_interfaces/pm_vision_interfaces/msg/detail/vision_results__type_support.c
[0.409s] -- Up-to-date: /home/brotato211/ros2_humble/src/pm_vision_manager/install/pm_vision_interfaces/include/pm_vision_interfaces/pm_vision_interfaces/msg/detail/vision_point__rosidl_typesupport_introspection_c.h
[0.409s] -- Up-to-date: /home/brotato211/ros2_humble/src/pm_vision_manager/install/pm_vision_interfaces/include/pm_vision_interfaces/pm_vision_interfaces/msg/detail/vision_circle__type_support.c
[0.409s] -- Up-to-date: /home/brotato211/ros2_humble/src/pm_vision_manager/install/pm_vision_interfaces/include/pm_vision_interfaces/pm_vision_interfaces/msg/detail/image_sharpness__rosidl_typesupport_introspection_c.h
[0.409s] -- Up-to-date: /home/brotato211/ros2_humble/src/pm_vision_manager/install/pm_vision_interfaces/include/pm_vision_interfaces/pm_vision_interfaces/msg/detail/vision_line__type_support.c
[0.409s] -- Up-to-date: /home/brotato211/ros2_humble/src/pm_vision_manager/install/pm_vision_interfaces/include/pm_vision_interfaces/pm_vision_interfaces/msg/detail/cross_validation__type_support.c
[0.409s] -- Up-to-date: /home/brotato211/ros2_humble/src/pm_vision_manager/install/pm_vision_interfaces/include/pm_vision_interfaces/pm_vision_interfaces/msg/detail/vision_line__rosidl_typesupport_introspection_c.h
[0.409s] -- Up-to-date: /home/brotato211/ros2_humble/src/pm_vision_manager/install/pm_vision_interfaces/include/pm_vision_interfaces/pm_vision_interfaces/msg/detail/vision_circle__rosidl_typesupport_introspection_c.h
[0.409s] -- Up-to-date: /home/brotato211/ros2_humble/src/pm_vision_manager/install/pm_vision_interfaces/include/pm_vision_interfaces/pm_vision_interfaces/msg/detail/vision_results__rosidl_typesupport_introspection_c.h
[0.409s] -- Up-to-date: /home/brotato211/ros2_humble/src/pm_vision_manager/install/pm_vision_interfaces/include/pm_vision_interfaces/pm_vision_interfaces/msg/detail/image_sharpness__type_support.c
[0.409s] -- Up-to-date: /home/brotato211/ros2_humble/src/pm_vision_manager/install/pm_vision_interfaces/include/pm_vision_interfaces/pm_vision_interfaces/msg/detail/vision_response__type_support.c
[0.409s] -- Up-to-date: /home/brotato211/ros2_humble/src/pm_vision_manager/install/pm_vision_interfaces/include/pm_vision_interfaces/pm_vision_interfaces/msg/detail/vision_response__rosidl_typesupport_introspection_c.h
[0.410s] -- Up-to-date: /home/brotato211/ros2_humble/src/pm_vision_manager/install/pm_vision_interfaces/include/pm_vision_interfaces/pm_vision_interfaces/msg/detail/vision_area__rosidl_typesupport_introspection_c.h
[0.410s] -- Up-to-date: /home/brotato211/ros2_humble/src/pm_vision_manager/install/pm_vision_interfaces/include/pm_vision_interfaces/pm_vision_interfaces/msg/rosidl_typesupport_introspection_c__visibility_control.h
[0.410s] -- Up-to-date: /home/brotato211/ros2_humble/src/pm_vision_manager/install/pm_vision_interfaces/lib/libpm_vision_interfaces__rosidl_typesupport_introspection_c.so
[0.410s] -- Up-to-date: /home/brotato211/ros2_humble/src/pm_vision_manager/install/pm_vision_interfaces/lib/libpm_vision_interfaces__rosidl_typesupport_c.so
[0.410s] -- Up-to-date: /home/brotato211/ros2_humble/src/pm_vision_manager/install/pm_vision_interfaces/include/pm_vision_interfaces/pm_vision_interfaces
[0.410s] -- Up-to-date: /home/brotato211/ros2_humble/src/pm_vision_manager/install/pm_vision_interfaces/include/pm_vision_interfaces/pm_vision_interfaces/srv
[0.410s] -- Up-to-date: /home/brotato211/ros2_humble/src/pm_vision_manager/install/pm_vision_interfaces/include/pm_vision_interfaces/pm_vision_interfaces/srv/detail
[0.410s] -- Up-to-date: /home/brotato211/ros2_humble/src/pm_vision_manager/install/pm_vision_interfaces/include/pm_vision_interfaces/pm_vision_interfaces/srv/detail/execute_vision__rosidl_typesupport_introspection_cpp.hpp
[0.410s] -- Up-to-date: /home/brotato211/ros2_humble/src/pm_vision_manager/install/pm_vision_interfaces/include/pm_vision_interfaces/pm_vision_interfaces/srv/detail/calibrate_pixel_per_um__rosidl_typesupport_introspection_cpp.hpp
[0.410s] -- Up-to-date: /home/brotato211/ros2_humble/src/pm_vision_manager/install/pm_vision_interfaces/include/pm_vision_interfaces/pm_vision_interfaces/srv/detail/demo_set_exposure__type_support.cpp
[0.410s] -- Up-to-date: /home/brotato211/ros2_humble/src/pm_vision_manager/install/pm_vision_interfaces/include/pm_vision_interfaces/pm_vision_interfaces/srv/detail/calibrate_angle__type_support.cpp
[0.410s] -- Up-to-date: /home/brotato211/ros2_humble/src/pm_vision_manager/install/pm_vision_interfaces/include/pm_vision_interfaces/pm_vision_interfaces/srv/detail/demo_set_exposure__rosidl_typesupport_introspection_cpp.hpp
[0.410s] -- Up-to-date: /home/brotato211/ros2_humble/src/pm_vision_manager/install/pm_vision_interfaces/include/pm_vision_interfaces/pm_vision_interfaces/srv/detail/calibrate_angle__rosidl_typesupport_introspection_cpp.hpp
[0.410s] -- Up-to-date: /home/brotato211/ros2_humble/src/pm_vision_manager/install/pm_vision_interfaces/include/pm_vision_interfaces/pm_vision_interfaces/srv/detail/execute_vision__type_support.cpp
[0.410s] -- Up-to-date: /home/brotato211/ros2_humble/src/pm_vision_manager/install/pm_vision_interfaces/include/pm_vision_interfaces/pm_vision_interfaces/srv/detail/calibrate_pixel_per_um__type_support.cpp
[0.410s] -- Up-to-date: /home/brotato211/ros2_humble/src/pm_vision_manager/install/pm_vision_interfaces/include/pm_vision_interfaces/pm_vision_interfaces/msg
[0.410s] -- Up-to-date: /home/brotato211/ros2_humble/src/pm_vision_manager/install/pm_vision_interfaces/include/pm_vision_interfaces/pm_vision_interfaces/msg/detail
[0.410s] -- Up-to-date: /home/brotato211/ros2_humble/src/pm_vision_manager/install/pm_vision_interfaces/include/pm_vision_interfaces/pm_vision_interfaces/msg/detail/cross_validation__rosidl_typesupport_introspection_cpp.hpp
[0.410s] -- Up-to-date: /home/brotato211/ros2_humble/src/pm_vision_manager/install/pm_vision_interfaces/include/pm_vision_interfaces/pm_vision_interfaces/msg/detail/vision_circle__rosidl_typesupport_introspection_cpp.hpp
[0.410s] -- Up-to-date: /home/brotato211/ros2_humble/src/pm_vision_manager/install/pm_vision_interfaces/include/pm_vision_interfaces/pm_vision_interfaces/msg/detail/cross_validation__type_support.cpp
[0.410s] -- Up-to-date: /home/brotato211/ros2_humble/src/pm_vision_manager/install/pm_vision_interfaces/include/pm_vision_interfaces/pm_vision_interfaces/msg/detail/vision_results__type_support.cpp
[0.410s] -- Up-to-date: /home/brotato211/ros2_humble/src/pm_vision_manager/install/pm_vision_interfaces/include/pm_vision_interfaces/pm_vision_interfaces/msg/detail/vision_response__rosidl_typesupport_introspection_cpp.hpp
[0.410s] -- Up-to-date: /home/brotato211/ros2_humble/src/pm_vision_manager/install/pm_vision_interfaces/include/pm_vision_interfaces/pm_vision_interfaces/msg/detail/vision_point__rosidl_typesupport_introspection_cpp.hpp
[0.410s] -- Up-to-date: /home/brotato211/ros2_humble/src/pm_vision_manager/install/pm_vision_interfaces/include/pm_vision_interfaces/pm_vision_interfaces/msg/detail/vision_area__rosidl_typesupport_introspection_cpp.hpp
[0.410s] -- Up-to-date: /home/brotato211/ros2_humble/src/pm_vision_manager/install/pm_vision_interfaces/include/pm_vision_interfaces/pm_vision_interfaces/msg/detail/vision_point__type_support.cpp
[0.410s] -- Up-to-date: /home/brotato211/ros2_humble/src/pm_vision_manager/install/pm_vision_interfaces/include/pm_vision_interfaces/pm_vision_interfaces/msg/detail/image_sharpness__type_support.cpp
[0.410s] -- Up-to-date: /home/brotato211/ros2_humble/src/pm_vision_manager/install/pm_vision_interfaces/include/pm_vision_interfaces/pm_vision_interfaces/msg/detail/vision_response__type_support.cpp
[0.410s] -- Up-to-date: /home/brotato211/ros2_humble/src/pm_vision_manager/install/pm_vision_interfaces/include/pm_vision_interfaces/pm_vision_interfaces/msg/detail/vision_circle__type_support.cpp
[0.411s] -- Up-to-date: /home/brotato211/ros2_humble/src/pm_vision_manager/install/pm_vision_interfaces/include/pm_vision_interfaces/pm_vision_interfaces/msg/detail/vision_area__type_support.cpp
[0.411s] -- Up-to-date: /home/brotato211/ros2_humble/src/pm_vision_manager/install/pm_vision_interfaces/include/pm_vision_interfaces/pm_vision_interfaces/msg/detail/vision_line__type_support.cpp
[0.411s] -- Up-to-date: /home/brotato211/ros2_humble/src/pm_vision_manager/install/pm_vision_interfaces/include/pm_vision_interfaces/pm_vision_interfaces/msg/detail/vision_results__rosidl_typesupport_introspection_cpp.hpp
[0.411s] -- Up-to-date: /home/brotato211/ros2_humble/src/pm_vision_manager/install/pm_vision_interfaces/include/pm_vision_interfaces/pm_vision_interfaces/msg/detail/vision_line__rosidl_typesupport_introspection_cpp.hpp
[0.411s] -- Up-to-date: /home/brotato211/ros2_humble/src/pm_vision_manager/install/pm_vision_interfaces/include/pm_vision_interfaces/pm_vision_interfaces/msg/detail/image_sharpness__rosidl_typesupport_introspection_cpp.hpp
[0.411s] -- Up-to-date: /home/brotato211/ros2_humble/src/pm_vision_manager/install/pm_vision_interfaces/lib/libpm_vision_interfaces__rosidl_typesupport_introspection_cpp.so
[0.411s] -- Up-to-date: /home/brotato211/ros2_humble/src/pm_vision_manager/install/pm_vision_interfaces/lib/libpm_vision_interfaces__rosidl_typesupport_cpp.so
[0.411s] -- Up-to-date: /home/brotato211/ros2_humble/src/pm_vision_manager/install/pm_vision_interfaces/share/pm_vision_interfaces/environment/pythonpath.sh
[0.411s] -- Up-to-date: /home/brotato211/ros2_humble/src/pm_vision_manager/install/pm_vision_interfaces/share/pm_vision_interfaces/environment/pythonpath.dsv
[0.411s] -- Up-to-date: /home/brotato211/ros2_humble/src/pm_vision_manager/install/pm_vision_interfaces/local/lib/python3.10/dist-packages/pm_vision_interfaces-0.0.0-py3.10.egg-info
[0.411s] -- Installing: /home/brotato211/ros2_humble/src/pm_vision_manager/install/pm_vision_interfaces/local/lib/python3.10/dist-packages/pm_vision_interfaces-0.0.0-py3.10.egg-info/top_level.txt
[0.411s] -- Installing: /home/brotato211/ros2_humble/src/pm_vision_manager/install/pm_vision_interfaces/local/lib/python3.10/dist-packages/pm_vision_interfaces-0.0.0-py3.10.egg-info/SOURCES.txt
[0.411s] -- Installing: /home/brotato211/ros2_humble/src/pm_vision_manager/install/pm_vision_interfaces/local/lib/python3.10/dist-packages/pm_vision_interfaces-0.0.0-py3.10.egg-info/PKG-INFO
[0.411s] -- Installing: /home/brotato211/ros2_humble/src/pm_vision_manager/install/pm_vision_interfaces/local/lib/python3.10/dist-packages/pm_vision_interfaces-0.0.0-py3.10.egg-info/dependency_links.txt
[0.411s] -- Up-to-date: /home/brotato211/ros2_humble/src/pm_vision_manager/install/pm_vision_interfaces/local/lib/python3.10/dist-packages/pm_vision_interfaces
[0.411s] -- Up-to-date: /home/brotato211/ros2_humble/src/pm_vision_manager/install/pm_vision_interfaces/local/lib/python3.10/dist-packages/pm_vision_interfaces/srv
[0.411s] -- Up-to-date: /home/brotato211/ros2_humble/src/pm_vision_manager/install/pm_vision_interfaces/local/lib/python3.10/dist-packages/pm_vision_interfaces/srv/_execute_vision.py
[0.411s] -- Up-to-date: /home/brotato211/ros2_humble/src/pm_vision_manager/install/pm_vision_interfaces/local/lib/python3.10/dist-packages/pm_vision_interfaces/srv/_calibrate_pixel_per_um_s.c
[0.411s] -- Up-to-date: /home/brotato211/ros2_humble/src/pm_vision_manager/install/pm_vision_interfaces/local/lib/python3.10/dist-packages/pm_vision_interfaces/srv/_calibrate_pixel_per_um.py
[0.411s] -- Up-to-date: /home/brotato211/ros2_humble/src/pm_vision_manager/install/pm_vision_interfaces/local/lib/python3.10/dist-packages/pm_vision_interfaces/srv/_calibrate_angle_s.c
[0.411s] -- Up-to-date: /home/brotato211/ros2_humble/src/pm_vision_manager/install/pm_vision_interfaces/local/lib/python3.10/dist-packages/pm_vision_interfaces/srv/_demo_set_exposure.py
[0.411s] -- Up-to-date: /home/brotato211/ros2_humble/src/pm_vision_manager/install/pm_vision_interfaces/local/lib/python3.10/dist-packages/pm_vision_interfaces/srv/_demo_set_exposure_s.c
[0.411s] -- Up-to-date: /home/brotato211/ros2_humble/src/pm_vision_manager/install/pm_vision_interfaces/local/lib/python3.10/dist-packages/pm_vision_interfaces/srv/_execute_vision_s.c
[0.411s] -- Up-to-date: /home/brotato211/ros2_humble/src/pm_vision_manager/install/pm_vision_interfaces/local/lib/python3.10/dist-packages/pm_vision_interfaces/srv/_calibrate_angle.py
[0.411s] -- Up-to-date: /home/brotato211/ros2_humble/src/pm_vision_manager/install/pm_vision_interfaces/local/lib/python3.10/dist-packages/pm_vision_interfaces/srv/__init__.py
[0.411s] -- Up-to-date: /home/brotato211/ros2_humble/src/pm_vision_manager/install/pm_vision_interfaces/local/lib/python3.10/dist-packages/pm_vision_interfaces/msg
[0.411s] -- Up-to-date: /home/brotato211/ros2_humble/src/pm_vision_manager/install/pm_vision_interfaces/local/lib/python3.10/dist-packages/pm_vision_interfaces/msg/_cross_validation.py
[0.411s] -- Up-to-date: /home/brotato211/ros2_humble/src/pm_vision_manager/install/pm_vision_interfaces/local/lib/python3.10/dist-packages/pm_vision_interfaces/msg/_vision_area.py
[0.411s] -- Up-to-date: /home/brotato211/ros2_humble/src/pm_vision_manager/install/pm_vision_interfaces/local/lib/python3.10/dist-packages/pm_vision_interfaces/msg/_vision_line_s.c
[0.411s] -- Up-to-date: /home/brotato211/ros2_humble/src/pm_vision_manager/install/pm_vision_interfaces/local/lib/python3.10/dist-packages/pm_vision_interfaces/msg/_vision_point_s.c
[0.411s] -- Up-to-date: /home/brotato211/ros2_humble/src/pm_vision_manager/install/pm_vision_interfaces/local/lib/python3.10/dist-packages/pm_vision_interfaces/msg/_vision_area_s.c
[0.411s] -- Up-to-date: /home/brotato211/ros2_humble/src/pm_vision_manager/install/pm_vision_interfaces/local/lib/python3.10/dist-packages/pm_vision_interfaces/msg/_vision_circle_s.c
[0.411s] -- Up-to-date: /home/brotato211/ros2_humble/src/pm_vision_manager/install/pm_vision_interfaces/local/lib/python3.10/dist-packages/pm_vision_interfaces/msg/_image_sharpness_s.c
[0.411s] -- Up-to-date: /home/brotato211/ros2_humble/src/pm_vision_manager/install/pm_vision_interfaces/local/lib/python3.10/dist-packages/pm_vision_interfaces/msg/_vision_results_s.c
[0.411s] -- Up-to-date: /home/brotato211/ros2_humble/src/pm_vision_manager/install/pm_vision_interfaces/local/lib/python3.10/dist-packages/pm_vision_interfaces/msg/_vision_response_s.c
[0.411s] -- Up-to-date: /home/brotato211/ros2_humble/src/pm_vision_manager/install/pm_vision_interfaces/local/lib/python3.10/dist-packages/pm_vision_interfaces/msg/_vision_line.py
[0.412s] -- Up-to-date: /home/brotato211/ros2_humble/src/pm_vision_manager/install/pm_vision_interfaces/local/lib/python3.10/dist-packages/pm_vision_interfaces/msg/_vision_response.py
[0.412s] -- Up-to-date: /home/brotato211/ros2_humble/src/pm_vision_manager/install/pm_vision_interfaces/local/lib/python3.10/dist-packages/pm_vision_interfaces/msg/__init__.py
[0.412s] -- Up-to-date: /home/brotato211/ros2_humble/src/pm_vision_manager/install/pm_vision_interfaces/local/lib/python3.10/dist-packages/pm_vision_interfaces/msg/_cross_validation_s.c
[0.412s] -- Up-to-date: /home/brotato211/ros2_humble/src/pm_vision_manager/install/pm_vision_interfaces/local/lib/python3.10/dist-packages/pm_vision_interfaces/msg/_image_sharpness.py
[0.412s] -- Up-to-date: /home/brotato211/ros2_humble/src/pm_vision_manager/install/pm_vision_interfaces/local/lib/python3.10/dist-packages/pm_vision_interfaces/msg/_vision_point.py
[0.412s] -- Up-to-date: /home/brotato211/ros2_humble/src/pm_vision_manager/install/pm_vision_interfaces/local/lib/python3.10/dist-packages/pm_vision_interfaces/msg/_vision_results.py
[0.412s] -- Up-to-date: /home/brotato211/ros2_humble/src/pm_vision_manager/install/pm_vision_interfaces/local/lib/python3.10/dist-packages/pm_vision_interfaces/msg/_vision_circle.py
[0.412s] -- Up-to-date: /home/brotato211/ros2_humble/src/pm_vision_manager/install/pm_vision_interfaces/local/lib/python3.10/dist-packages/pm_vision_interfaces/_pm_vision_interfaces_s.ep.rosidl_typesupport_c.c
[0.412s] -- Up-to-date: /home/brotato211/ros2_humble/src/pm_vision_manager/install/pm_vision_interfaces/local/lib/python3.10/dist-packages/pm_vision_interfaces/pm_vision_interfaces_s__rosidl_typesupport_introspection_c.cpython-310-x86_64-linux-gnu.so
[0.412s] -- Up-to-date: /home/brotato211/ros2_humble/src/pm_vision_manager/install/pm_vision_interfaces/local/lib/python3.10/dist-packages/pm_vision_interfaces/libpm_vision_interfaces__rosidl_generator_py.so
[0.412s] -- Up-to-date: /home/brotato211/ros2_humble/src/pm_vision_manager/install/pm_vision_interfaces/local/lib/python3.10/dist-packages/pm_vision_interfaces/pm_vision_interfaces_s__rosidl_typesupport_c.cpython-310-x86_64-linux-gnu.so
[0.412s] -- Up-to-date: /home/brotato211/ros2_humble/src/pm_vision_manager/install/pm_vision_interfaces/local/lib/python3.10/dist-packages/pm_vision_interfaces/pm_vision_interfaces_s__rosidl_typesupport_fastrtps_c.cpython-310-x86_64-linux-gnu.so
[0.412s] -- Up-to-date: /home/brotato211/ros2_humble/src/pm_vision_manager/install/pm_vision_interfaces/local/lib/python3.10/dist-packages/pm_vision_interfaces/__init__.py
[0.412s] -- Up-to-date: /home/brotato211/ros2_humble/src/pm_vision_manager/install/pm_vision_interfaces/local/lib/python3.10/dist-packages/pm_vision_interfaces/_pm_vision_interfaces_s.ep.rosidl_typesupport_introspection_c.c
[0.412s] -- Up-to-date: /home/brotato211/ros2_humble/src/pm_vision_manager/install/pm_vision_interfaces/local/lib/python3.10/dist-packages/pm_vision_interfaces/_pm_vision_interfaces_s.ep.rosidl_typesupport_fastrtps_c.c
[0.435s] Listing '/home/brotato211/ros2_humble/src/pm_vision_manager/install/pm_vision_interfaces/local/lib/python3.10/dist-packages/pm_vision_interfaces'...
[0.435s] Listing '/home/brotato211/ros2_humble/src/pm_vision_manager/install/pm_vision_interfaces/local/lib/python3.10/dist-packages/pm_vision_interfaces/msg'...
[0.435s] Listing '/home/brotato211/ros2_humble/src/pm_vision_manager/install/pm_vision_interfaces/local/lib/python3.10/dist-packages/pm_vision_interfaces/srv'...
[0.437s] -- Up-to-date: /home/brotato211/ros2_humble/src/pm_vision_manager/install/pm_vision_interfaces/local/lib/python3.10/dist-packages/pm_vision_interfaces/pm_vision_interfaces_s__rosidl_typesupport_fastrtps_c.cpython-310-x86_64-linux-gnu.so
[0.437s] -- Up-to-date: /home/brotato211/ros2_humble/src/pm_vision_manager/install/pm_vision_interfaces/local/lib/python3.10/dist-packages/pm_vision_interfaces/pm_vision_interfaces_s__rosidl_typesupport_introspection_c.cpython-310-x86_64-linux-gnu.so
[0.438s] -- Up-to-date: /home/brotato211/ros2_humble/src/pm_vision_manager/install/pm_vision_interfaces/local/lib/python3.10/dist-packages/pm_vision_interfaces/pm_vision_interfaces_s__rosidl_typesupport_c.cpython-310-x86_64-linux-gnu.so
[0.438s] -- Up-to-date: /home/brotato211/ros2_humble/src/pm_vision_manager/install/pm_vision_interfaces/lib/libpm_vision_interfaces__rosidl_generator_py.so
[0.438s] -- Up-to-date: /home/brotato211/ros2_humble/src/pm_vision_manager/install/pm_vision_interfaces/share/pm_vision_interfaces/srv/ExecuteVision.idl
[0.438s] -- Up-to-date: /home/brotato211/ros2_humble/src/pm_vision_manager/install/pm_vision_interfaces/share/pm_vision_interfaces/srv/DemoSetExposure.idl
[0.438s] -- Up-to-date: /home/brotato211/ros2_humble/src/pm_vision_manager/install/pm_vision_interfaces/share/pm_vision_interfaces/srv/CalibratePixelPerUm.idl
[0.438s] -- Up-to-date: /home/brotato211/ros2_humble/src/pm_vision_manager/install/pm_vision_interfaces/share/pm_vision_interfaces/srv/CalibrateAngle.idl
[0.438s] -- Up-to-date: /home/brotato211/ros2_humble/src/pm_vision_manager/install/pm_vision_interfaces/share/pm_vision_interfaces/msg/VisionPoint.idl
[0.438s] -- Up-to-date: /home/brotato211/ros2_humble/src/pm_vision_manager/install/pm_vision_interfaces/share/pm_vision_interfaces/msg/CrossValidation.idl
[0.438s] -- Up-to-date: /home/brotato211/ros2_humble/src/pm_vision_manager/install/pm_vision_interfaces/share/pm_vision_interfaces/msg/VisionResults.idl
[0.438s] -- Up-to-date: /home/brotato211/ros2_humble/src/pm_vision_manager/install/pm_vision_interfaces/share/pm_vision_interfaces/msg/VisionLine.idl
[0.438s] -- Up-to-date: /home/brotato211/ros2_humble/src/pm_vision_manager/install/pm_vision_interfaces/share/pm_vision_interfaces/msg/VisionArea.idl
[0.438s] -- Up-to-date: /home/brotato211/ros2_humble/src/pm_vision_manager/install/pm_vision_interfaces/share/pm_vision_interfaces/msg/VisionCircle.idl
[0.438s] -- Up-to-date: /home/brotato211/ros2_humble/src/pm_vision_manager/install/pm_vision_interfaces/share/pm_vision_interfaces/msg/VisionResponse.idl
[0.438s] -- Up-to-date: /home/brotato211/ros2_humble/src/pm_vision_manager/install/pm_vision_interfaces/share/pm_vision_interfaces/msg/ImageSharpness.idl
[0.438s] -- Up-to-date: /home/brotato211/ros2_humble/src/pm_vision_manager/install/pm_vision_interfaces/share/pm_vision_interfaces/srv/ExecuteVision.srv
[0.438s] -- Up-to-date: /home/brotato211/ros2_humble/src/pm_vision_manager/install/pm_vision_interfaces/share/pm_vision_interfaces/srv/ExecuteVision_Request.msg
[0.439s] -- Up-to-date: /home/brotato211/ros2_humble/src/pm_vision_manager/install/pm_vision_interfaces/share/pm_vision_interfaces/srv/ExecuteVision_Response.msg
[0.439s] -- Up-to-date: /home/brotato211/ros2_humble/src/pm_vision_manager/install/pm_vision_interfaces/share/pm_vision_interfaces/srv/DemoSetExposure.srv
[0.439s] -- Up-to-date: /home/brotato211/ros2_humble/src/pm_vision_manager/install/pm_vision_interfaces/share/pm_vision_interfaces/srv/DemoSetExposure_Request.msg
[0.439s] -- Up-to-date: /home/brotato211/ros2_humble/src/pm_vision_manager/install/pm_vision_interfaces/share/pm_vision_interfaces/srv/DemoSetExposure_Response.msg
[0.439s] -- Up-to-date: /home/brotato211/ros2_humble/src/pm_vision_manager/install/pm_vision_interfaces/share/pm_vision_interfaces/srv/CalibratePixelPerUm.srv
[0.439s] -- Up-to-date: /home/brotato211/ros2_humble/src/pm_vision_manager/install/pm_vision_interfaces/share/pm_vision_interfaces/srv/CalibratePixelPerUm_Request.msg
[0.439s] -- Up-to-date: /home/brotato211/ros2_humble/src/pm_vision_manager/install/pm_vision_interfaces/share/pm_vision_interfaces/srv/CalibratePixelPerUm_Response.msg
[0.439s] -- Up-to-date: /home/brotato211/ros2_humble/src/pm_vision_manager/install/pm_vision_interfaces/share/pm_vision_interfaces/srv/CalibrateAngle.srv
[0.439s] -- Up-to-date: /home/brotato211/ros2_humble/src/pm_vision_manager/install/pm_vision_interfaces/share/pm_vision_interfaces/srv/CalibrateAngle_Request.msg
[0.439s] -- Up-to-date: /home/brotato211/ros2_humble/src/pm_vision_manager/install/pm_vision_interfaces/share/pm_vision_interfaces/srv/CalibrateAngle_Response.msg
[0.439s] -- Up-to-date: /home/brotato211/ros2_humble/src/pm_vision_manager/install/pm_vision_interfaces/share/pm_vision_interfaces/msg/VisionPoint.msg
[0.439s] -- Up-to-date: /home/brotato211/ros2_humble/src/pm_vision_manager/install/pm_vision_interfaces/share/pm_vision_interfaces/msg/CrossValidation.msg
[0.439s] -- Up-to-date: /home/brotato211/ros2_humble/src/pm_vision_manager/install/pm_vision_interfaces/share/pm_vision_interfaces/msg/VisionResults.msg
[0.439s] -- Up-to-date: /home/brotato211/ros2_humble/src/pm_vision_manager/install/pm_vision_interfaces/share/pm_vision_interfaces/msg/VisionLine.msg
[0.439s] -- Up-to-date: /home/brotato211/ros2_humble/src/pm_vision_manager/install/pm_vision_interfaces/share/pm_vision_interfaces/msg/VisionArea.msg
[0.439s] -- Up-to-date: /home/brotato211/ros2_humble/src/pm_vision_manager/install/pm_vision_interfaces/share/pm_vision_interfaces/msg/VisionCircle.msg
[0.439s] -- Up-to-date: /home/brotato211/ros2_humble/src/pm_vision_manager/install/pm_vision_interfaces/share/pm_vision_interfaces/msg/VisionResponse.msg
[0.439s] -- Up-to-date: /home/brotato211/ros2_humble/src/pm_vision_manager/install/pm_vision_interfaces/share/pm_vision_interfaces/msg/ImageSharpness.msg
[0.439s] -- Up-to-date: /home/brotato211/ros2_humble/src/pm_vision_manager/install/pm_vision_interfaces/share/ament_index/resource_index/package_run_dependencies/pm_vision_interfaces
[0.439s] -- Up-to-date: /home/brotato211/ros2_humble/src/pm_vision_manager/install/pm_vision_interfaces/share/ament_index/resource_index/parent_prefix_path/pm_vision_interfaces
[0.439s] -- Up-to-date: /home/brotato211/ros2_humble/src/pm_vision_manager/install/pm_vision_interfaces/share/pm_vision_interfaces/environment/ament_prefix_path.sh
[0.439s] -- Up-to-date: /home/brotato211/ros2_humble/src/pm_vision_manager/install/pm_vision_interfaces/share/pm_vision_interfaces/environment/ament_prefix_path.dsv
[0.439s] -- Up-to-date: /home/brotato211/ros2_humble/src/pm_vision_manager/install/pm_vision_interfaces/share/pm_vision_interfaces/environment/path.sh
[0.440s] -- Up-to-date: /home/brotato211/ros2_humble/src/pm_vision_manager/install/pm_vision_interfaces/share/pm_vision_interfaces/environment/path.dsv
[0.440s] -- Up-to-date: /home/brotato211/ros2_humble/src/pm_vision_manager/install/pm_vision_interfaces/share/pm_vision_interfaces/local_setup.bash
[0.440s] -- Up-to-date: /home/brotato211/ros2_humble/src/pm_vision_manager/install/pm_vision_interfaces/share/pm_vision_interfaces/local_setup.sh
[0.440s] -- Up-to-date: /home/brotato211/ros2_humble/src/pm_vision_manager/install/pm_vision_interfaces/share/pm_vision_interfaces/local_setup.zsh
[0.440s] -- Up-to-date: /home/brotato211/ros2_humble/src/pm_vision_manager/install/pm_vision_interfaces/share/pm_vision_interfaces/local_setup.dsv
[0.440s] -- Installing: /home/brotato211/ros2_humble/src/pm_vision_manager/install/pm_vision_interfaces/share/pm_vision_interfaces/package.dsv
[0.440s] -- Up-to-date: /home/brotato211/ros2_humble/src/pm_vision_manager/install/pm_vision_interfaces/share/ament_index/resource_index/packages/pm_vision_interfaces
[0.440s] -- Up-to-date: /home/brotato211/ros2_humble/src/pm_vision_manager/install/pm_vision_interfaces/share/pm_vision_interfaces/cmake/export_pm_vision_interfaces__rosidl_generator_cExport.cmake
[0.440s] -- Up-to-date: /home/brotato211/ros2_humble/src/pm_vision_manager/install/pm_vision_interfaces/share/pm_vision_interfaces/cmake/export_pm_vision_interfaces__rosidl_generator_cExport-noconfig.cmake
[0.440s] -- Up-to-date: /home/brotato211/ros2_humble/src/pm_vision_manager/install/pm_vision_interfaces/share/pm_vision_interfaces/cmake/export_pm_vision_interfaces__rosidl_typesupport_fastrtps_cExport.cmake
[0.440s] -- Up-to-date: /home/brotato211/ros2_humble/src/pm_vision_manager/install/pm_vision_interfaces/share/pm_vision_interfaces/cmake/export_pm_vision_interfaces__rosidl_typesupport_fastrtps_cExport-noconfig.cmake
[0.440s] -- Up-to-date: /home/brotato211/ros2_humble/src/pm_vision_manager/install/pm_vision_interfaces/share/pm_vision_interfaces/cmake/export_pm_vision_interfaces__rosidl_generator_cppExport.cmake
[0.440s] -- Up-to-date: /home/brotato211/ros2_humble/src/pm_vision_manager/install/pm_vision_interfaces/share/pm_vision_interfaces/cmake/export_pm_vision_interfaces__rosidl_typesupport_fastrtps_cppExport.cmake
[0.440s] -- Up-to-date: /home/brotato211/ros2_humble/src/pm_vision_manager/install/pm_vision_interfaces/share/pm_vision_interfaces/cmake/export_pm_vision_interfaces__rosidl_typesupport_fastrtps_cppExport-noconfig.cmake
[0.440s] -- Up-to-date: /home/brotato211/ros2_humble/src/pm_vision_manager/install/pm_vision_interfaces/share/pm_vision_interfaces/cmake/pm_vision_interfaces__rosidl_typesupport_introspection_cExport.cmake
[0.440s] -- Up-to-date: /home/brotato211/ros2_humble/src/pm_vision_manager/install/pm_vision_interfaces/share/pm_vision_interfaces/cmake/pm_vision_interfaces__rosidl_typesupport_introspection_cExport-noconfig.cmake
[0.440s] -- Up-to-date: /home/brotato211/ros2_humble/src/pm_vision_manager/install/pm_vision_interfaces/share/pm_vision_interfaces/cmake/pm_vision_interfaces__rosidl_typesupport_cExport.cmake
[0.440s] -- Up-to-date: /home/brotato211/ros2_humble/src/pm_vision_manager/install/pm_vision_interfaces/share/pm_vision_interfaces/cmake/pm_vision_interfaces__rosidl_typesupport_cExport-noconfig.cmake
[0.441s] -- Up-to-date: /home/brotato211/ros2_humble/src/pm_vision_manager/install/pm_vision_interfaces/share/pm_vision_interfaces/cmake/pm_vision_interfaces__rosidl_typesupport_introspection_cppExport.cmake
[0.441s] -- Up-to-date: /home/brotato211/ros2_humble/src/pm_vision_manager/install/pm_vision_interfaces/share/pm_vision_interfaces/cmake/pm_vision_interfaces__rosidl_typesupport_introspection_cppExport-noconfig.cmake
[0.441s] -- Up-to-date: /home/brotato211/ros2_humble/src/pm_vision_manager/install/pm_vision_interfaces/share/pm_vision_interfaces/cmake/pm_vision_interfaces__rosidl_typesupport_cppExport.cmake
[0.441s] -- Up-to-date: /home/brotato211/ros2_humble/src/pm_vision_manager/install/pm_vision_interfaces/share/pm_vision_interfaces/cmake/pm_vision_interfaces__rosidl_typesupport_cppExport-noconfig.cmake
[0.441s] -- Up-to-date: /home/brotato211/ros2_humble/src/pm_vision_manager/install/pm_vision_interfaces/share/pm_vision_interfaces/cmake/export_pm_vision_interfaces__rosidl_generator_pyExport.cmake
[0.441s] -- Up-to-date: /home/brotato211/ros2_humble/src/pm_vision_manager/install/pm_vision_interfaces/share/pm_vision_interfaces/cmake/export_pm_vision_interfaces__rosidl_generator_pyExport-noconfig.cmake
[0.441s] -- Up-to-date: /home/brotato211/ros2_humble/src/pm_vision_manager/install/pm_vision_interfaces/share/pm_vision_interfaces/cmake/rosidl_cmake-extras.cmake
[0.441s] -- Up-to-date: /home/brotato211/ros2_humble/src/pm_vision_manager/install/pm_vision_interfaces/share/pm_vision_interfaces/cmake/ament_cmake_export_dependencies-extras.cmake
[0.441s] -- Up-to-date: /home/brotato211/ros2_humble/src/pm_vision_manager/install/pm_vision_interfaces/share/pm_vision_interfaces/cmake/ament_cmake_export_include_directories-extras.cmake
[0.441s] -- Up-to-date: /home/brotato211/ros2_humble/src/pm_vision_manager/install/pm_vision_interfaces/share/pm_vision_interfaces/cmake/ament_cmake_export_libraries-extras.cmake
[0.441s] -- Up-to-date: /home/brotato211/ros2_humble/src/pm_vision_manager/install/pm_vision_interfaces/share/pm_vision_interfaces/cmake/ament_cmake_export_targets-extras.cmake
[0.441s] -- Up-to-date: /home/brotato211/ros2_humble/src/pm_vision_manager/install/pm_vision_interfaces/share/pm_vision_interfaces/cmake/rosidl_cmake_export_typesupport_targets-extras.cmake
[0.441s] -- Up-to-date: /home/brotato211/ros2_humble/src/pm_vision_manager/install/pm_vision_interfaces/share/pm_vision_interfaces/cmake/rosidl_cmake_export_typesupport_libraries-extras.cmake
[0.441s] -- Up-to-date: /home/brotato211/ros2_humble/src/pm_vision_manager/install/pm_vision_interfaces/share/pm_vision_interfaces/cmake/pm_vision_interfacesConfig.cmake
[0.441s] -- Up-to-date: /home/brotato211/ros2_humble/src/pm_vision_manager/install/pm_vision_interfaces/share/pm_vision_interfaces/cmake/pm_vision_interfacesConfig-version.cmake
[0.441s] -- Up-to-date: /home/brotato211/ros2_humble/src/pm_vision_manager/install/pm_vision_interfaces/share/pm_vision_interfaces/package.xml
[0.443s] Invoked command in '/home/brotato211/ros2_humble/src/pm_vision_manager/build/pm_vision_interfaces' returned '0': CMAKE_PREFIX_PATH=${CMAKE_PREFIX_PATH}:/home/brotato211/ros2_humble/install/ros_sequential_action_programmer:/home/brotato211/ros2_humble/install/pneumatic_controller_listener:/home/brotato211/ros2_humble/install/pm_vision_manager:/home/brotato211/ros2_humble/install/pm_vision_app:/home/brotato211/ros2_humble/install/pm_tf_viewer:/home/brotato211/ros2_humble/install/pm_robot_primitive_skills:/home/brotato211/ros2_humble/install/pm_robot_control_test:/home/brotato211/ros2_humble/install/pm_adhesive_displayer:/home/brotato211/ros2_humble/install/gonio_orientation_solver:/opt/ros/humble /usr/bin/cmake --install /home/brotato211/ros2_humble/src/pm_vision_manager/build/pm_vision_interfaces
