-- The C compiler identification is GNU 11.4.0
-- The CXX compiler identification is GNU 11.4.0
-- Detecting C compiler ABI info
-- Detecting C compiler ABI info - done
-- Check for working C compiler: /usr/bin/cc - skipped
-- Detecting C compile features
-- Detecting C compile features - done
-- Detecting CXX compiler ABI info
-- Detecting CXX compiler ABI info - done
-- Check for working CXX compiler: /usr/bin/c++ - skipped
-- Detecting CXX compile features
-- Detecting CXX compile features - done
-- Found ament_cmake: 1.3.11 (/opt/ros/humble/share/ament_cmake/cmake)
-- Found Python3: /usr/bin/python3 (found version "3.10.12") found components: Interpreter 
-- Found geometry_msgs: 4.8.0 (/opt/ros/humble/share/geometry_msgs/cmake)
-- Found rosidl_generator_c: 3.1.6 (/opt/ros/humble/share/rosidl_generator_c/cmake)
-- Found rosidl_adapter: 3.1.6 (/opt/ros/humble/share/rosidl_adapter/cmake)
-- Found rosidl_generator_cpp: 3.1.6 (/opt/ros/humble/share/rosidl_generator_cpp/cmake)
-- Using all available rosidl_typesupport_c: rosidl_typesupport_fastrtps_c;rosidl_typesupport_introspection_c
-- Using all available rosidl_typesupport_cpp: rosidl_typesupport_fastrtps_cpp;rosidl_typesupport_introspection_cpp
-- Found rosidl_default_generators: 1.2.0 (/opt/ros/humble/share/rosidl_default_generators/cmake)
-- Found ament_cmake_ros: 0.10.0 (/opt/ros/humble/share/ament_cmake_ros/cmake)
-- Using all available rosidl_typesupport_c: rosidl_typesupport_fastrtps_c;rosidl_typesupport_introspection_c
-- Using all available rosidl_typesupport_cpp: rosidl_typesupport_fastrtps_cpp;rosidl_typesupport_introspection_cpp
-- Found PythonInterp: /usr/bin/python3 (found suitable version "3.10.12", minimum required is "3.6") 
-- Found python_cmake_module: 0.10.0 (/opt/ros/humble/share/python_cmake_module/cmake)
-- Found PythonLibs: /usr/lib/x86_64-linux-gnu/libpython3.10.so (found suitable version "3.10.12", minimum required is "3.5") 
-- Using PYTHON_EXECUTABLE: /usr/bin/python3
-- Using PYTHON_INCLUDE_DIRS: /usr/include/python3.10
-- Using PYTHON_LIBRARIES: /usr/lib/x86_64-linux-gnu/libpython3.10.so
-- Found PythonExtra: .so  
-- Found ament_lint_auto: 0.12.12 (/opt/ros/humble/share/ament_lint_auto/cmake)
-- Added test 'lint_cmake' to check CMake code style
-- Added test 'xmllint' to check XML markup files
-- Configuring done
-- Generating done
-- Build files have been written to: /home/brotato211/ros2_humble/src/pm_vision_manager/build/pm_vision_interfaces
[  1%] [34m[1mGenerating C code for ROS interfaces[0m
[  1%] [34m[1mGenerating C++ code for ROS interfaces[0m
[  1%] Built target ament_cmake_python_copy_pm_vision_interfaces
running egg_info
creating pm_vision_interfaces.egg-info
writing pm_vision_interfaces.egg-info/PKG-INFO
writing dependency_links to pm_vision_interfaces.egg-info/dependency_links.txt
writing top-level names to pm_vision_interfaces.egg-info/top_level.txt
writing manifest file 'pm_vision_interfaces.egg-info/SOURCES.txt'
reading manifest file 'pm_vision_interfaces.egg-info/SOURCES.txt'
writing manifest file 'pm_vision_interfaces.egg-info/SOURCES.txt'
[  1%] Built target ament_cmake_python_build_pm_vision_interfaces_egg
[  2%] [32mBuilding C object CMakeFiles/pm_vision_interfaces__rosidl_generator_c.dir/rosidl_generator_c/pm_vision_interfaces/srv/detail/demo_set_exposure__functions.c.o[0m
[  3%] [32mBuilding C object CMakeFiles/pm_vision_interfaces__rosidl_generator_c.dir/rosidl_generator_c/pm_vision_interfaces/msg/detail/vision_results__functions.c.o[0m
[  2%] [32mBuilding C object CMakeFiles/pm_vision_interfaces__rosidl_generator_c.dir/rosidl_generator_c/pm_vision_interfaces/srv/detail/calibrate_angle__functions.c.o[0m
[  4%] [32mBuilding C object CMakeFiles/pm_vision_interfaces__rosidl_generator_c.dir/rosidl_generator_c/pm_vision_interfaces/srv/detail/execute_vision__functions.c.o[0m
[  6%] [32mBuilding C object CMakeFiles/pm_vision_interfaces__rosidl_generator_c.dir/rosidl_generator_c/pm_vision_interfaces/msg/detail/cross_validation__functions.c.o[0m
[  7%] [32mBuilding C object CMakeFiles/pm_vision_interfaces__rosidl_generator_c.dir/rosidl_generator_c/pm_vision_interfaces/msg/detail/vision_point__functions.c.o[0m
[  7%] [32mBuilding C object CMakeFiles/pm_vision_interfaces__rosidl_generator_c.dir/rosidl_generator_c/pm_vision_interfaces/srv/detail/calibrate_pixel_per_um__functions.c.o[0m
[  8%] [32mBuilding C object CMakeFiles/pm_vision_interfaces__rosidl_generator_c.dir/rosidl_generator_c/pm_vision_interfaces/msg/detail/vision_line__functions.c.o[0m
[  8%] [32mBuilding C object CMakeFiles/pm_vision_interfaces__rosidl_generator_c.dir/rosidl_generator_c/pm_vision_interfaces/msg/detail/vision_circle__functions.c.o[0m
[  9%] [32mBuilding C object CMakeFiles/pm_vision_interfaces__rosidl_generator_c.dir/rosidl_generator_c/pm_vision_interfaces/msg/detail/vision_area__functions.c.o[0m
[ 10%] [32mBuilding C object CMakeFiles/pm_vision_interfaces__rosidl_generator_c.dir/rosidl_generator_c/pm_vision_interfaces/msg/detail/vision_response__functions.c.o[0m
[ 11%] [32mBuilding C object CMakeFiles/pm_vision_interfaces__rosidl_generator_c.dir/rosidl_generator_c/pm_vision_interfaces/msg/detail/image_sharpness__functions.c.o[0m
[ 11%] Built target pm_vision_interfaces__cpp
[ 12%] [34m[1mGenerating C++ type support dispatch for ROS interfaces[0m
[ 12%] [34m[1mGenerating C++ type support for eProsima Fast-RTPS[0m
[ 13%] [34m[1mGenerating C++ introspection for ROS interfaces[0m
[ 14%] [32m[1mLinking C shared library libpm_vision_interfaces__rosidl_generator_c.so[0m
[ 14%] Built target pm_vision_interfaces__rosidl_generator_c
[ 15%] [34m[1mGenerating C type support for eProsima Fast-RTPS[0m
[ 16%] [34m[1mGenerating C introspection for ROS interfaces[0m
[ 17%] [34m[1mGenerating C type support dispatch for ROS interfaces[0m
[ 18%] [32mBuilding CXX object CMakeFiles/pm_vision_interfaces__rosidl_typesupport_cpp.dir/rosidl_typesupport_cpp/pm_vision_interfaces/srv/demo_set_exposure__type_support.cpp.o[0m
[ 19%] [32mBuilding CXX object CMakeFiles/pm_vision_interfaces__rosidl_typesupport_cpp.dir/rosidl_typesupport_cpp/pm_vision_interfaces/srv/execute_vision__type_support.cpp.o[0m
[ 20%] [32mBuilding CXX object CMakeFiles/pm_vision_interfaces__rosidl_typesupport_cpp.dir/rosidl_typesupport_cpp/pm_vision_interfaces/msg/vision_point__type_support.cpp.o[0m
[ 20%] [32mBuilding CXX object CMakeFiles/pm_vision_interfaces__rosidl_typesupport_cpp.dir/rosidl_typesupport_cpp/pm_vision_interfaces/srv/calibrate_pixel_per_um__type_support.cpp.o[0m
[ 21%] [32mBuilding CXX object CMakeFiles/pm_vision_interfaces__rosidl_typesupport_cpp.dir/rosidl_typesupport_cpp/pm_vision_interfaces/msg/vision_circle__type_support.cpp.o[0m
[ 22%] [32mBuilding CXX object CMakeFiles/pm_vision_interfaces__rosidl_typesupport_cpp.dir/rosidl_typesupport_cpp/pm_vision_interfaces/msg/cross_validation__type_support.cpp.o[0m
[ 23%] [32mBuilding CXX object CMakeFiles/pm_vision_interfaces__rosidl_typesupport_cpp.dir/rosidl_typesupport_cpp/pm_vision_interfaces/srv/calibrate_angle__type_support.cpp.o[0m
[ 24%] [32mBuilding CXX object CMakeFiles/pm_vision_interfaces__rosidl_typesupport_cpp.dir/rosidl_typesupport_cpp/pm_vision_interfaces/msg/vision_line__type_support.cpp.o[0m
[ 25%] [32mBuilding CXX object CMakeFiles/pm_vision_interfaces__rosidl_typesupport_cpp.dir/rosidl_typesupport_cpp/pm_vision_interfaces/msg/vision_results__type_support.cpp.o[0m
[ 26%] [32mBuilding CXX object CMakeFiles/pm_vision_interfaces__rosidl_typesupport_cpp.dir/rosidl_typesupport_cpp/pm_vision_interfaces/msg/vision_area__type_support.cpp.o[0m
[ 26%] [32mBuilding CXX object CMakeFiles/pm_vision_interfaces__rosidl_typesupport_cpp.dir/rosidl_typesupport_cpp/pm_vision_interfaces/msg/vision_response__type_support.cpp.o[0m
[ 27%] [32mBuilding CXX object CMakeFiles/pm_vision_interfaces__rosidl_typesupport_c.dir/rosidl_typesupport_c/pm_vision_interfaces/srv/execute_vision__type_support.cpp.o[0m
[ 27%] [32mBuilding CXX object CMakeFiles/pm_vision_interfaces__rosidl_typesupport_c.dir/rosidl_typesupport_c/pm_vision_interfaces/srv/demo_set_exposure__type_support.cpp.o[0m
[ 28%] [32mBuilding CXX object CMakeFiles/pm_vision_interfaces__rosidl_typesupport_c.dir/rosidl_typesupport_c/pm_vision_interfaces/srv/calibrate_pixel_per_um__type_support.cpp.o[0m
[ 29%] [32mBuilding CXX object CMakeFiles/pm_vision_interfaces__rosidl_typesupport_c.dir/rosidl_typesupport_c/pm_vision_interfaces/srv/calibrate_angle__type_support.cpp.o[0m
[ 30%] [32mBuilding CXX object CMakeFiles/pm_vision_interfaces__rosidl_typesupport_c.dir/rosidl_typesupport_c/pm_vision_interfaces/msg/vision_point__type_support.cpp.o[0m
[ 32%] [32mBuilding CXX object CMakeFiles/pm_vision_interfaces__rosidl_typesupport_c.dir/rosidl_typesupport_c/pm_vision_interfaces/msg/cross_validation__type_support.cpp.o[0m
[ 32%] [32mBuilding CXX object CMakeFiles/pm_vision_interfaces__rosidl_typesupport_cpp.dir/rosidl_typesupport_cpp/pm_vision_interfaces/msg/image_sharpness__type_support.cpp.o[0m
[ 33%] [32mBuilding CXX object CMakeFiles/pm_vision_interfaces__rosidl_typesupport_c.dir/rosidl_typesupport_c/pm_vision_interfaces/msg/vision_results__type_support.cpp.o[0m
[ 33%] [32mBuilding CXX object CMakeFiles/pm_vision_interfaces__rosidl_typesupport_c.dir/rosidl_typesupport_c/pm_vision_interfaces/msg/vision_line__type_support.cpp.o[0m
[ 34%] [32mBuilding CXX object CMakeFiles/pm_vision_interfaces__rosidl_typesupport_c.dir/rosidl_typesupport_c/pm_vision_interfaces/msg/vision_area__type_support.cpp.o[0m
[ 35%] [32mBuilding CXX object CMakeFiles/pm_vision_interfaces__rosidl_typesupport_c.dir/rosidl_typesupport_c/pm_vision_interfaces/msg/vision_circle__type_support.cpp.o[0m
[ 36%] [32mBuilding CXX object CMakeFiles/pm_vision_interfaces__rosidl_typesupport_c.dir/rosidl_typesupport_c/pm_vision_interfaces/msg/vision_response__type_support.cpp.o[0m
[ 37%] [32mBuilding CXX object CMakeFiles/pm_vision_interfaces__rosidl_typesupport_c.dir/rosidl_typesupport_c/pm_vision_interfaces/msg/image_sharpness__type_support.cpp.o[0m
[ 37%] [32mBuilding CXX object CMakeFiles/pm_vision_interfaces__rosidl_typesupport_introspection_cpp.dir/rosidl_typesupport_introspection_cpp/pm_vision_interfaces/srv/detail/execute_vision__type_support.cpp.o[0m
[ 38%] [32mBuilding CXX object CMakeFiles/pm_vision_interfaces__rosidl_typesupport_introspection_cpp.dir/rosidl_typesupport_introspection_cpp/pm_vision_interfaces/srv/detail/demo_set_exposure__type_support.cpp.o[0m
[ 39%] [32mBuilding CXX object CMakeFiles/pm_vision_interfaces__rosidl_typesupport_introspection_cpp.dir/rosidl_typesupport_introspection_cpp/pm_vision_interfaces/srv/detail/calibrate_pixel_per_um__type_support.cpp.o[0m
[ 40%] [32mBuilding CXX object CMakeFiles/pm_vision_interfaces__rosidl_typesupport_introspection_cpp.dir/rosidl_typesupport_introspection_cpp/pm_vision_interfaces/srv/detail/calibrate_angle__type_support.cpp.o[0m
[ 41%] [32mBuilding CXX object CMakeFiles/pm_vision_interfaces__rosidl_typesupport_introspection_cpp.dir/rosidl_typesupport_introspection_cpp/pm_vision_interfaces/msg/detail/vision_point__type_support.cpp.o[0m
[ 42%] [32mBuilding CXX object CMakeFiles/pm_vision_interfaces__rosidl_typesupport_introspection_cpp.dir/rosidl_typesupport_introspection_cpp/pm_vision_interfaces/msg/detail/cross_validation__type_support.cpp.o[0m
[ 42%] [32mBuilding CXX object CMakeFiles/pm_vision_interfaces__rosidl_typesupport_introspection_cpp.dir/rosidl_typesupport_introspection_cpp/pm_vision_interfaces/msg/detail/vision_results__type_support.cpp.o[0m
[ 43%] [32mBuilding CXX object CMakeFiles/pm_vision_interfaces__rosidl_typesupport_introspection_cpp.dir/rosidl_typesupport_introspection_cpp/pm_vision_interfaces/msg/detail/vision_line__type_support.cpp.o[0m
[ 44%] [32m[1mLinking CXX shared library libpm_vision_interfaces__rosidl_typesupport_c.so[0m
[ 45%] [32mBuilding CXX object CMakeFiles/pm_vision_interfaces__rosidl_typesupport_fastrtps_cpp.dir/rosidl_typesupport_fastrtps_cpp/pm_vision_interfaces/srv/detail/dds_fastrtps/execute_vision__type_support.cpp.o[0m
[ 46%] [32mBuilding CXX object CMakeFiles/pm_vision_interfaces__rosidl_typesupport_introspection_cpp.dir/rosidl_typesupport_introspection_cpp/pm_vision_interfaces/msg/detail/vision_area__type_support.cpp.o[0m
[ 47%] [32mBuilding CXX object CMakeFiles/pm_vision_interfaces__rosidl_typesupport_fastrtps_cpp.dir/rosidl_typesupport_fastrtps_cpp/pm_vision_interfaces/srv/detail/dds_fastrtps/demo_set_exposure__type_support.cpp.o[0m
[ 48%] [32mBuilding CXX object CMakeFiles/pm_vision_interfaces__rosidl_typesupport_introspection_cpp.dir/rosidl_typesupport_introspection_cpp/pm_vision_interfaces/msg/detail/vision_circle__type_support.cpp.o[0m
[ 49%] [32mBuilding C object CMakeFiles/pm_vision_interfaces__rosidl_typesupport_introspection_c.dir/rosidl_typesupport_introspection_c/pm_vision_interfaces/srv/detail/execute_vision__type_support.c.o[0m
[ 49%] Built target pm_vision_interfaces__rosidl_typesupport_c
[ 50%] [32mBuilding CXX object CMakeFiles/pm_vision_interfaces__rosidl_typesupport_introspection_cpp.dir/rosidl_typesupport_introspection_cpp/pm_vision_interfaces/msg/detail/vision_response__type_support.cpp.o[0m
[ 51%] [32mBuilding C object CMakeFiles/pm_vision_interfaces__rosidl_typesupport_introspection_c.dir/rosidl_typesupport_introspection_c/pm_vision_interfaces/srv/detail/demo_set_exposure__type_support.c.o[0m
[ 52%] [32mBuilding C object CMakeFiles/pm_vision_interfaces__rosidl_typesupport_introspection_c.dir/rosidl_typesupport_introspection_c/pm_vision_interfaces/srv/detail/calibrate_pixel_per_um__type_support.c.o[0m
[ 52%] [32mBuilding C object CMakeFiles/pm_vision_interfaces__rosidl_typesupport_introspection_c.dir/rosidl_typesupport_introspection_c/pm_vision_interfaces/srv/detail/calibrate_angle__type_support.c.o[0m
[ 53%] [32m[1mLinking CXX shared library libpm_vision_interfaces__rosidl_typesupport_cpp.so[0m
[ 54%] [32mBuilding C object CMakeFiles/pm_vision_interfaces__rosidl_typesupport_introspection_c.dir/rosidl_typesupport_introspection_c/pm_vision_interfaces/msg/detail/vision_point__type_support.c.o[0m
[ 55%] [32mBuilding CXX object CMakeFiles/pm_vision_interfaces__rosidl_typesupport_fastrtps_c.dir/rosidl_typesupport_fastrtps_c/pm_vision_interfaces/srv/detail/execute_vision__type_support_c.cpp.o[0m
[ 56%] [32mBuilding C object CMakeFiles/pm_vision_interfaces__rosidl_typesupport_introspection_c.dir/rosidl_typesupport_introspection_c/pm_vision_interfaces/msg/detail/cross_validation__type_support.c.o[0m
[ 56%] Built target pm_vision_interfaces__rosidl_typesupport_cpp
[ 57%] [32mBuilding C object CMakeFiles/pm_vision_interfaces__rosidl_typesupport_introspection_c.dir/rosidl_typesupport_introspection_c/pm_vision_interfaces/msg/detail/vision_results__type_support.c.o[0m
[ 58%] [32mBuilding CXX object CMakeFiles/pm_vision_interfaces__rosidl_typesupport_fastrtps_c.dir/rosidl_typesupport_fastrtps_c/pm_vision_interfaces/srv/detail/demo_set_exposure__type_support_c.cpp.o[0m
[ 59%] [32mBuilding C object CMakeFiles/pm_vision_interfaces__rosidl_typesupport_introspection_c.dir/rosidl_typesupport_introspection_c/pm_vision_interfaces/msg/detail/vision_line__type_support.c.o[0m
[ 61%] [32mBuilding CXX object CMakeFiles/pm_vision_interfaces__rosidl_typesupport_fastrtps_cpp.dir/rosidl_typesupport_fastrtps_cpp/pm_vision_interfaces/srv/detail/dds_fastrtps/calibrate_pixel_per_um__type_support.cpp.o[0m
[ 61%] [32mBuilding C object CMakeFiles/pm_vision_interfaces__rosidl_typesupport_introspection_c.dir/rosidl_typesupport_introspection_c/pm_vision_interfaces/msg/detail/vision_area__type_support.c.o[0m
[ 62%] [32mBuilding CXX object CMakeFiles/pm_vision_interfaces__rosidl_typesupport_fastrtps_cpp.dir/rosidl_typesupport_fastrtps_cpp/pm_vision_interfaces/srv/detail/dds_fastrtps/calibrate_angle__type_support.cpp.o[0m
[ 63%] [32mBuilding C object CMakeFiles/pm_vision_interfaces__rosidl_typesupport_introspection_c.dir/rosidl_typesupport_introspection_c/pm_vision_interfaces/msg/detail/vision_circle__type_support.c.o[0m
[ 63%] [32mBuilding C object CMakeFiles/pm_vision_interfaces__rosidl_typesupport_introspection_c.dir/rosidl_typesupport_introspection_c/pm_vision_interfaces/msg/detail/vision_response__type_support.c.o[0m
[ 64%] [32mBuilding CXX object CMakeFiles/pm_vision_interfaces__rosidl_typesupport_introspection_cpp.dir/rosidl_typesupport_introspection_cpp/pm_vision_interfaces/msg/detail/image_sharpness__type_support.cpp.o[0m
[ 64%] [32mBuilding CXX object CMakeFiles/pm_vision_interfaces__rosidl_typesupport_fastrtps_c.dir/rosidl_typesupport_fastrtps_c/pm_vision_interfaces/srv/detail/calibrate_pixel_per_um__type_support_c.cpp.o[0m
[ 65%] [32mBuilding C object CMakeFiles/pm_vision_interfaces__rosidl_typesupport_introspection_c.dir/rosidl_typesupport_introspection_c/pm_vision_interfaces/msg/detail/image_sharpness__type_support.c.o[0m
[ 66%] [32mBuilding CXX object CMakeFiles/pm_vision_interfaces__rosidl_typesupport_fastrtps_c.dir/rosidl_typesupport_fastrtps_c/pm_vision_interfaces/srv/detail/calibrate_angle__type_support_c.cpp.o[0m
[ 67%] [32mBuilding CXX object CMakeFiles/pm_vision_interfaces__rosidl_typesupport_fastrtps_cpp.dir/rosidl_typesupport_fastrtps_cpp/pm_vision_interfaces/msg/detail/dds_fastrtps/vision_point__type_support.cpp.o[0m
[ 68%] [32mBuilding CXX object CMakeFiles/pm_vision_interfaces__rosidl_typesupport_fastrtps_c.dir/rosidl_typesupport_fastrtps_c/pm_vision_interfaces/msg/detail/vision_point__type_support_c.cpp.o[0m
[ 69%] [32mBuilding CXX object CMakeFiles/pm_vision_interfaces__rosidl_typesupport_fastrtps_c.dir/rosidl_typesupport_fastrtps_c/pm_vision_interfaces/msg/detail/cross_validation__type_support_c.cpp.o[0m
[ 69%] [32mBuilding CXX object CMakeFiles/pm_vision_interfaces__rosidl_typesupport_fastrtps_cpp.dir/rosidl_typesupport_fastrtps_cpp/pm_vision_interfaces/msg/detail/dds_fastrtps/cross_validation__type_support.cpp.o[0m
[ 70%] [32m[1mLinking C shared library libpm_vision_interfaces__rosidl_typesupport_introspection_c.so[0m
[ 71%] [32mBuilding CXX object CMakeFiles/pm_vision_interfaces__rosidl_typesupport_fastrtps_cpp.dir/rosidl_typesupport_fastrtps_cpp/pm_vision_interfaces/msg/detail/dds_fastrtps/vision_results__type_support.cpp.o[0m
[ 72%] [32mBuilding CXX object CMakeFiles/pm_vision_interfaces__rosidl_typesupport_fastrtps_c.dir/rosidl_typesupport_fastrtps_c/pm_vision_interfaces/msg/detail/vision_results__type_support_c.cpp.o[0m
[ 72%] Built target pm_vision_interfaces__rosidl_typesupport_introspection_c
[ 73%] [32mBuilding CXX object CMakeFiles/pm_vision_interfaces__rosidl_typesupport_fastrtps_c.dir/rosidl_typesupport_fastrtps_c/pm_vision_interfaces/msg/detail/vision_line__type_support_c.cpp.o[0m
[ 73%] [32mBuilding CXX object CMakeFiles/pm_vision_interfaces__rosidl_typesupport_fastrtps_c.dir/rosidl_typesupport_fastrtps_c/pm_vision_interfaces/msg/detail/vision_area__type_support_c.cpp.o[0m
[ 74%] [32mBuilding CXX object CMakeFiles/pm_vision_interfaces__rosidl_typesupport_fastrtps_cpp.dir/rosidl_typesupport_fastrtps_cpp/pm_vision_interfaces/msg/detail/dds_fastrtps/vision_line__type_support.cpp.o[0m
[ 75%] [32mBuilding CXX object CMakeFiles/pm_vision_interfaces__rosidl_typesupport_fastrtps_cpp.dir/rosidl_typesupport_fastrtps_cpp/pm_vision_interfaces/msg/detail/dds_fastrtps/vision_area__type_support.cpp.o[0m
[ 76%] [32mBuilding CXX object CMakeFiles/pm_vision_interfaces__rosidl_typesupport_fastrtps_cpp.dir/rosidl_typesupport_fastrtps_cpp/pm_vision_interfaces/msg/detail/dds_fastrtps/vision_circle__type_support.cpp.o[0m
[ 77%] [32mBuilding CXX object CMakeFiles/pm_vision_interfaces__rosidl_typesupport_fastrtps_c.dir/rosidl_typesupport_fastrtps_c/pm_vision_interfaces/msg/detail/vision_circle__type_support_c.cpp.o[0m
[ 78%] [32mBuilding CXX object CMakeFiles/pm_vision_interfaces__rosidl_typesupport_fastrtps_c.dir/rosidl_typesupport_fastrtps_c/pm_vision_interfaces/msg/detail/vision_response__type_support_c.cpp.o[0m
[ 79%] [32m[1mLinking CXX shared library libpm_vision_interfaces__rosidl_typesupport_introspection_cpp.so[0m
[ 80%] [32mBuilding CXX object CMakeFiles/pm_vision_interfaces__rosidl_typesupport_fastrtps_cpp.dir/rosidl_typesupport_fastrtps_cpp/pm_vision_interfaces/msg/detail/dds_fastrtps/vision_response__type_support.cpp.o[0m
[ 80%] [32mBuilding CXX object CMakeFiles/pm_vision_interfaces__rosidl_typesupport_fastrtps_cpp.dir/rosidl_typesupport_fastrtps_cpp/pm_vision_interfaces/msg/detail/dds_fastrtps/image_sharpness__type_support.cpp.o[0m
[ 81%] [32mBuilding CXX object CMakeFiles/pm_vision_interfaces__rosidl_typesupport_fastrtps_c.dir/rosidl_typesupport_fastrtps_c/pm_vision_interfaces/msg/detail/image_sharpness__type_support_c.cpp.o[0m
[ 81%] Built target pm_vision_interfaces__rosidl_typesupport_introspection_cpp
[ 82%] [32m[1mLinking CXX shared library libpm_vision_interfaces__rosidl_typesupport_fastrtps_c.so[0m
[ 83%] [32m[1mLinking CXX shared library libpm_vision_interfaces__rosidl_typesupport_fastrtps_cpp.so[0m
[ 83%] Built target pm_vision_interfaces__rosidl_typesupport_fastrtps_c
[ 83%] Built target pm_vision_interfaces__rosidl_typesupport_fastrtps_cpp
[ 83%] Built target pm_vision_interfaces
[ 84%] [34m[1mGenerating Python code for ROS interfaces[0m
[ 84%] Built target pm_vision_interfaces__py
[ 85%] [32mBuilding C object CMakeFiles/pm_vision_interfaces__rosidl_generator_py.dir/rosidl_generator_py/pm_vision_interfaces/srv/_calibrate_angle_s.c.o[0m
[ 87%] [32mBuilding C object CMakeFiles/pm_vision_interfaces__rosidl_generator_py.dir/rosidl_generator_py/pm_vision_interfaces/msg/_cross_validation_s.c.o[0m
[ 87%] [32mBuilding C object CMakeFiles/pm_vision_interfaces__rosidl_generator_py.dir/rosidl_generator_py/pm_vision_interfaces/srv/_execute_vision_s.c.o[0m
[ 88%] [32mBuilding C object CMakeFiles/pm_vision_interfaces__rosidl_generator_py.dir/rosidl_generator_py/pm_vision_interfaces/srv/_calibrate_pixel_per_um_s.c.o[0m
[ 88%] [32mBuilding C object CMakeFiles/pm_vision_interfaces__rosidl_generator_py.dir/rosidl_generator_py/pm_vision_interfaces/srv/_demo_set_exposure_s.c.o[0m
[ 88%] [32mBuilding C object CMakeFiles/pm_vision_interfaces__rosidl_generator_py.dir/rosidl_generator_py/pm_vision_interfaces/msg/_vision_circle_s.c.o[0m
[ 89%] [32mBuilding C object CMakeFiles/pm_vision_interfaces__rosidl_generator_py.dir/rosidl_generator_py/pm_vision_interfaces/msg/_vision_response_s.c.o[0m
[ 90%] [32mBuilding C object CMakeFiles/pm_vision_interfaces__rosidl_generator_py.dir/rosidl_generator_py/pm_vision_interfaces/msg/_vision_point_s.c.o[0m
[ 91%] [32mBuilding C object CMakeFiles/pm_vision_interfaces__rosidl_generator_py.dir/rosidl_generator_py/pm_vision_interfaces/msg/_vision_results_s.c.o[0m
[ 92%] [32mBuilding C object CMakeFiles/pm_vision_interfaces__rosidl_generator_py.dir/rosidl_generator_py/pm_vision_interfaces/msg/_vision_line_s.c.o[0m
[ 93%] [32mBuilding C object CMakeFiles/pm_vision_interfaces__rosidl_generator_py.dir/rosidl_generator_py/pm_vision_interfaces/msg/_vision_area_s.c.o[0m
[ 94%] [32mBuilding C object CMakeFiles/pm_vision_interfaces__rosidl_generator_py.dir/rosidl_generator_py/pm_vision_interfaces/msg/_image_sharpness_s.c.o[0m
[ 95%] [32m[1mLinking C shared library rosidl_generator_py/pm_vision_interfaces/libpm_vision_interfaces__rosidl_generator_py.so[0m
[ 95%] Built target pm_vision_interfaces__rosidl_generator_py
[ 97%] [32mBuilding C object CMakeFiles/pm_vision_interfaces__rosidl_typesupport_introspection_c__pyext.dir/rosidl_generator_py/pm_vision_interfaces/_pm_vision_interfaces_s.ep.rosidl_typesupport_introspection_c.c.o[0m
[ 97%] [32mBuilding C object CMakeFiles/pm_vision_interfaces__rosidl_typesupport_fastrtps_c__pyext.dir/rosidl_generator_py/pm_vision_interfaces/_pm_vision_interfaces_s.ep.rosidl_typesupport_fastrtps_c.c.o[0m
[ 97%] [32mBuilding C object CMakeFiles/pm_vision_interfaces__rosidl_typesupport_c__pyext.dir/rosidl_generator_py/pm_vision_interfaces/_pm_vision_interfaces_s.ep.rosidl_typesupport_c.c.o[0m
[ 99%] [32m[1mLinking C shared library rosidl_generator_py/pm_vision_interfaces/pm_vision_interfaces_s__rosidl_typesupport_introspection_c.cpython-310-x86_64-linux-gnu.so[0m
[100%] [32m[1mLinking C shared library rosidl_generator_py/pm_vision_interfaces/pm_vision_interfaces_s__rosidl_typesupport_fastrtps_c.cpython-310-x86_64-linux-gnu.so[0m
[100%] [32m[1mLinking C shared library rosidl_generator_py/pm_vision_interfaces/pm_vision_interfaces_s__rosidl_typesupport_c.cpython-310-x86_64-linux-gnu.so[0m
[100%] Built target pm_vision_interfaces__rosidl_typesupport_c__pyext
[100%] Built target pm_vision_interfaces__rosidl_typesupport_introspection_c__pyext
[100%] Built target pm_vision_interfaces__rosidl_typesupport_fastrtps_c__pyext
-- Install configuration: ""
-- Installing: /home/brotato211/ros2_humble/src/pm_vision_manager/install/pm_vision_interfaces/share/ament_index/resource_index/rosidl_interfaces/pm_vision_interfaces
-- Installing: /home/brotato211/ros2_humble/src/pm_vision_manager/install/pm_vision_interfaces/include/pm_vision_interfaces/pm_vision_interfaces
-- Installing: /home/brotato211/ros2_humble/src/pm_vision_manager/install/pm_vision_interfaces/include/pm_vision_interfaces/pm_vision_interfaces/srv
-- Installing: /home/brotato211/ros2_humble/src/pm_vision_manager/install/pm_vision_interfaces/include/pm_vision_interfaces/pm_vision_interfaces/srv/detail
-- Installing: /home/brotato211/ros2_humble/src/pm_vision_manager/install/pm_vision_interfaces/include/pm_vision_interfaces/pm_vision_interfaces/srv/detail/demo_set_exposure__struct.h
-- Installing: /home/brotato211/ros2_humble/src/pm_vision_manager/install/pm_vision_interfaces/include/pm_vision_interfaces/pm_vision_interfaces/srv/detail/calibrate_angle__functions.h
-- Installing: /home/brotato211/ros2_humble/src/pm_vision_manager/install/pm_vision_interfaces/include/pm_vision_interfaces/pm_vision_interfaces/srv/detail/calibrate_angle__type_support.h
-- Installing: /home/brotato211/ros2_humble/src/pm_vision_manager/install/pm_vision_interfaces/include/pm_vision_interfaces/pm_vision_interfaces/srv/detail/calibrate_pixel_per_um__type_support.h
-- Installing: /home/brotato211/ros2_humble/src/pm_vision_manager/install/pm_vision_interfaces/include/pm_vision_interfaces/pm_vision_interfaces/srv/detail/execute_vision__functions.c
-- Installing: /home/brotato211/ros2_humble/src/pm_vision_manager/install/pm_vision_interfaces/include/pm_vision_interfaces/pm_vision_interfaces/srv/detail/execute_vision__struct.h
-- Installing: /home/brotato211/ros2_humble/src/pm_vision_manager/install/pm_vision_interfaces/include/pm_vision_interfaces/pm_vision_interfaces/srv/detail/calibrate_pixel_per_um__struct.h
-- Installing: /home/brotato211/ros2_humble/src/pm_vision_manager/install/pm_vision_interfaces/include/pm_vision_interfaces/pm_vision_interfaces/srv/detail/calibrate_angle__struct.h
-- Installing: /home/brotato211/ros2_humble/src/pm_vision_manager/install/pm_vision_interfaces/include/pm_vision_interfaces/pm_vision_interfaces/srv/detail/calibrate_pixel_per_um__functions.c
-- Installing: /home/brotato211/ros2_humble/src/pm_vision_manager/install/pm_vision_interfaces/include/pm_vision_interfaces/pm_vision_interfaces/srv/detail/demo_set_exposure__functions.h
-- Installing: /home/brotato211/ros2_humble/src/pm_vision_manager/install/pm_vision_interfaces/include/pm_vision_interfaces/pm_vision_interfaces/srv/detail/execute_vision__type_support.h
-- Installing: /home/brotato211/ros2_humble/src/pm_vision_manager/install/pm_vision_interfaces/include/pm_vision_interfaces/pm_vision_interfaces/srv/detail/calibrate_angle__functions.c
-- Installing: /home/brotato211/ros2_humble/src/pm_vision_manager/install/pm_vision_interfaces/include/pm_vision_interfaces/pm_vision_interfaces/srv/detail/demo_set_exposure__functions.c
-- Installing: /home/brotato211/ros2_humble/src/pm_vision_manager/install/pm_vision_interfaces/include/pm_vision_interfaces/pm_vision_interfaces/srv/detail/demo_set_exposure__type_support.h
-- Installing: /home/brotato211/ros2_humble/src/pm_vision_manager/install/pm_vision_interfaces/include/pm_vision_interfaces/pm_vision_interfaces/srv/detail/calibrate_pixel_per_um__functions.h
-- Installing: /home/brotato211/ros2_humble/src/pm_vision_manager/install/pm_vision_interfaces/include/pm_vision_interfaces/pm_vision_interfaces/srv/detail/execute_vision__functions.h
-- Installing: /home/brotato211/ros2_humble/src/pm_vision_manager/install/pm_vision_interfaces/include/pm_vision_interfaces/pm_vision_interfaces/srv/calibrate_angle.h
-- Installing: /home/brotato211/ros2_humble/src/pm_vision_manager/install/pm_vision_interfaces/include/pm_vision_interfaces/pm_vision_interfaces/srv/calibrate_pixel_per_um.h
-- Installing: /home/brotato211/ros2_humble/src/pm_vision_manager/install/pm_vision_interfaces/include/pm_vision_interfaces/pm_vision_interfaces/srv/demo_set_exposure.h
-- Installing: /home/brotato211/ros2_humble/src/pm_vision_manager/install/pm_vision_interfaces/include/pm_vision_interfaces/pm_vision_interfaces/srv/execute_vision.h
-- Installing: /home/brotato211/ros2_humble/src/pm_vision_manager/install/pm_vision_interfaces/include/pm_vision_interfaces/pm_vision_interfaces/msg
-- Installing: /home/brotato211/ros2_humble/src/pm_vision_manager/install/pm_vision_interfaces/include/pm_vision_interfaces/pm_vision_interfaces/msg/detail
-- Installing: /home/brotato211/ros2_humble/src/pm_vision_manager/install/pm_vision_interfaces/include/pm_vision_interfaces/pm_vision_interfaces/msg/detail/image_sharpness__struct.h
-- Installing: /home/brotato211/ros2_humble/src/pm_vision_manager/install/pm_vision_interfaces/include/pm_vision_interfaces/pm_vision_interfaces/msg/detail/cross_validation__functions.h
-- Installing: /home/brotato211/ros2_humble/src/pm_vision_manager/install/pm_vision_interfaces/include/pm_vision_interfaces/pm_vision_interfaces/msg/detail/vision_circle__functions.c
-- Installing: /home/brotato211/ros2_humble/src/pm_vision_manager/install/pm_vision_interfaces/include/pm_vision_interfaces/pm_vision_interfaces/msg/detail/vision_area__type_support.h
-- Installing: /home/brotato211/ros2_humble/src/pm_vision_manager/install/pm_vision_interfaces/include/pm_vision_interfaces/pm_vision_interfaces/msg/detail/vision_point__struct.h
-- Installing: /home/brotato211/ros2_humble/src/pm_vision_manager/install/pm_vision_interfaces/include/pm_vision_interfaces/pm_vision_interfaces/msg/detail/image_sharpness__functions.h
-- Installing: /home/brotato211/ros2_humble/src/pm_vision_manager/install/pm_vision_interfaces/include/pm_vision_interfaces/pm_vision_interfaces/msg/detail/vision_point__functions.c
-- Installing: /home/brotato211/ros2_humble/src/pm_vision_manager/install/pm_vision_interfaces/include/pm_vision_interfaces/pm_vision_interfaces/msg/detail/cross_validation__functions.c
-- Installing: /home/brotato211/ros2_humble/src/pm_vision_manager/install/pm_vision_interfaces/include/pm_vision_interfaces/pm_vision_interfaces/msg/detail/vision_response__type_support.h
-- Installing: /home/brotato211/ros2_humble/src/pm_vision_manager/install/pm_vision_interfaces/include/pm_vision_interfaces/pm_vision_interfaces/msg/detail/vision_area__functions.h
-- Installing: /home/brotato211/ros2_humble/src/pm_vision_manager/install/pm_vision_interfaces/include/pm_vision_interfaces/pm_vision_interfaces/msg/detail/vision_results__functions.h
-- Installing: /home/brotato211/ros2_humble/src/pm_vision_manager/install/pm_vision_interfaces/include/pm_vision_interfaces/pm_vision_interfaces/msg/detail/vision_area__struct.h
-- Installing: /home/brotato211/ros2_humble/src/pm_vision_manager/install/pm_vision_interfaces/include/pm_vision_interfaces/pm_vision_interfaces/msg/detail/vision_line__functions.c
-- Installing: /home/brotato211/ros2_humble/src/pm_vision_manager/install/pm_vision_interfaces/include/pm_vision_interfaces/pm_vision_interfaces/msg/detail/vision_point__functions.h
-- Installing: /home/brotato211/ros2_humble/src/pm_vision_manager/install/pm_vision_interfaces/include/pm_vision_interfaces/pm_vision_interfaces/msg/detail/image_sharpness__functions.c
-- Installing: /home/brotato211/ros2_humble/src/pm_vision_manager/install/pm_vision_interfaces/include/pm_vision_interfaces/pm_vision_interfaces/msg/detail/vision_circle__type_support.h
-- Installing: /home/brotato211/ros2_humble/src/pm_vision_manager/install/pm_vision_interfaces/include/pm_vision_interfaces/pm_vision_interfaces/msg/detail/vision_area__functions.c
-- Installing: /home/brotato211/ros2_humble/src/pm_vision_manager/install/pm_vision_interfaces/include/pm_vision_interfaces/pm_vision_interfaces/msg/detail/vision_results__struct.h
-- Installing: /home/brotato211/ros2_humble/src/pm_vision_manager/install/pm_vision_interfaces/include/pm_vision_interfaces/pm_vision_interfaces/msg/detail/vision_circle__struct.h
-- Installing: /home/brotato211/ros2_humble/src/pm_vision_manager/install/pm_vision_interfaces/include/pm_vision_interfaces/pm_vision_interfaces/msg/detail/vision_line__struct.h
-- Installing: /home/brotato211/ros2_humble/src/pm_vision_manager/install/pm_vision_interfaces/include/pm_vision_interfaces/pm_vision_interfaces/msg/detail/cross_validation__type_support.h
-- Installing: /home/brotato211/ros2_humble/src/pm_vision_manager/install/pm_vision_interfaces/include/pm_vision_interfaces/pm_vision_interfaces/msg/detail/cross_validation__struct.h
-- Installing: /home/brotato211/ros2_humble/src/pm_vision_manager/install/pm_vision_interfaces/include/pm_vision_interfaces/pm_vision_interfaces/msg/detail/image_sharpness__type_support.h
-- Installing: /home/brotato211/ros2_humble/src/pm_vision_manager/install/pm_vision_interfaces/include/pm_vision_interfaces/pm_vision_interfaces/msg/detail/vision_results__type_support.h
-- Installing: /home/brotato211/ros2_humble/src/pm_vision_manager/install/pm_vision_interfaces/include/pm_vision_interfaces/pm_vision_interfaces/msg/detail/vision_response__struct.h
-- Installing: /home/brotato211/ros2_humble/src/pm_vision_manager/install/pm_vision_interfaces/include/pm_vision_interfaces/pm_vision_interfaces/msg/detail/vision_results__functions.c
-- Installing: /home/brotato211/ros2_humble/src/pm_vision_manager/install/pm_vision_interfaces/include/pm_vision_interfaces/pm_vision_interfaces/msg/detail/vision_response__functions.c
-- Installing: /home/brotato211/ros2_humble/src/pm_vision_manager/install/pm_vision_interfaces/include/pm_vision_interfaces/pm_vision_interfaces/msg/detail/vision_response__functions.h
-- Installing: /home/brotato211/ros2_humble/src/pm_vision_manager/install/pm_vision_interfaces/include/pm_vision_interfaces/pm_vision_interfaces/msg/detail/vision_circle__functions.h
-- Installing: /home/brotato211/ros2_humble/src/pm_vision_manager/install/pm_vision_interfaces/include/pm_vision_interfaces/pm_vision_interfaces/msg/detail/vision_point__type_support.h
-- Installing: /home/brotato211/ros2_humble/src/pm_vision_manager/install/pm_vision_interfaces/include/pm_vision_interfaces/pm_vision_interfaces/msg/detail/vision_line__functions.h
-- Installing: /home/brotato211/ros2_humble/src/pm_vision_manager/install/pm_vision_interfaces/include/pm_vision_interfaces/pm_vision_interfaces/msg/detail/vision_line__type_support.h
-- Installing: /home/brotato211/ros2_humble/src/pm_vision_manager/install/pm_vision_interfaces/include/pm_vision_interfaces/pm_vision_interfaces/msg/vision_point.h
-- Installing: /home/brotato211/ros2_humble/src/pm_vision_manager/install/pm_vision_interfaces/include/pm_vision_interfaces/pm_vision_interfaces/msg/vision_line.h
-- Installing: /home/brotato211/ros2_humble/src/pm_vision_manager/install/pm_vision_interfaces/include/pm_vision_interfaces/pm_vision_interfaces/msg/image_sharpness.h
-- Installing: /home/brotato211/ros2_humble/src/pm_vision_manager/install/pm_vision_interfaces/include/pm_vision_interfaces/pm_vision_interfaces/msg/vision_response.h
-- Installing: /home/brotato211/ros2_humble/src/pm_vision_manager/install/pm_vision_interfaces/include/pm_vision_interfaces/pm_vision_interfaces/msg/vision_area.h
-- Installing: /home/brotato211/ros2_humble/src/pm_vision_manager/install/pm_vision_interfaces/include/pm_vision_interfaces/pm_vision_interfaces/msg/cross_validation.h
-- Installing: /home/brotato211/ros2_humble/src/pm_vision_manager/install/pm_vision_interfaces/include/pm_vision_interfaces/pm_vision_interfaces/msg/rosidl_generator_c__visibility_control.h
-- Installing: /home/brotato211/ros2_humble/src/pm_vision_manager/install/pm_vision_interfaces/include/pm_vision_interfaces/pm_vision_interfaces/msg/vision_circle.h
-- Installing: /home/brotato211/ros2_humble/src/pm_vision_manager/install/pm_vision_interfaces/include/pm_vision_interfaces/pm_vision_interfaces/msg/vision_results.h
-- Installing: /home/brotato211/ros2_humble/src/pm_vision_manager/install/pm_vision_interfaces/share/pm_vision_interfaces/environment/library_path.sh
-- Installing: /home/brotato211/ros2_humble/src/pm_vision_manager/install/pm_vision_interfaces/share/pm_vision_interfaces/environment/library_path.dsv
-- Installing: /home/brotato211/ros2_humble/src/pm_vision_manager/install/pm_vision_interfaces/lib/libpm_vision_interfaces__rosidl_generator_c.so
-- Set runtime path of "/home/brotato211/ros2_humble/src/pm_vision_manager/install/pm_vision_interfaces/lib/libpm_vision_interfaces__rosidl_generator_c.so" to ""
-- Up-to-date: /home/brotato211/ros2_humble/src/pm_vision_manager/install/pm_vision_interfaces/include/pm_vision_interfaces/pm_vision_interfaces
-- Up-to-date: /home/brotato211/ros2_humble/src/pm_vision_manager/install/pm_vision_interfaces/include/pm_vision_interfaces/pm_vision_interfaces/srv
-- Up-to-date: /home/brotato211/ros2_humble/src/pm_vision_manager/install/pm_vision_interfaces/include/pm_vision_interfaces/pm_vision_interfaces/srv/detail
-- Installing: /home/brotato211/ros2_humble/src/pm_vision_manager/install/pm_vision_interfaces/include/pm_vision_interfaces/pm_vision_interfaces/srv/detail/calibrate_angle__rosidl_typesupport_fastrtps_c.h
-- Installing: /home/brotato211/ros2_humble/src/pm_vision_manager/install/pm_vision_interfaces/include/pm_vision_interfaces/pm_vision_interfaces/srv/detail/execute_vision__rosidl_typesupport_fastrtps_c.h
-- Installing: /home/brotato211/ros2_humble/src/pm_vision_manager/install/pm_vision_interfaces/include/pm_vision_interfaces/pm_vision_interfaces/srv/detail/calibrate_pixel_per_um__rosidl_typesupport_fastrtps_c.h
-- Installing: /home/brotato211/ros2_humble/src/pm_vision_manager/install/pm_vision_interfaces/include/pm_vision_interfaces/pm_vision_interfaces/srv/detail/demo_set_exposure__rosidl_typesupport_fastrtps_c.h
-- Up-to-date: /home/brotato211/ros2_humble/src/pm_vision_manager/install/pm_vision_interfaces/include/pm_vision_interfaces/pm_vision_interfaces/msg
-- Up-to-date: /home/brotato211/ros2_humble/src/pm_vision_manager/install/pm_vision_interfaces/include/pm_vision_interfaces/pm_vision_interfaces/msg/detail
-- Installing: /home/brotato211/ros2_humble/src/pm_vision_manager/install/pm_vision_interfaces/include/pm_vision_interfaces/pm_vision_interfaces/msg/detail/vision_circle__rosidl_typesupport_fastrtps_c.h
-- Installing: /home/brotato211/ros2_humble/src/pm_vision_manager/install/pm_vision_interfaces/include/pm_vision_interfaces/pm_vision_interfaces/msg/detail/cross_validation__rosidl_typesupport_fastrtps_c.h
-- Installing: /home/brotato211/ros2_humble/src/pm_vision_manager/install/pm_vision_interfaces/include/pm_vision_interfaces/pm_vision_interfaces/msg/detail/vision_line__rosidl_typesupport_fastrtps_c.h
-- Installing: /home/brotato211/ros2_humble/src/pm_vision_manager/install/pm_vision_interfaces/include/pm_vision_interfaces/pm_vision_interfaces/msg/detail/vision_point__rosidl_typesupport_fastrtps_c.h
-- Installing: /home/brotato211/ros2_humble/src/pm_vision_manager/install/pm_vision_interfaces/include/pm_vision_interfaces/pm_vision_interfaces/msg/detail/vision_response__rosidl_typesupport_fastrtps_c.h
-- Installing: /home/brotato211/ros2_humble/src/pm_vision_manager/install/pm_vision_interfaces/include/pm_vision_interfaces/pm_vision_interfaces/msg/detail/vision_results__rosidl_typesupport_fastrtps_c.h
-- Installing: /home/brotato211/ros2_humble/src/pm_vision_manager/install/pm_vision_interfaces/include/pm_vision_interfaces/pm_vision_interfaces/msg/detail/vision_area__rosidl_typesupport_fastrtps_c.h
-- Installing: /home/brotato211/ros2_humble/src/pm_vision_manager/install/pm_vision_interfaces/include/pm_vision_interfaces/pm_vision_interfaces/msg/detail/image_sharpness__rosidl_typesupport_fastrtps_c.h
-- Installing: /home/brotato211/ros2_humble/src/pm_vision_manager/install/pm_vision_interfaces/include/pm_vision_interfaces/pm_vision_interfaces/msg/rosidl_typesupport_fastrtps_c__visibility_control.h
-- Installing: /home/brotato211/ros2_humble/src/pm_vision_manager/install/pm_vision_interfaces/lib/libpm_vision_interfaces__rosidl_typesupport_fastrtps_c.so
-- Set runtime path of "/home/brotato211/ros2_humble/src/pm_vision_manager/install/pm_vision_interfaces/lib/libpm_vision_interfaces__rosidl_typesupport_fastrtps_c.so" to ""
-- Up-to-date: /home/brotato211/ros2_humble/src/pm_vision_manager/install/pm_vision_interfaces/include/pm_vision_interfaces/pm_vision_interfaces
-- Up-to-date: /home/brotato211/ros2_humble/src/pm_vision_manager/install/pm_vision_interfaces/include/pm_vision_interfaces/pm_vision_interfaces/srv
-- Up-to-date: /home/brotato211/ros2_humble/src/pm_vision_manager/install/pm_vision_interfaces/include/pm_vision_interfaces/pm_vision_interfaces/srv/detail
-- Installing: /home/brotato211/ros2_humble/src/pm_vision_manager/install/pm_vision_interfaces/include/pm_vision_interfaces/pm_vision_interfaces/srv/detail/execute_vision__type_support.hpp
-- Installing: /home/brotato211/ros2_humble/src/pm_vision_manager/install/pm_vision_interfaces/include/pm_vision_interfaces/pm_vision_interfaces/srv/detail/calibrate_pixel_per_um__traits.hpp
-- Installing: /home/brotato211/ros2_humble/src/pm_vision_manager/install/pm_vision_interfaces/include/pm_vision_interfaces/pm_vision_interfaces/srv/detail/calibrate_angle__traits.hpp
-- Installing: /home/brotato211/ros2_humble/src/pm_vision_manager/install/pm_vision_interfaces/include/pm_vision_interfaces/pm_vision_interfaces/srv/detail/demo_set_exposure__builder.hpp
-- Installing: /home/brotato211/ros2_humble/src/pm_vision_manager/install/pm_vision_interfaces/include/pm_vision_interfaces/pm_vision_interfaces/srv/detail/demo_set_exposure__traits.hpp
-- Installing: /home/brotato211/ros2_humble/src/pm_vision_manager/install/pm_vision_interfaces/include/pm_vision_interfaces/pm_vision_interfaces/srv/detail/demo_set_exposure__type_support.hpp
-- Installing: /home/brotato211/ros2_humble/src/pm_vision_manager/install/pm_vision_interfaces/include/pm_vision_interfaces/pm_vision_interfaces/srv/detail/execute_vision__traits.hpp
-- Installing: /home/brotato211/ros2_humble/src/pm_vision_manager/install/pm_vision_interfaces/include/pm_vision_interfaces/pm_vision_interfaces/srv/detail/calibrate_pixel_per_um__builder.hpp
-- Installing: /home/brotato211/ros2_humble/src/pm_vision_manager/install/pm_vision_interfaces/include/pm_vision_interfaces/pm_vision_interfaces/srv/detail/calibrate_pixel_per_um__struct.hpp
-- Installing: /home/brotato211/ros2_humble/src/pm_vision_manager/install/pm_vision_interfaces/include/pm_vision_interfaces/pm_vision_interfaces/srv/detail/calibrate_angle__struct.hpp
-- Installing: /home/brotato211/ros2_humble/src/pm_vision_manager/install/pm_vision_interfaces/include/pm_vision_interfaces/pm_vision_interfaces/srv/detail/demo_set_exposure__struct.hpp
-- Installing: /home/brotato211/ros2_humble/src/pm_vision_manager/install/pm_vision_interfaces/include/pm_vision_interfaces/pm_vision_interfaces/srv/detail/execute_vision__struct.hpp
-- Installing: /home/brotato211/ros2_humble/src/pm_vision_manager/install/pm_vision_interfaces/include/pm_vision_interfaces/pm_vision_interfaces/srv/detail/calibrate_angle__builder.hpp
-- Installing: /home/brotato211/ros2_humble/src/pm_vision_manager/install/pm_vision_interfaces/include/pm_vision_interfaces/pm_vision_interfaces/srv/detail/execute_vision__builder.hpp
-- Installing: /home/brotato211/ros2_humble/src/pm_vision_manager/install/pm_vision_interfaces/include/pm_vision_interfaces/pm_vision_interfaces/srv/detail/calibrate_angle__type_support.hpp
-- Installing: /home/brotato211/ros2_humble/src/pm_vision_manager/install/pm_vision_interfaces/include/pm_vision_interfaces/pm_vision_interfaces/srv/detail/calibrate_pixel_per_um__type_support.hpp
-- Installing: /home/brotato211/ros2_humble/src/pm_vision_manager/install/pm_vision_interfaces/include/pm_vision_interfaces/pm_vision_interfaces/srv/calibrate_pixel_per_um.hpp
-- Installing: /home/brotato211/ros2_humble/src/pm_vision_manager/install/pm_vision_interfaces/include/pm_vision_interfaces/pm_vision_interfaces/srv/demo_set_exposure.hpp
-- Installing: /home/brotato211/ros2_humble/src/pm_vision_manager/install/pm_vision_interfaces/include/pm_vision_interfaces/pm_vision_interfaces/srv/execute_vision.hpp
-- Installing: /home/brotato211/ros2_humble/src/pm_vision_manager/install/pm_vision_interfaces/include/pm_vision_interfaces/pm_vision_interfaces/srv/calibrate_angle.hpp
-- Up-to-date: /home/brotato211/ros2_humble/src/pm_vision_manager/install/pm_vision_interfaces/include/pm_vision_interfaces/pm_vision_interfaces/msg
-- Up-to-date: /home/brotato211/ros2_humble/src/pm_vision_manager/install/pm_vision_interfaces/include/pm_vision_interfaces/pm_vision_interfaces/msg/detail
-- Installing: /home/brotato211/ros2_humble/src/pm_vision_manager/install/pm_vision_interfaces/include/pm_vision_interfaces/pm_vision_interfaces/msg/detail/vision_response__builder.hpp
-- Installing: /home/brotato211/ros2_humble/src/pm_vision_manager/install/pm_vision_interfaces/include/pm_vision_interfaces/pm_vision_interfaces/msg/detail/vision_results__type_support.hpp
-- Installing: /home/brotato211/ros2_humble/src/pm_vision_manager/install/pm_vision_interfaces/include/pm_vision_interfaces/pm_vision_interfaces/msg/detail/image_sharpness__builder.hpp
-- Installing: /home/brotato211/ros2_humble/src/pm_vision_manager/install/pm_vision_interfaces/include/pm_vision_interfaces/pm_vision_interfaces/msg/detail/vision_line__type_support.hpp
-- Installing: /home/brotato211/ros2_humble/src/pm_vision_manager/install/pm_vision_interfaces/include/pm_vision_interfaces/pm_vision_interfaces/msg/detail/cross_validation__builder.hpp
-- Installing: /home/brotato211/ros2_humble/src/pm_vision_manager/install/pm_vision_interfaces/include/pm_vision_interfaces/pm_vision_interfaces/msg/detail/vision_area__builder.hpp
-- Installing: /home/brotato211/ros2_humble/src/pm_vision_manager/install/pm_vision_interfaces/include/pm_vision_interfaces/pm_vision_interfaces/msg/detail/vision_results__struct.hpp
-- Installing: /home/brotato211/ros2_humble/src/pm_vision_manager/install/pm_vision_interfaces/include/pm_vision_interfaces/pm_vision_interfaces/msg/detail/vision_response__traits.hpp
-- Installing: /home/brotato211/ros2_humble/src/pm_vision_manager/install/pm_vision_interfaces/include/pm_vision_interfaces/pm_vision_interfaces/msg/detail/vision_point__type_support.hpp
-- Installing: /home/brotato211/ros2_humble/src/pm_vision_manager/install/pm_vision_interfaces/include/pm_vision_interfaces/pm_vision_interfaces/msg/detail/vision_results__builder.hpp
-- Installing: /home/brotato211/ros2_humble/src/pm_vision_manager/install/pm_vision_interfaces/include/pm_vision_interfaces/pm_vision_interfaces/msg/detail/vision_line__builder.hpp
-- Installing: /home/brotato211/ros2_humble/src/pm_vision_manager/install/pm_vision_interfaces/include/pm_vision_interfaces/pm_vision_interfaces/msg/detail/vision_response__type_support.hpp
-- Installing: /home/brotato211/ros2_humble/src/pm_vision_manager/install/pm_vision_interfaces/include/pm_vision_interfaces/pm_vision_interfaces/msg/detail/vision_results__traits.hpp
-- Installing: /home/brotato211/ros2_humble/src/pm_vision_manager/install/pm_vision_interfaces/include/pm_vision_interfaces/pm_vision_interfaces/msg/detail/vision_circle__builder.hpp
-- Installing: /home/brotato211/ros2_humble/src/pm_vision_manager/install/pm_vision_interfaces/include/pm_vision_interfaces/pm_vision_interfaces/msg/detail/vision_line__struct.hpp
-- Installing: /home/brotato211/ros2_humble/src/pm_vision_manager/install/pm_vision_interfaces/include/pm_vision_interfaces/pm_vision_interfaces/msg/detail/vision_point__traits.hpp
-- Installing: /home/brotato211/ros2_humble/src/pm_vision_manager/install/pm_vision_interfaces/include/pm_vision_interfaces/pm_vision_interfaces/msg/detail/image_sharpness__type_support.hpp
-- Installing: /home/brotato211/ros2_humble/src/pm_vision_manager/install/pm_vision_interfaces/include/pm_vision_interfaces/pm_vision_interfaces/msg/detail/image_sharpness__traits.hpp
-- Installing: /home/brotato211/ros2_humble/src/pm_vision_manager/install/pm_vision_interfaces/include/pm_vision_interfaces/pm_vision_interfaces/msg/detail/cross_validation__traits.hpp
-- Installing: /home/brotato211/ros2_humble/src/pm_vision_manager/install/pm_vision_interfaces/include/pm_vision_interfaces/pm_vision_interfaces/msg/detail/vision_circle__struct.hpp
-- Installing: /home/brotato211/ros2_humble/src/pm_vision_manager/install/pm_vision_interfaces/include/pm_vision_interfaces/pm_vision_interfaces/msg/detail/vision_area__struct.hpp
-- Installing: /home/brotato211/ros2_humble/src/pm_vision_manager/install/pm_vision_interfaces/include/pm_vision_interfaces/pm_vision_interfaces/msg/detail/vision_circle__type_support.hpp
-- Installing: /home/brotato211/ros2_humble/src/pm_vision_manager/install/pm_vision_interfaces/include/pm_vision_interfaces/pm_vision_interfaces/msg/detail/cross_validation__type_support.hpp
-- Installing: /home/brotato211/ros2_humble/src/pm_vision_manager/install/pm_vision_interfaces/include/pm_vision_interfaces/pm_vision_interfaces/msg/detail/vision_point__builder.hpp
-- Installing: /home/brotato211/ros2_humble/src/pm_vision_manager/install/pm_vision_interfaces/include/pm_vision_interfaces/pm_vision_interfaces/msg/detail/vision_circle__traits.hpp
-- Installing: /home/brotato211/ros2_humble/src/pm_vision_manager/install/pm_vision_interfaces/include/pm_vision_interfaces/pm_vision_interfaces/msg/detail/vision_area__traits.hpp
-- Installing: /home/brotato211/ros2_humble/src/pm_vision_manager/install/pm_vision_interfaces/include/pm_vision_interfaces/pm_vision_interfaces/msg/detail/vision_line__traits.hpp
-- Installing: /home/brotato211/ros2_humble/src/pm_vision_manager/install/pm_vision_interfaces/include/pm_vision_interfaces/pm_vision_interfaces/msg/detail/vision_area__type_support.hpp
-- Installing: /home/brotato211/ros2_humble/src/pm_vision_manager/install/pm_vision_interfaces/include/pm_vision_interfaces/pm_vision_interfaces/msg/detail/vision_point__struct.hpp
-- Installing: /home/brotato211/ros2_humble/src/pm_vision_manager/install/pm_vision_interfaces/include/pm_vision_interfaces/pm_vision_interfaces/msg/detail/cross_validation__struct.hpp
-- Installing: /home/brotato211/ros2_humble/src/pm_vision_manager/install/pm_vision_interfaces/include/pm_vision_interfaces/pm_vision_interfaces/msg/detail/image_sharpness__struct.hpp
-- Installing: /home/brotato211/ros2_humble/src/pm_vision_manager/install/pm_vision_interfaces/include/pm_vision_interfaces/pm_vision_interfaces/msg/detail/vision_response__struct.hpp
-- Installing: /home/brotato211/ros2_humble/src/pm_vision_manager/install/pm_vision_interfaces/include/pm_vision_interfaces/pm_vision_interfaces/msg/vision_area.hpp
-- Installing: /home/brotato211/ros2_humble/src/pm_vision_manager/install/pm_vision_interfaces/include/pm_vision_interfaces/pm_vision_interfaces/msg/vision_line.hpp
-- Installing: /home/brotato211/ros2_humble/src/pm_vision_manager/install/pm_vision_interfaces/include/pm_vision_interfaces/pm_vision_interfaces/msg/vision_results.hpp
-- Installing: /home/brotato211/ros2_humble/src/pm_vision_manager/install/pm_vision_interfaces/include/pm_vision_interfaces/pm_vision_interfaces/msg/cross_validation.hpp
-- Installing: /home/brotato211/ros2_humble/src/pm_vision_manager/install/pm_vision_interfaces/include/pm_vision_interfaces/pm_vision_interfaces/msg/rosidl_generator_cpp__visibility_control.hpp
-- Installing: /home/brotato211/ros2_humble/src/pm_vision_manager/install/pm_vision_interfaces/include/pm_vision_interfaces/pm_vision_interfaces/msg/vision_circle.hpp
-- Installing: /home/brotato211/ros2_humble/src/pm_vision_manager/install/pm_vision_interfaces/include/pm_vision_interfaces/pm_vision_interfaces/msg/vision_point.hpp
-- Installing: /home/brotato211/ros2_humble/src/pm_vision_manager/install/pm_vision_interfaces/include/pm_vision_interfaces/pm_vision_interfaces/msg/image_sharpness.hpp
-- Installing: /home/brotato211/ros2_humble/src/pm_vision_manager/install/pm_vision_interfaces/include/pm_vision_interfaces/pm_vision_interfaces/msg/vision_response.hpp
-- Up-to-date: /home/brotato211/ros2_humble/src/pm_vision_manager/install/pm_vision_interfaces/include/pm_vision_interfaces/pm_vision_interfaces
-- Up-to-date: /home/brotato211/ros2_humble/src/pm_vision_manager/install/pm_vision_interfaces/include/pm_vision_interfaces/pm_vision_interfaces/srv
-- Up-to-date: /home/brotato211/ros2_humble/src/pm_vision_manager/install/pm_vision_interfaces/include/pm_vision_interfaces/pm_vision_interfaces/srv/detail
-- Installing: /home/brotato211/ros2_humble/src/pm_vision_manager/install/pm_vision_interfaces/include/pm_vision_interfaces/pm_vision_interfaces/srv/detail/calibrate_angle__rosidl_typesupport_fastrtps_cpp.hpp
-- Installing: /home/brotato211/ros2_humble/src/pm_vision_manager/install/pm_vision_interfaces/include/pm_vision_interfaces/pm_vision_interfaces/srv/detail/demo_set_exposure__rosidl_typesupport_fastrtps_cpp.hpp
-- Installing: /home/brotato211/ros2_humble/src/pm_vision_manager/install/pm_vision_interfaces/include/pm_vision_interfaces/pm_vision_interfaces/srv/detail/execute_vision__rosidl_typesupport_fastrtps_cpp.hpp
-- Installing: /home/brotato211/ros2_humble/src/pm_vision_manager/install/pm_vision_interfaces/include/pm_vision_interfaces/pm_vision_interfaces/srv/detail/calibrate_pixel_per_um__rosidl_typesupport_fastrtps_cpp.hpp
-- Installing: /home/brotato211/ros2_humble/src/pm_vision_manager/install/pm_vision_interfaces/include/pm_vision_interfaces/pm_vision_interfaces/srv/detail/dds_fastrtps
-- Up-to-date: /home/brotato211/ros2_humble/src/pm_vision_manager/install/pm_vision_interfaces/include/pm_vision_interfaces/pm_vision_interfaces/msg
-- Up-to-date: /home/brotato211/ros2_humble/src/pm_vision_manager/install/pm_vision_interfaces/include/pm_vision_interfaces/pm_vision_interfaces/msg/detail
-- Installing: /home/brotato211/ros2_humble/src/pm_vision_manager/install/pm_vision_interfaces/include/pm_vision_interfaces/pm_vision_interfaces/msg/detail/vision_area__rosidl_typesupport_fastrtps_cpp.hpp
-- Installing: /home/brotato211/ros2_humble/src/pm_vision_manager/install/pm_vision_interfaces/include/pm_vision_interfaces/pm_vision_interfaces/msg/detail/vision_response__rosidl_typesupport_fastrtps_cpp.hpp
-- Installing: /home/brotato211/ros2_humble/src/pm_vision_manager/install/pm_vision_interfaces/include/pm_vision_interfaces/pm_vision_interfaces/msg/detail/cross_validation__rosidl_typesupport_fastrtps_cpp.hpp
-- Installing: /home/brotato211/ros2_humble/src/pm_vision_manager/install/pm_vision_interfaces/include/pm_vision_interfaces/pm_vision_interfaces/msg/detail/image_sharpness__rosidl_typesupport_fastrtps_cpp.hpp
-- Installing: /home/brotato211/ros2_humble/src/pm_vision_manager/install/pm_vision_interfaces/include/pm_vision_interfaces/pm_vision_interfaces/msg/detail/vision_results__rosidl_typesupport_fastrtps_cpp.hpp
-- Installing: /home/brotato211/ros2_humble/src/pm_vision_manager/install/pm_vision_interfaces/include/pm_vision_interfaces/pm_vision_interfaces/msg/detail/vision_point__rosidl_typesupport_fastrtps_cpp.hpp
-- Installing: /home/brotato211/ros2_humble/src/pm_vision_manager/install/pm_vision_interfaces/include/pm_vision_interfaces/pm_vision_interfaces/msg/detail/vision_line__rosidl_typesupport_fastrtps_cpp.hpp
-- Installing: /home/brotato211/ros2_humble/src/pm_vision_manager/install/pm_vision_interfaces/include/pm_vision_interfaces/pm_vision_interfaces/msg/detail/vision_circle__rosidl_typesupport_fastrtps_cpp.hpp
-- Installing: /home/brotato211/ros2_humble/src/pm_vision_manager/install/pm_vision_interfaces/include/pm_vision_interfaces/pm_vision_interfaces/msg/detail/dds_fastrtps
-- Installing: /home/brotato211/ros2_humble/src/pm_vision_manager/install/pm_vision_interfaces/include/pm_vision_interfaces/pm_vision_interfaces/msg/rosidl_typesupport_fastrtps_cpp__visibility_control.h
-- Installing: /home/brotato211/ros2_humble/src/pm_vision_manager/install/pm_vision_interfaces/lib/libpm_vision_interfaces__rosidl_typesupport_fastrtps_cpp.so
-- Set runtime path of "/home/brotato211/ros2_humble/src/pm_vision_manager/install/pm_vision_interfaces/lib/libpm_vision_interfaces__rosidl_typesupport_fastrtps_cpp.so" to ""
-- Up-to-date: /home/brotato211/ros2_humble/src/pm_vision_manager/install/pm_vision_interfaces/include/pm_vision_interfaces/pm_vision_interfaces
-- Up-to-date: /home/brotato211/ros2_humble/src/pm_vision_manager/install/pm_vision_interfaces/include/pm_vision_interfaces/pm_vision_interfaces/srv
-- Up-to-date: /home/brotato211/ros2_humble/src/pm_vision_manager/install/pm_vision_interfaces/include/pm_vision_interfaces/pm_vision_interfaces/srv/detail
-- Installing: /home/brotato211/ros2_humble/src/pm_vision_manager/install/pm_vision_interfaces/include/pm_vision_interfaces/pm_vision_interfaces/srv/detail/demo_set_exposure__rosidl_typesupport_introspection_c.h
-- Installing: /home/brotato211/ros2_humble/src/pm_vision_manager/install/pm_vision_interfaces/include/pm_vision_interfaces/pm_vision_interfaces/srv/detail/execute_vision__rosidl_typesupport_introspection_c.h
-- Installing: /home/brotato211/ros2_humble/src/pm_vision_manager/install/pm_vision_interfaces/include/pm_vision_interfaces/pm_vision_interfaces/srv/detail/calibrate_angle__rosidl_typesupport_introspection_c.h
-- Installing: /home/brotato211/ros2_humble/src/pm_vision_manager/install/pm_vision_interfaces/include/pm_vision_interfaces/pm_vision_interfaces/srv/detail/calibrate_angle__type_support.c
-- Installing: /home/brotato211/ros2_humble/src/pm_vision_manager/install/pm_vision_interfaces/include/pm_vision_interfaces/pm_vision_interfaces/srv/detail/calibrate_pixel_per_um__rosidl_typesupport_introspection_c.h
-- Installing: /home/brotato211/ros2_humble/src/pm_vision_manager/install/pm_vision_interfaces/include/pm_vision_interfaces/pm_vision_interfaces/srv/detail/calibrate_pixel_per_um__type_support.c
-- Installing: /home/brotato211/ros2_humble/src/pm_vision_manager/install/pm_vision_interfaces/include/pm_vision_interfaces/pm_vision_interfaces/srv/detail/demo_set_exposure__type_support.c
-- Installing: /home/brotato211/ros2_humble/src/pm_vision_manager/install/pm_vision_interfaces/include/pm_vision_interfaces/pm_vision_interfaces/srv/detail/execute_vision__type_support.c
-- Up-to-date: /home/brotato211/ros2_humble/src/pm_vision_manager/install/pm_vision_interfaces/include/pm_vision_interfaces/pm_vision_interfaces/msg
-- Up-to-date: /home/brotato211/ros2_humble/src/pm_vision_manager/install/pm_vision_interfaces/include/pm_vision_interfaces/pm_vision_interfaces/msg/detail
-- Installing: /home/brotato211/ros2_humble/src/pm_vision_manager/install/pm_vision_interfaces/include/pm_vision_interfaces/pm_vision_interfaces/msg/detail/vision_area__type_support.c
-- Installing: /home/brotato211/ros2_humble/src/pm_vision_manager/install/pm_vision_interfaces/include/pm_vision_interfaces/pm_vision_interfaces/msg/detail/vision_point__type_support.c
-- Installing: /home/brotato211/ros2_humble/src/pm_vision_manager/install/pm_vision_interfaces/include/pm_vision_interfaces/pm_vision_interfaces/msg/detail/cross_validation__rosidl_typesupport_introspection_c.h
-- Installing: /home/brotato211/ros2_humble/src/pm_vision_manager/install/pm_vision_interfaces/include/pm_vision_interfaces/pm_vision_interfaces/msg/detail/vision_results__type_support.c
-- Installing: /home/brotato211/ros2_humble/src/pm_vision_manager/install/pm_vision_interfaces/include/pm_vision_interfaces/pm_vision_interfaces/msg/detail/vision_point__rosidl_typesupport_introspection_c.h
-- Installing: /home/brotato211/ros2_humble/src/pm_vision_manager/install/pm_vision_interfaces/include/pm_vision_interfaces/pm_vision_interfaces/msg/detail/vision_circle__type_support.c
-- Installing: /home/brotato211/ros2_humble/src/pm_vision_manager/install/pm_vision_interfaces/include/pm_vision_interfaces/pm_vision_interfaces/msg/detail/image_sharpness__rosidl_typesupport_introspection_c.h
-- Installing: /home/brotato211/ros2_humble/src/pm_vision_manager/install/pm_vision_interfaces/include/pm_vision_interfaces/pm_vision_interfaces/msg/detail/vision_line__type_support.c
-- Installing: /home/brotato211/ros2_humble/src/pm_vision_manager/install/pm_vision_interfaces/include/pm_vision_interfaces/pm_vision_interfaces/msg/detail/cross_validation__type_support.c
-- Installing: /home/brotato211/ros2_humble/src/pm_vision_manager/install/pm_vision_interfaces/include/pm_vision_interfaces/pm_vision_interfaces/msg/detail/vision_line__rosidl_typesupport_introspection_c.h
-- Installing: /home/brotato211/ros2_humble/src/pm_vision_manager/install/pm_vision_interfaces/include/pm_vision_interfaces/pm_vision_interfaces/msg/detail/vision_circle__rosidl_typesupport_introspection_c.h
-- Installing: /home/brotato211/ros2_humble/src/pm_vision_manager/install/pm_vision_interfaces/include/pm_vision_interfaces/pm_vision_interfaces/msg/detail/vision_results__rosidl_typesupport_introspection_c.h
-- Installing: /home/brotato211/ros2_humble/src/pm_vision_manager/install/pm_vision_interfaces/include/pm_vision_interfaces/pm_vision_interfaces/msg/detail/image_sharpness__type_support.c
-- Installing: /home/brotato211/ros2_humble/src/pm_vision_manager/install/pm_vision_interfaces/include/pm_vision_interfaces/pm_vision_interfaces/msg/detail/vision_response__type_support.c
-- Installing: /home/brotato211/ros2_humble/src/pm_vision_manager/install/pm_vision_interfaces/include/pm_vision_interfaces/pm_vision_interfaces/msg/detail/vision_response__rosidl_typesupport_introspection_c.h
-- Installing: /home/brotato211/ros2_humble/src/pm_vision_manager/install/pm_vision_interfaces/include/pm_vision_interfaces/pm_vision_interfaces/msg/detail/vision_area__rosidl_typesupport_introspection_c.h
-- Installing: /home/brotato211/ros2_humble/src/pm_vision_manager/install/pm_vision_interfaces/include/pm_vision_interfaces/pm_vision_interfaces/msg/rosidl_typesupport_introspection_c__visibility_control.h
-- Installing: /home/brotato211/ros2_humble/src/pm_vision_manager/install/pm_vision_interfaces/lib/libpm_vision_interfaces__rosidl_typesupport_introspection_c.so
-- Set runtime path of "/home/brotato211/ros2_humble/src/pm_vision_manager/install/pm_vision_interfaces/lib/libpm_vision_interfaces__rosidl_typesupport_introspection_c.so" to ""
-- Installing: /home/brotato211/ros2_humble/src/pm_vision_manager/install/pm_vision_interfaces/lib/libpm_vision_interfaces__rosidl_typesupport_c.so
-- Set runtime path of "/home/brotato211/ros2_humble/src/pm_vision_manager/install/pm_vision_interfaces/lib/libpm_vision_interfaces__rosidl_typesupport_c.so" to ""
-- Up-to-date: /home/brotato211/ros2_humble/src/pm_vision_manager/install/pm_vision_interfaces/include/pm_vision_interfaces/pm_vision_interfaces
-- Up-to-date: /home/brotato211/ros2_humble/src/pm_vision_manager/install/pm_vision_interfaces/include/pm_vision_interfaces/pm_vision_interfaces/srv
-- Up-to-date: /home/brotato211/ros2_humble/src/pm_vision_manager/install/pm_vision_interfaces/include/pm_vision_interfaces/pm_vision_interfaces/srv/detail
-- Installing: /home/brotato211/ros2_humble/src/pm_vision_manager/install/pm_vision_interfaces/include/pm_vision_interfaces/pm_vision_interfaces/srv/detail/execute_vision__rosidl_typesupport_introspection_cpp.hpp
-- Installing: /home/brotato211/ros2_humble/src/pm_vision_manager/install/pm_vision_interfaces/include/pm_vision_interfaces/pm_vision_interfaces/srv/detail/calibrate_pixel_per_um__rosidl_typesupport_introspection_cpp.hpp
-- Installing: /home/brotato211/ros2_humble/src/pm_vision_manager/install/pm_vision_interfaces/include/pm_vision_interfaces/pm_vision_interfaces/srv/detail/demo_set_exposure__type_support.cpp
-- Installing: /home/brotato211/ros2_humble/src/pm_vision_manager/install/pm_vision_interfaces/include/pm_vision_interfaces/pm_vision_interfaces/srv/detail/calibrate_angle__type_support.cpp
-- Installing: /home/brotato211/ros2_humble/src/pm_vision_manager/install/pm_vision_interfaces/include/pm_vision_interfaces/pm_vision_interfaces/srv/detail/demo_set_exposure__rosidl_typesupport_introspection_cpp.hpp
-- Installing: /home/brotato211/ros2_humble/src/pm_vision_manager/install/pm_vision_interfaces/include/pm_vision_interfaces/pm_vision_interfaces/srv/detail/calibrate_angle__rosidl_typesupport_introspection_cpp.hpp
-- Installing: /home/brotato211/ros2_humble/src/pm_vision_manager/install/pm_vision_interfaces/include/pm_vision_interfaces/pm_vision_interfaces/srv/detail/execute_vision__type_support.cpp
-- Installing: /home/brotato211/ros2_humble/src/pm_vision_manager/install/pm_vision_interfaces/include/pm_vision_interfaces/pm_vision_interfaces/srv/detail/calibrate_pixel_per_um__type_support.cpp
-- Up-to-date: /home/brotato211/ros2_humble/src/pm_vision_manager/install/pm_vision_interfaces/include/pm_vision_interfaces/pm_vision_interfaces/msg
-- Up-to-date: /home/brotato211/ros2_humble/src/pm_vision_manager/install/pm_vision_interfaces/include/pm_vision_interfaces/pm_vision_interfaces/msg/detail
-- Installing: /home/brotato211/ros2_humble/src/pm_vision_manager/install/pm_vision_interfaces/include/pm_vision_interfaces/pm_vision_interfaces/msg/detail/cross_validation__rosidl_typesupport_introspection_cpp.hpp
-- Installing: /home/brotato211/ros2_humble/src/pm_vision_manager/install/pm_vision_interfaces/include/pm_vision_interfaces/pm_vision_interfaces/msg/detail/vision_circle__rosidl_typesupport_introspection_cpp.hpp
-- Installing: /home/brotato211/ros2_humble/src/pm_vision_manager/install/pm_vision_interfaces/include/pm_vision_interfaces/pm_vision_interfaces/msg/detail/cross_validation__type_support.cpp
-- Installing: /home/brotato211/ros2_humble/src/pm_vision_manager/install/pm_vision_interfaces/include/pm_vision_interfaces/pm_vision_interfaces/msg/detail/vision_results__type_support.cpp
-- Installing: /home/brotato211/ros2_humble/src/pm_vision_manager/install/pm_vision_interfaces/include/pm_vision_interfaces/pm_vision_interfaces/msg/detail/vision_response__rosidl_typesupport_introspection_cpp.hpp
-- Installing: /home/brotato211/ros2_humble/src/pm_vision_manager/install/pm_vision_interfaces/include/pm_vision_interfaces/pm_vision_interfaces/msg/detail/vision_point__rosidl_typesupport_introspection_cpp.hpp
-- Installing: /home/brotato211/ros2_humble/src/pm_vision_manager/install/pm_vision_interfaces/include/pm_vision_interfaces/pm_vision_interfaces/msg/detail/vision_area__rosidl_typesupport_introspection_cpp.hpp
-- Installing: /home/brotato211/ros2_humble/src/pm_vision_manager/install/pm_vision_interfaces/include/pm_vision_interfaces/pm_vision_interfaces/msg/detail/vision_point__type_support.cpp
-- Installing: /home/brotato211/ros2_humble/src/pm_vision_manager/install/pm_vision_interfaces/include/pm_vision_interfaces/pm_vision_interfaces/msg/detail/image_sharpness__type_support.cpp
-- Installing: /home/brotato211/ros2_humble/src/pm_vision_manager/install/pm_vision_interfaces/include/pm_vision_interfaces/pm_vision_interfaces/msg/detail/vision_response__type_support.cpp
-- Installing: /home/brotato211/ros2_humble/src/pm_vision_manager/install/pm_vision_interfaces/include/pm_vision_interfaces/pm_vision_interfaces/msg/detail/vision_circle__type_support.cpp
-- Installing: /home/brotato211/ros2_humble/src/pm_vision_manager/install/pm_vision_interfaces/include/pm_vision_interfaces/pm_vision_interfaces/msg/detail/vision_area__type_support.cpp
-- Installing: /home/brotato211/ros2_humble/src/pm_vision_manager/install/pm_vision_interfaces/include/pm_vision_interfaces/pm_vision_interfaces/msg/detail/vision_line__type_support.cpp
-- Installing: /home/brotato211/ros2_humble/src/pm_vision_manager/install/pm_vision_interfaces/include/pm_vision_interfaces/pm_vision_interfaces/msg/detail/vision_results__rosidl_typesupport_introspection_cpp.hpp
-- Installing: /home/brotato211/ros2_humble/src/pm_vision_manager/install/pm_vision_interfaces/include/pm_vision_interfaces/pm_vision_interfaces/msg/detail/vision_line__rosidl_typesupport_introspection_cpp.hpp
-- Installing: /home/brotato211/ros2_humble/src/pm_vision_manager/install/pm_vision_interfaces/include/pm_vision_interfaces/pm_vision_interfaces/msg/detail/image_sharpness__rosidl_typesupport_introspection_cpp.hpp
-- Installing: /home/brotato211/ros2_humble/src/pm_vision_manager/install/pm_vision_interfaces/lib/libpm_vision_interfaces__rosidl_typesupport_introspection_cpp.so
-- Set runtime path of "/home/brotato211/ros2_humble/src/pm_vision_manager/install/pm_vision_interfaces/lib/libpm_vision_interfaces__rosidl_typesupport_introspection_cpp.so" to ""
-- Installing: /home/brotato211/ros2_humble/src/pm_vision_manager/install/pm_vision_interfaces/lib/libpm_vision_interfaces__rosidl_typesupport_cpp.so
-- Set runtime path of "/home/brotato211/ros2_humble/src/pm_vision_manager/install/pm_vision_interfaces/lib/libpm_vision_interfaces__rosidl_typesupport_cpp.so" to ""
-- Installing: /home/brotato211/ros2_humble/src/pm_vision_manager/install/pm_vision_interfaces/share/pm_vision_interfaces/environment/pythonpath.sh
-- Installing: /home/brotato211/ros2_humble/src/pm_vision_manager/install/pm_vision_interfaces/share/pm_vision_interfaces/environment/pythonpath.dsv
-- Installing: /home/brotato211/ros2_humble/src/pm_vision_manager/install/pm_vision_interfaces/local/lib/python3.10/dist-packages/pm_vision_interfaces-0.0.0-py3.10.egg-info
-- Installing: /home/brotato211/ros2_humble/src/pm_vision_manager/install/pm_vision_interfaces/local/lib/python3.10/dist-packages/pm_vision_interfaces-0.0.0-py3.10.egg-info/top_level.txt
-- Installing: /home/brotato211/ros2_humble/src/pm_vision_manager/install/pm_vision_interfaces/local/lib/python3.10/dist-packages/pm_vision_interfaces-0.0.0-py3.10.egg-info/SOURCES.txt
-- Installing: /home/brotato211/ros2_humble/src/pm_vision_manager/install/pm_vision_interfaces/local/lib/python3.10/dist-packages/pm_vision_interfaces-0.0.0-py3.10.egg-info/PKG-INFO
-- Installing: /home/brotato211/ros2_humble/src/pm_vision_manager/install/pm_vision_interfaces/local/lib/python3.10/dist-packages/pm_vision_interfaces-0.0.0-py3.10.egg-info/dependency_links.txt
-- Installing: /home/brotato211/ros2_humble/src/pm_vision_manager/install/pm_vision_interfaces/local/lib/python3.10/dist-packages/pm_vision_interfaces
-- Installing: /home/brotato211/ros2_humble/src/pm_vision_manager/install/pm_vision_interfaces/local/lib/python3.10/dist-packages/pm_vision_interfaces/srv
-- Installing: /home/brotato211/ros2_humble/src/pm_vision_manager/install/pm_vision_interfaces/local/lib/python3.10/dist-packages/pm_vision_interfaces/srv/_execute_vision.py
-- Installing: /home/brotato211/ros2_humble/src/pm_vision_manager/install/pm_vision_interfaces/local/lib/python3.10/dist-packages/pm_vision_interfaces/srv/_calibrate_pixel_per_um_s.c
-- Installing: /home/brotato211/ros2_humble/src/pm_vision_manager/install/pm_vision_interfaces/local/lib/python3.10/dist-packages/pm_vision_interfaces/srv/_calibrate_pixel_per_um.py
-- Installing: /home/brotato211/ros2_humble/src/pm_vision_manager/install/pm_vision_interfaces/local/lib/python3.10/dist-packages/pm_vision_interfaces/srv/_calibrate_angle_s.c
-- Installing: /home/brotato211/ros2_humble/src/pm_vision_manager/install/pm_vision_interfaces/local/lib/python3.10/dist-packages/pm_vision_interfaces/srv/_demo_set_exposure.py
-- Installing: /home/brotato211/ros2_humble/src/pm_vision_manager/install/pm_vision_interfaces/local/lib/python3.10/dist-packages/pm_vision_interfaces/srv/_demo_set_exposure_s.c
-- Installing: /home/brotato211/ros2_humble/src/pm_vision_manager/install/pm_vision_interfaces/local/lib/python3.10/dist-packages/pm_vision_interfaces/srv/_execute_vision_s.c
-- Installing: /home/brotato211/ros2_humble/src/pm_vision_manager/install/pm_vision_interfaces/local/lib/python3.10/dist-packages/pm_vision_interfaces/srv/_calibrate_angle.py
-- Installing: /home/brotato211/ros2_humble/src/pm_vision_manager/install/pm_vision_interfaces/local/lib/python3.10/dist-packages/pm_vision_interfaces/srv/__init__.py
-- Installing: /home/brotato211/ros2_humble/src/pm_vision_manager/install/pm_vision_interfaces/local/lib/python3.10/dist-packages/pm_vision_interfaces/msg
-- Installing: /home/brotato211/ros2_humble/src/pm_vision_manager/install/pm_vision_interfaces/local/lib/python3.10/dist-packages/pm_vision_interfaces/msg/_cross_validation.py
-- Installing: /home/brotato211/ros2_humble/src/pm_vision_manager/install/pm_vision_interfaces/local/lib/python3.10/dist-packages/pm_vision_interfaces/msg/_vision_area.py
-- Installing: /home/brotato211/ros2_humble/src/pm_vision_manager/install/pm_vision_interfaces/local/lib/python3.10/dist-packages/pm_vision_interfaces/msg/_vision_line_s.c
-- Installing: /home/brotato211/ros2_humble/src/pm_vision_manager/install/pm_vision_interfaces/local/lib/python3.10/dist-packages/pm_vision_interfaces/msg/_vision_point_s.c
-- Installing: /home/brotato211/ros2_humble/src/pm_vision_manager/install/pm_vision_interfaces/local/lib/python3.10/dist-packages/pm_vision_interfaces/msg/_vision_area_s.c
-- Installing: /home/brotato211/ros2_humble/src/pm_vision_manager/install/pm_vision_interfaces/local/lib/python3.10/dist-packages/pm_vision_interfaces/msg/_vision_circle_s.c
-- Installing: /home/brotato211/ros2_humble/src/pm_vision_manager/install/pm_vision_interfaces/local/lib/python3.10/dist-packages/pm_vision_interfaces/msg/_image_sharpness_s.c
-- Installing: /home/brotato211/ros2_humble/src/pm_vision_manager/install/pm_vision_interfaces/local/lib/python3.10/dist-packages/pm_vision_interfaces/msg/_vision_results_s.c
-- Installing: /home/brotato211/ros2_humble/src/pm_vision_manager/install/pm_vision_interfaces/local/lib/python3.10/dist-packages/pm_vision_interfaces/msg/_vision_response_s.c
-- Installing: /home/brotato211/ros2_humble/src/pm_vision_manager/install/pm_vision_interfaces/local/lib/python3.10/dist-packages/pm_vision_interfaces/msg/_vision_line.py
-- Installing: /home/brotato211/ros2_humble/src/pm_vision_manager/install/pm_vision_interfaces/local/lib/python3.10/dist-packages/pm_vision_interfaces/msg/_vision_response.py
-- Installing: /home/brotato211/ros2_humble/src/pm_vision_manager/install/pm_vision_interfaces/local/lib/python3.10/dist-packages/pm_vision_interfaces/msg/__init__.py
-- Installing: /home/brotato211/ros2_humble/src/pm_vision_manager/install/pm_vision_interfaces/local/lib/python3.10/dist-packages/pm_vision_interfaces/msg/_cross_validation_s.c
-- Installing: /home/brotato211/ros2_humble/src/pm_vision_manager/install/pm_vision_interfaces/local/lib/python3.10/dist-packages/pm_vision_interfaces/msg/_image_sharpness.py
-- Installing: /home/brotato211/ros2_humble/src/pm_vision_manager/install/pm_vision_interfaces/local/lib/python3.10/dist-packages/pm_vision_interfaces/msg/_vision_point.py
-- Installing: /home/brotato211/ros2_humble/src/pm_vision_manager/install/pm_vision_interfaces/local/lib/python3.10/dist-packages/pm_vision_interfaces/msg/_vision_results.py
-- Installing: /home/brotato211/ros2_humble/src/pm_vision_manager/install/pm_vision_interfaces/local/lib/python3.10/dist-packages/pm_vision_interfaces/msg/_vision_circle.py
-- Installing: /home/brotato211/ros2_humble/src/pm_vision_manager/install/pm_vision_interfaces/local/lib/python3.10/dist-packages/pm_vision_interfaces/_pm_vision_interfaces_s.ep.rosidl_typesupport_c.c
-- Installing: /home/brotato211/ros2_humble/src/pm_vision_manager/install/pm_vision_interfaces/local/lib/python3.10/dist-packages/pm_vision_interfaces/pm_vision_interfaces_s__rosidl_typesupport_introspection_c.cpython-310-x86_64-linux-gnu.so
-- Installing: /home/brotato211/ros2_humble/src/pm_vision_manager/install/pm_vision_interfaces/local/lib/python3.10/dist-packages/pm_vision_interfaces/libpm_vision_interfaces__rosidl_generator_py.so
-- Installing: /home/brotato211/ros2_humble/src/pm_vision_manager/install/pm_vision_interfaces/local/lib/python3.10/dist-packages/pm_vision_interfaces/pm_vision_interfaces_s__rosidl_typesupport_c.cpython-310-x86_64-linux-gnu.so
-- Installing: /home/brotato211/ros2_humble/src/pm_vision_manager/install/pm_vision_interfaces/local/lib/python3.10/dist-packages/pm_vision_interfaces/pm_vision_interfaces_s__rosidl_typesupport_fastrtps_c.cpython-310-x86_64-linux-gnu.so
-- Installing: /home/brotato211/ros2_humble/src/pm_vision_manager/install/pm_vision_interfaces/local/lib/python3.10/dist-packages/pm_vision_interfaces/__init__.py
-- Installing: /home/brotato211/ros2_humble/src/pm_vision_manager/install/pm_vision_interfaces/local/lib/python3.10/dist-packages/pm_vision_interfaces/_pm_vision_interfaces_s.ep.rosidl_typesupport_introspection_c.c
-- Installing: /home/brotato211/ros2_humble/src/pm_vision_manager/install/pm_vision_interfaces/local/lib/python3.10/dist-packages/pm_vision_interfaces/_pm_vision_interfaces_s.ep.rosidl_typesupport_fastrtps_c.c
Listing '/home/brotato211/ros2_humble/src/pm_vision_manager/install/pm_vision_interfaces/local/lib/python3.10/dist-packages/pm_vision_interfaces'...
Compiling '/home/brotato211/ros2_humble/src/pm_vision_manager/install/pm_vision_interfaces/local/lib/python3.10/dist-packages/pm_vision_interfaces/__init__.py'...
Listing '/home/brotato211/ros2_humble/src/pm_vision_manager/install/pm_vision_interfaces/local/lib/python3.10/dist-packages/pm_vision_interfaces/msg'...
Compiling '/home/brotato211/ros2_humble/src/pm_vision_manager/install/pm_vision_interfaces/local/lib/python3.10/dist-packages/pm_vision_interfaces/msg/__init__.py'...
Compiling '/home/brotato211/ros2_humble/src/pm_vision_manager/install/pm_vision_interfaces/local/lib/python3.10/dist-packages/pm_vision_interfaces/msg/_cross_validation.py'...
Compiling '/home/brotato211/ros2_humble/src/pm_vision_manager/install/pm_vision_interfaces/local/lib/python3.10/dist-packages/pm_vision_interfaces/msg/_image_sharpness.py'...
Compiling '/home/brotato211/ros2_humble/src/pm_vision_manager/install/pm_vision_interfaces/local/lib/python3.10/dist-packages/pm_vision_interfaces/msg/_vision_area.py'...
Compiling '/home/brotato211/ros2_humble/src/pm_vision_manager/install/pm_vision_interfaces/local/lib/python3.10/dist-packages/pm_vision_interfaces/msg/_vision_circle.py'...
Compiling '/home/brotato211/ros2_humble/src/pm_vision_manager/install/pm_vision_interfaces/local/lib/python3.10/dist-packages/pm_vision_interfaces/msg/_vision_line.py'...
Compiling '/home/brotato211/ros2_humble/src/pm_vision_manager/install/pm_vision_interfaces/local/lib/python3.10/dist-packages/pm_vision_interfaces/msg/_vision_point.py'...
Compiling '/home/brotato211/ros2_humble/src/pm_vision_manager/install/pm_vision_interfaces/local/lib/python3.10/dist-packages/pm_vision_interfaces/msg/_vision_response.py'...
Compiling '/home/brotato211/ros2_humble/src/pm_vision_manager/install/pm_vision_interfaces/local/lib/python3.10/dist-packages/pm_vision_interfaces/msg/_vision_results.py'...
Listing '/home/brotato211/ros2_humble/src/pm_vision_manager/install/pm_vision_interfaces/local/lib/python3.10/dist-packages/pm_vision_interfaces/srv'...
Compiling '/home/brotato211/ros2_humble/src/pm_vision_manager/install/pm_vision_interfaces/local/lib/python3.10/dist-packages/pm_vision_interfaces/srv/__init__.py'...
Compiling '/home/brotato211/ros2_humble/src/pm_vision_manager/install/pm_vision_interfaces/local/lib/python3.10/dist-packages/pm_vision_interfaces/srv/_calibrate_angle.py'...
Compiling '/home/brotato211/ros2_humble/src/pm_vision_manager/install/pm_vision_interfaces/local/lib/python3.10/dist-packages/pm_vision_interfaces/srv/_calibrate_pixel_per_um.py'...
Compiling '/home/brotato211/ros2_humble/src/pm_vision_manager/install/pm_vision_interfaces/local/lib/python3.10/dist-packages/pm_vision_interfaces/srv/_demo_set_exposure.py'...
Compiling '/home/brotato211/ros2_humble/src/pm_vision_manager/install/pm_vision_interfaces/local/lib/python3.10/dist-packages/pm_vision_interfaces/srv/_execute_vision.py'...
-- Installing: /home/brotato211/ros2_humble/src/pm_vision_manager/install/pm_vision_interfaces/local/lib/python3.10/dist-packages/pm_vision_interfaces/pm_vision_interfaces_s__rosidl_typesupport_fastrtps_c.cpython-310-x86_64-linux-gnu.so
-- Set runtime path of "/home/brotato211/ros2_humble/src/pm_vision_manager/install/pm_vision_interfaces/local/lib/python3.10/dist-packages/pm_vision_interfaces/pm_vision_interfaces_s__rosidl_typesupport_fastrtps_c.cpython-310-x86_64-linux-gnu.so" to ""
-- Installing: /home/brotato211/ros2_humble/src/pm_vision_manager/install/pm_vision_interfaces/local/lib/python3.10/dist-packages/pm_vision_interfaces/pm_vision_interfaces_s__rosidl_typesupport_introspection_c.cpython-310-x86_64-linux-gnu.so
-- Set runtime path of "/home/brotato211/ros2_humble/src/pm_vision_manager/install/pm_vision_interfaces/local/lib/python3.10/dist-packages/pm_vision_interfaces/pm_vision_interfaces_s__rosidl_typesupport_introspection_c.cpython-310-x86_64-linux-gnu.so" to ""
-- Installing: /home/brotato211/ros2_humble/src/pm_vision_manager/install/pm_vision_interfaces/local/lib/python3.10/dist-packages/pm_vision_interfaces/pm_vision_interfaces_s__rosidl_typesupport_c.cpython-310-x86_64-linux-gnu.so
-- Set runtime path of "/home/brotato211/ros2_humble/src/pm_vision_manager/install/pm_vision_interfaces/local/lib/python3.10/dist-packages/pm_vision_interfaces/pm_vision_interfaces_s__rosidl_typesupport_c.cpython-310-x86_64-linux-gnu.so" to ""
-- Installing: /home/brotato211/ros2_humble/src/pm_vision_manager/install/pm_vision_interfaces/lib/libpm_vision_interfaces__rosidl_generator_py.so
-- Set runtime path of "/home/brotato211/ros2_humble/src/pm_vision_manager/install/pm_vision_interfaces/lib/libpm_vision_interfaces__rosidl_generator_py.so" to ""
-- Installing: /home/brotato211/ros2_humble/src/pm_vision_manager/install/pm_vision_interfaces/share/pm_vision_interfaces/srv/ExecuteVision.idl
-- Installing: /home/brotato211/ros2_humble/src/pm_vision_manager/install/pm_vision_interfaces/share/pm_vision_interfaces/srv/DemoSetExposure.idl
-- Installing: /home/brotato211/ros2_humble/src/pm_vision_manager/install/pm_vision_interfaces/share/pm_vision_interfaces/srv/CalibratePixelPerUm.idl
-- Installing: /home/brotato211/ros2_humble/src/pm_vision_manager/install/pm_vision_interfaces/share/pm_vision_interfaces/srv/CalibrateAngle.idl
-- Installing: /home/brotato211/ros2_humble/src/pm_vision_manager/install/pm_vision_interfaces/share/pm_vision_interfaces/msg/VisionPoint.idl
-- Installing: /home/brotato211/ros2_humble/src/pm_vision_manager/install/pm_vision_interfaces/share/pm_vision_interfaces/msg/CrossValidation.idl
-- Installing: /home/brotato211/ros2_humble/src/pm_vision_manager/install/pm_vision_interfaces/share/pm_vision_interfaces/msg/VisionResults.idl
-- Installing: /home/brotato211/ros2_humble/src/pm_vision_manager/install/pm_vision_interfaces/share/pm_vision_interfaces/msg/VisionLine.idl
-- Installing: /home/brotato211/ros2_humble/src/pm_vision_manager/install/pm_vision_interfaces/share/pm_vision_interfaces/msg/VisionArea.idl
-- Installing: /home/brotato211/ros2_humble/src/pm_vision_manager/install/pm_vision_interfaces/share/pm_vision_interfaces/msg/VisionCircle.idl
-- Installing: /home/brotato211/ros2_humble/src/pm_vision_manager/install/pm_vision_interfaces/share/pm_vision_interfaces/msg/VisionResponse.idl
-- Installing: /home/brotato211/ros2_humble/src/pm_vision_manager/install/pm_vision_interfaces/share/pm_vision_interfaces/msg/ImageSharpness.idl
-- Installing: /home/brotato211/ros2_humble/src/pm_vision_manager/install/pm_vision_interfaces/share/pm_vision_interfaces/srv/ExecuteVision.srv
-- Installing: /home/brotato211/ros2_humble/src/pm_vision_manager/install/pm_vision_interfaces/share/pm_vision_interfaces/srv/ExecuteVision_Request.msg
-- Installing: /home/brotato211/ros2_humble/src/pm_vision_manager/install/pm_vision_interfaces/share/pm_vision_interfaces/srv/ExecuteVision_Response.msg
-- Installing: /home/brotato211/ros2_humble/src/pm_vision_manager/install/pm_vision_interfaces/share/pm_vision_interfaces/srv/DemoSetExposure.srv
-- Installing: /home/brotato211/ros2_humble/src/pm_vision_manager/install/pm_vision_interfaces/share/pm_vision_interfaces/srv/DemoSetExposure_Request.msg
-- Installing: /home/brotato211/ros2_humble/src/pm_vision_manager/install/pm_vision_interfaces/share/pm_vision_interfaces/srv/DemoSetExposure_Response.msg
-- Installing: /home/brotato211/ros2_humble/src/pm_vision_manager/install/pm_vision_interfaces/share/pm_vision_interfaces/srv/CalibratePixelPerUm.srv
-- Installing: /home/brotato211/ros2_humble/src/pm_vision_manager/install/pm_vision_interfaces/share/pm_vision_interfaces/srv/CalibratePixelPerUm_Request.msg
-- Installing: /home/brotato211/ros2_humble/src/pm_vision_manager/install/pm_vision_interfaces/share/pm_vision_interfaces/srv/CalibratePixelPerUm_Response.msg
-- Installing: /home/brotato211/ros2_humble/src/pm_vision_manager/install/pm_vision_interfaces/share/pm_vision_interfaces/srv/CalibrateAngle.srv
-- Installing: /home/brotato211/ros2_humble/src/pm_vision_manager/install/pm_vision_interfaces/share/pm_vision_interfaces/srv/CalibrateAngle_Request.msg
-- Installing: /home/brotato211/ros2_humble/src/pm_vision_manager/install/pm_vision_interfaces/share/pm_vision_interfaces/srv/CalibrateAngle_Response.msg
-- Installing: /home/brotato211/ros2_humble/src/pm_vision_manager/install/pm_vision_interfaces/share/pm_vision_interfaces/msg/VisionPoint.msg
-- Installing: /home/brotato211/ros2_humble/src/pm_vision_manager/install/pm_vision_interfaces/share/pm_vision_interfaces/msg/CrossValidation.msg
-- Installing: /home/brotato211/ros2_humble/src/pm_vision_manager/install/pm_vision_interfaces/share/pm_vision_interfaces/msg/VisionResults.msg
-- Installing: /home/brotato211/ros2_humble/src/pm_vision_manager/install/pm_vision_interfaces/share/pm_vision_interfaces/msg/VisionLine.msg
-- Installing: /home/brotato211/ros2_humble/src/pm_vision_manager/install/pm_vision_interfaces/share/pm_vision_interfaces/msg/VisionArea.msg
-- Installing: /home/brotato211/ros2_humble/src/pm_vision_manager/install/pm_vision_interfaces/share/pm_vision_interfaces/msg/VisionCircle.msg
-- Installing: /home/brotato211/ros2_humble/src/pm_vision_manager/install/pm_vision_interfaces/share/pm_vision_interfaces/msg/VisionResponse.msg
-- Installing: /home/brotato211/ros2_humble/src/pm_vision_manager/install/pm_vision_interfaces/share/pm_vision_interfaces/msg/ImageSharpness.msg
-- Installing: /home/brotato211/ros2_humble/src/pm_vision_manager/install/pm_vision_interfaces/share/ament_index/resource_index/package_run_dependencies/pm_vision_interfaces
-- Installing: /home/brotato211/ros2_humble/src/pm_vision_manager/install/pm_vision_interfaces/share/ament_index/resource_index/parent_prefix_path/pm_vision_interfaces
-- Installing: /home/brotato211/ros2_humble/src/pm_vision_manager/install/pm_vision_interfaces/share/pm_vision_interfaces/environment/ament_prefix_path.sh
-- Installing: /home/brotato211/ros2_humble/src/pm_vision_manager/install/pm_vision_interfaces/share/pm_vision_interfaces/environment/ament_prefix_path.dsv
-- Installing: /home/brotato211/ros2_humble/src/pm_vision_manager/install/pm_vision_interfaces/share/pm_vision_interfaces/environment/path.sh
-- Installing: /home/brotato211/ros2_humble/src/pm_vision_manager/install/pm_vision_interfaces/share/pm_vision_interfaces/environment/path.dsv
-- Installing: /home/brotato211/ros2_humble/src/pm_vision_manager/install/pm_vision_interfaces/share/pm_vision_interfaces/local_setup.bash
-- Installing: /home/brotato211/ros2_humble/src/pm_vision_manager/install/pm_vision_interfaces/share/pm_vision_interfaces/local_setup.sh
-- Installing: /home/brotato211/ros2_humble/src/pm_vision_manager/install/pm_vision_interfaces/share/pm_vision_interfaces/local_setup.zsh
-- Installing: /home/brotato211/ros2_humble/src/pm_vision_manager/install/pm_vision_interfaces/share/pm_vision_interfaces/local_setup.dsv
-- Installing: /home/brotato211/ros2_humble/src/pm_vision_manager/install/pm_vision_interfaces/share/pm_vision_interfaces/package.dsv
-- Installing: /home/brotato211/ros2_humble/src/pm_vision_manager/install/pm_vision_interfaces/share/ament_index/resource_index/packages/pm_vision_interfaces
-- Installing: /home/brotato211/ros2_humble/src/pm_vision_manager/install/pm_vision_interfaces/share/pm_vision_interfaces/cmake/export_pm_vision_interfaces__rosidl_generator_cExport.cmake
-- Installing: /home/brotato211/ros2_humble/src/pm_vision_manager/install/pm_vision_interfaces/share/pm_vision_interfaces/cmake/export_pm_vision_interfaces__rosidl_generator_cExport-noconfig.cmake
-- Installing: /home/brotato211/ros2_humble/src/pm_vision_manager/install/pm_vision_interfaces/share/pm_vision_interfaces/cmake/export_pm_vision_interfaces__rosidl_typesupport_fastrtps_cExport.cmake
-- Installing: /home/brotato211/ros2_humble/src/pm_vision_manager/install/pm_vision_interfaces/share/pm_vision_interfaces/cmake/export_pm_vision_interfaces__rosidl_typesupport_fastrtps_cExport-noconfig.cmake
-- Installing: /home/brotato211/ros2_humble/src/pm_vision_manager/install/pm_vision_interfaces/share/pm_vision_interfaces/cmake/export_pm_vision_interfaces__rosidl_generator_cppExport.cmake
-- Installing: /home/brotato211/ros2_humble/src/pm_vision_manager/install/pm_vision_interfaces/share/pm_vision_interfaces/cmake/export_pm_vision_interfaces__rosidl_typesupport_fastrtps_cppExport.cmake
-- Installing: /home/brotato211/ros2_humble/src/pm_vision_manager/install/pm_vision_interfaces/share/pm_vision_interfaces/cmake/export_pm_vision_interfaces__rosidl_typesupport_fastrtps_cppExport-noconfig.cmake
-- Installing: /home/brotato211/ros2_humble/src/pm_vision_manager/install/pm_vision_interfaces/share/pm_vision_interfaces/cmake/pm_vision_interfaces__rosidl_typesupport_introspection_cExport.cmake
-- Installing: /home/brotato211/ros2_humble/src/pm_vision_manager/install/pm_vision_interfaces/share/pm_vision_interfaces/cmake/pm_vision_interfaces__rosidl_typesupport_introspection_cExport-noconfig.cmake
-- Installing: /home/brotato211/ros2_humble/src/pm_vision_manager/install/pm_vision_interfaces/share/pm_vision_interfaces/cmake/pm_vision_interfaces__rosidl_typesupport_cExport.cmake
-- Installing: /home/brotato211/ros2_humble/src/pm_vision_manager/install/pm_vision_interfaces/share/pm_vision_interfaces/cmake/pm_vision_interfaces__rosidl_typesupport_cExport-noconfig.cmake
-- Installing: /home/brotato211/ros2_humble/src/pm_vision_manager/install/pm_vision_interfaces/share/pm_vision_interfaces/cmake/pm_vision_interfaces__rosidl_typesupport_introspection_cppExport.cmake
-- Installing: /home/brotato211/ros2_humble/src/pm_vision_manager/install/pm_vision_interfaces/share/pm_vision_interfaces/cmake/pm_vision_interfaces__rosidl_typesupport_introspection_cppExport-noconfig.cmake
-- Installing: /home/brotato211/ros2_humble/src/pm_vision_manager/install/pm_vision_interfaces/share/pm_vision_interfaces/cmake/pm_vision_interfaces__rosidl_typesupport_cppExport.cmake
-- Installing: /home/brotato211/ros2_humble/src/pm_vision_manager/install/pm_vision_interfaces/share/pm_vision_interfaces/cmake/pm_vision_interfaces__rosidl_typesupport_cppExport-noconfig.cmake
-- Installing: /home/brotato211/ros2_humble/src/pm_vision_manager/install/pm_vision_interfaces/share/pm_vision_interfaces/cmake/export_pm_vision_interfaces__rosidl_generator_pyExport.cmake
-- Installing: /home/brotato211/ros2_humble/src/pm_vision_manager/install/pm_vision_interfaces/share/pm_vision_interfaces/cmake/export_pm_vision_interfaces__rosidl_generator_pyExport-noconfig.cmake
-- Installing: /home/brotato211/ros2_humble/src/pm_vision_manager/install/pm_vision_interfaces/share/pm_vision_interfaces/cmake/rosidl_cmake-extras.cmake
-- Installing: /home/brotato211/ros2_humble/src/pm_vision_manager/install/pm_vision_interfaces/share/pm_vision_interfaces/cmake/ament_cmake_export_dependencies-extras.cmake
-- Installing: /home/brotato211/ros2_humble/src/pm_vision_manager/install/pm_vision_interfaces/share/pm_vision_interfaces/cmake/ament_cmake_export_include_directories-extras.cmake
-- Installing: /home/brotato211/ros2_humble/src/pm_vision_manager/install/pm_vision_interfaces/share/pm_vision_interfaces/cmake/ament_cmake_export_libraries-extras.cmake
-- Installing: /home/brotato211/ros2_humble/src/pm_vision_manager/install/pm_vision_interfaces/share/pm_vision_interfaces/cmake/ament_cmake_export_targets-extras.cmake
-- Installing: /home/brotato211/ros2_humble/src/pm_vision_manager/install/pm_vision_interfaces/share/pm_vision_interfaces/cmake/rosidl_cmake_export_typesupport_targets-extras.cmake
-- Installing: /home/brotato211/ros2_humble/src/pm_vision_manager/install/pm_vision_interfaces/share/pm_vision_interfaces/cmake/rosidl_cmake_export_typesupport_libraries-extras.cmake
-- Installing: /home/brotato211/ros2_humble/src/pm_vision_manager/install/pm_vision_interfaces/share/pm_vision_interfaces/cmake/pm_vision_interfacesConfig.cmake
-- Installing: /home/brotato211/ros2_humble/src/pm_vision_manager/install/pm_vision_interfaces/share/pm_vision_interfaces/cmake/pm_vision_interfacesConfig-version.cmake
-- Installing: /home/brotato211/ros2_humble/src/pm_vision_manager/install/pm_vision_interfaces/share/pm_vision_interfaces/package.xml
