/home/brotato211/ros2_humble/src/pm_vision_manager/install/pm_vision_app/lib/python3.10/site-packages/pm_vision_app/tests.py
/home/brotato211/ros2_humble/src/pm_vision_manager/install/pm_vision_app/lib/python3.10/site-packages/pm_vision_app/vision_assistant_app.py
/home/brotato211/ros2_humble/src/pm_vision_manager/install/pm_vision_app/lib/python3.10/site-packages/pm_vision_app/__init__.py
/home/brotato211/ros2_humble/src/pm_vision_manager/install/pm_vision_app/lib/python3.10/site-packages/pm_vision_app/py_modules/vision_functions_loader.py
/home/brotato211/ros2_humble/src/pm_vision_manager/install/pm_vision_app/lib/python3.10/site-packages/pm_vision_app/py_modules/vision_pipeline_class.py
/home/brotato211/ros2_humble/src/pm_vision_manager/install/pm_vision_app/lib/python3.10/site-packages/pm_vision_app/py_modules/vision_functions_class.py
/home/brotato211/ros2_humble/src/pm_vision_manager/install/pm_vision_app/lib/python3.10/site-packages/pm_vision_app/py_modules/type_classes.py
/home/brotato211/ros2_humble/src/pm_vision_manager/install/pm_vision_app/lib/python3.10/site-packages/pm_vision_app/py_modules/__init__.py
/home/brotato211/ros2_humble/src/pm_vision_manager/install/pm_vision_app/lib/python3.10/site-packages/pm_vision_app/py_modules/vision_builder_widget.py
/home/brotato211/ros2_humble/src/pm_vision_manager/install/pm_vision_app/lib/python3.10/site-packages/pm_vision_app/__pycache__/tests.cpython-310.pyc
/home/brotato211/ros2_humble/src/pm_vision_manager/install/pm_vision_app/lib/python3.10/site-packages/pm_vision_app/__pycache__/vision_assistant_app.cpython-310.pyc
/home/brotato211/ros2_humble/src/pm_vision_manager/install/pm_vision_app/lib/python3.10/site-packages/pm_vision_app/__pycache__/__init__.cpython-310.pyc
/home/brotato211/ros2_humble/src/pm_vision_manager/install/pm_vision_app/lib/python3.10/site-packages/pm_vision_app/py_modules/__pycache__/vision_functions_loader.cpython-310.pyc
/home/brotato211/ros2_humble/src/pm_vision_manager/install/pm_vision_app/lib/python3.10/site-packages/pm_vision_app/py_modules/__pycache__/vision_pipeline_class.cpython-310.pyc
/home/brotato211/ros2_humble/src/pm_vision_manager/install/pm_vision_app/lib/python3.10/site-packages/pm_vision_app/py_modules/__pycache__/vision_functions_class.cpython-310.pyc
/home/brotato211/ros2_humble/src/pm_vision_manager/install/pm_vision_app/lib/python3.10/site-packages/pm_vision_app/py_modules/__pycache__/type_classes.cpython-310.pyc
/home/brotato211/ros2_humble/src/pm_vision_manager/install/pm_vision_app/lib/python3.10/site-packages/pm_vision_app/py_modules/__pycache__/__init__.cpython-310.pyc
/home/brotato211/ros2_humble/src/pm_vision_manager/install/pm_vision_app/lib/python3.10/site-packages/pm_vision_app/py_modules/__pycache__/vision_builder_widget.cpython-310.pyc
/home/brotato211/ros2_humble/src/pm_vision_manager/install/pm_vision_app/share/ament_index/resource_index/packages/pm_vision_app
/home/brotato211/ros2_humble/src/pm_vision_manager/install/pm_vision_app/share/pm_vision_app/package.xml
/home/brotato211/ros2_humble/src/pm_vision_manager/install/pm_vision_app/share/pm_vision_app/vision_assistant_app.py
/home/brotato211/ros2_humble/src/pm_vision_manager/install/pm_vision_app/lib/python3.10/site-packages/pm_vision_app-0.1.0-py3.10.egg-info/top_level.txt
/home/brotato211/ros2_humble/src/pm_vision_manager/install/pm_vision_app/lib/python3.10/site-packages/pm_vision_app-0.1.0-py3.10.egg-info/requires.txt
/home/brotato211/ros2_humble/src/pm_vision_manager/install/pm_vision_app/lib/python3.10/site-packages/pm_vision_app-0.1.0-py3.10.egg-info/SOURCES.txt
/home/brotato211/ros2_humble/src/pm_vision_manager/install/pm_vision_app/lib/python3.10/site-packages/pm_vision_app-0.1.0-py3.10.egg-info/entry_points.txt
/home/brotato211/ros2_humble/src/pm_vision_manager/install/pm_vision_app/lib/python3.10/site-packages/pm_vision_app-0.1.0-py3.10.egg-info/PKG-INFO
/home/brotato211/ros2_humble/src/pm_vision_manager/install/pm_vision_app/lib/python3.10/site-packages/pm_vision_app-0.1.0-py3.10.egg-info/zip-safe
/home/brotato211/ros2_humble/src/pm_vision_manager/install/pm_vision_app/lib/python3.10/site-packages/pm_vision_app-0.1.0-py3.10.egg-info/dependency_links.txt
