[  0%] Built target pm_vision_interfaces__cpp
[ 12%] Built target pm_vision_interfaces__rosidl_generator_c
[ 12%] Built target ament_cmake_python_copy_pm_vision_interfaces
[ 29%] Built target pm_vision_interfaces__rosidl_typesupport_cpp
[ 36%] Built target pm_vision_interfaces__rosidl_typesupport_introspection_cpp
[ 48%] Built target pm_vision_interfaces__rosidl_typesupport_introspection_c
[ 71%] Built target pm_vision_interfaces__rosidl_typesupport_c
[ 71%] Built target pm_vision_interfaces__rosidl_typesupport_fastrtps_cpp
[ 83%] Built target pm_vision_interfaces__rosidl_typesupport_fastrtps_c
[ 83%] Built target pm_vision_interfaces
[ 84%] Built target pm_vision_interfaces__py
[ 95%] Built target pm_vision_interfaces__rosidl_generator_py
[ 98%] Built target pm_vision_interfaces__rosidl_typesupport_introspection_c__pyext
[ 99%] Built target pm_vision_interfaces__rosidl_typesupport_fastrtps_c__pyext
[100%] Built target pm_vision_interfaces__rosidl_typesupport_c__pyext
running egg_info
writing pm_vision_interfaces.egg-info/PKG-INFO
writing dependency_links to pm_vision_interfaces.egg-info/dependency_links.txt
writing top-level names to pm_vision_interfaces.egg-info/top_level.txt
reading manifest file 'pm_vision_interfaces.egg-info/SOURCES.txt'
writing manifest file 'pm_vision_interfaces.egg-info/SOURCES.txt'
[100%] Built target ament_cmake_python_build_pm_vision_interfaces_egg
-- Install configuration: ""
-- Up-to-date: /home/brotato211/ros2_humble/src/pm_vision_manager/install/pm_vision_interfaces/share/ament_index/resource_index/rosidl_interfaces/pm_vision_interfaces
-- Up-to-date: /home/brotato211/ros2_humble/src/pm_vision_manager/install/pm_vision_interfaces/include/pm_vision_interfaces/pm_vision_interfaces
-- Up-to-date: /home/brotato211/ros2_humble/src/pm_vision_manager/install/pm_vision_interfaces/include/pm_vision_interfaces/pm_vision_interfaces/srv
-- Up-to-date: /home/brotato211/ros2_humble/src/pm_vision_manager/install/pm_vision_interfaces/include/pm_vision_interfaces/pm_vision_interfaces/srv/detail
-- Up-to-date: /home/brotato211/ros2_humble/src/pm_vision_manager/install/pm_vision_interfaces/include/pm_vision_interfaces/pm_vision_interfaces/srv/detail/demo_set_exposure__struct.h
-- Up-to-date: /home/brotato211/ros2_humble/src/pm_vision_manager/install/pm_vision_interfaces/include/pm_vision_interfaces/pm_vision_interfaces/srv/detail/calibrate_angle__functions.h
-- Up-to-date: /home/brotato211/ros2_humble/src/pm_vision_manager/install/pm_vision_interfaces/include/pm_vision_interfaces/pm_vision_interfaces/srv/detail/calibrate_angle__type_support.h
-- Up-to-date: /home/brotato211/ros2_humble/src/pm_vision_manager/install/pm_vision_interfaces/include/pm_vision_interfaces/pm_vision_interfaces/srv/detail/calibrate_pixel_per_um__type_support.h
-- Up-to-date: /home/brotato211/ros2_humble/src/pm_vision_manager/install/pm_vision_interfaces/include/pm_vision_interfaces/pm_vision_interfaces/srv/detail/execute_vision__functions.c
-- Up-to-date: /home/brotato211/ros2_humble/src/pm_vision_manager/install/pm_vision_interfaces/include/pm_vision_interfaces/pm_vision_interfaces/srv/detail/execute_vision__struct.h
-- Up-to-date: /home/brotato211/ros2_humble/src/pm_vision_manager/install/pm_vision_interfaces/include/pm_vision_interfaces/pm_vision_interfaces/srv/detail/calibrate_pixel_per_um__struct.h
-- Up-to-date: /home/brotato211/ros2_humble/src/pm_vision_manager/install/pm_vision_interfaces/include/pm_vision_interfaces/pm_vision_interfaces/srv/detail/calibrate_angle__struct.h
-- Up-to-date: /home/brotato211/ros2_humble/src/pm_vision_manager/install/pm_vision_interfaces/include/pm_vision_interfaces/pm_vision_interfaces/srv/detail/calibrate_pixel_per_um__functions.c
-- Up-to-date: /home/brotato211/ros2_humble/src/pm_vision_manager/install/pm_vision_interfaces/include/pm_vision_interfaces/pm_vision_interfaces/srv/detail/demo_set_exposure__functions.h
-- Up-to-date: /home/brotato211/ros2_humble/src/pm_vision_manager/install/pm_vision_interfaces/include/pm_vision_interfaces/pm_vision_interfaces/srv/detail/execute_vision__type_support.h
-- Up-to-date: /home/brotato211/ros2_humble/src/pm_vision_manager/install/pm_vision_interfaces/include/pm_vision_interfaces/pm_vision_interfaces/srv/detail/calibrate_angle__functions.c
-- Up-to-date: /home/brotato211/ros2_humble/src/pm_vision_manager/install/pm_vision_interfaces/include/pm_vision_interfaces/pm_vision_interfaces/srv/detail/demo_set_exposure__functions.c
-- Up-to-date: /home/brotato211/ros2_humble/src/pm_vision_manager/install/pm_vision_interfaces/include/pm_vision_interfaces/pm_vision_interfaces/srv/detail/demo_set_exposure__type_support.h
-- Up-to-date: /home/brotato211/ros2_humble/src/pm_vision_manager/install/pm_vision_interfaces/include/pm_vision_interfaces/pm_vision_interfaces/srv/detail/calibrate_pixel_per_um__functions.h
-- Up-to-date: /home/brotato211/ros2_humble/src/pm_vision_manager/install/pm_vision_interfaces/include/pm_vision_interfaces/pm_vision_interfaces/srv/detail/execute_vision__functions.h
-- Up-to-date: /home/brotato211/ros2_humble/src/pm_vision_manager/install/pm_vision_interfaces/include/pm_vision_interfaces/pm_vision_interfaces/srv/calibrate_angle.h
-- Up-to-date: /home/brotato211/ros2_humble/src/pm_vision_manager/install/pm_vision_interfaces/include/pm_vision_interfaces/pm_vision_interfaces/srv/calibrate_pixel_per_um.h
-- Up-to-date: /home/brotato211/ros2_humble/src/pm_vision_manager/install/pm_vision_interfaces/include/pm_vision_interfaces/pm_vision_interfaces/srv/demo_set_exposure.h
-- Up-to-date: /home/brotato211/ros2_humble/src/pm_vision_manager/install/pm_vision_interfaces/include/pm_vision_interfaces/pm_vision_interfaces/srv/execute_vision.h
-- Up-to-date: /home/brotato211/ros2_humble/src/pm_vision_manager/install/pm_vision_interfaces/include/pm_vision_interfaces/pm_vision_interfaces/msg
-- Up-to-date: /home/brotato211/ros2_humble/src/pm_vision_manager/install/pm_vision_interfaces/include/pm_vision_interfaces/pm_vision_interfaces/msg/detail
-- Up-to-date: /home/brotato211/ros2_humble/src/pm_vision_manager/install/pm_vision_interfaces/include/pm_vision_interfaces/pm_vision_interfaces/msg/detail/image_sharpness__struct.h
-- Up-to-date: /home/brotato211/ros2_humble/src/pm_vision_manager/install/pm_vision_interfaces/include/pm_vision_interfaces/pm_vision_interfaces/msg/detail/cross_validation__functions.h
-- Up-to-date: /home/brotato211/ros2_humble/src/pm_vision_manager/install/pm_vision_interfaces/include/pm_vision_interfaces/pm_vision_interfaces/msg/detail/vision_circle__functions.c
-- Up-to-date: /home/brotato211/ros2_humble/src/pm_vision_manager/install/pm_vision_interfaces/include/pm_vision_interfaces/pm_vision_interfaces/msg/detail/vision_area__type_support.h
-- Up-to-date: /home/brotato211/ros2_humble/src/pm_vision_manager/install/pm_vision_interfaces/include/pm_vision_interfaces/pm_vision_interfaces/msg/detail/vision_point__struct.h
-- Up-to-date: /home/brotato211/ros2_humble/src/pm_vision_manager/install/pm_vision_interfaces/include/pm_vision_interfaces/pm_vision_interfaces/msg/detail/image_sharpness__functions.h
-- Up-to-date: /home/brotato211/ros2_humble/src/pm_vision_manager/install/pm_vision_interfaces/include/pm_vision_interfaces/pm_vision_interfaces/msg/detail/vision_point__functions.c
-- Up-to-date: /home/brotato211/ros2_humble/src/pm_vision_manager/install/pm_vision_interfaces/include/pm_vision_interfaces/pm_vision_interfaces/msg/detail/cross_validation__functions.c
-- Up-to-date: /home/brotato211/ros2_humble/src/pm_vision_manager/install/pm_vision_interfaces/include/pm_vision_interfaces/pm_vision_interfaces/msg/detail/vision_response__type_support.h
-- Up-to-date: /home/brotato211/ros2_humble/src/pm_vision_manager/install/pm_vision_interfaces/include/pm_vision_interfaces/pm_vision_interfaces/msg/detail/vision_area__functions.h
-- Up-to-date: /home/brotato211/ros2_humble/src/pm_vision_manager/install/pm_vision_interfaces/include/pm_vision_interfaces/pm_vision_interfaces/msg/detail/vision_results__functions.h
-- Up-to-date: /home/brotato211/ros2_humble/src/pm_vision_manager/install/pm_vision_interfaces/include/pm_vision_interfaces/pm_vision_interfaces/msg/detail/vision_area__struct.h
-- Up-to-date: /home/brotato211/ros2_humble/src/pm_vision_manager/install/pm_vision_interfaces/include/pm_vision_interfaces/pm_vision_interfaces/msg/detail/vision_line__functions.c
-- Up-to-date: /home/brotato211/ros2_humble/src/pm_vision_manager/install/pm_vision_interfaces/include/pm_vision_interfaces/pm_vision_interfaces/msg/detail/vision_point__functions.h
-- Up-to-date: /home/brotato211/ros2_humble/src/pm_vision_manager/install/pm_vision_interfaces/include/pm_vision_interfaces/pm_vision_interfaces/msg/detail/image_sharpness__functions.c
-- Up-to-date: /home/brotato211/ros2_humble/src/pm_vision_manager/install/pm_vision_interfaces/include/pm_vision_interfaces/pm_vision_interfaces/msg/detail/vision_circle__type_support.h
-- Up-to-date: /home/brotato211/ros2_humble/src/pm_vision_manager/install/pm_vision_interfaces/include/pm_vision_interfaces/pm_vision_interfaces/msg/detail/vision_area__functions.c
-- Up-to-date: /home/brotato211/ros2_humble/src/pm_vision_manager/install/pm_vision_interfaces/include/pm_vision_interfaces/pm_vision_interfaces/msg/detail/vision_results__struct.h
-- Up-to-date: /home/brotato211/ros2_humble/src/pm_vision_manager/install/pm_vision_interfaces/include/pm_vision_interfaces/pm_vision_interfaces/msg/detail/vision_circle__struct.h
-- Up-to-date: /home/brotato211/ros2_humble/src/pm_vision_manager/install/pm_vision_interfaces/include/pm_vision_interfaces/pm_vision_interfaces/msg/detail/vision_line__struct.h
-- Up-to-date: /home/brotato211/ros2_humble/src/pm_vision_manager/install/pm_vision_interfaces/include/pm_vision_interfaces/pm_vision_interfaces/msg/detail/cross_validation__type_support.h
-- Up-to-date: /home/brotato211/ros2_humble/src/pm_vision_manager/install/pm_vision_interfaces/include/pm_vision_interfaces/pm_vision_interfaces/msg/detail/cross_validation__struct.h
-- Up-to-date: /home/brotato211/ros2_humble/src/pm_vision_manager/install/pm_vision_interfaces/include/pm_vision_interfaces/pm_vision_interfaces/msg/detail/image_sharpness__type_support.h
-- Up-to-date: /home/brotato211/ros2_humble/src/pm_vision_manager/install/pm_vision_interfaces/include/pm_vision_interfaces/pm_vision_interfaces/msg/detail/vision_results__type_support.h
-- Up-to-date: /home/brotato211/ros2_humble/src/pm_vision_manager/install/pm_vision_interfaces/include/pm_vision_interfaces/pm_vision_interfaces/msg/detail/vision_response__struct.h
-- Up-to-date: /home/brotato211/ros2_humble/src/pm_vision_manager/install/pm_vision_interfaces/include/pm_vision_interfaces/pm_vision_interfaces/msg/detail/vision_results__functions.c
-- Up-to-date: /home/brotato211/ros2_humble/src/pm_vision_manager/install/pm_vision_interfaces/include/pm_vision_interfaces/pm_vision_interfaces/msg/detail/vision_response__functions.c
-- Up-to-date: /home/brotato211/ros2_humble/src/pm_vision_manager/install/pm_vision_interfaces/include/pm_vision_interfaces/pm_vision_interfaces/msg/detail/vision_response__functions.h
-- Up-to-date: /home/brotato211/ros2_humble/src/pm_vision_manager/install/pm_vision_interfaces/include/pm_vision_interfaces/pm_vision_interfaces/msg/detail/vision_circle__functions.h
-- Up-to-date: /home/brotato211/ros2_humble/src/pm_vision_manager/install/pm_vision_interfaces/include/pm_vision_interfaces/pm_vision_interfaces/msg/detail/vision_point__type_support.h
-- Up-to-date: /home/brotato211/ros2_humble/src/pm_vision_manager/install/pm_vision_interfaces/include/pm_vision_interfaces/pm_vision_interfaces/msg/detail/vision_line__functions.h
-- Up-to-date: /home/brotato211/ros2_humble/src/pm_vision_manager/install/pm_vision_interfaces/include/pm_vision_interfaces/pm_vision_interfaces/msg/detail/vision_line__type_support.h
-- Up-to-date: /home/brotato211/ros2_humble/src/pm_vision_manager/install/pm_vision_interfaces/include/pm_vision_interfaces/pm_vision_interfaces/msg/vision_point.h
-- Up-to-date: /home/brotato211/ros2_humble/src/pm_vision_manager/install/pm_vision_interfaces/include/pm_vision_interfaces/pm_vision_interfaces/msg/vision_line.h
-- Up-to-date: /home/brotato211/ros2_humble/src/pm_vision_manager/install/pm_vision_interfaces/include/pm_vision_interfaces/pm_vision_interfaces/msg/image_sharpness.h
-- Up-to-date: /home/brotato211/ros2_humble/src/pm_vision_manager/install/pm_vision_interfaces/include/pm_vision_interfaces/pm_vision_interfaces/msg/vision_response.h
-- Up-to-date: /home/brotato211/ros2_humble/src/pm_vision_manager/install/pm_vision_interfaces/include/pm_vision_interfaces/pm_vision_interfaces/msg/vision_area.h
-- Up-to-date: /home/brotato211/ros2_humble/src/pm_vision_manager/install/pm_vision_interfaces/include/pm_vision_interfaces/pm_vision_interfaces/msg/cross_validation.h
-- Up-to-date: /home/brotato211/ros2_humble/src/pm_vision_manager/install/pm_vision_interfaces/include/pm_vision_interfaces/pm_vision_interfaces/msg/rosidl_generator_c__visibility_control.h
-- Up-to-date: /home/brotato211/ros2_humble/src/pm_vision_manager/install/pm_vision_interfaces/include/pm_vision_interfaces/pm_vision_interfaces/msg/vision_circle.h
-- Up-to-date: /home/brotato211/ros2_humble/src/pm_vision_manager/install/pm_vision_interfaces/include/pm_vision_interfaces/pm_vision_interfaces/msg/vision_results.h
-- Up-to-date: /home/brotato211/ros2_humble/src/pm_vision_manager/install/pm_vision_interfaces/share/pm_vision_interfaces/environment/library_path.sh
-- Up-to-date: /home/brotato211/ros2_humble/src/pm_vision_manager/install/pm_vision_interfaces/share/pm_vision_interfaces/environment/library_path.dsv
-- Up-to-date: /home/brotato211/ros2_humble/src/pm_vision_manager/install/pm_vision_interfaces/lib/libpm_vision_interfaces__rosidl_generator_c.so
-- Up-to-date: /home/brotato211/ros2_humble/src/pm_vision_manager/install/pm_vision_interfaces/include/pm_vision_interfaces/pm_vision_interfaces
-- Up-to-date: /home/brotato211/ros2_humble/src/pm_vision_manager/install/pm_vision_interfaces/include/pm_vision_interfaces/pm_vision_interfaces/srv
-- Up-to-date: /home/brotato211/ros2_humble/src/pm_vision_manager/install/pm_vision_interfaces/include/pm_vision_interfaces/pm_vision_interfaces/srv/detail
-- Up-to-date: /home/brotato211/ros2_humble/src/pm_vision_manager/install/pm_vision_interfaces/include/pm_vision_interfaces/pm_vision_interfaces/srv/detail/calibrate_angle__rosidl_typesupport_fastrtps_c.h
-- Up-to-date: /home/brotato211/ros2_humble/src/pm_vision_manager/install/pm_vision_interfaces/include/pm_vision_interfaces/pm_vision_interfaces/srv/detail/execute_vision__rosidl_typesupport_fastrtps_c.h
-- Up-to-date: /home/brotato211/ros2_humble/src/pm_vision_manager/install/pm_vision_interfaces/include/pm_vision_interfaces/pm_vision_interfaces/srv/detail/calibrate_pixel_per_um__rosidl_typesupport_fastrtps_c.h
-- Up-to-date: /home/brotato211/ros2_humble/src/pm_vision_manager/install/pm_vision_interfaces/include/pm_vision_interfaces/pm_vision_interfaces/srv/detail/demo_set_exposure__rosidl_typesupport_fastrtps_c.h
-- Up-to-date: /home/brotato211/ros2_humble/src/pm_vision_manager/install/pm_vision_interfaces/include/pm_vision_interfaces/pm_vision_interfaces/msg
-- Up-to-date: /home/brotato211/ros2_humble/src/pm_vision_manager/install/pm_vision_interfaces/include/pm_vision_interfaces/pm_vision_interfaces/msg/detail
-- Up-to-date: /home/brotato211/ros2_humble/src/pm_vision_manager/install/pm_vision_interfaces/include/pm_vision_interfaces/pm_vision_interfaces/msg/detail/vision_circle__rosidl_typesupport_fastrtps_c.h
-- Up-to-date: /home/brotato211/ros2_humble/src/pm_vision_manager/install/pm_vision_interfaces/include/pm_vision_interfaces/pm_vision_interfaces/msg/detail/cross_validation__rosidl_typesupport_fastrtps_c.h
-- Up-to-date: /home/brotato211/ros2_humble/src/pm_vision_manager/install/pm_vision_interfaces/include/pm_vision_interfaces/pm_vision_interfaces/msg/detail/vision_line__rosidl_typesupport_fastrtps_c.h
-- Up-to-date: /home/brotato211/ros2_humble/src/pm_vision_manager/install/pm_vision_interfaces/include/pm_vision_interfaces/pm_vision_interfaces/msg/detail/vision_point__rosidl_typesupport_fastrtps_c.h
-- Up-to-date: /home/brotato211/ros2_humble/src/pm_vision_manager/install/pm_vision_interfaces/include/pm_vision_interfaces/pm_vision_interfaces/msg/detail/vision_response__rosidl_typesupport_fastrtps_c.h
-- Up-to-date: /home/brotato211/ros2_humble/src/pm_vision_manager/install/pm_vision_interfaces/include/pm_vision_interfaces/pm_vision_interfaces/msg/detail/vision_results__rosidl_typesupport_fastrtps_c.h
-- Up-to-date: /home/brotato211/ros2_humble/src/pm_vision_manager/install/pm_vision_interfaces/include/pm_vision_interfaces/pm_vision_interfaces/msg/detail/vision_area__rosidl_typesupport_fastrtps_c.h
-- Up-to-date: /home/brotato211/ros2_humble/src/pm_vision_manager/install/pm_vision_interfaces/include/pm_vision_interfaces/pm_vision_interfaces/msg/detail/image_sharpness__rosidl_typesupport_fastrtps_c.h
-- Up-to-date: /home/brotato211/ros2_humble/src/pm_vision_manager/install/pm_vision_interfaces/include/pm_vision_interfaces/pm_vision_interfaces/msg/rosidl_typesupport_fastrtps_c__visibility_control.h
-- Up-to-date: /home/brotato211/ros2_humble/src/pm_vision_manager/install/pm_vision_interfaces/lib/libpm_vision_interfaces__rosidl_typesupport_fastrtps_c.so
-- Up-to-date: /home/brotato211/ros2_humble/src/pm_vision_manager/install/pm_vision_interfaces/include/pm_vision_interfaces/pm_vision_interfaces
-- Up-to-date: /home/brotato211/ros2_humble/src/pm_vision_manager/install/pm_vision_interfaces/include/pm_vision_interfaces/pm_vision_interfaces/srv
-- Up-to-date: /home/brotato211/ros2_humble/src/pm_vision_manager/install/pm_vision_interfaces/include/pm_vision_interfaces/pm_vision_interfaces/srv/detail
-- Up-to-date: /home/brotato211/ros2_humble/src/pm_vision_manager/install/pm_vision_interfaces/include/pm_vision_interfaces/pm_vision_interfaces/srv/detail/execute_vision__type_support.hpp
-- Up-to-date: /home/brotato211/ros2_humble/src/pm_vision_manager/install/pm_vision_interfaces/include/pm_vision_interfaces/pm_vision_interfaces/srv/detail/calibrate_pixel_per_um__traits.hpp
-- Up-to-date: /home/brotato211/ros2_humble/src/pm_vision_manager/install/pm_vision_interfaces/include/pm_vision_interfaces/pm_vision_interfaces/srv/detail/calibrate_angle__traits.hpp
-- Up-to-date: /home/brotato211/ros2_humble/src/pm_vision_manager/install/pm_vision_interfaces/include/pm_vision_interfaces/pm_vision_interfaces/srv/detail/demo_set_exposure__builder.hpp
-- Up-to-date: /home/brotato211/ros2_humble/src/pm_vision_manager/install/pm_vision_interfaces/include/pm_vision_interfaces/pm_vision_interfaces/srv/detail/demo_set_exposure__traits.hpp
-- Up-to-date: /home/brotato211/ros2_humble/src/pm_vision_manager/install/pm_vision_interfaces/include/pm_vision_interfaces/pm_vision_interfaces/srv/detail/demo_set_exposure__type_support.hpp
-- Up-to-date: /home/brotato211/ros2_humble/src/pm_vision_manager/install/pm_vision_interfaces/include/pm_vision_interfaces/pm_vision_interfaces/srv/detail/execute_vision__traits.hpp
-- Up-to-date: /home/brotato211/ros2_humble/src/pm_vision_manager/install/pm_vision_interfaces/include/pm_vision_interfaces/pm_vision_interfaces/srv/detail/calibrate_pixel_per_um__builder.hpp
-- Up-to-date: /home/brotato211/ros2_humble/src/pm_vision_manager/install/pm_vision_interfaces/include/pm_vision_interfaces/pm_vision_interfaces/srv/detail/calibrate_pixel_per_um__struct.hpp
-- Up-to-date: /home/brotato211/ros2_humble/src/pm_vision_manager/install/pm_vision_interfaces/include/pm_vision_interfaces/pm_vision_interfaces/srv/detail/calibrate_angle__struct.hpp
-- Up-to-date: /home/brotato211/ros2_humble/src/pm_vision_manager/install/pm_vision_interfaces/include/pm_vision_interfaces/pm_vision_interfaces/srv/detail/demo_set_exposure__struct.hpp
-- Up-to-date: /home/brotato211/ros2_humble/src/pm_vision_manager/install/pm_vision_interfaces/include/pm_vision_interfaces/pm_vision_interfaces/srv/detail/execute_vision__struct.hpp
-- Up-to-date: /home/brotato211/ros2_humble/src/pm_vision_manager/install/pm_vision_interfaces/include/pm_vision_interfaces/pm_vision_interfaces/srv/detail/calibrate_angle__builder.hpp
-- Up-to-date: /home/brotato211/ros2_humble/src/pm_vision_manager/install/pm_vision_interfaces/include/pm_vision_interfaces/pm_vision_interfaces/srv/detail/execute_vision__builder.hpp
-- Up-to-date: /home/brotato211/ros2_humble/src/pm_vision_manager/install/pm_vision_interfaces/include/pm_vision_interfaces/pm_vision_interfaces/srv/detail/calibrate_angle__type_support.hpp
-- Up-to-date: /home/brotato211/ros2_humble/src/pm_vision_manager/install/pm_vision_interfaces/include/pm_vision_interfaces/pm_vision_interfaces/srv/detail/calibrate_pixel_per_um__type_support.hpp
-- Up-to-date: /home/brotato211/ros2_humble/src/pm_vision_manager/install/pm_vision_interfaces/include/pm_vision_interfaces/pm_vision_interfaces/srv/calibrate_pixel_per_um.hpp
-- Up-to-date: /home/brotato211/ros2_humble/src/pm_vision_manager/install/pm_vision_interfaces/include/pm_vision_interfaces/pm_vision_interfaces/srv/demo_set_exposure.hpp
-- Up-to-date: /home/brotato211/ros2_humble/src/pm_vision_manager/install/pm_vision_interfaces/include/pm_vision_interfaces/pm_vision_interfaces/srv/execute_vision.hpp
-- Up-to-date: /home/brotato211/ros2_humble/src/pm_vision_manager/install/pm_vision_interfaces/include/pm_vision_interfaces/pm_vision_interfaces/srv/calibrate_angle.hpp
-- Up-to-date: /home/brotato211/ros2_humble/src/pm_vision_manager/install/pm_vision_interfaces/include/pm_vision_interfaces/pm_vision_interfaces/msg
-- Up-to-date: /home/brotato211/ros2_humble/src/pm_vision_manager/install/pm_vision_interfaces/include/pm_vision_interfaces/pm_vision_interfaces/msg/detail
-- Up-to-date: /home/brotato211/ros2_humble/src/pm_vision_manager/install/pm_vision_interfaces/include/pm_vision_interfaces/pm_vision_interfaces/msg/detail/vision_response__builder.hpp
-- Up-to-date: /home/brotato211/ros2_humble/src/pm_vision_manager/install/pm_vision_interfaces/include/pm_vision_interfaces/pm_vision_interfaces/msg/detail/vision_results__type_support.hpp
-- Up-to-date: /home/brotato211/ros2_humble/src/pm_vision_manager/install/pm_vision_interfaces/include/pm_vision_interfaces/pm_vision_interfaces/msg/detail/image_sharpness__builder.hpp
-- Up-to-date: /home/brotato211/ros2_humble/src/pm_vision_manager/install/pm_vision_interfaces/include/pm_vision_interfaces/pm_vision_interfaces/msg/detail/vision_line__type_support.hpp
-- Up-to-date: /home/brotato211/ros2_humble/src/pm_vision_manager/install/pm_vision_interfaces/include/pm_vision_interfaces/pm_vision_interfaces/msg/detail/cross_validation__builder.hpp
-- Up-to-date: /home/brotato211/ros2_humble/src/pm_vision_manager/install/pm_vision_interfaces/include/pm_vision_interfaces/pm_vision_interfaces/msg/detail/vision_area__builder.hpp
-- Up-to-date: /home/brotato211/ros2_humble/src/pm_vision_manager/install/pm_vision_interfaces/include/pm_vision_interfaces/pm_vision_interfaces/msg/detail/vision_results__struct.hpp
-- Up-to-date: /home/brotato211/ros2_humble/src/pm_vision_manager/install/pm_vision_interfaces/include/pm_vision_interfaces/pm_vision_interfaces/msg/detail/vision_response__traits.hpp
-- Up-to-date: /home/brotato211/ros2_humble/src/pm_vision_manager/install/pm_vision_interfaces/include/pm_vision_interfaces/pm_vision_interfaces/msg/detail/vision_point__type_support.hpp
-- Up-to-date: /home/brotato211/ros2_humble/src/pm_vision_manager/install/pm_vision_interfaces/include/pm_vision_interfaces/pm_vision_interfaces/msg/detail/vision_results__builder.hpp
-- Up-to-date: /home/brotato211/ros2_humble/src/pm_vision_manager/install/pm_vision_interfaces/include/pm_vision_interfaces/pm_vision_interfaces/msg/detail/vision_line__builder.hpp
-- Up-to-date: /home/brotato211/ros2_humble/src/pm_vision_manager/install/pm_vision_interfaces/include/pm_vision_interfaces/pm_vision_interfaces/msg/detail/vision_response__type_support.hpp
-- Up-to-date: /home/brotato211/ros2_humble/src/pm_vision_manager/install/pm_vision_interfaces/include/pm_vision_interfaces/pm_vision_interfaces/msg/detail/vision_results__traits.hpp
-- Up-to-date: /home/brotato211/ros2_humble/src/pm_vision_manager/install/pm_vision_interfaces/include/pm_vision_interfaces/pm_vision_interfaces/msg/detail/vision_circle__builder.hpp
-- Up-to-date: /home/brotato211/ros2_humble/src/pm_vision_manager/install/pm_vision_interfaces/include/pm_vision_interfaces/pm_vision_interfaces/msg/detail/vision_line__struct.hpp
-- Up-to-date: /home/brotato211/ros2_humble/src/pm_vision_manager/install/pm_vision_interfaces/include/pm_vision_interfaces/pm_vision_interfaces/msg/detail/vision_point__traits.hpp
-- Up-to-date: /home/brotato211/ros2_humble/src/pm_vision_manager/install/pm_vision_interfaces/include/pm_vision_interfaces/pm_vision_interfaces/msg/detail/image_sharpness__type_support.hpp
-- Up-to-date: /home/brotato211/ros2_humble/src/pm_vision_manager/install/pm_vision_interfaces/include/pm_vision_interfaces/pm_vision_interfaces/msg/detail/image_sharpness__traits.hpp
-- Up-to-date: /home/brotato211/ros2_humble/src/pm_vision_manager/install/pm_vision_interfaces/include/pm_vision_interfaces/pm_vision_interfaces/msg/detail/cross_validation__traits.hpp
-- Up-to-date: /home/brotato211/ros2_humble/src/pm_vision_manager/install/pm_vision_interfaces/include/pm_vision_interfaces/pm_vision_interfaces/msg/detail/vision_circle__struct.hpp
-- Up-to-date: /home/brotato211/ros2_humble/src/pm_vision_manager/install/pm_vision_interfaces/include/pm_vision_interfaces/pm_vision_interfaces/msg/detail/vision_area__struct.hpp
-- Up-to-date: /home/brotato211/ros2_humble/src/pm_vision_manager/install/pm_vision_interfaces/include/pm_vision_interfaces/pm_vision_interfaces/msg/detail/vision_circle__type_support.hpp
-- Up-to-date: /home/brotato211/ros2_humble/src/pm_vision_manager/install/pm_vision_interfaces/include/pm_vision_interfaces/pm_vision_interfaces/msg/detail/cross_validation__type_support.hpp
-- Up-to-date: /home/brotato211/ros2_humble/src/pm_vision_manager/install/pm_vision_interfaces/include/pm_vision_interfaces/pm_vision_interfaces/msg/detail/vision_point__builder.hpp
-- Up-to-date: /home/brotato211/ros2_humble/src/pm_vision_manager/install/pm_vision_interfaces/include/pm_vision_interfaces/pm_vision_interfaces/msg/detail/vision_circle__traits.hpp
-- Up-to-date: /home/brotato211/ros2_humble/src/pm_vision_manager/install/pm_vision_interfaces/include/pm_vision_interfaces/pm_vision_interfaces/msg/detail/vision_area__traits.hpp
-- Up-to-date: /home/brotato211/ros2_humble/src/pm_vision_manager/install/pm_vision_interfaces/include/pm_vision_interfaces/pm_vision_interfaces/msg/detail/vision_line__traits.hpp
-- Up-to-date: /home/brotato211/ros2_humble/src/pm_vision_manager/install/pm_vision_interfaces/include/pm_vision_interfaces/pm_vision_interfaces/msg/detail/vision_area__type_support.hpp
-- Up-to-date: /home/brotato211/ros2_humble/src/pm_vision_manager/install/pm_vision_interfaces/include/pm_vision_interfaces/pm_vision_interfaces/msg/detail/vision_point__struct.hpp
-- Up-to-date: /home/brotato211/ros2_humble/src/pm_vision_manager/install/pm_vision_interfaces/include/pm_vision_interfaces/pm_vision_interfaces/msg/detail/cross_validation__struct.hpp
-- Up-to-date: /home/brotato211/ros2_humble/src/pm_vision_manager/install/pm_vision_interfaces/include/pm_vision_interfaces/pm_vision_interfaces/msg/detail/image_sharpness__struct.hpp
-- Up-to-date: /home/brotato211/ros2_humble/src/pm_vision_manager/install/pm_vision_interfaces/include/pm_vision_interfaces/pm_vision_interfaces/msg/detail/vision_response__struct.hpp
-- Up-to-date: /home/brotato211/ros2_humble/src/pm_vision_manager/install/pm_vision_interfaces/include/pm_vision_interfaces/pm_vision_interfaces/msg/vision_area.hpp
-- Up-to-date: /home/brotato211/ros2_humble/src/pm_vision_manager/install/pm_vision_interfaces/include/pm_vision_interfaces/pm_vision_interfaces/msg/vision_line.hpp
-- Up-to-date: /home/brotato211/ros2_humble/src/pm_vision_manager/install/pm_vision_interfaces/include/pm_vision_interfaces/pm_vision_interfaces/msg/vision_results.hpp
-- Up-to-date: /home/brotato211/ros2_humble/src/pm_vision_manager/install/pm_vision_interfaces/include/pm_vision_interfaces/pm_vision_interfaces/msg/cross_validation.hpp
-- Up-to-date: /home/brotato211/ros2_humble/src/pm_vision_manager/install/pm_vision_interfaces/include/pm_vision_interfaces/pm_vision_interfaces/msg/rosidl_generator_cpp__visibility_control.hpp
-- Up-to-date: /home/brotato211/ros2_humble/src/pm_vision_manager/install/pm_vision_interfaces/include/pm_vision_interfaces/pm_vision_interfaces/msg/vision_circle.hpp
-- Up-to-date: /home/brotato211/ros2_humble/src/pm_vision_manager/install/pm_vision_interfaces/include/pm_vision_interfaces/pm_vision_interfaces/msg/vision_point.hpp
-- Up-to-date: /home/brotato211/ros2_humble/src/pm_vision_manager/install/pm_vision_interfaces/include/pm_vision_interfaces/pm_vision_interfaces/msg/image_sharpness.hpp
-- Up-to-date: /home/brotato211/ros2_humble/src/pm_vision_manager/install/pm_vision_interfaces/include/pm_vision_interfaces/pm_vision_interfaces/msg/vision_response.hpp
-- Up-to-date: /home/brotato211/ros2_humble/src/pm_vision_manager/install/pm_vision_interfaces/include/pm_vision_interfaces/pm_vision_interfaces
-- Up-to-date: /home/brotato211/ros2_humble/src/pm_vision_manager/install/pm_vision_interfaces/include/pm_vision_interfaces/pm_vision_interfaces/srv
-- Up-to-date: /home/brotato211/ros2_humble/src/pm_vision_manager/install/pm_vision_interfaces/include/pm_vision_interfaces/pm_vision_interfaces/srv/detail
-- Up-to-date: /home/brotato211/ros2_humble/src/pm_vision_manager/install/pm_vision_interfaces/include/pm_vision_interfaces/pm_vision_interfaces/srv/detail/calibrate_angle__rosidl_typesupport_fastrtps_cpp.hpp
-- Up-to-date: /home/brotato211/ros2_humble/src/pm_vision_manager/install/pm_vision_interfaces/include/pm_vision_interfaces/pm_vision_interfaces/srv/detail/demo_set_exposure__rosidl_typesupport_fastrtps_cpp.hpp
-- Up-to-date: /home/brotato211/ros2_humble/src/pm_vision_manager/install/pm_vision_interfaces/include/pm_vision_interfaces/pm_vision_interfaces/srv/detail/execute_vision__rosidl_typesupport_fastrtps_cpp.hpp
-- Up-to-date: /home/brotato211/ros2_humble/src/pm_vision_manager/install/pm_vision_interfaces/include/pm_vision_interfaces/pm_vision_interfaces/srv/detail/calibrate_pixel_per_um__rosidl_typesupport_fastrtps_cpp.hpp
-- Up-to-date: /home/brotato211/ros2_humble/src/pm_vision_manager/install/pm_vision_interfaces/include/pm_vision_interfaces/pm_vision_interfaces/srv/detail/dds_fastrtps
-- Up-to-date: /home/brotato211/ros2_humble/src/pm_vision_manager/install/pm_vision_interfaces/include/pm_vision_interfaces/pm_vision_interfaces/msg
-- Up-to-date: /home/brotato211/ros2_humble/src/pm_vision_manager/install/pm_vision_interfaces/include/pm_vision_interfaces/pm_vision_interfaces/msg/detail
-- Up-to-date: /home/brotato211/ros2_humble/src/pm_vision_manager/install/pm_vision_interfaces/include/pm_vision_interfaces/pm_vision_interfaces/msg/detail/vision_area__rosidl_typesupport_fastrtps_cpp.hpp
-- Up-to-date: /home/brotato211/ros2_humble/src/pm_vision_manager/install/pm_vision_interfaces/include/pm_vision_interfaces/pm_vision_interfaces/msg/detail/vision_response__rosidl_typesupport_fastrtps_cpp.hpp
-- Up-to-date: /home/brotato211/ros2_humble/src/pm_vision_manager/install/pm_vision_interfaces/include/pm_vision_interfaces/pm_vision_interfaces/msg/detail/cross_validation__rosidl_typesupport_fastrtps_cpp.hpp
-- Up-to-date: /home/brotato211/ros2_humble/src/pm_vision_manager/install/pm_vision_interfaces/include/pm_vision_interfaces/pm_vision_interfaces/msg/detail/image_sharpness__rosidl_typesupport_fastrtps_cpp.hpp
-- Up-to-date: /home/brotato211/ros2_humble/src/pm_vision_manager/install/pm_vision_interfaces/include/pm_vision_interfaces/pm_vision_interfaces/msg/detail/vision_results__rosidl_typesupport_fastrtps_cpp.hpp
-- Up-to-date: /home/brotato211/ros2_humble/src/pm_vision_manager/install/pm_vision_interfaces/include/pm_vision_interfaces/pm_vision_interfaces/msg/detail/vision_point__rosidl_typesupport_fastrtps_cpp.hpp
-- Up-to-date: /home/brotato211/ros2_humble/src/pm_vision_manager/install/pm_vision_interfaces/include/pm_vision_interfaces/pm_vision_interfaces/msg/detail/vision_line__rosidl_typesupport_fastrtps_cpp.hpp
-- Up-to-date: /home/brotato211/ros2_humble/src/pm_vision_manager/install/pm_vision_interfaces/include/pm_vision_interfaces/pm_vision_interfaces/msg/detail/vision_circle__rosidl_typesupport_fastrtps_cpp.hpp
-- Up-to-date: /home/brotato211/ros2_humble/src/pm_vision_manager/install/pm_vision_interfaces/include/pm_vision_interfaces/pm_vision_interfaces/msg/detail/dds_fastrtps
-- Up-to-date: /home/brotato211/ros2_humble/src/pm_vision_manager/install/pm_vision_interfaces/include/pm_vision_interfaces/pm_vision_interfaces/msg/rosidl_typesupport_fastrtps_cpp__visibility_control.h
-- Up-to-date: /home/brotato211/ros2_humble/src/pm_vision_manager/install/pm_vision_interfaces/lib/libpm_vision_interfaces__rosidl_typesupport_fastrtps_cpp.so
-- Up-to-date: /home/brotato211/ros2_humble/src/pm_vision_manager/install/pm_vision_interfaces/include/pm_vision_interfaces/pm_vision_interfaces
-- Up-to-date: /home/brotato211/ros2_humble/src/pm_vision_manager/install/pm_vision_interfaces/include/pm_vision_interfaces/pm_vision_interfaces/srv
-- Up-to-date: /home/brotato211/ros2_humble/src/pm_vision_manager/install/pm_vision_interfaces/include/pm_vision_interfaces/pm_vision_interfaces/srv/detail
-- Up-to-date: /home/brotato211/ros2_humble/src/pm_vision_manager/install/pm_vision_interfaces/include/pm_vision_interfaces/pm_vision_interfaces/srv/detail/demo_set_exposure__rosidl_typesupport_introspection_c.h
-- Up-to-date: /home/brotato211/ros2_humble/src/pm_vision_manager/install/pm_vision_interfaces/include/pm_vision_interfaces/pm_vision_interfaces/srv/detail/execute_vision__rosidl_typesupport_introspection_c.h
-- Up-to-date: /home/brotato211/ros2_humble/src/pm_vision_manager/install/pm_vision_interfaces/include/pm_vision_interfaces/pm_vision_interfaces/srv/detail/calibrate_angle__rosidl_typesupport_introspection_c.h
-- Up-to-date: /home/brotato211/ros2_humble/src/pm_vision_manager/install/pm_vision_interfaces/include/pm_vision_interfaces/pm_vision_interfaces/srv/detail/calibrate_angle__type_support.c
-- Up-to-date: /home/brotato211/ros2_humble/src/pm_vision_manager/install/pm_vision_interfaces/include/pm_vision_interfaces/pm_vision_interfaces/srv/detail/calibrate_pixel_per_um__rosidl_typesupport_introspection_c.h
-- Up-to-date: /home/brotato211/ros2_humble/src/pm_vision_manager/install/pm_vision_interfaces/include/pm_vision_interfaces/pm_vision_interfaces/srv/detail/calibrate_pixel_per_um__type_support.c
-- Up-to-date: /home/brotato211/ros2_humble/src/pm_vision_manager/install/pm_vision_interfaces/include/pm_vision_interfaces/pm_vision_interfaces/srv/detail/demo_set_exposure__type_support.c
-- Up-to-date: /home/brotato211/ros2_humble/src/pm_vision_manager/install/pm_vision_interfaces/include/pm_vision_interfaces/pm_vision_interfaces/srv/detail/execute_vision__type_support.c
-- Up-to-date: /home/brotato211/ros2_humble/src/pm_vision_manager/install/pm_vision_interfaces/include/pm_vision_interfaces/pm_vision_interfaces/msg
-- Up-to-date: /home/brotato211/ros2_humble/src/pm_vision_manager/install/pm_vision_interfaces/include/pm_vision_interfaces/pm_vision_interfaces/msg/detail
-- Up-to-date: /home/brotato211/ros2_humble/src/pm_vision_manager/install/pm_vision_interfaces/include/pm_vision_interfaces/pm_vision_interfaces/msg/detail/vision_area__type_support.c
-- Up-to-date: /home/brotato211/ros2_humble/src/pm_vision_manager/install/pm_vision_interfaces/include/pm_vision_interfaces/pm_vision_interfaces/msg/detail/vision_point__type_support.c
-- Up-to-date: /home/brotato211/ros2_humble/src/pm_vision_manager/install/pm_vision_interfaces/include/pm_vision_interfaces/pm_vision_interfaces/msg/detail/cross_validation__rosidl_typesupport_introspection_c.h
-- Up-to-date: /home/brotato211/ros2_humble/src/pm_vision_manager/install/pm_vision_interfaces/include/pm_vision_interfaces/pm_vision_interfaces/msg/detail/vision_results__type_support.c
-- Up-to-date: /home/brotato211/ros2_humble/src/pm_vision_manager/install/pm_vision_interfaces/include/pm_vision_interfaces/pm_vision_interfaces/msg/detail/vision_point__rosidl_typesupport_introspection_c.h
-- Up-to-date: /home/brotato211/ros2_humble/src/pm_vision_manager/install/pm_vision_interfaces/include/pm_vision_interfaces/pm_vision_interfaces/msg/detail/vision_circle__type_support.c
-- Up-to-date: /home/brotato211/ros2_humble/src/pm_vision_manager/install/pm_vision_interfaces/include/pm_vision_interfaces/pm_vision_interfaces/msg/detail/image_sharpness__rosidl_typesupport_introspection_c.h
-- Up-to-date: /home/brotato211/ros2_humble/src/pm_vision_manager/install/pm_vision_interfaces/include/pm_vision_interfaces/pm_vision_interfaces/msg/detail/vision_line__type_support.c
-- Up-to-date: /home/brotato211/ros2_humble/src/pm_vision_manager/install/pm_vision_interfaces/include/pm_vision_interfaces/pm_vision_interfaces/msg/detail/cross_validation__type_support.c
-- Up-to-date: /home/brotato211/ros2_humble/src/pm_vision_manager/install/pm_vision_interfaces/include/pm_vision_interfaces/pm_vision_interfaces/msg/detail/vision_line__rosidl_typesupport_introspection_c.h
-- Up-to-date: /home/brotato211/ros2_humble/src/pm_vision_manager/install/pm_vision_interfaces/include/pm_vision_interfaces/pm_vision_interfaces/msg/detail/vision_circle__rosidl_typesupport_introspection_c.h
-- Up-to-date: /home/brotato211/ros2_humble/src/pm_vision_manager/install/pm_vision_interfaces/include/pm_vision_interfaces/pm_vision_interfaces/msg/detail/vision_results__rosidl_typesupport_introspection_c.h
-- Up-to-date: /home/brotato211/ros2_humble/src/pm_vision_manager/install/pm_vision_interfaces/include/pm_vision_interfaces/pm_vision_interfaces/msg/detail/image_sharpness__type_support.c
-- Up-to-date: /home/brotato211/ros2_humble/src/pm_vision_manager/install/pm_vision_interfaces/include/pm_vision_interfaces/pm_vision_interfaces/msg/detail/vision_response__type_support.c
-- Up-to-date: /home/brotato211/ros2_humble/src/pm_vision_manager/install/pm_vision_interfaces/include/pm_vision_interfaces/pm_vision_interfaces/msg/detail/vision_response__rosidl_typesupport_introspection_c.h
-- Up-to-date: /home/brotato211/ros2_humble/src/pm_vision_manager/install/pm_vision_interfaces/include/pm_vision_interfaces/pm_vision_interfaces/msg/detail/vision_area__rosidl_typesupport_introspection_c.h
-- Up-to-date: /home/brotato211/ros2_humble/src/pm_vision_manager/install/pm_vision_interfaces/include/pm_vision_interfaces/pm_vision_interfaces/msg/rosidl_typesupport_introspection_c__visibility_control.h
-- Up-to-date: /home/brotato211/ros2_humble/src/pm_vision_manager/install/pm_vision_interfaces/lib/libpm_vision_interfaces__rosidl_typesupport_introspection_c.so
-- Up-to-date: /home/brotato211/ros2_humble/src/pm_vision_manager/install/pm_vision_interfaces/lib/libpm_vision_interfaces__rosidl_typesupport_c.so
-- Up-to-date: /home/brotato211/ros2_humble/src/pm_vision_manager/install/pm_vision_interfaces/include/pm_vision_interfaces/pm_vision_interfaces
-- Up-to-date: /home/brotato211/ros2_humble/src/pm_vision_manager/install/pm_vision_interfaces/include/pm_vision_interfaces/pm_vision_interfaces/srv
-- Up-to-date: /home/brotato211/ros2_humble/src/pm_vision_manager/install/pm_vision_interfaces/include/pm_vision_interfaces/pm_vision_interfaces/srv/detail
-- Up-to-date: /home/brotato211/ros2_humble/src/pm_vision_manager/install/pm_vision_interfaces/include/pm_vision_interfaces/pm_vision_interfaces/srv/detail/execute_vision__rosidl_typesupport_introspection_cpp.hpp
-- Up-to-date: /home/brotato211/ros2_humble/src/pm_vision_manager/install/pm_vision_interfaces/include/pm_vision_interfaces/pm_vision_interfaces/srv/detail/calibrate_pixel_per_um__rosidl_typesupport_introspection_cpp.hpp
-- Up-to-date: /home/brotato211/ros2_humble/src/pm_vision_manager/install/pm_vision_interfaces/include/pm_vision_interfaces/pm_vision_interfaces/srv/detail/demo_set_exposure__type_support.cpp
-- Up-to-date: /home/brotato211/ros2_humble/src/pm_vision_manager/install/pm_vision_interfaces/include/pm_vision_interfaces/pm_vision_interfaces/srv/detail/calibrate_angle__type_support.cpp
-- Up-to-date: /home/brotato211/ros2_humble/src/pm_vision_manager/install/pm_vision_interfaces/include/pm_vision_interfaces/pm_vision_interfaces/srv/detail/demo_set_exposure__rosidl_typesupport_introspection_cpp.hpp
-- Up-to-date: /home/brotato211/ros2_humble/src/pm_vision_manager/install/pm_vision_interfaces/include/pm_vision_interfaces/pm_vision_interfaces/srv/detail/calibrate_angle__rosidl_typesupport_introspection_cpp.hpp
-- Up-to-date: /home/brotato211/ros2_humble/src/pm_vision_manager/install/pm_vision_interfaces/include/pm_vision_interfaces/pm_vision_interfaces/srv/detail/execute_vision__type_support.cpp
-- Up-to-date: /home/brotato211/ros2_humble/src/pm_vision_manager/install/pm_vision_interfaces/include/pm_vision_interfaces/pm_vision_interfaces/srv/detail/calibrate_pixel_per_um__type_support.cpp
-- Up-to-date: /home/brotato211/ros2_humble/src/pm_vision_manager/install/pm_vision_interfaces/include/pm_vision_interfaces/pm_vision_interfaces/msg
-- Up-to-date: /home/brotato211/ros2_humble/src/pm_vision_manager/install/pm_vision_interfaces/include/pm_vision_interfaces/pm_vision_interfaces/msg/detail
-- Up-to-date: /home/brotato211/ros2_humble/src/pm_vision_manager/install/pm_vision_interfaces/include/pm_vision_interfaces/pm_vision_interfaces/msg/detail/cross_validation__rosidl_typesupport_introspection_cpp.hpp
-- Up-to-date: /home/brotato211/ros2_humble/src/pm_vision_manager/install/pm_vision_interfaces/include/pm_vision_interfaces/pm_vision_interfaces/msg/detail/vision_circle__rosidl_typesupport_introspection_cpp.hpp
-- Up-to-date: /home/brotato211/ros2_humble/src/pm_vision_manager/install/pm_vision_interfaces/include/pm_vision_interfaces/pm_vision_interfaces/msg/detail/cross_validation__type_support.cpp
-- Up-to-date: /home/brotato211/ros2_humble/src/pm_vision_manager/install/pm_vision_interfaces/include/pm_vision_interfaces/pm_vision_interfaces/msg/detail/vision_results__type_support.cpp
-- Up-to-date: /home/brotato211/ros2_humble/src/pm_vision_manager/install/pm_vision_interfaces/include/pm_vision_interfaces/pm_vision_interfaces/msg/detail/vision_response__rosidl_typesupport_introspection_cpp.hpp
-- Up-to-date: /home/brotato211/ros2_humble/src/pm_vision_manager/install/pm_vision_interfaces/include/pm_vision_interfaces/pm_vision_interfaces/msg/detail/vision_point__rosidl_typesupport_introspection_cpp.hpp
-- Up-to-date: /home/brotato211/ros2_humble/src/pm_vision_manager/install/pm_vision_interfaces/include/pm_vision_interfaces/pm_vision_interfaces/msg/detail/vision_area__rosidl_typesupport_introspection_cpp.hpp
-- Up-to-date: /home/brotato211/ros2_humble/src/pm_vision_manager/install/pm_vision_interfaces/include/pm_vision_interfaces/pm_vision_interfaces/msg/detail/vision_point__type_support.cpp
-- Up-to-date: /home/brotato211/ros2_humble/src/pm_vision_manager/install/pm_vision_interfaces/include/pm_vision_interfaces/pm_vision_interfaces/msg/detail/image_sharpness__type_support.cpp
-- Up-to-date: /home/brotato211/ros2_humble/src/pm_vision_manager/install/pm_vision_interfaces/include/pm_vision_interfaces/pm_vision_interfaces/msg/detail/vision_response__type_support.cpp
-- Up-to-date: /home/brotato211/ros2_humble/src/pm_vision_manager/install/pm_vision_interfaces/include/pm_vision_interfaces/pm_vision_interfaces/msg/detail/vision_circle__type_support.cpp
-- Up-to-date: /home/brotato211/ros2_humble/src/pm_vision_manager/install/pm_vision_interfaces/include/pm_vision_interfaces/pm_vision_interfaces/msg/detail/vision_area__type_support.cpp
-- Up-to-date: /home/brotato211/ros2_humble/src/pm_vision_manager/install/pm_vision_interfaces/include/pm_vision_interfaces/pm_vision_interfaces/msg/detail/vision_line__type_support.cpp
-- Up-to-date: /home/brotato211/ros2_humble/src/pm_vision_manager/install/pm_vision_interfaces/include/pm_vision_interfaces/pm_vision_interfaces/msg/detail/vision_results__rosidl_typesupport_introspection_cpp.hpp
-- Up-to-date: /home/brotato211/ros2_humble/src/pm_vision_manager/install/pm_vision_interfaces/include/pm_vision_interfaces/pm_vision_interfaces/msg/detail/vision_line__rosidl_typesupport_introspection_cpp.hpp
-- Up-to-date: /home/brotato211/ros2_humble/src/pm_vision_manager/install/pm_vision_interfaces/include/pm_vision_interfaces/pm_vision_interfaces/msg/detail/image_sharpness__rosidl_typesupport_introspection_cpp.hpp
-- Up-to-date: /home/brotato211/ros2_humble/src/pm_vision_manager/install/pm_vision_interfaces/lib/libpm_vision_interfaces__rosidl_typesupport_introspection_cpp.so
-- Up-to-date: /home/brotato211/ros2_humble/src/pm_vision_manager/install/pm_vision_interfaces/lib/libpm_vision_interfaces__rosidl_typesupport_cpp.so
-- Up-to-date: /home/brotato211/ros2_humble/src/pm_vision_manager/install/pm_vision_interfaces/share/pm_vision_interfaces/environment/pythonpath.sh
-- Up-to-date: /home/brotato211/ros2_humble/src/pm_vision_manager/install/pm_vision_interfaces/share/pm_vision_interfaces/environment/pythonpath.dsv
-- Up-to-date: /home/brotato211/ros2_humble/src/pm_vision_manager/install/pm_vision_interfaces/local/lib/python3.10/dist-packages/pm_vision_interfaces-0.0.0-py3.10.egg-info
-- Installing: /home/brotato211/ros2_humble/src/pm_vision_manager/install/pm_vision_interfaces/local/lib/python3.10/dist-packages/pm_vision_interfaces-0.0.0-py3.10.egg-info/top_level.txt
-- Installing: /home/brotato211/ros2_humble/src/pm_vision_manager/install/pm_vision_interfaces/local/lib/python3.10/dist-packages/pm_vision_interfaces-0.0.0-py3.10.egg-info/SOURCES.txt
-- Installing: /home/brotato211/ros2_humble/src/pm_vision_manager/install/pm_vision_interfaces/local/lib/python3.10/dist-packages/pm_vision_interfaces-0.0.0-py3.10.egg-info/PKG-INFO
-- Installing: /home/brotato211/ros2_humble/src/pm_vision_manager/install/pm_vision_interfaces/local/lib/python3.10/dist-packages/pm_vision_interfaces-0.0.0-py3.10.egg-info/dependency_links.txt
-- Up-to-date: /home/brotato211/ros2_humble/src/pm_vision_manager/install/pm_vision_interfaces/local/lib/python3.10/dist-packages/pm_vision_interfaces
-- Up-to-date: /home/brotato211/ros2_humble/src/pm_vision_manager/install/pm_vision_interfaces/local/lib/python3.10/dist-packages/pm_vision_interfaces/srv
-- Up-to-date: /home/brotato211/ros2_humble/src/pm_vision_manager/install/pm_vision_interfaces/local/lib/python3.10/dist-packages/pm_vision_interfaces/srv/_execute_vision.py
-- Up-to-date: /home/brotato211/ros2_humble/src/pm_vision_manager/install/pm_vision_interfaces/local/lib/python3.10/dist-packages/pm_vision_interfaces/srv/_calibrate_pixel_per_um_s.c
-- Up-to-date: /home/brotato211/ros2_humble/src/pm_vision_manager/install/pm_vision_interfaces/local/lib/python3.10/dist-packages/pm_vision_interfaces/srv/_calibrate_pixel_per_um.py
-- Up-to-date: /home/brotato211/ros2_humble/src/pm_vision_manager/install/pm_vision_interfaces/local/lib/python3.10/dist-packages/pm_vision_interfaces/srv/_calibrate_angle_s.c
-- Up-to-date: /home/brotato211/ros2_humble/src/pm_vision_manager/install/pm_vision_interfaces/local/lib/python3.10/dist-packages/pm_vision_interfaces/srv/_demo_set_exposure.py
-- Up-to-date: /home/brotato211/ros2_humble/src/pm_vision_manager/install/pm_vision_interfaces/local/lib/python3.10/dist-packages/pm_vision_interfaces/srv/_demo_set_exposure_s.c
-- Up-to-date: /home/brotato211/ros2_humble/src/pm_vision_manager/install/pm_vision_interfaces/local/lib/python3.10/dist-packages/pm_vision_interfaces/srv/_execute_vision_s.c
-- Up-to-date: /home/brotato211/ros2_humble/src/pm_vision_manager/install/pm_vision_interfaces/local/lib/python3.10/dist-packages/pm_vision_interfaces/srv/_calibrate_angle.py
-- Up-to-date: /home/brotato211/ros2_humble/src/pm_vision_manager/install/pm_vision_interfaces/local/lib/python3.10/dist-packages/pm_vision_interfaces/srv/__init__.py
-- Up-to-date: /home/brotato211/ros2_humble/src/pm_vision_manager/install/pm_vision_interfaces/local/lib/python3.10/dist-packages/pm_vision_interfaces/msg
-- Up-to-date: /home/brotato211/ros2_humble/src/pm_vision_manager/install/pm_vision_interfaces/local/lib/python3.10/dist-packages/pm_vision_interfaces/msg/_cross_validation.py
-- Up-to-date: /home/brotato211/ros2_humble/src/pm_vision_manager/install/pm_vision_interfaces/local/lib/python3.10/dist-packages/pm_vision_interfaces/msg/_vision_area.py
-- Up-to-date: /home/brotato211/ros2_humble/src/pm_vision_manager/install/pm_vision_interfaces/local/lib/python3.10/dist-packages/pm_vision_interfaces/msg/_vision_line_s.c
-- Up-to-date: /home/brotato211/ros2_humble/src/pm_vision_manager/install/pm_vision_interfaces/local/lib/python3.10/dist-packages/pm_vision_interfaces/msg/_vision_point_s.c
-- Up-to-date: /home/brotato211/ros2_humble/src/pm_vision_manager/install/pm_vision_interfaces/local/lib/python3.10/dist-packages/pm_vision_interfaces/msg/_vision_area_s.c
-- Up-to-date: /home/brotato211/ros2_humble/src/pm_vision_manager/install/pm_vision_interfaces/local/lib/python3.10/dist-packages/pm_vision_interfaces/msg/_vision_circle_s.c
-- Up-to-date: /home/brotato211/ros2_humble/src/pm_vision_manager/install/pm_vision_interfaces/local/lib/python3.10/dist-packages/pm_vision_interfaces/msg/_image_sharpness_s.c
-- Up-to-date: /home/brotato211/ros2_humble/src/pm_vision_manager/install/pm_vision_interfaces/local/lib/python3.10/dist-packages/pm_vision_interfaces/msg/_vision_results_s.c
-- Up-to-date: /home/brotato211/ros2_humble/src/pm_vision_manager/install/pm_vision_interfaces/local/lib/python3.10/dist-packages/pm_vision_interfaces/msg/_vision_response_s.c
-- Up-to-date: /home/brotato211/ros2_humble/src/pm_vision_manager/install/pm_vision_interfaces/local/lib/python3.10/dist-packages/pm_vision_interfaces/msg/_vision_line.py
-- Up-to-date: /home/brotato211/ros2_humble/src/pm_vision_manager/install/pm_vision_interfaces/local/lib/python3.10/dist-packages/pm_vision_interfaces/msg/_vision_response.py
-- Up-to-date: /home/brotato211/ros2_humble/src/pm_vision_manager/install/pm_vision_interfaces/local/lib/python3.10/dist-packages/pm_vision_interfaces/msg/__init__.py
-- Up-to-date: /home/brotato211/ros2_humble/src/pm_vision_manager/install/pm_vision_interfaces/local/lib/python3.10/dist-packages/pm_vision_interfaces/msg/_cross_validation_s.c
-- Up-to-date: /home/brotato211/ros2_humble/src/pm_vision_manager/install/pm_vision_interfaces/local/lib/python3.10/dist-packages/pm_vision_interfaces/msg/_image_sharpness.py
-- Up-to-date: /home/brotato211/ros2_humble/src/pm_vision_manager/install/pm_vision_interfaces/local/lib/python3.10/dist-packages/pm_vision_interfaces/msg/_vision_point.py
-- Up-to-date: /home/brotato211/ros2_humble/src/pm_vision_manager/install/pm_vision_interfaces/local/lib/python3.10/dist-packages/pm_vision_interfaces/msg/_vision_results.py
-- Up-to-date: /home/brotato211/ros2_humble/src/pm_vision_manager/install/pm_vision_interfaces/local/lib/python3.10/dist-packages/pm_vision_interfaces/msg/_vision_circle.py
-- Up-to-date: /home/brotato211/ros2_humble/src/pm_vision_manager/install/pm_vision_interfaces/local/lib/python3.10/dist-packages/pm_vision_interfaces/_pm_vision_interfaces_s.ep.rosidl_typesupport_c.c
-- Up-to-date: /home/brotato211/ros2_humble/src/pm_vision_manager/install/pm_vision_interfaces/local/lib/python3.10/dist-packages/pm_vision_interfaces/pm_vision_interfaces_s__rosidl_typesupport_introspection_c.cpython-310-x86_64-linux-gnu.so
-- Up-to-date: /home/brotato211/ros2_humble/src/pm_vision_manager/install/pm_vision_interfaces/local/lib/python3.10/dist-packages/pm_vision_interfaces/libpm_vision_interfaces__rosidl_generator_py.so
-- Up-to-date: /home/brotato211/ros2_humble/src/pm_vision_manager/install/pm_vision_interfaces/local/lib/python3.10/dist-packages/pm_vision_interfaces/pm_vision_interfaces_s__rosidl_typesupport_c.cpython-310-x86_64-linux-gnu.so
-- Up-to-date: /home/brotato211/ros2_humble/src/pm_vision_manager/install/pm_vision_interfaces/local/lib/python3.10/dist-packages/pm_vision_interfaces/pm_vision_interfaces_s__rosidl_typesupport_fastrtps_c.cpython-310-x86_64-linux-gnu.so
-- Up-to-date: /home/brotato211/ros2_humble/src/pm_vision_manager/install/pm_vision_interfaces/local/lib/python3.10/dist-packages/pm_vision_interfaces/__init__.py
-- Up-to-date: /home/brotato211/ros2_humble/src/pm_vision_manager/install/pm_vision_interfaces/local/lib/python3.10/dist-packages/pm_vision_interfaces/_pm_vision_interfaces_s.ep.rosidl_typesupport_introspection_c.c
-- Up-to-date: /home/brotato211/ros2_humble/src/pm_vision_manager/install/pm_vision_interfaces/local/lib/python3.10/dist-packages/pm_vision_interfaces/_pm_vision_interfaces_s.ep.rosidl_typesupport_fastrtps_c.c
Listing '/home/brotato211/ros2_humble/src/pm_vision_manager/install/pm_vision_interfaces/local/lib/python3.10/dist-packages/pm_vision_interfaces'...
Listing '/home/brotato211/ros2_humble/src/pm_vision_manager/install/pm_vision_interfaces/local/lib/python3.10/dist-packages/pm_vision_interfaces/msg'...
Listing '/home/brotato211/ros2_humble/src/pm_vision_manager/install/pm_vision_interfaces/local/lib/python3.10/dist-packages/pm_vision_interfaces/srv'...
-- Up-to-date: /home/brotato211/ros2_humble/src/pm_vision_manager/install/pm_vision_interfaces/local/lib/python3.10/dist-packages/pm_vision_interfaces/pm_vision_interfaces_s__rosidl_typesupport_fastrtps_c.cpython-310-x86_64-linux-gnu.so
-- Up-to-date: /home/brotato211/ros2_humble/src/pm_vision_manager/install/pm_vision_interfaces/local/lib/python3.10/dist-packages/pm_vision_interfaces/pm_vision_interfaces_s__rosidl_typesupport_introspection_c.cpython-310-x86_64-linux-gnu.so
-- Up-to-date: /home/brotato211/ros2_humble/src/pm_vision_manager/install/pm_vision_interfaces/local/lib/python3.10/dist-packages/pm_vision_interfaces/pm_vision_interfaces_s__rosidl_typesupport_c.cpython-310-x86_64-linux-gnu.so
-- Up-to-date: /home/brotato211/ros2_humble/src/pm_vision_manager/install/pm_vision_interfaces/lib/libpm_vision_interfaces__rosidl_generator_py.so
-- Up-to-date: /home/brotato211/ros2_humble/src/pm_vision_manager/install/pm_vision_interfaces/share/pm_vision_interfaces/srv/ExecuteVision.idl
-- Up-to-date: /home/brotato211/ros2_humble/src/pm_vision_manager/install/pm_vision_interfaces/share/pm_vision_interfaces/srv/DemoSetExposure.idl
-- Up-to-date: /home/brotato211/ros2_humble/src/pm_vision_manager/install/pm_vision_interfaces/share/pm_vision_interfaces/srv/CalibratePixelPerUm.idl
-- Up-to-date: /home/brotato211/ros2_humble/src/pm_vision_manager/install/pm_vision_interfaces/share/pm_vision_interfaces/srv/CalibrateAngle.idl
-- Up-to-date: /home/brotato211/ros2_humble/src/pm_vision_manager/install/pm_vision_interfaces/share/pm_vision_interfaces/msg/VisionPoint.idl
-- Up-to-date: /home/brotato211/ros2_humble/src/pm_vision_manager/install/pm_vision_interfaces/share/pm_vision_interfaces/msg/CrossValidation.idl
-- Up-to-date: /home/brotato211/ros2_humble/src/pm_vision_manager/install/pm_vision_interfaces/share/pm_vision_interfaces/msg/VisionResults.idl
-- Up-to-date: /home/brotato211/ros2_humble/src/pm_vision_manager/install/pm_vision_interfaces/share/pm_vision_interfaces/msg/VisionLine.idl
-- Up-to-date: /home/brotato211/ros2_humble/src/pm_vision_manager/install/pm_vision_interfaces/share/pm_vision_interfaces/msg/VisionArea.idl
-- Up-to-date: /home/brotato211/ros2_humble/src/pm_vision_manager/install/pm_vision_interfaces/share/pm_vision_interfaces/msg/VisionCircle.idl
-- Up-to-date: /home/brotato211/ros2_humble/src/pm_vision_manager/install/pm_vision_interfaces/share/pm_vision_interfaces/msg/VisionResponse.idl
-- Up-to-date: /home/brotato211/ros2_humble/src/pm_vision_manager/install/pm_vision_interfaces/share/pm_vision_interfaces/msg/ImageSharpness.idl
-- Up-to-date: /home/brotato211/ros2_humble/src/pm_vision_manager/install/pm_vision_interfaces/share/pm_vision_interfaces/srv/ExecuteVision.srv
-- Up-to-date: /home/brotato211/ros2_humble/src/pm_vision_manager/install/pm_vision_interfaces/share/pm_vision_interfaces/srv/ExecuteVision_Request.msg
-- Up-to-date: /home/brotato211/ros2_humble/src/pm_vision_manager/install/pm_vision_interfaces/share/pm_vision_interfaces/srv/ExecuteVision_Response.msg
-- Up-to-date: /home/brotato211/ros2_humble/src/pm_vision_manager/install/pm_vision_interfaces/share/pm_vision_interfaces/srv/DemoSetExposure.srv
-- Up-to-date: /home/brotato211/ros2_humble/src/pm_vision_manager/install/pm_vision_interfaces/share/pm_vision_interfaces/srv/DemoSetExposure_Request.msg
-- Up-to-date: /home/brotato211/ros2_humble/src/pm_vision_manager/install/pm_vision_interfaces/share/pm_vision_interfaces/srv/DemoSetExposure_Response.msg
-- Up-to-date: /home/brotato211/ros2_humble/src/pm_vision_manager/install/pm_vision_interfaces/share/pm_vision_interfaces/srv/CalibratePixelPerUm.srv
-- Up-to-date: /home/brotato211/ros2_humble/src/pm_vision_manager/install/pm_vision_interfaces/share/pm_vision_interfaces/srv/CalibratePixelPerUm_Request.msg
-- Up-to-date: /home/brotato211/ros2_humble/src/pm_vision_manager/install/pm_vision_interfaces/share/pm_vision_interfaces/srv/CalibratePixelPerUm_Response.msg
-- Up-to-date: /home/brotato211/ros2_humble/src/pm_vision_manager/install/pm_vision_interfaces/share/pm_vision_interfaces/srv/CalibrateAngle.srv
-- Up-to-date: /home/brotato211/ros2_humble/src/pm_vision_manager/install/pm_vision_interfaces/share/pm_vision_interfaces/srv/CalibrateAngle_Request.msg
-- Up-to-date: /home/brotato211/ros2_humble/src/pm_vision_manager/install/pm_vision_interfaces/share/pm_vision_interfaces/srv/CalibrateAngle_Response.msg
-- Up-to-date: /home/brotato211/ros2_humble/src/pm_vision_manager/install/pm_vision_interfaces/share/pm_vision_interfaces/msg/VisionPoint.msg
-- Up-to-date: /home/brotato211/ros2_humble/src/pm_vision_manager/install/pm_vision_interfaces/share/pm_vision_interfaces/msg/CrossValidation.msg
-- Up-to-date: /home/brotato211/ros2_humble/src/pm_vision_manager/install/pm_vision_interfaces/share/pm_vision_interfaces/msg/VisionResults.msg
-- Up-to-date: /home/brotato211/ros2_humble/src/pm_vision_manager/install/pm_vision_interfaces/share/pm_vision_interfaces/msg/VisionLine.msg
-- Up-to-date: /home/brotato211/ros2_humble/src/pm_vision_manager/install/pm_vision_interfaces/share/pm_vision_interfaces/msg/VisionArea.msg
-- Up-to-date: /home/brotato211/ros2_humble/src/pm_vision_manager/install/pm_vision_interfaces/share/pm_vision_interfaces/msg/VisionCircle.msg
-- Up-to-date: /home/brotato211/ros2_humble/src/pm_vision_manager/install/pm_vision_interfaces/share/pm_vision_interfaces/msg/VisionResponse.msg
-- Up-to-date: /home/brotato211/ros2_humble/src/pm_vision_manager/install/pm_vision_interfaces/share/pm_vision_interfaces/msg/ImageSharpness.msg
-- Up-to-date: /home/brotato211/ros2_humble/src/pm_vision_manager/install/pm_vision_interfaces/share/ament_index/resource_index/package_run_dependencies/pm_vision_interfaces
-- Up-to-date: /home/brotato211/ros2_humble/src/pm_vision_manager/install/pm_vision_interfaces/share/ament_index/resource_index/parent_prefix_path/pm_vision_interfaces
-- Up-to-date: /home/brotato211/ros2_humble/src/pm_vision_manager/install/pm_vision_interfaces/share/pm_vision_interfaces/environment/ament_prefix_path.sh
-- Up-to-date: /home/brotato211/ros2_humble/src/pm_vision_manager/install/pm_vision_interfaces/share/pm_vision_interfaces/environment/ament_prefix_path.dsv
-- Up-to-date: /home/brotato211/ros2_humble/src/pm_vision_manager/install/pm_vision_interfaces/share/pm_vision_interfaces/environment/path.sh
-- Up-to-date: /home/brotato211/ros2_humble/src/pm_vision_manager/install/pm_vision_interfaces/share/pm_vision_interfaces/environment/path.dsv
-- Up-to-date: /home/brotato211/ros2_humble/src/pm_vision_manager/install/pm_vision_interfaces/share/pm_vision_interfaces/local_setup.bash
-- Up-to-date: /home/brotato211/ros2_humble/src/pm_vision_manager/install/pm_vision_interfaces/share/pm_vision_interfaces/local_setup.sh
-- Up-to-date: /home/brotato211/ros2_humble/src/pm_vision_manager/install/pm_vision_interfaces/share/pm_vision_interfaces/local_setup.zsh
-- Up-to-date: /home/brotato211/ros2_humble/src/pm_vision_manager/install/pm_vision_interfaces/share/pm_vision_interfaces/local_setup.dsv
-- Installing: /home/brotato211/ros2_humble/src/pm_vision_manager/install/pm_vision_interfaces/share/pm_vision_interfaces/package.dsv
-- Up-to-date: /home/brotato211/ros2_humble/src/pm_vision_manager/install/pm_vision_interfaces/share/ament_index/resource_index/packages/pm_vision_interfaces
-- Up-to-date: /home/brotato211/ros2_humble/src/pm_vision_manager/install/pm_vision_interfaces/share/pm_vision_interfaces/cmake/export_pm_vision_interfaces__rosidl_generator_cExport.cmake
-- Up-to-date: /home/brotato211/ros2_humble/src/pm_vision_manager/install/pm_vision_interfaces/share/pm_vision_interfaces/cmake/export_pm_vision_interfaces__rosidl_generator_cExport-noconfig.cmake
-- Up-to-date: /home/brotato211/ros2_humble/src/pm_vision_manager/install/pm_vision_interfaces/share/pm_vision_interfaces/cmake/export_pm_vision_interfaces__rosidl_typesupport_fastrtps_cExport.cmake
-- Up-to-date: /home/brotato211/ros2_humble/src/pm_vision_manager/install/pm_vision_interfaces/share/pm_vision_interfaces/cmake/export_pm_vision_interfaces__rosidl_typesupport_fastrtps_cExport-noconfig.cmake
-- Up-to-date: /home/brotato211/ros2_humble/src/pm_vision_manager/install/pm_vision_interfaces/share/pm_vision_interfaces/cmake/export_pm_vision_interfaces__rosidl_generator_cppExport.cmake
-- Up-to-date: /home/brotato211/ros2_humble/src/pm_vision_manager/install/pm_vision_interfaces/share/pm_vision_interfaces/cmake/export_pm_vision_interfaces__rosidl_typesupport_fastrtps_cppExport.cmake
-- Up-to-date: /home/brotato211/ros2_humble/src/pm_vision_manager/install/pm_vision_interfaces/share/pm_vision_interfaces/cmake/export_pm_vision_interfaces__rosidl_typesupport_fastrtps_cppExport-noconfig.cmake
-- Up-to-date: /home/brotato211/ros2_humble/src/pm_vision_manager/install/pm_vision_interfaces/share/pm_vision_interfaces/cmake/pm_vision_interfaces__rosidl_typesupport_introspection_cExport.cmake
-- Up-to-date: /home/brotato211/ros2_humble/src/pm_vision_manager/install/pm_vision_interfaces/share/pm_vision_interfaces/cmake/pm_vision_interfaces__rosidl_typesupport_introspection_cExport-noconfig.cmake
-- Up-to-date: /home/brotato211/ros2_humble/src/pm_vision_manager/install/pm_vision_interfaces/share/pm_vision_interfaces/cmake/pm_vision_interfaces__rosidl_typesupport_cExport.cmake
-- Up-to-date: /home/brotato211/ros2_humble/src/pm_vision_manager/install/pm_vision_interfaces/share/pm_vision_interfaces/cmake/pm_vision_interfaces__rosidl_typesupport_cExport-noconfig.cmake
-- Up-to-date: /home/brotato211/ros2_humble/src/pm_vision_manager/install/pm_vision_interfaces/share/pm_vision_interfaces/cmake/pm_vision_interfaces__rosidl_typesupport_introspection_cppExport.cmake
-- Up-to-date: /home/brotato211/ros2_humble/src/pm_vision_manager/install/pm_vision_interfaces/share/pm_vision_interfaces/cmake/pm_vision_interfaces__rosidl_typesupport_introspection_cppExport-noconfig.cmake
-- Up-to-date: /home/brotato211/ros2_humble/src/pm_vision_manager/install/pm_vision_interfaces/share/pm_vision_interfaces/cmake/pm_vision_interfaces__rosidl_typesupport_cppExport.cmake
-- Up-to-date: /home/brotato211/ros2_humble/src/pm_vision_manager/install/pm_vision_interfaces/share/pm_vision_interfaces/cmake/pm_vision_interfaces__rosidl_typesupport_cppExport-noconfig.cmake
-- Up-to-date: /home/brotato211/ros2_humble/src/pm_vision_manager/install/pm_vision_interfaces/share/pm_vision_interfaces/cmake/export_pm_vision_interfaces__rosidl_generator_pyExport.cmake
-- Up-to-date: /home/brotato211/ros2_humble/src/pm_vision_manager/install/pm_vision_interfaces/share/pm_vision_interfaces/cmake/export_pm_vision_interfaces__rosidl_generator_pyExport-noconfig.cmake
-- Up-to-date: /home/brotato211/ros2_humble/src/pm_vision_manager/install/pm_vision_interfaces/share/pm_vision_interfaces/cmake/rosidl_cmake-extras.cmake
-- Up-to-date: /home/brotato211/ros2_humble/src/pm_vision_manager/install/pm_vision_interfaces/share/pm_vision_interfaces/cmake/ament_cmake_export_dependencies-extras.cmake
-- Up-to-date: /home/brotato211/ros2_humble/src/pm_vision_manager/install/pm_vision_interfaces/share/pm_vision_interfaces/cmake/ament_cmake_export_include_directories-extras.cmake
-- Up-to-date: /home/brotato211/ros2_humble/src/pm_vision_manager/install/pm_vision_interfaces/share/pm_vision_interfaces/cmake/ament_cmake_export_libraries-extras.cmake
-- Up-to-date: /home/brotato211/ros2_humble/src/pm_vision_manager/install/pm_vision_interfaces/share/pm_vision_interfaces/cmake/ament_cmake_export_targets-extras.cmake
-- Up-to-date: /home/brotato211/ros2_humble/src/pm_vision_manager/install/pm_vision_interfaces/share/pm_vision_interfaces/cmake/rosidl_cmake_export_typesupport_targets-extras.cmake
-- Up-to-date: /home/brotato211/ros2_humble/src/pm_vision_manager/install/pm_vision_interfaces/share/pm_vision_interfaces/cmake/rosidl_cmake_export_typesupport_libraries-extras.cmake
-- Up-to-date: /home/brotato211/ros2_humble/src/pm_vision_manager/install/pm_vision_interfaces/share/pm_vision_interfaces/cmake/pm_vision_interfacesConfig.cmake
-- Up-to-date: /home/brotato211/ros2_humble/src/pm_vision_manager/install/pm_vision_interfaces/share/pm_vision_interfaces/cmake/pm_vision_interfacesConfig-version.cmake
-- Up-to-date: /home/brotato211/ros2_humble/src/pm_vision_manager/install/pm_vision_interfaces/share/pm_vision_interfaces/package.xml
